Installing all components.
InstallingComponents was successful.

ELASTIX version: 5.000
Command line options from ElastixBase:
-fMask    unspecified, so no fixed mask used
-mMask    unspecified, so no moving mask used
-out      c:\Users\mathi\OneDrive\Documents\FRACTIB\04_Results\05_Localizations\432_L_77_F/
-priority unspecified, so NORMAL process priority
-threads  unspecified, so all available threads are used
WARNING: The parameter "UseDirectionCosines", requested at entry number 0, does not exist at all.
  The default value "true" is used instead.

WARNING: The option "UseDirectionCosines" was not found in your parameter file.
  From elastix 4.8 it defaults to true!
This may change the behavior of your registrations considerably.

Command line options from TransformBase:
-t0       unspecified, so no initial transform used

Reading images...
Reading images took 0 ms.

WARNING: the fixed pyramid schedule is not fully specified!
  A default pyramid schedule is used.
WARNING: the moving pyramid schedule is not fully specified!
  A default pyramid schedule is used.
WARNING: The parameter "AutomaticTransformInitialization", requested at entry number 0, does not exist at all.
  The default value "false" is used instead.
WARNING: The parameter "AutomaticTransformInitializationMethod", requested at entry number 0, does not exist at all.
  The default value "GeometricalCenter" is used instead.
Transform parameters are initialized as: [0, 0, 0]
Scales are estimated automatically.
Scales for transform parameters are: [487.6767140000073, 1, 1]
Initialization of all components (before registration) took: 7 ms.
Preparation of the image pyramids took: 53 ms.

Resolution: 0
WARNING: The parameter "ShowExactMetricValue", requested at entry number 0, does not exist at all.
  The default value "false" is used instead.
WARNING: The parameter "UseMultiThreadingForMetrics", requested at entry number 0, does not exist at all.
  The default value "true" is used instead.
Setting the fixed masks took: 0 ms.
Setting the moving masks took: 0 ms.
WARNING: The parameter "FixedImageBSplineInterpolationOrder", requested at entry number 0, does not exist at all.
  The default value "1" is used instead.
WARNING: The parameter "UseRandomSampleRegion", requested at entry number 0, does not exist at all.
  The default value "false" is used instead.
WARNING: The parameter "NumberOfHistogramBins", requested at entry number 0, does not exist at all.
  The default value "32" is used instead.
WARNING: The parameter "NumberOfFixedHistogramBins", requested at entry number 0, does not exist at all.
  The default value "32" is used instead.
WARNING: The parameter "NumberOfMovingHistogramBins", requested at entry number 0, does not exist at all.
  The default value "32" is used instead.
WARNING: The parameter "FixedLimitRangeRatio", requested at entry number 0, does not exist at all.
  The default value "0.01" is used instead.
WARNING: The parameter "MovingLimitRangeRatio", requested at entry number 0, does not exist at all.
  The default value "0.01" is used instead.
WARNING: The parameter "FixedKernelBSplineOrder", requested at entry number 0, does not exist at all.
  The default value "0" is used instead.
WARNING: The parameter "MovingKernelBSplineOrder", requested at entry number 0, does not exist at all.
  The default value "3" is used instead.
WARNING: The parameter "UseFastAndLowMemoryVersion", requested at entry number 0, does not exist at all.
  The default value "true" is used instead.
WARNING: The parameter "UseJacobianPreconditioning", requested at entry number 0, does not exist at all.
  The default value "false" is used instead.
WARNING: The parameter "FiniteDifferenceDerivative", requested at entry number 0, does not exist at all.
  The default value "false" is used instead.

WARNING: You have set MaximumNumberOfSamplingAttempts to 8.
  This functionality is known to cause problems (stack overflow) for large values.
  If elastix stops or segfaults for no obvious reason, reduce this value.
  You may select the RandomSparseMask image sampler to fix mask-related problems.

WARNING: The parameter "SigmoidInitialTime", requested at entry number 0, does not exist at all.
  The default value "0" is used instead.
WARNING: The parameter "MaxBandCovSize", requested at entry number 0, does not exist at all.
  The default value "192" is used instead.
WARNING: The parameter "NumberOfBandStructureSamples", requested at entry number 0, does not exist at all.
  The default value "10" is used instead.
WARNING: The parameter "UseAdaptiveStepSizes", requested at entry number 0, does not exist at all.
  The default value "true" is used instead.
WARNING: The parameter "UseConstantStep", requested at entry number 0, does not exist at all.
  The default value "false" is used instead.
WARNING: The parameter "MaximumStepLengthRatio", requested at entry number 0, does not exist at all.
  The default value "1" is used instead.
WARNING: The parameter "MaximumStepLength", requested at entry number 0, does not exist at all.
  The default value "0.07935" is used instead.
WARNING: The parameter "NumberOfGradientMeasurements", requested at entry number 0, does not exist at all.
  The default value "0" is used instead.
WARNING: The parameter "NumberOfJacobianMeasurements", requested at entry number 0, does not exist at all.
  The default value "1000" is used instead.
WARNING: The parameter "SigmoidScaleFactor", requested at entry number 0, does not exist at all.
  The default value "0.1" is used instead.
Elastix initialization of all components (for this resolution) took: 1 ms.
  Computing the fixed image extrema took 1 ms.
  Computing the moving image extrema took 1 ms.
Initialization of AdvancedMattesMutualInformation metric took: 4 ms.
Starting automatic parameter estimation for AdaptiveStochasticGradientDescent ...
WARNING: The parameter "ASGDParameterEstimationMethod", requested at entry number 0, does not exist at all.
  The default value "Original" is used instead.
  Computing JacobianTerms ...
  Computing the Jacobian terms took 0.001231s
  NumberOfGradientMeasurements to estimate sigma_i: 11
  Sampling gradients ...
  Sampling the gradients took 0.038835s
Automatic parameter estimation took 0.04s
1:ItNr	2:Metric	3a:Time	3b:StepSize	4:||Gradient||	Time[ms]
0	-0.130864	0.000000	0.129101	0.041737	45.8
1	-0.112545	0.000000	0.129101	0.084944	1.9
2	-0.143593	0.000000	0.129101	0.022878	2.1
3	-0.137455	0.000000	0.129101	0.035437	3.4
4	-0.135514	0.000000	0.129101	0.056490	2.9
5	-0.134754	0.117401	0.129086	0.010254	4.3
6	-0.131261	0.000000	0.129101	0.099103	2.1
7	-0.120284	0.382277	0.129052	0.048722	2.2
8	-0.120966	0.000000	0.129101	0.110159	1.8
9	-0.138929	0.000000	0.129101	0.115521	2.0
10	-0.121967	1.000000	0.128972	0.152671	1.5
11	-0.140156	0.175968	0.129078	0.058015	1.3
12	-0.172986	0.000000	0.129101	0.169300	1.3
13	-0.098667	0.000000	0.129101	0.054368	1.3
14	-0.108470	0.999995	0.128972	0.104446	1.3
15	-0.127587	0.176038	0.129078	0.096092	1.4
16	-0.158580	0.000000	0.129101	0.060972	1.4
17	-0.133981	0.000000	0.129101	0.098939	1.3
18	-0.117779	0.000000	0.129101	0.034798	1.4
19	-0.140685	0.000000	0.129101	0.113623	1.8
20	-0.143944	0.946374	0.128979	0.133161	1.6
21	-0.128272	0.122342	0.129085	0.143649	1.4
22	-0.119484	1.122342	0.128956	0.099182	1.3
23	-0.132385	2.122342	0.128828	0.114156	1.2
24	-0.138080	3.122323	0.128699	0.023849	1.6
25	-0.125847	2.348686	0.128799	0.077791	1.3
26	-0.176179	1.681035	0.128884	0.030521	1.3
27	-0.146664	1.147685	0.128953	0.048167	1.2
28	-0.114107	0.627503	0.129020	0.039038	1.3
29	-0.136367	1.543127	0.128902	0.124610	1.3
30	-0.131108	2.539539	0.128774	0.117899	1.9
31	-0.123742	1.715507	0.128880	0.032633	1.6
32	-0.122984	2.650177	0.128760	0.048485	1.5
33	-0.140650	3.171930	0.128693	0.089766	1.5
34	-0.111202	2.819376	0.128738	0.060641	1.6
35	-0.126687	1.995995	0.128844	0.048411	1.7
36	-0.132583	2.610494	0.128765	0.064931	1.5
37	-0.131121	2.350356	0.128798	0.067147	1.6
38	-0.123047	1.644853	0.128889	0.086692	1.4
39	-0.162401	0.961918	0.128977	0.047694	1.8
40	-0.109273	1.649008	0.128888	0.045686	2.2
41	-0.137960	2.584474	0.128768	0.048010	1.6
42	-0.139155	2.835182	0.128736	0.082459	1.5
43	-0.134427	2.123152	0.128828	0.096878	1.4
44	-0.150219	2.851522	0.128734	0.058775	1.4
45	-0.148572	2.027874	0.128840	0.052256	1.4
46	-0.132054	1.242064	0.128941	0.028598	1.4
47	-0.144794	1.585476	0.128897	0.073540	1.5
48	-0.134413	0.816426	0.128996	0.046417	1.5
49	-0.130715	0.240956	0.129070	0.065162	1.4
50	-0.120672	0.000000	0.129101	0.076861	1.4
51	-0.126379	0.000000	0.129101	0.062745	2.4
52	-0.123830	0.784544	0.129000	0.156473	2.2
53	-0.129908	0.667617	0.129015	0.069868	1.5
54	-0.131205	1.667616	0.128886	0.129769	1.5
55	-0.134019	0.844040	0.128992	0.039426	1.3
56	-0.140864	1.838890	0.128864	0.038346	1.6
57	-0.124871	2.367448	0.128796	0.077338	1.6
58	-0.116818	1.555289	0.128901	0.071457	1.7
59	-0.134237	2.553208	0.128772	0.152556	2.5
60	-0.153471	3.553207	0.128644	0.108418	1.8
61	-0.123542	4.553207	0.128516	0.052924	1.8
62	-0.145973	3.750729	0.128619	0.088111	1.8
63	-0.129501	4.741759	0.128492	0.067556	1.9
64	-0.138850	3.917785	0.128597	0.075797	1.6
65	-0.121980	4.912444	0.128470	0.093719	1.7
66	-0.138840	4.423389	0.128533	0.055570	1.5
67	-0.117891	3.603927	0.128638	0.065396	1.6
68	-0.139643	2.782736	0.128743	0.034864	1.9
69	-0.120944	2.809400	0.128739	0.036272	1.7
70	-0.125551	2.273905	0.128808	0.059676	1.7
71	-0.143436	1.537958	0.128903	0.050765	2.1
72	-0.126768	2.292955	0.128806	0.176654	1.7
73	-0.106607	1.478118	0.128910	0.162148	1.5
74	-0.127670	2.478106	0.128782	0.073889	1.8
75	-0.128653	3.478105	0.128654	0.129590	1.9
76	-0.143969	2.654073	0.128759	0.054142	2.8
77	-0.111079	1.831721	0.128865	0.046284	1.9
78	-0.104908	2.585633	0.128768	0.031740	1.8
79	-0.128617	2.457359	0.128785	0.101528	1.4
80	-0.130232	1.704234	0.128881	0.054927	1.7
81	-0.127162	2.652240	0.128760	0.049358	1.4
82	-0.123096	3.598961	0.128638	0.084968	1.6
83	-0.136527	3.605976	0.128637	0.061349	1.6
84	-0.114781	2.840802	0.128735	0.104386	1.4
85	-0.125866	3.840738	0.128607	0.116117	1.4
86	-0.137072	4.840721	0.128479	0.106969	2.2
87	-0.147162	4.017033	0.128585	0.113456	2.3
88	-0.135331	3.193004	0.128690	0.066062	1.9
89	-0.127196	2.495788	0.128780	0.063736	1.6
90	-0.123581	1.675609	0.128885	0.094052	1.7
91	-0.127922	0.851721	0.128991	0.048444	1.6
92	-0.147757	1.837250	0.128864	0.065813	1.3
93	-0.121570	2.824376	0.128738	0.035512	1.3
94	-0.159568	3.332391	0.128672	0.054850	1.3
95	-0.162086	2.552140	0.128772	0.076869	1.8
96	-0.136719	1.740538	0.128877	0.018749	2.2
97	-0.153723	1.858669	0.128862	0.059062	1.6
98	-0.136481	1.629793	0.128891	0.051255	1.4
99	-0.138222	2.470122	0.128783	0.028973	1.5
100	-0.112736	2.001651	0.128843	0.084206	1.5
101	-0.144780	2.952992	0.128721	0.079721	1.4
102	-0.126722	2.926349	0.128724	0.040783	1.4
103	-0.118050	3.905735	0.128599	0.050228	1.4
104	-0.154082	3.646833	0.128632	0.037398	1.3
105	-0.139510	4.336262	0.128544	0.103571	2.0
106	-0.126228	3.921242	0.128597	0.156840	1.9
107	-0.153220	3.097210	0.128703	0.116415	1.5
108	-0.119193	2.273178	0.128808	0.041547	1.5
109	-0.149356	1.449708	0.128914	0.103888	1.5
110	-0.133562	0.627161	0.129020	0.096092	1.3
111	-0.132790	0.000000	0.129101	0.082250	1.4
112	-0.129250	0.000000	0.129101	0.092834	1.2
113	-0.133811	0.000000	0.129101	0.041559	1.3
114	-0.134352	0.707868	0.129010	0.039592	1.3
115	-0.154101	0.007642	0.129100	0.036110	1.3
116	-0.160478	0.054251	0.129094	0.112079	2.2
117	-0.127877	0.000000	0.129101	0.027675	1.7
118	-0.125261	0.914428	0.128983	0.090567	1.9
119	-0.125106	0.255406	0.129068	0.112910	2.0
120	-0.140042	0.000000	0.129101	0.050940	1.5
121	-0.152619	0.000000	0.129101	0.067254	1.3
122	-0.152678	0.987678	0.128974	0.048304	1.2
123	-0.167023	0.355890	0.129055	0.059634	1.2
124	-0.113834	0.041784	0.129095	0.076407	1.2
125	-0.107078	0.847949	0.128992	0.104015	1.5
126	-0.130989	1.847901	0.128863	0.023661	1.9
127	-0.151300	1.264442	0.128938	0.078740	1.7
128	-0.117544	1.341211	0.128928	0.036459	1.6
129	-0.128637	0.647794	0.129017	0.060453	1.3
130	-0.159893	0.000000	0.129101	0.043444	1.5
131	-0.115288	0.977858	0.128975	0.073746	1.2
132	-0.137237	1.870358	0.128860	0.066552	1.4
133	-0.143762	1.046591	0.128966	0.068569	1.3
134	-0.136525	0.227093	0.129072	0.032819	1.2
135	-0.139431	1.053308	0.128965	0.089416	1.2
136	-0.145447	0.594841	0.129024	0.144928	1.4
137	-0.109314	0.000000	0.129101	0.074331	2.2
138	-0.143353	0.000000	0.129101	0.072134	1.9
139	-0.132745	0.000000	0.129101	0.103419	1.3
140	-0.135226	0.999996	0.128972	0.125431	1.3
141	-0.116193	1.999996	0.128843	0.012579	1.2
142	-0.143901	2.476521	0.128782	0.057723	1.2
143	-0.152028	1.987395	0.128845	0.110100	1.2
144	-0.134836	1.230969	0.128942	0.116988	1.3
145	-0.127253	2.192961	0.128819	0.031242	1.2
146	-0.138103	1.466556	0.128912	0.152130	1.3
147	-0.129966	0.642973	0.129018	0.015188	1.3
148	-0.139127	1.377550	0.128923	0.052887	2.0
149	-0.136682	1.844426	0.128863	0.085186	1.8
150	-0.118838	1.023389	0.128969	0.104270	1.4
151	-0.127196	0.199358	0.129075	0.061823	1.4
152	-0.148731	1.199301	0.128946	0.038703	1.3
153	-0.143917	2.002275	0.128843	0.042679	1.7
154	-0.121281	2.012078	0.128842	0.098631	1.5
155	-0.156763	2.835330	0.128736	0.142354	1.3
156	-0.148591	3.835311	0.128608	0.097251	1.3
157	-0.135380	3.011279	0.128714	0.129849	1.2
158	-0.126226	2.649751	0.128760	0.086580	2.1
159	-0.129465	1.825886	0.128866	0.057067	2.3
160	-0.159191	2.807433	0.128740	0.085169	1.4
161	-0.144641	2.018922	0.128841	0.019132	1.5
162	-0.124899	1.273871	0.128937	0.053776	1.1
163	-0.122028	0.753412	0.129004	0.121465	1.2
164	-0.175676	0.000000	0.129101	0.092810	1.3
165	-0.150074	0.000000	0.129101	0.088821	1.3
166	-0.128936	0.000000	0.129101	0.108035	1.5
167	-0.156421	0.000000	0.129101	0.063319	1.3
168	-0.158946	0.000000	0.129101	0.094302	1.4
169	-0.138139	0.000000	0.129101	0.004957	1.8
170	-0.149478	0.000000	0.129101	0.047186	1.3
171	-0.136526	0.000000	0.129101	0.086145	1.7
172	-0.133025	0.000000	0.129101	0.101298	1.5
173	-0.122862	0.999997	0.128972	0.037880	1.2
174	-0.149830	0.179197	0.129078	0.084534	1.3
175	-0.142065	1.154401	0.128952	0.105697	1.2
176	-0.148328	0.330369	0.129058	0.142223	1.2
177	-0.152900	0.000000	0.129101	0.112222	1.2
178	-0.133471	1.000000	0.128972	0.060694	1.3
179	-0.155873	0.176018	0.129078	0.133973	1.2
180	-0.145881	0.000000	0.129101	0.135958	1.4
181	-0.160750	0.000000	0.129101	0.128834	1.7
182	-0.148681	0.000000	0.129101	0.105822	1.4
183	-0.133549	0.000000	0.129101	0.054896	1.4
184	-0.130803	0.000000	0.129101	0.159172	1.4
185	-0.127315	0.000000	0.129101	0.102874	1.3
186	-0.142019	0.000000	0.129101	0.069477	1.5
187	-0.144812	0.000000	0.129101	0.038182	1.3
188	-0.150319	0.000000	0.129101	0.041620	1.2
189	-0.127013	0.000000	0.129101	0.055711	1.2
190	-0.159634	0.000000	0.129101	0.044425	1.2
191	-0.145213	0.000000	0.129101	0.092943	1.4
192	-0.164861	0.000000	0.129101	0.035368	1.5
193	-0.149757	0.949405	0.128978	0.086038	1.3
194	-0.165855	1.882725	0.128858	0.049467	1.3
195	-0.139563	1.173955	0.128950	0.129482	1.3
196	-0.118358	1.321615	0.128931	0.049424	1.5
197	-0.166698	0.577701	0.129026	0.049013	1.3
198	-0.154719	0.726305	0.129007	0.070345	1.2
199	-0.148616	0.045656	0.129095	0.092711	1.3
200	-0.130434	0.000000	0.129101	0.064715	1.2
201	-0.135374	0.000000	0.129101	0.080592	1.4
202	-0.140627	0.000000	0.129101	0.097396	1.2
203	-0.163546	0.000000	0.129101	0.053920	1.4
204	-0.156782	0.000000	0.129101	0.120541	1.7
205	-0.141765	0.000000	0.129101	0.099680	1.2
206	-0.144178	0.000000	0.129101	0.063771	1.3
207	-0.147201	0.999724	0.128972	0.046709	1.1
208	-0.158942	1.988123	0.128845	0.121834	1.1
209	-0.126101	1.170869	0.128950	0.094069	1.2
210	-0.132639	2.170869	0.128821	0.098901	1.1
211	-0.144172	3.096425	0.128703	0.035224	1.2
212	-0.151512	3.551936	0.128644	0.055093	1.1
213	-0.157532	3.798577	0.128613	0.030014	1.1
214	-0.151067	4.120968	0.128571	0.159986	1.4
215	-0.166798	5.104657	0.128446	0.067834	1.3
216	-0.163894	4.291211	0.128550	0.028074	1.3
217	-0.133154	5.114034	0.128445	0.102370	1.2
218	-0.142093	5.687529	0.128371	0.142061	1.4
219	-0.142249	6.687528	0.128244	0.045332	1.5
220	-0.158175	7.611700	0.128127	0.102753	1.2
221	-0.141382	6.800512	0.128230	0.063388	1.5
222	-0.159762	5.976569	0.128335	0.105033	1.3
223	-0.148565	5.152559	0.128440	0.047063	1.5
224	-0.129122	6.144972	0.128313	0.048903	1.5
225	-0.143858	7.110712	0.128190	0.030769	1.6
226	-0.163304	6.808956	0.128229	0.075311	1.3
227	-0.146520	7.441983	0.128148	0.042045	1.5
228	-0.147547	6.682741	0.128245	0.029259	1.4
229	-0.139270	6.635997	0.128251	0.028910	1.3
230	-0.145332	6.387482	0.128282	0.044673	1.3
231	-0.149336	6.103410	0.128318	0.044651	1.2
232	-0.158329	5.345433	0.128415	0.063332	1.3
233	-0.165917	4.545951	0.128517	0.024182	1.3
234	-0.145372	4.139358	0.128569	0.028111	1.7
235	-0.160573	4.054697	0.128580	0.056916	1.4
236	-0.150803	3.314599	0.128675	0.083472	1.2
237	-0.160310	2.490853	0.128780	0.043982	1.3
238	-0.124138	1.669865	0.128886	0.099062	1.3
239	-0.163930	1.126317	0.128956	0.130897	1.6
240	-0.138500	2.126317	0.128827	0.065356	1.8
241	-0.154697	1.306432	0.128933	0.117809	1.5
242	-0.151891	0.482415	0.129039	0.042970	1.3
243	-0.161276	0.000000	0.129101	0.049327	1.5
244	-0.161601	0.888625	0.128986	0.132913	1.6
245	-0.145149	1.442919	0.128915	0.079621	1.3
246	-0.129857	0.618887	0.129021	0.041907	1.8
247	-0.157608	1.591227	0.128896	0.053293	1.6
248	-0.157486	2.202845	0.128817	0.073843	1.5
249	-0.117994	1.401973	0.128920	0.020934	2.0
250	-0.156041	1.806669	0.128868	0.066405	1.9
251	-0.161292	2.407365	0.128791	0.105340	1.4
252	-0.142799	1.583342	0.128897	0.107961	1.7
253	-0.159115	0.776526	0.129001	0.073626	2.0
254	-0.142019	1.776323	0.128872	0.075232	1.6
255	-0.141759	1.706164	0.128881	0.059145	1.4
Time spent in resolution 0 (ITK initialization and iterating): 0.464 s.
Stopping condition: Maximum number of iterations has been reached.
Settings of AdaptiveStochasticGradientDescent in resolution 0:
( SP_a 129.229889 )
( SP_A 1000.000000 )
( SP_alpha 1.000000 )
( SigmoidMax 1.000000 )
( SigmoidMin -0.824032 )
( SigmoidScale 0.000554 )


Resolution: 1
WARNING: The parameter "ShowExactMetricValue", requested at entry number 1, does not exist at all.
  The default value "false" is used instead.
WARNING: The parameter "UseMultiThreadingForMetrics", requested at entry number 1, does not exist at all.
  The default value "true" is used instead.
Setting the fixed masks took: 0 ms.
Setting the moving masks took: 0 ms.
WARNING: The parameter "FixedImageBSplineInterpolationOrder", requested at entry number 1, does not exist at all.
  The default value "1" is used instead.
WARNING: The parameter "UseRandomSampleRegion", requested at entry number 1, does not exist at all.
  The default value "false" is used instead.
WARNING: The parameter "NumberOfHistogramBins", requested at entry number 1, does not exist at all.
  The default value "32" is used instead.
WARNING: The parameter "NumberOfFixedHistogramBins", requested at entry number 1, does not exist at all.
  The default value "32" is used instead.
WARNING: The parameter "NumberOfMovingHistogramBins", requested at entry number 1, does not exist at all.
  The default value "32" is used instead.
WARNING: The parameter "FixedLimitRangeRatio", requested at entry number 1, does not exist at all.
  The default value "0.01" is used instead.
WARNING: The parameter "MovingLimitRangeRatio", requested at entry number 1, does not exist at all.
  The default value "0.01" is used instead.
WARNING: The parameter "FixedKernelBSplineOrder", requested at entry number 1, does not exist at all.
  The default value "0" is used instead.
WARNING: The parameter "MovingKernelBSplineOrder", requested at entry number 1, does not exist at all.
  The default value "3" is used instead.
WARNING: The parameter "UseFastAndLowMemoryVersion", requested at entry number 1, does not exist at all.
  The default value "true" is used instead.
WARNING: The parameter "UseJacobianPreconditioning", requested at entry number 1, does not exist at all.
  The default value "false" is used instead.
WARNING: The parameter "FiniteDifferenceDerivative", requested at entry number 1, does not exist at all.
  The default value "false" is used instead.

WARNING: You have set MaximumNumberOfSamplingAttempts to 8.
  This functionality is known to cause problems (stack overflow) for large values.
  If elastix stops or segfaults for no obvious reason, reduce this value.
  You may select the RandomSparseMask image sampler to fix mask-related problems.

WARNING: The parameter "SigmoidInitialTime", requested at entry number 1, does not exist at all.
  The default value "0" is used instead.
WARNING: The parameter "MaxBandCovSize", requested at entry number 1, does not exist at all.
  The default value "192" is used instead.
WARNING: The parameter "NumberOfBandStructureSamples", requested at entry number 1, does not exist at all.
  The default value "10" is used instead.
WARNING: The parameter "UseAdaptiveStepSizes", requested at entry number 1, does not exist at all.
  The default value "true" is used instead.
WARNING: The parameter "UseConstantStep", requested at entry number 1, does not exist at all.
  The default value "false" is used instead.
WARNING: The parameter "MaximumStepLengthRatio", requested at entry number 1, does not exist at all.
  The default value "1" is used instead.
WARNING: The parameter "MaximumStepLength", requested at entry number 1, does not exist at all.
  The default value "0.07935" is used instead.
WARNING: The parameter "NumberOfGradientMeasurements", requested at entry number 1, does not exist at all.
  The default value "0" is used instead.
WARNING: The parameter "NumberOfJacobianMeasurements", requested at entry number 1, does not exist at all.
  The default value "1000" is used instead.
WARNING: The parameter "SigmoidScaleFactor", requested at entry number 1, does not exist at all.
  The default value "0.1" is used instead.
Elastix initialization of all components (for this resolution) took: 0 ms.
  Computing the fixed image extrema took 0 ms.
  Computing the moving image extrema took 1 ms.
Initialization of AdvancedMattesMutualInformation metric took: 3 ms.
Starting automatic parameter estimation for AdaptiveStochasticGradientDescent ...
WARNING: The parameter "ASGDParameterEstimationMethod", requested at entry number 0, does not exist at all.
  The default value "Original" is used instead.
  Computing JacobianTerms ...
  Computing the Jacobian terms took 0.001249s
  NumberOfGradientMeasurements to estimate sigma_i: 11
  Sampling gradients ...
  Sampling the gradients took 0.036984s
Automatic parameter estimation took 0.04s
1:ItNr	2:Metric	3a:Time	3b:StepSize	4:||Gradient||	Time[ms]
0	-0.128706	0.000000	0.093798	0.116651	42.8
1	-0.131612	0.000000	0.093798	0.090026	1.2
2	-0.142778	0.000000	0.093798	0.050259	1.2
3	-0.132320	0.732187	0.093729	0.099452	1.5
4	-0.132974	1.450382	0.093662	0.064878	1.4
5	-0.119805	0.841816	0.093719	0.179019	1.3
6	-0.113834	0.145697	0.093784	0.095489	1.3
7	-0.117841	0.000000	0.093798	0.150920	1.2
8	-0.146356	0.360221	0.093764	0.233949	1.8
9	-0.152916	0.000000	0.093798	0.084230	1.6
10	-0.111024	0.986976	0.093705	0.074958	1.5
11	-0.118452	1.886252	0.093621	0.116532	1.3
12	-0.144580	1.166727	0.093689	0.187684	1.2
13	-0.120493	2.165736	0.093595	0.115667	1.3
14	-0.135610	1.432926	0.093664	0.080419	1.2
15	-0.128526	0.703097	0.093732	0.288925	1.2
16	-0.131196	1.700934	0.093639	0.090745	1.2
17	-0.133028	0.968122	0.093707	0.064625	1.2
18	-0.132193	1.921136	0.093618	0.042796	1.2
19	-0.131432	1.390270	0.093668	0.076057	1.2
20	-0.141510	1.901635	0.093620	0.117341	1.6
21	-0.110883	1.303703	0.093676	0.102401	1.3
22	-0.151231	0.936331	0.093710	0.267614	1.2
23	-0.148175	1.936331	0.093617	0.134759	1.3
24	-0.135759	2.873824	0.093529	0.198984	1.3
25	-0.132147	2.141012	0.093598	0.149775	1.5
26	-0.123948	2.978297	0.093520	0.112779	1.3
27	-0.127795	3.972189	0.093427	0.118578	1.2
28	-0.122214	3.791134	0.093444	0.055440	1.2
29	-0.133604	3.221475	0.093497	0.168175	1.3
30	-0.139698	2.501719	0.093564	0.071297	1.2
31	-0.139425	1.821185	0.093627	0.099758	1.8
32	-0.110999	1.232787	0.093682	0.062858	1.8
33	-0.109750	0.594348	0.093742	0.073611	1.3
34	-0.145139	0.041645	0.093794	0.096440	1.3
35	-0.118731	0.303785	0.093769	0.103825	1.3
36	-0.129757	1.299379	0.093676	0.123484	1.3
37	-0.149300	0.567111	0.093745	0.066915	1.3
38	-0.172153	0.000000	0.093798	0.058287	1.4
39	-0.147260	0.000000	0.093798	0.126218	1.5
40	-0.116403	0.980840	0.093706	0.037389	1.4
41	-0.139777	0.524363	0.093749	0.081028	1.4
42	-0.132444	0.759763	0.093727	0.197145	1.9
43	-0.147064	0.032591	0.093795	0.079322	1.7
44	-0.138365	0.000000	0.093798	0.071857	1.5
45	-0.118564	0.000000	0.093798	0.057020	1.5
46	-0.107957	0.000000	0.093798	0.192718	1.7
47	-0.132606	0.998785	0.093704	0.095630	1.5
48	-0.131339	1.936434	0.093617	0.091523	1.3
49	-0.133081	2.914441	0.093525	0.231488	1.3
50	-0.119975	2.242286	0.093588	0.086406	1.5
51	-0.117500	2.696093	0.093546	0.064955	1.4
52	-0.120691	2.024112	0.093608	0.123726	1.2
53	-0.122700	1.329936	0.093673	0.042502	1.6
54	-0.127558	0.870565	0.093716	0.146583	1.5
55	-0.147877	0.182689	0.093781	0.159159	1.2
56	-0.153949	0.000000	0.093798	0.148096	1.2
57	-0.127623	1.000000	0.093704	0.174835	1.4
58	-0.120411	2.000000	0.093611	0.122809	1.2
59	-0.134531	1.274065	0.093679	0.183161	1.2
60	-0.110934	2.120998	0.093599	0.291637	1.2
61	-0.139636	3.120998	0.093506	0.213496	1.1
62	-0.132048	4.120998	0.093413	0.039588	1.1
63	-0.101753	3.424114	0.093478	0.173775	1.1
64	-0.121255	3.621357	0.093460	0.156524	1.1
65	-0.137007	3.545741	0.093467	0.136413	1.4
66	-0.121899	4.545656	0.093374	0.053107	1.8
67	-0.138883	5.476703	0.093287	0.057839	1.2
68	-0.139534	5.403630	0.093294	0.157658	1.4
69	-0.137840	4.694918	0.093360	0.077493	1.2
70	-0.135288	4.756543	0.093354	0.097502	1.2
71	-0.122359	5.623989	0.093274	0.186133	1.2
72	-0.158369	4.891182	0.093342	0.116436	1.2
73	-0.123523	5.891180	0.093249	0.172904	1.3
74	-0.138974	5.158499	0.093317	0.142788	1.2
75	-0.136073	4.425688	0.093385	0.148640	1.1
76	-0.155704	3.693713	0.093453	0.095477	1.1
77	-0.124169	2.988496	0.093519	0.038677	1.1
78	-0.126677	3.363390	0.093484	0.289033	1.5
79	-0.150622	4.355205	0.093391	0.217070	1.9
80	-0.120454	5.355205	0.093299	0.174664	1.4
81	-0.156306	4.623263	0.093367	0.223814	1.3
82	-0.109713	3.890451	0.093435	0.111519	1.3
83	-0.123384	3.157644	0.093503	0.071579	1.3
84	-0.123464	4.020135	0.093423	0.070862	1.3
85	-0.128256	4.860358	0.093345	0.131161	1.2
86	-0.135822	4.458704	0.093382	0.099979	1.2
87	-0.121750	3.761710	0.093447	0.213704	1.2
88	-0.136199	3.030518	0.093515	0.300519	1.3
89	-0.122656	2.297705	0.093583	0.066981	1.5
90	-0.133535	3.022813	0.093515	0.100821	1.7
91	-0.135405	2.851569	0.093531	0.128802	1.5
92	-0.134876	3.848283	0.093439	0.154663	1.2
93	-0.132510	3.132440	0.093505	0.011667	1.3
94	-0.130376	3.321025	0.093488	0.115194	1.3
95	-0.139415	3.165536	0.093502	0.019324	1.2
96	-0.134307	3.403009	0.093480	0.090461	1.3
97	-0.160982	3.256891	0.093494	0.104282	1.3
98	-0.136953	4.204201	0.093405	0.119404	1.3
99	-0.157088	3.477860	0.093473	0.085832	1.5
100	-0.161867	4.409889	0.093386	0.126381	1.3
101	-0.158409	5.408602	0.093294	0.289586	2.2
102	-0.129444	6.408601	0.093201	0.257934	1.4
103	-0.118788	5.675789	0.093269	0.162297	1.2
104	-0.143023	6.675781	0.093176	0.145151	1.2
105	-0.155119	7.675779	0.093084	0.039596	1.3
106	-0.127434	6.980257	0.093148	0.103553	1.2
107	-0.155874	6.502167	0.093192	0.061190	1.2
108	-0.124107	7.232022	0.093125	0.103454	1.2
109	-0.147940	7.181676	0.093130	0.179598	1.2
110	-0.123114	8.179112	0.093038	0.239622	1.2
111	-0.136580	7.446300	0.093105	0.201797	1.1
112	-0.111939	6.713488	0.093173	0.045732	1.2
113	-0.152467	7.701773	0.093082	0.073923	1.8
114	-0.133938	7.972478	0.093057	0.115288	1.5
115	-0.141115	8.892193	0.092972	0.119138	1.8
116	-0.130758	8.164434	0.093039	0.074341	1.3
117	-0.153011	7.435883	0.093106	0.115503	1.3
118	-0.142141	7.993755	0.093055	0.121065	1.2
119	-0.144546	8.468692	0.093011	0.250771	1.4
120	-0.124864	7.735880	0.093078	0.013498	1.3
121	-0.133942	7.270333	0.093121	0.157136	1.2
122	-0.131291	7.131753	0.093134	0.081894	1.2
123	-0.132331	6.399868	0.093202	0.066208	1.2
124	-0.152034	7.287885	0.093120	0.114118	1.5
125	-0.133196	6.581083	0.093185	0.193378	1.8
126	-0.145686	6.028297	0.093236	0.084386	1.5
127	-0.153507	5.316389	0.093302	0.132052	1.4
128	-0.128120	4.586867	0.093370	0.070060	1.4
129	-0.123803	3.876145	0.093436	0.107886	1.2
130	-0.143263	4.862918	0.093344	0.162685	1.2
131	-0.133200	4.167164	0.093409	0.131280	1.1
132	-0.140635	3.721714	0.093450	0.065841	1.1
133	-0.142486	3.986644	0.093426	0.092729	1.1
134	-0.126632	3.337483	0.093486	0.089029	1.0
135	-0.126321	4.265041	0.093400	0.251602	1.1
136	-0.129440	5.263448	0.093307	0.202347	1.3
137	-0.152628	4.532738	0.093375	0.173511	1.4
138	-0.141900	5.253602	0.093308	0.244316	1.5
139	-0.139444	6.253602	0.093215	0.130736	1.2
140	-0.140418	5.521037	0.093283	0.079477	1.2
141	-0.134761	6.479329	0.093195	0.066588	1.3
142	-0.111042	5.788438	0.093258	0.131546	1.2
143	-0.155736	5.992888	0.093240	0.051670	1.2
144	-0.152721	5.467967	0.093288	0.146403	1.1
145	-0.141334	6.455069	0.093197	0.103294	1.1
146	-0.141251	5.742651	0.093263	0.137904	1.3
147	-0.140294	6.702702	0.093174	0.152440	1.3
148	-0.143710	5.969892	0.093242	0.043897	1.1
149	-0.154733	5.345867	0.093300	0.062999	1.4
150	-0.161954	5.008509	0.093331	0.291303	1.7
151	-0.121983	5.879117	0.093250	0.232178	1.2
152	-0.149741	5.146305	0.093318	0.216479	1.2
153	-0.129069	6.146305	0.093225	0.081810	1.3
154	-0.159679	5.413975	0.093293	0.104970	1.4
155	-0.139270	6.402109	0.093202	0.175398	1.2
156	-0.155151	5.917505	0.093247	0.040384	1.1
157	-0.148692	6.026103	0.093236	0.123809	1.1
158	-0.131100	5.549787	0.093281	0.049502	1.1
159	-0.155132	6.024228	0.093237	0.101354	1.1
160	-0.153858	5.504972	0.093285	0.155894	1.1
161	-0.123585	4.772803	0.093353	0.089377	1.3
162	-0.133881	5.770909	0.093260	0.102576	1.6
163	-0.134982	6.696072	0.093174	0.168294	1.3
164	-0.128887	7.694112	0.093082	0.170381	1.2
165	-0.138323	8.694111	0.092990	0.070554	1.1
166	-0.121591	7.993803	0.093055	0.198919	1.3
167	-0.136376	7.675568	0.093084	0.178578	1.2
168	-0.135075	8.675396	0.092992	0.126176	1.1
169	-0.156017	8.896689	0.092971	0.230770	1.1
170	-0.144777	9.652634	0.092902	0.066583	1.2
171	-0.140904	10.220307	0.092850	0.190837	1.4
172	-0.145581	10.922281	0.092785	0.133464	1.3
173	-0.124728	10.497614	0.092824	0.060698	1.1
174	-0.138805	10.890645	0.092788	0.086316	1.4
175	-0.128197	11.648499	0.092719	0.194290	1.5
176	-0.192281	10.915836	0.092786	0.214870	1.2
177	-0.164818	10.270382	0.092845	0.146894	1.2
178	-0.126083	10.840259	0.092793	0.050950	1.2
179	-0.146168	10.126108	0.092858	0.158555	1.2
180	-0.120785	11.115006	0.092768	0.074670	1.1
181	-0.122739	12.103432	0.092677	0.029956	1.3
182	-0.147754	12.337308	0.092656	0.113901	1.2
183	-0.149027	12.409475	0.092649	0.074448	1.2
184	-0.141917	13.388671	0.092560	0.076287	1.1
185	-0.116107	14.339809	0.092473	0.123434	1.2
186	-0.142266	15.184652	0.092396	0.191710	1.0
187	-0.138289	16.183851	0.092305	0.114202	1.5
188	-0.126294	15.453056	0.092372	0.213646	1.6
189	-0.131791	14.720436	0.092438	0.233074	1.2
190	-0.138239	13.987624	0.092505	0.080799	1.1
191	-0.141588	13.290716	0.092569	0.126348	1.1
192	-0.133508	12.559680	0.092635	0.173438	1.2
193	-0.159957	13.558837	0.092544	0.075144	1.1
194	-0.120923	14.543742	0.092454	0.063435	1.2
195	-0.155367	14.220250	0.092484	0.294767	1.1
196	-0.156445	13.490263	0.092550	0.061153	1.1
197	-0.131831	12.757667	0.092617	0.013606	1.2
198	-0.148464	12.889121	0.092605	0.084618	1.1
199	-0.155708	12.592038	0.092633	0.054926	1.2
200	-0.152257	13.455608	0.092554	0.128979	1.4
201	-0.159079	12.747112	0.092618	0.041060	1.5
202	-0.141584	12.138108	0.092674	0.137795	1.4
203	-0.145040	11.914027	0.092695	0.130019	1.2
204	-0.159712	12.901268	0.092604	0.058775	1.1
205	-0.170534	12.231772	0.092665	0.161760	1.2
206	-0.151184	11.534098	0.092729	0.125168	1.3
207	-0.173844	12.534096	0.092638	0.087893	1.1
208	-0.150912	11.909083	0.092695	0.154622	1.1
209	-0.134791	12.713361	0.092621	0.048236	1.4
210	-0.162011	13.108839	0.092585	0.257867	1.2
211	-0.159817	12.376772	0.092652	0.100325	1.2
212	-0.141492	11.644008	0.092719	0.118348	1.1
213	-0.134257	12.630562	0.092629	0.103057	1.6
214	-0.133679	11.913158	0.092695	0.173973	1.3
215	-0.148668	12.864270	0.092608	0.151428	1.1
216	-0.139467	13.864270	0.092516	0.121353	1.2
217	-0.136228	14.863440	0.092425	0.100703	1.2
218	-0.167711	14.202289	0.092486	0.053357	1.1
219	-0.121224	15.088083	0.092405	0.059499	1.2
220	-0.136005	14.793128	0.092432	0.038852	1.1
221	-0.132445	15.380895	0.092378	0.101110	1.5
222	-0.137523	15.875977	0.092333	0.066152	1.2
223	-0.146480	15.191178	0.092396	0.097067	1.3
224	-0.138107	14.477648	0.092461	0.184356	1.1
225	-0.150072	13.744846	0.092527	0.112044	1.3
226	-0.121722	13.012050	0.092594	0.127815	1.6
227	-0.147141	13.802663	0.092522	0.097567	1.4
228	-0.159058	14.789127	0.092432	0.135439	1.1
229	-0.143910	15.788249	0.092341	0.066943	1.2
230	-0.147693	16.650155	0.092263	0.063617	1.3
231	-0.159991	16.581947	0.092269	0.164634	1.4
232	-0.146429	17.251192	0.092209	0.108779	1.3
233	-0.145188	17.249102	0.092209	0.116665	1.1
234	-0.161908	16.517843	0.092275	0.109760	1.2
235	-0.152397	17.515441	0.092185	0.052223	1.2
236	-0.154340	17.969322	0.092144	0.162096	1.2
237	-0.167384	17.539401	0.092183	0.107657	1.3
238	-0.157381	16.806628	0.092249	0.192421	1.9
239	-0.146983	16.073817	0.092315	0.058719	1.3
240	-0.155861	15.866821	0.092334	0.065094	1.2
241	-0.139776	15.343696	0.092382	0.239459	1.2
242	-0.156464	14.718879	0.092439	0.085530	1.2
243	-0.156024	15.718877	0.092348	0.131639	1.2
244	-0.164099	14.987125	0.092414	0.106472	1.1
245	-0.142997	15.776599	0.092342	0.155031	1.1
246	-0.143045	15.043850	0.092409	0.072203	1.1
247	-0.156706	14.328998	0.092474	0.048609	1.1
248	-0.148305	13.842300	0.092518	0.067328	1.0
249	-0.162245	13.864634	0.092516	0.112980	1.1
250	-0.169176	13.224679	0.092575	0.161521	1.2
251	-0.149166	13.612109	0.092539	0.105464	1.6
252	-0.171349	14.611840	0.092448	0.057804	1.9
253	-0.155922	14.103443	0.092495	0.096808	1.2
254	-0.166352	14.957511	0.092417	0.187572	1.2
255	-0.152589	14.224714	0.092484	0.122362	1.2
Time spent in resolution 1 (ITK initialization and iterating): 0.394 s.
Stopping condition: Maximum number of iterations has been reached.
Settings of AdaptiveStochasticGradientDescent in resolution 1:
( SP_a 93.891572 )
( SP_A 1000.000000 )
( SP_alpha 1.000000 )
( SigmoidMax 1.000000 )
( SigmoidMin -0.732812 )
( SigmoidScale 0.001443 )


Resolution: 2
WARNING: The parameter "ShowExactMetricValue", requested at entry number 2, does not exist at all.
  The default value "false" is used instead.
WARNING: The parameter "UseMultiThreadingForMetrics", requested at entry number 2, does not exist at all.
  The default value "true" is used instead.
Setting the fixed masks took: 0 ms.
Setting the moving masks took: 0 ms.
WARNING: The parameter "FixedImageBSplineInterpolationOrder", requested at entry number 2, does not exist at all.
  The default value "1" is used instead.
WARNING: The parameter "UseRandomSampleRegion", requested at entry number 2, does not exist at all.
  The default value "false" is used instead.
WARNING: The parameter "NumberOfHistogramBins", requested at entry number 2, does not exist at all.
  The default value "32" is used instead.
WARNING: The parameter "NumberOfFixedHistogramBins", requested at entry number 2, does not exist at all.
  The default value "32" is used instead.
WARNING: The parameter "NumberOfMovingHistogramBins", requested at entry number 2, does not exist at all.
  The default value "32" is used instead.
WARNING: The parameter "FixedLimitRangeRatio", requested at entry number 2, does not exist at all.
  The default value "0.01" is used instead.
WARNING: The parameter "MovingLimitRangeRatio", requested at entry number 2, does not exist at all.
  The default value "0.01" is used instead.
WARNING: The parameter "FixedKernelBSplineOrder", requested at entry number 2, does not exist at all.
  The default value "0" is used instead.
WARNING: The parameter "MovingKernelBSplineOrder", requested at entry number 2, does not exist at all.
  The default value "3" is used instead.
WARNING: The parameter "UseFastAndLowMemoryVersion", requested at entry number 2, does not exist at all.
  The default value "true" is used instead.
WARNING: The parameter "UseJacobianPreconditioning", requested at entry number 2, does not exist at all.
  The default value "false" is used instead.
WARNING: The parameter "FiniteDifferenceDerivative", requested at entry number 2, does not exist at all.
  The default value "false" is used instead.

WARNING: You have set MaximumNumberOfSamplingAttempts to 8.
  This functionality is known to cause problems (stack overflow) for large values.
  If elastix stops or segfaults for no obvious reason, reduce this value.
  You may select the RandomSparseMask image sampler to fix mask-related problems.

WARNING: The parameter "SigmoidInitialTime", requested at entry number 2, does not exist at all.
  The default value "0" is used instead.
WARNING: The parameter "MaxBandCovSize", requested at entry number 2, does not exist at all.
  The default value "192" is used instead.
WARNING: The parameter "NumberOfBandStructureSamples", requested at entry number 2, does not exist at all.
  The default value "10" is used instead.
WARNING: The parameter "UseAdaptiveStepSizes", requested at entry number 2, does not exist at all.
  The default value "true" is used instead.
WARNING: The parameter "UseConstantStep", requested at entry number 2, does not exist at all.
  The default value "false" is used instead.
WARNING: The parameter "MaximumStepLengthRatio", requested at entry number 2, does not exist at all.
  The default value "1" is used instead.
WARNING: The parameter "MaximumStepLength", requested at entry number 2, does not exist at all.
  The default value "0.07935" is used instead.
WARNING: The parameter "NumberOfGradientMeasurements", requested at entry number 2, does not exist at all.
  The default value "0" is used instead.
WARNING: The parameter "NumberOfJacobianMeasurements", requested at entry number 2, does not exist at all.
  The default value "1000" is used instead.
WARNING: The parameter "SigmoidScaleFactor", requested at entry number 2, does not exist at all.
  The default value "0.1" is used instead.
Elastix initialization of all components (for this resolution) took: 0 ms.
  Computing the fixed image extrema took 0 ms.
  Computing the moving image extrema took 1 ms.
Initialization of AdvancedMattesMutualInformation metric took: 2 ms.
Starting automatic parameter estimation for AdaptiveStochasticGradientDescent ...
WARNING: The parameter "ASGDParameterEstimationMethod", requested at entry number 0, does not exist at all.
  The default value "Original" is used instead.
  Computing JacobianTerms ...
  Computing the Jacobian terms took 0.000839s
  NumberOfGradientMeasurements to estimate sigma_i: 11
  Sampling gradients ...
  Sampling the gradients took 0.028548s
Automatic parameter estimation took 0.03s
1:ItNr	2:Metric	3a:Time	3b:StepSize	4:||Gradient||	Time[ms]
0	-0.146004	0.000000	0.059145	0.156564	33.0
1	-0.126202	0.000000	0.059145	0.299261	1.2
2	-0.127782	0.000000	0.059145	0.311542	1.2
3	-0.145234	0.000000	0.059145	0.269621	1.2
4	-0.146062	0.033293	0.059143	0.387871	1.1
5	-0.136302	0.000000	0.059145	0.216877	1.1
6	-0.151690	1.000000	0.059086	0.075080	1.1
7	-0.133352	1.814907	0.059038	0.211361	1.6
8	-0.134737	2.577859	0.058993	0.179130	1.4
9	-0.130979	1.893899	0.059033	0.449794	1.5
10	-0.133163	1.201631	0.059074	0.148157	1.3
11	-0.166955	1.058743	0.059083	0.041087	1.3
12	-0.132746	1.392914	0.059063	0.209134	1.3
13	-0.133212	1.454414	0.059059	0.060750	1.1
14	-0.130583	2.272558	0.059011	0.368560	1.2
15	-0.121516	1.585475	0.059052	0.274499	1.2
16	-0.133662	2.585475	0.058993	0.054148	1.2
17	-0.152246	3.481417	0.058940	0.063981	1.3
18	-0.121307	3.603741	0.058933	0.267682	1.3
19	-0.156861	4.300918	0.058892	0.104080	1.4
20	-0.124777	5.182760	0.058840	0.053027	1.7
21	-0.162684	5.356116	0.058830	0.073781	1.3
22	-0.143166	5.318576	0.058833	0.041769	1.2
23	-0.154876	5.128769	0.058844	0.267061	1.2
24	-0.130489	5.175257	0.058841	0.212287	1.2
25	-0.128761	4.491200	0.058881	0.482978	1.2
26	-0.111916	3.799040	0.058922	0.412559	1.1
27	-0.138997	3.106566	0.058962	0.291054	1.2
28	-0.132268	4.106566	0.058903	0.123025	1.2
29	-0.132431	3.415255	0.058944	0.155397	1.2
30	-0.110611	2.832884	0.058978	0.151399	1.4
31	-0.156767	3.333877	0.058949	0.241388	1.3
32	-0.134465	2.642173	0.058989	0.155236	1.7
33	-0.140314	3.089597	0.058963	0.243051	1.4
34	-0.137214	2.438870	0.059001	0.253271	1.4
35	-0.121583	1.765855	0.059041	0.193902	1.3
36	-0.149094	1.073539	0.059082	0.106262	1.2
37	-0.160064	1.731846	0.059043	0.161310	1.5
38	-0.146088	2.510086	0.058997	0.224268	1.5
39	-0.142617	3.509045	0.058939	0.206090	1.5
40	-0.126785	4.508959	0.058880	0.250022	1.4
41	-0.153943	3.881503	0.058917	0.082099	1.2
42	-0.129201	4.831391	0.058861	0.308166	1.5
43	-0.145287	5.816685	0.058803	0.102821	1.5
44	-0.134060	6.049427	0.058790	0.098214	2.0
45	-0.146794	5.620512	0.058815	0.216381	1.6
46	-0.142416	5.106516	0.058845	0.158903	1.6
47	-0.142910	6.102086	0.058787	0.241714	1.4
48	-0.134013	7.099894	0.058729	0.030090	1.2
49	-0.128452	7.432713	0.058709	0.182861	1.1
50	-0.162302	7.108988	0.058728	0.276245	1.3
51	-0.150617	8.108970	0.058670	0.142321	1.4
52	-0.145621	7.565785	0.058701	0.104830	1.2
53	-0.153977	8.473694	0.058649	0.149350	1.4
54	-0.112671	9.414768	0.058594	0.150330	1.9
55	-0.136175	10.392735	0.058537	0.049784	1.6
56	-0.145743	10.366335	0.058539	0.190516	1.3
57	-0.149220	10.902431	0.058508	0.325917	1.4
58	-0.133388	11.426735	0.058478	0.157826	1.4
59	-0.103183	10.734997	0.058518	0.162802	1.3
60	-0.134271	11.419186	0.058478	0.132255	1.3
61	-0.121035	10.870051	0.058510	0.247620	1.2
62	-0.129847	10.177896	0.058550	0.201060	1.2
63	-0.139200	9.554354	0.058586	0.155335	1.2
64	-0.129072	10.441913	0.058535	0.090968	1.2
65	-0.142973	10.732671	0.058518	0.125014	1.5
66	-0.135763	10.124737	0.058553	0.163031	2.0
67	-0.137381	11.102833	0.058496	0.025767	1.3
68	-0.144286	11.509097	0.058473	0.101408	1.2
69	-0.131952	11.569708	0.058469	0.221988	1.2
70	-0.136079	10.997797	0.058502	0.273800	1.2
71	-0.131461	10.725965	0.058518	0.075067	1.2
72	-0.150816	11.453530	0.058476	0.121255	1.1
73	-0.129690	11.601892	0.058467	0.066101	1.2
74	-0.137414	12.146592	0.058436	0.069251	1.3
75	-0.150467	12.332494	0.058425	0.108082	1.2
76	-0.132586	12.954253	0.058389	0.064861	1.4
77	-0.131096	12.670555	0.058406	0.056604	1.7
78	-0.161654	12.899268	0.058393	0.044333	1.7
79	-0.147439	12.969653	0.058389	0.175102	1.5
80	-0.142123	13.252691	0.058372	0.247331	1.3
81	-0.126775	12.837752	0.058396	0.172874	1.3
82	-0.133629	12.355092	0.058424	0.082813	1.2
83	-0.138747	12.819333	0.058397	0.248119	1.3
84	-0.154884	13.796873	0.058341	0.254836	1.2
85	-0.128254	13.104399	0.058381	0.173689	1.3
86	-0.129837	12.493697	0.058416	0.177554	1.4
87	-0.161079	12.208645	0.058432	0.103448	1.1
88	-0.154549	13.098161	0.058381	0.176497	1.6
89	-0.132718	12.455036	0.058418	0.165475	2.1
90	-0.126009	13.450503	0.058361	0.097386	1.3
91	-0.140723	13.082391	0.058382	0.290980	1.2
92	-0.138132	12.692072	0.058405	0.172164	1.2
93	-0.149670	11.999604	0.058445	0.126780	1.2
94	-0.153981	11.366087	0.058481	0.062183	1.4
95	-0.150048	11.238138	0.058488	0.097303	1.3
96	-0.127806	11.339508	0.058483	0.118768	1.2
97	-0.132861	10.849313	0.058511	0.056319	1.2
98	-0.138524	11.267118	0.058487	0.078166	1.3
99	-0.135434	11.135756	0.058494	0.081387	1.2
100	-0.156449	10.686808	0.058520	0.268880	1.7
101	-0.159437	10.030435	0.058558	0.229832	1.7
102	-0.135501	9.338028	0.058598	0.457695	1.3
103	-0.134677	8.645554	0.058639	0.139801	1.1
104	-0.142855	7.953780	0.058679	0.068225	1.3
105	-0.110420	7.901854	0.058682	0.169197	1.3
106	-0.141201	7.362247	0.058713	0.153461	1.2
107	-0.152389	8.291883	0.058659	0.045047	1.2
108	-0.143812	8.363830	0.058655	0.295706	1.2
109	-0.130804	8.592727	0.058642	0.072470	1.1
110	-0.137374	7.910973	0.058681	0.376401	1.2
111	-0.158768	7.374849	0.058713	0.204556	1.1
112	-0.132384	8.374849	0.058654	0.380491	1.4
113	-0.155758	7.682417	0.058695	0.224462	1.9
114	-0.148066	8.682414	0.058637	0.200377	1.5
115	-0.149039	7.989975	0.058677	0.113536	1.8
116	-0.131916	7.445717	0.058708	0.138180	1.2
117	-0.152563	7.131601	0.058727	0.059434	1.2
118	-0.128948	7.199839	0.058723	0.090000	1.2
119	-0.142962	6.866928	0.058742	0.158718	1.2
120	-0.123120	7.739823	0.058691	0.391427	1.2
121	-0.142244	8.448705	0.058650	0.421131	1.2
122	-0.130029	7.756291	0.058690	0.136415	1.2
123	-0.111792	7.066079	0.058731	0.206318	1.2
124	-0.126537	6.467474	0.058765	0.102775	1.8
125	-0.137462	7.433267	0.058709	0.151221	1.5
126	-0.132598	8.343256	0.058656	0.112611	1.4
127	-0.137538	8.894803	0.058624	0.054321	1.2
128	-0.142498	8.474297	0.058649	0.152047	1.1
129	-0.139919	9.158741	0.058609	0.105309	1.2
130	-0.165176	8.739128	0.058633	0.067937	1.2
131	-0.150151	9.303779	0.058600	0.191343	1.1
132	-0.140306	9.045228	0.058615	0.123365	1.1
133	-0.155487	8.362785	0.058655	0.248487	1.1
134	-0.155282	7.672205	0.058695	0.091050	1.3
135	-0.133352	8.152812	0.058667	0.092755	1.0
136	-0.152812	7.656723	0.058696	0.116665	1.4
137	-0.136632	7.802802	0.058688	0.054706	2.2
138	-0.147349	7.837937	0.058686	0.189066	1.2
139	-0.147949	8.586239	0.058642	0.219771	1.2
140	-0.144592	8.185447	0.058665	0.127308	1.3
141	-0.129667	7.496160	0.058706	0.034922	1.0
142	-0.131665	7.940828	0.058680	0.072573	1.2
143	-0.128537	7.965340	0.058678	0.147055	1.3
144	-0.122342	7.760770	0.058690	0.070137	1.1
145	-0.166485	8.398113	0.058653	0.113396	1.2
146	-0.138774	8.551083	0.058644	0.227559	1.2
147	-0.163516	7.959033	0.058679	0.149303	1.1
148	-0.121673	8.949120	0.058621	0.165994	1.3
149	-0.137280	8.724615	0.058634	0.097898	1.9
150	-0.131348	8.102589	0.058670	0.181822	1.5
151	-0.133780	8.777128	0.058631	0.215393	1.2
152	-0.169176	8.084733	0.058671	0.204709	1.2
153	-0.122531	9.084680	0.058613	0.104516	1.1
154	-0.148631	10.022649	0.058559	0.180471	1.1
155	-0.150555	9.343853	0.058598	0.139901	1.1
156	-0.131848	8.680673	0.058637	0.098712	1.1
157	-0.150921	9.171374	0.058608	0.204769	1.1
158	-0.158472	9.938793	0.058564	0.189477	1.3
159	-0.128098	10.917251	0.058507	0.204075	1.2
160	-0.146700	10.225739	0.058547	0.268755	1.1
161	-0.142815	9.591376	0.058584	0.061006	1.6
162	-0.129306	8.946002	0.058621	0.374562	1.6
163	-0.118655	9.935919	0.058564	0.145653	1.2
164	-0.154522	10.935853	0.058506	0.162832	1.2
165	-0.131374	11.886827	0.058451	0.227137	1.1
166	-0.151935	11.201069	0.058491	0.190643	1.2
167	-0.142554	11.597329	0.058468	0.381595	1.1
168	-0.142089	12.535936	0.058414	0.280685	1.1
169	-0.150744	11.848894	0.058453	0.189013	1.2
170	-0.124115	12.848728	0.058396	0.363181	1.1
171	-0.149612	12.156266	0.058435	0.058899	1.2
172	-0.150016	11.473919	0.058475	0.199307	1.2
173	-0.150228	10.878199	0.058509	0.230143	1.0
174	-0.139988	10.619964	0.058524	0.306064	1.8
175	-0.132663	10.778707	0.058515	0.314455	2.0
176	-0.125868	10.086238	0.058555	0.192727	1.4
177	-0.141865	11.086213	0.058497	0.270909	1.2
178	-0.137318	12.085936	0.058440	0.124599	1.2
179	-0.161238	11.394441	0.058479	0.039805	1.2
180	-0.129923	10.990982	0.058503	0.187972	1.3
181	-0.132852	10.475106	0.058533	0.199783	1.2
182	-0.134545	9.806575	0.058571	0.219323	1.2
183	-0.134529	9.135535	0.058610	0.196835	1.3
184	-0.141723	8.447902	0.058650	0.187419	1.1
185	-0.143985	7.755818	0.058690	0.239662	1.6
186	-0.165762	8.646054	0.058639	0.107758	1.8
187	-0.151397	9.619902	0.058582	0.183461	1.4
188	-0.160148	8.984940	0.058619	0.418379	1.2
189	-0.154636	9.984940	0.058561	0.451154	1.4
190	-0.154722	10.984940	0.058503	0.106150	1.2
191	-0.140902	11.954616	0.058447	0.070891	1.2
192	-0.117854	12.318186	0.058426	0.134089	1.1
193	-0.146189	12.065179	0.058441	0.255161	1.1
194	-0.136834	11.796095	0.058456	0.092884	1.1
195	-0.130679	12.786166	0.058399	0.126567	1.1
196	-0.154451	13.439486	0.058362	0.083131	1.1
197	-0.162271	12.984292	0.058388	0.106981	1.2
198	-0.139990	12.492511	0.058416	0.283922	2.2
199	-0.168372	11.800753	0.058456	0.175343	1.8
200	-0.169235	11.209092	0.058490	0.345948	1.2
201	-0.130173	10.520217	0.058530	0.221090	1.1
202	-0.154809	9.827795	0.058570	0.252418	1.2
203	-0.144096	9.135327	0.058610	0.153782	1.2
204	-0.148688	8.449333	0.058650	0.177575	1.1
205	-0.165379	9.306611	0.058600	0.162761	1.3
206	-0.163196	9.743212	0.058575	0.137279	1.1
207	-0.172677	10.643582	0.058523	0.230270	1.1
208	-0.140666	9.951847	0.058563	0.155051	1.1
209	-0.167220	10.470622	0.058533	0.218711	1.4
210	-0.169257	9.965356	0.058562	0.219009	1.9
211	-0.153498	10.436027	0.058535	0.208992	1.4
212	-0.140389	11.435999	0.058477	0.304526	1.3
213	-0.164339	10.743530	0.058517	0.172611	1.3
214	-0.145908	10.052177	0.058557	0.213838	1.3
215	-0.143284	10.382643	0.058538	0.256613	1.4
216	-0.168820	9.996148	0.058560	0.151814	1.2
217	-0.163138	9.316473	0.058600	0.086733	1.2
218	-0.137254	9.369723	0.058597	0.138158	1.2
219	-0.159780	10.255797	0.058545	0.152761	1.3
220	-0.142840	10.339086	0.058540	0.132724	1.2
221	-0.156098	9.886360	0.058567	0.056665	1.7
222	-0.141058	10.138086	0.058552	0.043100	1.8
223	-0.163267	10.118391	0.058553	0.194558	1.7
224	-0.149653	10.007522	0.058560	0.296833	1.2
225	-0.139472	9.315055	0.058600	0.152252	1.2
226	-0.147394	10.313374	0.058542	0.129264	1.2
227	-0.161321	11.288318	0.058486	0.167970	1.3
228	-0.163446	10.675913	0.058521	0.078344	1.2
229	-0.152332	10.128470	0.058553	0.070598	1.0
230	-0.154010	10.013441	0.058559	0.344234	1.2
231	-0.149443	9.698614	0.058578	0.112743	1.2
232	-0.156620	10.628989	0.058524	0.194197	1.2
233	-0.134132	11.554742	0.058470	0.217367	1.8
234	-0.126339	10.862341	0.058510	0.098060	1.8
235	-0.166471	10.190440	0.058549	0.144121	1.2
236	-0.146689	9.886197	0.058567	0.081312	1.2
237	-0.164735	10.406740	0.058537	0.165414	1.2
238	-0.161045	9.776079	0.058573	0.146011	1.3
239	-0.127193	10.243238	0.058546	0.177842	1.1
240	-0.181847	9.752600	0.058574	0.122821	1.2
241	-0.143300	9.066771	0.058614	0.142743	1.4
242	-0.153365	8.483693	0.058648	0.308494	1.8
243	-0.147104	7.797641	0.058688	0.112697	1.4
244	-0.182697	8.783756	0.058631	0.090373	1.7
245	-0.130934	9.586155	0.058584	0.085920	1.6
246	-0.151149	10.200907	0.058548	0.134575	1.3
247	-0.162187	10.742050	0.058517	0.337769	1.3
248	-0.171498	10.049648	0.058557	0.364517	1.2
249	-0.152261	10.762554	0.058516	0.159307	1.5
250	-0.170038	11.745694	0.058459	0.277025	1.5
251	-0.175620	12.745642	0.058402	0.342359	1.4
252	-0.135293	12.909959	0.058392	0.178679	1.2
253	-0.157252	12.231865	0.058431	0.250080	1.3
254	-0.154391	13.231689	0.058374	0.186254	1.2
255	-0.157563	14.229561	0.058316	0.240527	1.3
Time spent in resolution 2 (ITK initialization and iterating): 0.392 s.
Stopping condition: Maximum number of iterations has been reached.
Settings of AdaptiveStochasticGradientDescent in resolution 2:
( SP_a 59.204274 )
( SP_A 1000.000000 )
( SP_alpha 1.000000 )
( SigmoidMax 1.000000 )
( SigmoidMin -0.692474 )
( SigmoidScale 0.003965 )


Resolution: 3
WARNING: The parameter "ShowExactMetricValue", requested at entry number 3, does not exist at all.
  The default value "false" is used instead.
WARNING: The parameter "UseMultiThreadingForMetrics", requested at entry number 3, does not exist at all.
  The default value "true" is used instead.
Setting the fixed masks took: 0 ms.
Setting the moving masks took: 0 ms.
WARNING: The parameter "FixedImageBSplineInterpolationOrder", requested at entry number 3, does not exist at all.
  The default value "1" is used instead.
WARNING: The parameter "UseRandomSampleRegion", requested at entry number 3, does not exist at all.
  The default value "false" is used instead.
WARNING: The parameter "NumberOfHistogramBins", requested at entry number 3, does not exist at all.
  The default value "32" is used instead.
WARNING: The parameter "NumberOfFixedHistogramBins", requested at entry number 3, does not exist at all.
  The default value "32" is used instead.
WARNING: The parameter "NumberOfMovingHistogramBins", requested at entry number 3, does not exist at all.
  The default value "32" is used instead.
WARNING: The parameter "FixedLimitRangeRatio", requested at entry number 3, does not exist at all.
  The default value "0.01" is used instead.
WARNING: The parameter "MovingLimitRangeRatio", requested at entry number 3, does not exist at all.
  The default value "0.01" is used instead.
WARNING: The parameter "FixedKernelBSplineOrder", requested at entry number 3, does not exist at all.
  The default value "0" is used instead.
WARNING: The parameter "MovingKernelBSplineOrder", requested at entry number 3, does not exist at all.
  The default value "3" is used instead.
WARNING: The parameter "UseFastAndLowMemoryVersion", requested at entry number 3, does not exist at all.
  The default value "true" is used instead.
WARNING: The parameter "UseJacobianPreconditioning", requested at entry number 3, does not exist at all.
  The default value "false" is used instead.
WARNING: The parameter "FiniteDifferenceDerivative", requested at entry number 3, does not exist at all.
  The default value "false" is used instead.

WARNING: You have set MaximumNumberOfSamplingAttempts to 8.
  This functionality is known to cause problems (stack overflow) for large values.
  If elastix stops or segfaults for no obvious reason, reduce this value.
  You may select the RandomSparseMask image sampler to fix mask-related problems.

WARNING: The parameter "SigmoidInitialTime", requested at entry number 3, does not exist at all.
  The default value "0" is used instead.
WARNING: The parameter "MaxBandCovSize", requested at entry number 3, does not exist at all.
  The default value "192" is used instead.
WARNING: The parameter "NumberOfBandStructureSamples", requested at entry number 3, does not exist at all.
  The default value "10" is used instead.
WARNING: The parameter "UseAdaptiveStepSizes", requested at entry number 3, does not exist at all.
  The default value "true" is used instead.
WARNING: The parameter "UseConstantStep", requested at entry number 3, does not exist at all.
  The default value "false" is used instead.
WARNING: The parameter "MaximumStepLengthRatio", requested at entry number 3, does not exist at all.
  The default value "1" is used instead.
WARNING: The parameter "MaximumStepLength", requested at entry number 3, does not exist at all.
  The default value "0.07935" is used instead.
WARNING: The parameter "NumberOfGradientMeasurements", requested at entry number 3, does not exist at all.
  The default value "0" is used instead.
WARNING: The parameter "NumberOfJacobianMeasurements", requested at entry number 3, does not exist at all.
  The default value "1000" is used instead.
WARNING: The parameter "SigmoidScaleFactor", requested at entry number 3, does not exist at all.
  The default value "0.1" is used instead.
Elastix initialization of all components (for this resolution) took: 0 ms.
  Computing the fixed image extrema took 1 ms.
  Computing the moving image extrema took 1 ms.
Initialization of AdvancedMattesMutualInformation metric took: 2 ms.
Starting automatic parameter estimation for AdaptiveStochasticGradientDescent ...
WARNING: The parameter "ASGDParameterEstimationMethod", requested at entry number 0, does not exist at all.
  The default value "Original" is used instead.
  Computing JacobianTerms ...
  Computing the Jacobian terms took 0.000813s
  NumberOfGradientMeasurements to estimate sigma_i: 11
  Sampling gradients ...
  Sampling the gradients took 0.029333s
Automatic parameter estimation took 0.03s
1:ItNr	2:Metric	3a:Time	3b:StepSize	4:||Gradient||	Time[ms]
0	-0.149373	0.000000	0.027111	0.063133	34.7
1	-0.150859	0.000000	0.027111	0.121867	1.4
2	-0.152247	0.190459	0.027106	0.151477	1.2
3	-0.176659	0.362600	0.027101	0.238867	1.2
4	-0.140425	0.000000	0.027111	0.415320	1.3
5	-0.138310	0.000000	0.027111	0.785453	1.4
6	-0.168269	0.000000	0.027111	0.326185	1.1
7	-0.138527	0.999985	0.027084	0.591256	1.3
8	-0.127112	1.781647	0.027063	0.084967	1.4
9	-0.133617	1.113303	0.027081	0.195578	1.3
10	-0.147076	0.970131	0.027084	0.130368	1.4
11	-0.146055	0.826065	0.027088	0.054186	1.9
12	-0.151112	0.874378	0.027087	0.165051	1.5
13	-0.150307	0.869406	0.027087	0.054899	1.2
14	-0.130047	0.875524	0.027087	0.026303	1.1
15	-0.118780	0.840274	0.027088	0.139175	1.5
16	-0.143730	0.884750	0.027087	0.036502	1.2
17	-0.160031	1.014926	0.027083	0.149518	1.2
18	-0.134209	0.904330	0.027086	0.065766	1.2
19	-0.157366	0.712322	0.027091	0.260702	1.4
20	-0.114292	1.150177	0.027080	0.025944	1.1
21	-0.144327	1.219523	0.027078	0.079223	1.1
22	-0.146953	1.190303	0.027079	0.188403	1.3
23	-0.152305	1.530086	0.027069	0.298859	1.6
24	-0.155249	2.399515	0.027046	0.356617	1.4
25	-0.137953	1.693665	0.027065	0.235025	1.2
26	-0.158849	2.364110	0.027047	0.297093	1.2
27	-0.161097	3.332375	0.027021	0.114976	1.3
28	-0.153283	3.677969	0.027011	0.158768	1.3
29	-0.142110	3.958478	0.027004	0.423376	1.5
30	-0.136445	4.889980	0.026979	0.306035	1.4
31	-0.172810	4.518000	0.026989	0.285489	1.2
32	-0.116720	3.741316	0.027010	0.371685	1.2
33	-0.168127	2.951655	0.027031	0.248887	1.2
34	-0.136415	3.947679	0.027004	0.200116	1.4
35	-0.171491	4.157856	0.026999	0.311535	1.7
36	-0.154313	4.781766	0.026982	0.432200	1.4
37	-0.138486	5.741627	0.026956	0.353415	1.5
38	-0.153857	4.951894	0.026977	0.218006	1.7
39	-0.153852	5.939301	0.026951	0.180224	1.3
40	-0.166081	5.641415	0.026959	0.026846	1.2
41	-0.145579	5.733291	0.026956	0.536528	1.2
42	-0.154372	5.655805	0.026958	0.165902	1.5
43	-0.157887	4.868461	0.026980	0.549439	1.2
44	-0.149716	4.240615	0.026996	0.363641	1.2
45	-0.144301	5.240591	0.026970	0.433240	1.4
46	-0.171312	6.240534	0.026943	0.292374	1.9
47	-0.161461	5.452131	0.026964	0.509373	1.6
48	-0.124698	4.663800	0.026985	0.225109	1.2
49	-0.133516	5.335074	0.026967	0.076191	1.3
50	-0.154390	5.816455	0.026954	0.185228	1.2
51	-0.151101	5.753140	0.026956	0.413989	1.2
52	-0.150907	5.055426	0.026975	0.060502	1.2
53	-0.141926	5.593138	0.026960	0.519193	1.1
54	-0.148192	6.204097	0.026944	0.308968	1.2
55	-0.159768	7.198226	0.026917	0.142917	1.1
56	-0.157411	7.223514	0.026916	0.228823	1.1
57	-0.161169	7.122588	0.026919	0.332510	1.3
58	-0.156166	6.380379	0.026939	0.038110	2.2
59	-0.137092	6.300436	0.026941	0.274069	1.4
60	-0.136882	6.371806	0.026939	0.138758	1.4
61	-0.158691	5.793299	0.026955	0.249226	1.2
62	-0.151303	5.122978	0.026973	0.327979	1.2
63	-0.151802	4.345074	0.026994	0.387317	1.3
64	-0.151509	3.658731	0.027012	0.405325	1.2
65	-0.168675	2.883747	0.027033	0.284658	1.3
66	-0.166959	2.121088	0.027053	0.259553	1.2
67	-0.145369	2.112726	0.027054	0.263732	1.1
68	-0.140169	1.414814	0.027072	0.363409	1.1
69	-0.140743	0.759146	0.027090	0.194820	1.4
70	-0.151137	1.725819	0.027064	0.280657	2.4
71	-0.146932	1.453067	0.027071	0.170704	1.4
72	-0.156354	2.190322	0.027052	0.139182	1.2
73	-0.140614	2.759707	0.027036	0.327208	1.2
74	-0.140718	3.647438	0.027012	0.143095	1.2
75	-0.160861	4.508119	0.026989	0.074222	1.2
76	-0.141307	4.780871	0.026982	0.116908	1.1
77	-0.150646	4.849275	0.026980	0.265899	1.2
78	-0.114969	4.767384	0.026982	0.047517	1.1
79	-0.168343	4.964341	0.026977	0.300149	1.1
80	-0.141382	4.750862	0.026983	0.133920	1.1
81	-0.165195	5.500917	0.026963	0.135642	1.4
82	-0.172829	5.261710	0.026969	0.141450	1.8
83	-0.175413	4.813350	0.026981	0.102204	1.6
84	-0.129918	4.837064	0.026980	0.385455	1.2
85	-0.134894	5.603649	0.026960	0.353671	1.2
86	-0.136968	6.603423	0.026933	0.278923	1.2
87	-0.177222	7.600779	0.026906	0.250854	1.1
88	-0.146232	8.464089	0.026883	0.106750	1.2
89	-0.146331	8.138614	0.026892	0.362803	1.1
90	-0.177900	7.445901	0.026911	0.128173	1.4
91	-0.145768	6.913766	0.026925	0.161205	1.2
92	-0.159265	7.283316	0.026915	0.404595	1.2
93	-0.146610	6.515151	0.026935	0.559382	1.2
94	-0.167835	7.502644	0.026909	0.356423	1.7
95	-0.145556	6.711731	0.026930	0.343269	1.4
96	-0.162145	7.710732	0.026903	0.214430	1.2
97	-0.163478	8.053492	0.026894	0.154825	1.1
98	-0.135625	8.810942	0.026874	0.323955	1.2
99	-0.147649	9.008081	0.026869	0.167496	1.2
100	-0.146887	9.077242	0.026867	0.214345	1.3
101	-0.158421	9.010834	0.026869	0.188145	1.2
102	-0.150202	9.670047	0.026851	0.279281	1.1
103	-0.146670	10.604806	0.026827	0.203228	1.1
104	-0.134597	10.270471	0.026835	0.443602	1.1
105	-0.165680	9.504881	0.026856	0.557496	1.1
106	-0.154079	8.933313	0.026871	0.050153	1.6
107	-0.159601	9.244868	0.026863	0.130015	1.6
108	-0.175495	9.287669	0.026862	0.103544	1.5
109	-0.147974	9.560238	0.026854	0.189305	1.2
110	-0.132264	9.141799	0.026865	0.142166	1.1
111	-0.158239	9.581343	0.026854	0.089694	1.3
112	-0.162600	9.463650	0.026857	0.113272	1.2
113	-0.137115	9.283404	0.026862	0.414718	1.2
114	-0.175062	8.930903	0.026871	0.012877	1.1
115	-0.146777	9.035526	0.026868	0.171545	1.1
116	-0.145122	9.063496	0.026867	0.098192	1.1
117	-0.139802	9.038658	0.026868	0.209603	1.2
118	-0.139880	8.912265	0.026871	0.630009	1.5
119	-0.130994	9.905534	0.026845	0.166853	1.7
120	-0.161640	9.275529	0.026862	0.037288	1.5
121	-0.167702	9.170759	0.026865	0.196395	1.2
122	-0.148782	9.359144	0.026860	0.179464	1.2
123	-0.159642	9.686971	0.026851	0.021358	1.3
124	-0.143661	9.572631	0.026854	0.347628	1.3
125	-0.139081	9.549453	0.026855	0.083600	1.1
126	-0.140468	9.214477	0.026863	0.115831	1.1
127	-0.151184	9.405499	0.026858	0.104366	1.1
128	-0.122812	9.765784	0.026849	0.274175	1.2
129	-0.156625	10.353520	0.026833	0.357411	1.2
130	-0.161024	11.336659	0.026807	0.264675	1.1
131	-0.151214	10.547853	0.026828	0.201093	1.7
132	-0.165607	9.816010	0.026847	0.114543	1.7
133	-0.137672	10.286145	0.026835	0.149132	1.3
134	-0.146976	10.777009	0.026822	0.113194	1.3
135	-0.158728	10.354047	0.026833	0.074399	1.2
136	-0.154454	10.456552	0.026830	0.082601	1.2
137	-0.124035	10.475663	0.026830	0.359421	1.1
138	-0.137539	9.854253	0.026846	0.566820	1.2
139	-0.145289	9.063307	0.026867	0.215313	1.1
140	-0.146374	8.283508	0.026888	0.218237	1.1
141	-0.155955	8.596095	0.026880	0.212447	1.1
142	-0.158109	9.109507	0.026866	0.108008	1.2
143	-0.162201	9.533512	0.026855	0.356705	1.2
144	-0.155038	9.855637	0.026846	0.600753	1.7
145	-0.141598	10.855571	0.026820	0.171579	1.5
146	-0.148669	10.251868	0.026836	0.164775	1.3
147	-0.176951	9.674932	0.026851	0.222407	1.1
148	-0.119838	10.497571	0.026829	0.240504	1.2
149	-0.168087	11.435360	0.026805	0.329909	1.2
150	-0.141931	12.201347	0.026784	0.153242	1.2
151	-0.159573	11.855511	0.026793	0.072440	1.4
152	-0.164123	12.124775	0.026786	0.397980	1.4
153	-0.150561	11.521420	0.026802	0.289898	1.2
154	-0.173016	11.037606	0.026815	0.121980	1.2
155	-0.182995	10.437395	0.026831	0.369937	1.4
156	-0.135052	10.295703	0.026835	0.233144	2.0
157	-0.154325	9.508550	0.026856	0.191617	1.4
158	-0.159528	9.374712	0.026859	0.532542	1.3
159	-0.159290	10.367660	0.026833	0.029510	1.1
160	-0.160968	10.005915	0.026842	0.234802	1.1
161	-0.156472	10.196447	0.026837	0.264141	1.3
162	-0.170520	10.576333	0.026827	0.112311	1.2
163	-0.145430	10.070146	0.026841	0.163644	1.2
164	-0.132090	10.109419	0.026840	0.438862	1.1
165	-0.154470	11.061016	0.026814	0.234856	1.1
166	-0.152766	10.294027	0.026835	0.169065	1.1
167	-0.164127	10.896964	0.026819	0.259279	1.1
168	-0.161030	10.797533	0.026821	0.183372	1.4
169	-0.166529	11.710321	0.026797	0.178127	1.6
170	-0.154174	11.587252	0.026801	0.182649	1.4
171	-0.163733	11.556478	0.026801	0.021217	1.2
172	-0.148189	11.466649	0.026804	0.054228	1.1
173	-0.156583	11.444234	0.026804	0.173262	1.2
174	-0.154467	11.651048	0.026799	0.114487	1.2
175	-0.148530	12.003359	0.026789	0.281450	1.3
176	-0.144865	12.117372	0.026786	0.219010	1.1
177	-0.158618	11.409077	0.026805	0.200619	1.1
178	-0.152957	12.235993	0.026783	0.183640	1.1
179	-0.164597	12.616439	0.026773	0.277054	1.3
180	-0.164472	11.953312	0.026791	0.050709	1.3
181	-0.148121	11.700276	0.026798	0.401236	1.7
182	-0.145992	11.282398	0.026809	0.087821	1.7
183	-0.149679	11.055906	0.026815	0.257720	1.2
184	-0.144546	10.918369	0.026818	0.060600	1.1
185	-0.164638	11.130011	0.026813	0.331158	1.2
186	-0.147128	10.892339	0.026819	0.223194	1.7
187	-0.124140	10.115332	0.026840	0.062824	1.2
188	-0.165655	10.000468	0.026843	0.211931	1.2
189	-0.177291	9.706873	0.026850	0.079919	1.1
190	-0.146543	9.628280	0.026852	0.031671	1.1
191	-0.168547	9.670363	0.026851	0.145561	1.1
192	-0.178369	9.765985	0.026849	0.460258	1.1
193	-0.128579	10.718219	0.026824	0.096455	1.5
194	-0.144906	11.213435	0.026810	0.417434	1.3
195	-0.170049	11.134990	0.026812	0.289528	1.6
196	-0.159931	10.354426	0.026833	0.367143	1.2
197	-0.140442	9.568024	0.026854	0.444566	1.3
198	-0.154464	10.567559	0.026828	0.106674	1.7
199	-0.136478	11.362159	0.026806	0.358878	1.2
200	-0.158757	11.306218	0.026808	0.212161	1.2
201	-0.141840	10.649769	0.026825	0.155519	1.4
202	-0.163512	10.019503	0.026842	0.414003	1.2
203	-0.139326	9.404347	0.026858	0.258781	1.1
204	-0.152916	10.395969	0.026832	0.361914	1.4
205	-0.177738	10.004065	0.026842	0.028963	1.7
206	-0.166669	9.997279	0.026843	0.277177	1.7
207	-0.159005	9.933769	0.026844	0.281753	1.6
208	-0.120225	10.741391	0.026823	0.536542	1.3
209	-0.148196	9.950522	0.026844	0.254808	1.3
210	-0.160867	9.160677	0.026865	0.304560	1.2
211	-0.166475	9.678191	0.026851	0.371580	1.2
212	-0.132060	10.671917	0.026825	0.035422	1.2
213	-0.177758	10.331543	0.026834	0.445928	1.2
214	-0.153148	9.961638	0.026844	0.163779	1.2
215	-0.135676	9.199377	0.026864	0.211922	1.2
216	-0.131181	9.371287	0.026859	0.063418	1.8
217	-0.165976	9.409471	0.026858	0.505720	1.7
218	-0.143131	9.724432	0.026850	0.311427	1.3
219	-0.166370	9.837531	0.026847	0.308822	1.2
220	-0.158182	10.833097	0.026820	0.084557	1.1
221	-0.166473	10.430874	0.026831	0.271519	1.4
222	-0.156539	10.923625	0.026818	0.087823	1.1
223	-0.176255	11.508647	0.026803	0.312701	1.2
224	-0.161442	12.126117	0.026786	0.209539	1.2
225	-0.173216	11.368922	0.026806	0.100119	1.0
226	-0.140538	10.893062	0.026819	0.118696	1.1
227	-0.174588	10.698018	0.026824	0.508644	1.1
228	-0.149997	10.748328	0.026823	0.126505	1.3
229	-0.176080	10.053748	0.026841	0.219842	1.8
230	-0.157133	9.959268	0.026844	0.882079	1.5
231	-0.141216	9.168961	0.026865	0.144201	1.2
232	-0.158930	10.168099	0.026838	0.138974	1.1
233	-0.154244	10.103802	0.026840	0.256488	1.1
234	-0.165528	10.869593	0.026820	0.132678	1.2
235	-0.157995	11.604295	0.026800	0.097152	1.3
236	-0.152659	11.778785	0.026795	0.482003	1.2
237	-0.169294	12.493836	0.026777	0.257869	1.1
238	-0.156502	13.433269	0.026752	0.143148	1.2
239	-0.171380	13.295175	0.026755	0.546157	1.1
240	-0.156285	12.517218	0.026776	0.383545	1.1
241	-0.156267	13.512678	0.026750	0.117165	1.5
242	-0.166985	14.087433	0.026734	0.109145	1.9
243	-0.157030	13.783162	0.026743	0.080024	1.2
244	-0.130422	13.577585	0.026748	0.259422	1.2
245	-0.193223	13.179121	0.026758	0.114423	1.2
246	-0.153666	12.721995	0.026771	0.290540	1.2
247	-0.142931	12.108940	0.026787	0.064731	1.1
248	-0.147850	12.587538	0.026774	0.294163	1.2
249	-0.145576	13.123787	0.026760	0.212902	1.2
250	-0.166760	14.064106	0.026735	0.276733	1.3
251	-0.164849	14.831686	0.026715	0.368126	1.2
252	-0.143147	15.815448	0.026689	0.249545	1.2
253	-0.146972	16.280648	0.026677	0.236383	2.0
254	-0.170060	16.825355	0.026663	0.135850	1.8
255	-0.176333	17.024650	0.026657	0.230626	1.4
Time spent in resolution 3 (ITK initialization and iterating): 0.387 s.
Stopping condition: Maximum number of iterations has been reached.
Settings of AdaptiveStochasticGradientDescent in resolution 3:
( SP_a 27.137847 )
( SP_A 1000.000000 )
( SP_alpha 1.000000 )
( SigmoidMax 1.000000 )
( SigmoidMin -0.790949 )
( SigmoidScale 0.014446 )



=============== start of TransformParameterFile ===============
(Transform "EulerTransform")
(NumberOfParameters 3)
(TransformParameters -0.005593 -0.577022 -3.058332)
(InitialTransformParametersFileName "NoInitialTransform")
(UseBinaryFormatForTransformationParameters "false")
(HowToCombineTransforms "Compose")

// Image specific
(FixedImageDimension 2)
(MovingImageDimension 2)
(FixedInternalImagePixelType "float")
(MovingInternalImagePixelType "float")
(Size 550 550)
(Index 0 0)
(Spacing 0.0980000000 0.0980000000)
(Origin 0.0000000000 0.0000000000)
(Direction 1.0000000000 0.0000000000 0.0000000000 1.0000000000)
(UseDirectionCosines "true")

// EulerTransform specific
(CenterOfRotationPoint 26.9010000000 26.9010000000)

// ResampleInterpolator specific
(ResampleInterpolator "FinalBSplineInterpolator")
(FinalBSplineInterpolationOrder 3)

// Resampler specific
(Resampler "DefaultResampler")
(DefaultPixelValue 0.000000)
(ResultImageFormat "nii")
(ResultImagePixelType "float")
(CompressResultImage "false")

=============== end of TransformParameterFile ===============

Creating the TransformParameterFile took 0.00s

Registration result checksum: 2433931020

Final metric value  = -0.176333
Settings of AdaptiveStochasticGradientDescent for all resolutions:
( SP_a 129.229889 93.891572 59.204274 27.137847 )
( SP_A 1000.000000 1000.000000 1000.000000 1000.000000 )
( SP_alpha 1.000000 1.000000 1.000000 1.000000 )
( SigmoidMax 1.000000 1.000000 1.000000 1.000000 )
( SigmoidMin -0.824032 -0.732812 -0.692474 -0.790949 )
( SigmoidScale 0.000554 0.001443 0.003965 0.014446 )

