0
1
0
Assembly-1
1
PART-1-1
PART-1
1
PART-1-1
879
276
277
278
279
280
281
308
309
310
311
312
313
314
315
316
317
318
319
340
341
342
343
344
345
346
347
348
349
350
351
352
353
354
372
373
374
375
376
377
378
379
380
381
382
383
384
385
386
387
388
404
405
406
407
408
409
410
411
412
413
414
415
416
417
418
419
420
421
422
437
438
439
440
441
442
443
444
445
446
447
448
449
450
451
452
453
454
455
469
470
471
472
473
474
475
476
477
478
479
480
481
482
483
484
485
486
487
488
489
502
503
504
505
506
507
508
509
510
511
512
513
514
515
516
517
518
519
520
521
522
535
536
537
538
539
540
541
542
543
544
545
546
547
548
549
550
551
552
553
554
555
556
568
569
570
571
572
573
574
575
576
577
578
579
580
581
582
583
584
585
586
587
588
589
600
601
602
603
604
605
606
607
608
609
610
611
612
613
614
615
616
617
618
619
620
621
622
633
634
635
636
637
638
639
640
641
642
643
644
645
646
647
648
649
650
651
652
653
654
655
666
667
668
669
670
671
672
673
674
675
676
677
678
679
680
681
682
683
684
685
686
687
688
699
700
701
702
703
704
705
706
707
708
709
710
711
712
713
714
715
716
717
718
719
720
732
733
734
735
736
737
738
739
740
741
742
743
744
745
746
747
748
749
750
751
752
753
766
767
768
769
770
771
772
773
774
775
776
777
778
779
780
781
782
783
784
785
786
799
800
801
802
803
804
805
806
807
808
809
810
811
812
813
814
815
816
817
818
832
833
834
835
836
837
838
839
840
841
842
843
844
845
846
847
848
849
850
851
865
866
867
868
869
870
871
872
873
874
875
876
877
878
879
880
881
882
883
898
899
900
901
902
903
904
905
906
907
908
909
910
911
912
913
914
915
932
933
934
935
936
937
938
939
940
941
942
943
944
945
946
947
965
966
967
968
969
970
971
972
973
974
975
976
977
978
979
999
1000
1001
1002
1003
1004
1005
1006
1007
1008
1009
1010
1011
1033
1034
1035
1036
1037
1038
1039
1040
1041
1042
1497
1498
1499
1500
1501
1502
1529
1530
1531
1532
1533
1534
1535
1536
1537
1538
1539
1540
1561
1562
1563
1564
1565
1566
1567
1568
1569
1570
1571
1572
1573
1574
1575
1593
1594
1595
1596
1597
1598
1599
1600
1601
1602
1603
1604
1605
1606
1607
1608
1609
1625
1626
1627
1628
1629
1630
1631
1632
1633
1634
1635
1636
1637
1638
1639
1640
1641
1642
1643
1658
1659
1660
1661
1662
1663
1664
1665
1666
1667
1668
1669
1670
1671
1672
1673
1674
1675
1676
1690
1691
1692
1693
1694
1695
1696
1697
1698
1699
1700
1701
1702
1703
1704
1705
1706
1707
1708
1709
1710
1723
1724
1725
1726
1727
1728
1729
1730
1731
1732
1733
1734
1735
1736
1737
1738
1739
1740
1741
1742
1743
1756
1757
1758
1759
1760
1761
1762
1763
1764
1765
1766
1767
1768
1769
1770
1771
1772
1773
1774
1775
1776
1777
1789
1790
1791
1792
1793
1794
1795
1796
1797
1798
1799
1800
1801
1802
1803
1804
1805
1806
1807
1808
1809
1810
1821
1822
1823
1824
1825
1826
1827
1828
1829
1830
1831
1832
1833
1834
1835
1836
1837
1838
1839
1840
1841
1842
1843
1854
1855
1856
1857
1858
1859
1860
1861
1862
1863
1864
1865
1866
1867
1868
1869
1870
1871
1872
1873
1874
1875
1876
1887
1888
1889
1890
1891
1892
1893
1894
1895
1896
1897
1898
1899
1900
1901
1902
1903
1904
1905
1906
1907
1908
1909
1920
1921
1922
1923
1924
1925
1926
1927
1928
1929
1930
1931
1932
1933
1934
1935
1936
1937
1938
1939
1940
1941
1953
1954
1955
1956
1957
1958
1959
1960
1961
1962
1963
1964
1965
1966
1967
1968
1969
1970
1971
1972
1973
1974
1987
1988
1989
1990
1991
1992
1993
1994
1995
1996
1997
1998
1999
2000
2001
2002
2003
2004
2005
2006
2007
2020
2021
2022
2023
2024
2025
2026
2027
2028
2029
2030
2031
2032
2033
2034
2035
2036
2037
2038
2039
2053
2054
2055
2056
2057
2058
2059
2060
2061
2062
2063
2064
2065
2066
2067
2068
2069
2070
2071
2072
2086
2087
2088
2089
2090
2091
2092
2093
2094
2095
2096
2097
2098
2099
2100
2101
2102
2103
2104
2119
2120
2121
2122
2123
2124
2125
2126
2127
2128
2129
2130
2131
2132
2133
2134
2135
2136
2153
2154
2155
2156
2157
2158
2159
2160
2161
2162
2163
2164
2165
2166
2167
2168
2186
2187
2188
2189
2190
2191
2192
2193
2194
2195
2196
2197
2198
2199
2200
2220
2221
2222
2223
2224
2225
2226
2227
2228
2229
2230
2231
2232
2254
2255
2256
2257
2258
2259
2260
2261
2262
2263
10000000
0
1
PART-1-1
393
268
269
270
271
272
299
300
301
302
303
304
305
306
307
308
309
330
331
332
333
334
335
336
337
338
339
340
341
342
343
361
362
363
364
365
366
367
368
369
370
371
372
373
374
375
376
392
393
394
395
396
397
398
399
400
401
402
403
404
405
406
407
408
409
424
425
426
427
428
429
430
431
432
433
434
435
436
437
438
439
440
441
455
456
457
458
459
460
461
462
463
464
465
466
467
468
469
470
471
472
473
474
487
488
489
490
491
492
493
494
495
496
497
498
499
500
501
502
503
504
505
506
519
520
521
522
523
524
525
526
527
528
529
530
531
532
533
534
535
536
537
538
539
551
552
553
554
555
556
557
558
559
560
561
562
563
564
565
566
567
568
569
570
571
582
583
584
585
586
587
588
589
590
591
592
593
594
595
596
597
598
599
600
601
602
603
614
615
616
617
618
619
620
621
622
623
624
625
626
627
628
629
630
631
632
633
634
635
646
647
648
649
650
651
652
653
654
655
656
657
658
659
660
661
662
663
664
665
666
678
679
680
681
682
683
684
685
686
687
688
689
690
691
692
693
694
695
696
697
698
711
712
713
714
715
716
717
718
719
720
721
722
723
724
725
726
727
728
729
730
743
744
745
746
747
748
749
750
751
752
753
754
755
756
757
758
759
760
761
775
776
777
778
779
780
781
782
783
784
785
786
787
788
789
790
791
792
793
807
808
809
810
811
812
813
814
815
816
817
818
819
820
821
822
823
824
839
840
841
842
843
844
845
846
847
848
849
850
851
852
853
854
855
872
873
874
875
876
877
878
879
880
881
882
883
884
885
886
904
905
906
907
908
909
910
911
912
913
914
915
916
917
937
938
939
940
941
942
943
944
945
946
947
948
970
971
972
973
974
975
976
977
978
0
0
1
PART-1-1
394
BONE
0
1
393
268 269 270 271 272 299 300 301 302 303 304 305 306 307 308 309 330 331 332 333 334 335 336 337 338 339 340 341 342 343 361 362 363 364 365 366 367 368 369 370 371 372 373 374 375 376 392 393 394 395 396 397 398 399 400 401 402 403 404 405 406 407 408 409 424 425 426 427 428 429 430 431 432 433 434 435 436 437 438 439 440 441 455 456 457 458 459 460 461 462 463 464 465 466 467 468 469 470 471 472 473 474 487 488 489 490 491 492 493 494 495 496 497 498 499 500 501 502 503 504 505 506 519 520 521 522 523 524 525 526 527 528 529 530 531 532 533 534 535 536 537 538 539 551 552 553 554 555 556 557 558 559 560 561 562 563 564 565 566 567 568 569 570 571 582 583 584 585 586 587 588 589 590 591 592 593 594 595 596 597 598 599 600 601 602 603 614 615 616 617 618 619 620 621 622 623 624 625 626 627 628 629 630 631 632 633 634 635 646 647 648 649 650 651 652 653 654 655 656 657 658 659 660 661 662 663 664 665 666 678 679 680 681 682 683 684 685 686 687 688 689 690 691 692 693 694 695 696 697 698 711 712 713 714 715 716 717 718 719 720 721 722 723 724 725 726 727 728 729 730 743 744 745 746 747 748 749 750 751 752 753 754 755 756 757 758 759 760 761 775 776 777 778 779 780 781 782 783 784 785 786 787 788 789 790 791 792 793 807 808 809 810 811 812 813 814 815 816 817 818 819 820 821 822 823 824 839 840 841 842 843 844 845 846 847 848 849 850 851 852 853 854 855 872 873 874 875 876 877 878 879 880 881 882 883 884 885 886 904 905 906 907 908 909 910 911 912 913 914 915 916 917 937 938 939 940 941 942 943 944 945 946 947 948 970 971 972 973 974 975 976 977 978 
0
0
ELSET268
0
1
1
268 
0
0
ELSET269
0
1
1
269 
0
0
ELSET270
0
1
1
270 
0
0
ELSET271
0
1
1
271 
0
0
ELSET272
0
1
1
272 
0
0
ELSET299
0
1
1
299 
0
0
ELSET300
0
1
1
300 
0
0
ELSET301
0
1
1
301 
0
0
ELSET302
0
1
1
302 
0
0
ELSET303
0
1
1
303 
0
0
ELSET304
0
1
1
304 
0
0
ELSET305
0
1
1
305 
0
0
ELSET306
0
1
1
306 
0
0
ELSET307
0
1
1
307 
0
0
ELSET308
0
1
1
308 
0
0
ELSET309
0
1
1
309 
0
0
ELSET330
0
1
1
330 
0
0
ELSET331
0
1
1
331 
0
0
ELSET332
0
1
1
332 
0
0
ELSET333
0
1
1
333 
0
0
ELSET334
0
1
1
334 
0
0
ELSET335
0
1
1
335 
0
0
ELSET336
0
1
1
336 
0
0
ELSET337
0
1
1
337 
0
0
ELSET338
0
1
1
338 
0
0
ELSET339
0
1
1
339 
0
0
ELSET340
0
1
1
340 
0
0
ELSET341
0
1
1
341 
0
0
ELSET342
0
1
1
342 
0
0
ELSET343
0
1
1
343 
0
0
ELSET361
0
1
1
361 
0
0
ELSET362
0
1
1
362 
0
0
ELSET363
0
1
1
363 
0
0
ELSET364
0
1
1
364 
0
0
ELSET365
0
1
1
365 
0
0
ELSET366
0
1
1
366 
0
0
ELSET367
0
1
1
367 
0
0
ELSET368
0
1
1
368 
0
0
ELSET369
0
1
1
369 
0
0
ELSET370
0
1
1
370 
0
0
ELSET371
0
1
1
371 
0
0
ELSET372
0
1
1
372 
0
0
ELSET373
0
1
1
373 
0
0
ELSET374
0
1
1
374 
0
0
ELSET375
0
1
1
375 
0
0
ELSET376
0
1
1
376 
0
0
ELSET392
0
1
1
392 
0
0
ELSET393
0
1
1
393 
0
0
ELSET394
0
1
1
394 
0
0
ELSET395
0
1
1
395 
0
0
ELSET396
0
1
1
396 
0
0
ELSET397
0
1
1
397 
0
0
ELSET398
0
1
1
398 
0
0
ELSET399
0
1
1
399 
0
0
ELSET400
0
1
1
400 
0
0
ELSET401
0
1
1
401 
0
0
ELSET402
0
1
1
402 
0
0
ELSET403
0
1
1
403 
0
0
ELSET404
0
1
1
404 
0
0
ELSET405
0
1
1
405 
0
0
ELSET406
0
1
1
406 
0
0
ELSET407
0
1
1
407 
0
0
ELSET408
0
1
1
408 
0
0
ELSET409
0
1
1
409 
0
0
ELSET424
0
1
1
424 
0
0
ELSET425
0
1
1
425 
0
0
ELSET426
0
1
1
426 
0
0
ELSET427
0
1
1
427 
0
0
ELSET428
0
1
1
428 
0
0
ELSET429
0
1
1
429 
0
0
ELSET430
0
1
1
430 
0
0
ELSET431
0
1
1
431 
0
0
ELSET432
0
1
1
432 
0
0
ELSET433
0
1
1
433 
0
0
ELSET434
0
1
1
434 
0
0
ELSET435
0
1
1
435 
0
0
ELSET436
0
1
1
436 
0
0
ELSET437
0
1
1
437 
0
0
ELSET438
0
1
1
438 
0
0
ELSET439
0
1
1
439 
0
0
ELSET440
0
1
1
440 
0
0
ELSET441
0
1
1
441 
0
0
ELSET455
0
1
1
455 
0
0
ELSET456
0
1
1
456 
0
0
ELSET457
0
1
1
457 
0
0
ELSET458
0
1
1
458 
0
0
ELSET459
0
1
1
459 
0
0
ELSET460
0
1
1
460 
0
0
ELSET461
0
1
1
461 
0
0
ELSET462
0
1
1
462 
0
0
ELSET463
0
1
1
463 
0
0
ELSET464
0
1
1
464 
0
0
ELSET465
0
1
1
465 
0
0
ELSET466
0
1
1
466 
0
0
ELSET467
0
1
1
467 
0
0
ELSET468
0
1
1
468 
0
0
ELSET469
0
1
1
469 
0
0
ELSET470
0
1
1
470 
0
0
ELSET471
0
1
1
471 
0
0
ELSET472
0
1
1
472 
0
0
ELSET473
0
1
1
473 
0
0
ELSET474
0
1
1
474 
0
0
ELSET487
0
1
1
487 
0
0
ELSET488
0
1
1
488 
0
0
ELSET489
0
1
1
489 
0
0
ELSET490
0
1
1
490 
0
0
ELSET491
0
1
1
491 
0
0
ELSET492
0
1
1
492 
0
0
ELSET493
0
1
1
493 
0
0
ELSET494
0
1
1
494 
0
0
ELSET495
0
1
1
495 
0
0
ELSET496
0
1
1
496 
0
0
ELSET497
0
1
1
497 
0
0
ELSET498
0
1
1
498 
0
0
ELSET499
0
1
1
499 
0
0
ELSET500
0
1
1
500 
0
0
ELSET501
0
1
1
501 
0
0
ELSET502
0
1
1
502 
0
0
ELSET503
0
1
1
503 
0
0
ELSET504
0
1
1
504 
0
0
ELSET505
0
1
1
505 
0
0
ELSET506
0
1
1
506 
0
0
ELSET519
0
1
1
519 
0
0
ELSET520
0
1
1
520 
0
0
ELSET521
0
1
1
521 
0
0
ELSET522
0
1
1
522 
0
0
ELSET523
0
1
1
523 
0
0
ELSET524
0
1
1
524 
0
0
ELSET525
0
1
1
525 
0
0
ELSET526
0
1
1
526 
0
0
ELSET527
0
1
1
527 
0
0
ELSET528
0
1
1
528 
0
0
ELSET529
0
1
1
529 
0
0
ELSET530
0
1
1
530 
0
0
ELSET531
0
1
1
531 
0
0
ELSET532
0
1
1
532 
0
0
ELSET533
0
1
1
533 
0
0
ELSET534
0
1
1
534 
0
0
ELSET535
0
1
1
535 
0
0
ELSET536
0
1
1
536 
0
0
ELSET537
0
1
1
537 
0
0
ELSET538
0
1
1
538 
0
0
ELSET539
0
1
1
539 
0
0
ELSET551
0
1
1
551 
0
0
ELSET552
0
1
1
552 
0
0
ELSET553
0
1
1
553 
0
0
ELSET554
0
1
1
554 
0
0
ELSET555
0
1
1
555 
0
0
ELSET556
0
1
1
556 
0
0
ELSET557
0
1
1
557 
0
0
ELSET558
0
1
1
558 
0
0
ELSET559
0
1
1
559 
0
0
ELSET560
0
1
1
560 
0
0
ELSET561
0
1
1
561 
0
0
ELSET562
0
1
1
562 
0
0
ELSET563
0
1
1
563 
0
0
ELSET564
0
1
1
564 
0
0
ELSET565
0
1
1
565 
0
0
ELSET566
0
1
1
566 
0
0
ELSET567
0
1
1
567 
0
0
ELSET568
0
1
1
568 
0
0
ELSET569
0
1
1
569 
0
0
ELSET570
0
1
1
570 
0
0
ELSET571
0
1
1
571 
0
0
ELSET582
0
1
1
582 
0
0
ELSET583
0
1
1
583 
0
0
ELSET584
0
1
1
584 
0
0
ELSET585
0
1
1
585 
0
0
ELSET586
0
1
1
586 
0
0
ELSET587
0
1
1
587 
0
0
ELSET588
0
1
1
588 
0
0
ELSET589
0
1
1
589 
0
0
ELSET590
0
1
1
590 
0
0
ELSET591
0
1
1
591 
0
0
ELSET592
0
1
1
592 
0
0
ELSET593
0
1
1
593 
0
0
ELSET594
0
1
1
594 
0
0
ELSET595
0
1
1
595 
0
0
ELSET596
0
1
1
596 
0
0
ELSET597
0
1
1
597 
0
0
ELSET598
0
1
1
598 
0
0
ELSET599
0
1
1
599 
0
0
ELSET600
0
1
1
600 
0
0
ELSET601
0
1
1
601 
0
0
ELSET602
0
1
1
602 
0
0
ELSET603
0
1
1
603 
0
0
ELSET614
0
1
1
614 
0
0
ELSET615
0
1
1
615 
0
0
ELSET616
0
1
1
616 
0
0
ELSET617
0
1
1
617 
0
0
ELSET618
0
1
1
618 
0
0
ELSET619
0
1
1
619 
0
0
ELSET620
0
1
1
620 
0
0
ELSET621
0
1
1
621 
0
0
ELSET622
0
1
1
622 
0
0
ELSET623
0
1
1
623 
0
0
ELSET624
0
1
1
624 
0
0
ELSET625
0
1
1
625 
0
0
ELSET626
0
1
1
626 
0
0
ELSET627
0
1
1
627 
0
0
ELSET628
0
1
1
628 
0
0
ELSET629
0
1
1
629 
0
0
ELSET630
0
1
1
630 
0
0
ELSET631
0
1
1
631 
0
0
ELSET632
0
1
1
632 
0
0
ELSET633
0
1
1
633 
0
0
ELSET634
0
1
1
634 
0
0
ELSET635
0
1
1
635 
0
0
ELSET646
0
1
1
646 
0
0
ELSET647
0
1
1
647 
0
0
ELSET648
0
1
1
648 
0
0
ELSET649
0
1
1
649 
0
0
ELSET650
0
1
1
650 
0
0
ELSET651
0
1
1
651 
0
0
ELSET652
0
1
1
652 
0
0
ELSET653
0
1
1
653 
0
0
ELSET654
0
1
1
654 
0
0
ELSET655
0
1
1
655 
0
0
ELSET656
0
1
1
656 
0
0
ELSET657
0
1
1
657 
0
0
ELSET658
0
1
1
658 
0
0
ELSET659
0
1
1
659 
0
0
ELSET660
0
1
1
660 
0
0
ELSET661
0
1
1
661 
0
0
ELSET662
0
1
1
662 
0
0
ELSET663
0
1
1
663 
0
0
ELSET664
0
1
1
664 
0
0
ELSET665
0
1
1
665 
0
0
ELSET666
0
1
1
666 
0
0
ELSET678
0
1
1
678 
0
0
ELSET679
0
1
1
679 
0
0
ELSET680
0
1
1
680 
0
0
ELSET681
0
1
1
681 
0
0
ELSET682
0
1
1
682 
0
0
ELSET683
0
1
1
683 
0
0
ELSET684
0
1
1
684 
0
0
ELSET685
0
1
1
685 
0
0
ELSET686
0
1
1
686 
0
0
ELSET687
0
1
1
687 
0
0
ELSET688
0
1
1
688 
0
0
ELSET689
0
1
1
689 
0
0
ELSET690
0
1
1
690 
0
0
ELSET691
0
1
1
691 
0
0
ELSET692
0
1
1
692 
0
0
ELSET693
0
1
1
693 
0
0
ELSET694
0
1
1
694 
0
0
ELSET695
0
1
1
695 
0
0
ELSET696
0
1
1
696 
0
0
ELSET697
0
1
1
697 
0
0
ELSET698
0
1
1
698 
0
0
ELSET711
0
1
1
711 
0
0
ELSET712
0
1
1
712 
0
0
ELSET713
0
1
1
713 
0
0
ELSET714
0
1
1
714 
0
0
ELSET715
0
1
1
715 
0
0
ELSET716
0
1
1
716 
0
0
ELSET717
0
1
1
717 
0
0
ELSET718
0
1
1
718 
0
0
ELSET719
0
1
1
719 
0
0
ELSET720
0
1
1
720 
0
0
ELSET721
0
1
1
721 
0
0
ELSET722
0
1
1
722 
0
0
ELSET723
0
1
1
723 
0
0
ELSET724
0
1
1
724 
0
0
ELSET725
0
1
1
725 
0
0
ELSET726
0
1
1
726 
0
0
ELSET727
0
1
1
727 
0
0
ELSET728
0
1
1
728 
0
0
ELSET729
0
1
1
729 
0
0
ELSET730
0
1
1
730 
0
0
ELSET743
0
1
1
743 
0
0
ELSET744
0
1
1
744 
0
0
ELSET745
0
1
1
745 
0
0
ELSET746
0
1
1
746 
0
0
ELSET747
0
1
1
747 
0
0
ELSET748
0
1
1
748 
0
0
ELSET749
0
1
1
749 
0
0
ELSET750
0
1
1
750 
0
0
ELSET751
0
1
1
751 
0
0
ELSET752
0
1
1
752 
0
0
ELSET753
0
1
1
753 
0
0
ELSET754
0
1
1
754 
0
0
ELSET755
0
1
1
755 
0
0
ELSET756
0
1
1
756 
0
0
ELSET757
0
1
1
757 
0
0
ELSET758
0
1
1
758 
0
0
ELSET759
0
1
1
759 
0
0
ELSET760
0
1
1
760 
0
0
ELSET761
0
1
1
761 
0
0
ELSET775
0
1
1
775 
0
0
ELSET776
0
1
1
776 
0
0
ELSET777
0
1
1
777 
0
0
ELSET778
0
1
1
778 
0
0
ELSET779
0
1
1
779 
0
0
ELSET780
0
1
1
780 
0
0
ELSET781
0
1
1
781 
0
0
ELSET782
0
1
1
782 
0
0
ELSET783
0
1
1
783 
0
0
ELSET784
0
1
1
784 
0
0
ELSET785
0
1
1
785 
0
0
ELSET786
0
1
1
786 
0
0
ELSET787
0
1
1
787 
0
0
ELSET788
0
1
1
788 
0
0
ELSET789
0
1
1
789 
0
0
ELSET790
0
1
1
790 
0
0
ELSET791
0
1
1
791 
0
0
ELSET792
0
1
1
792 
0
0
ELSET793
0
1
1
793 
0
0
ELSET807
0
1
1
807 
0
0
ELSET808
0
1
1
808 
0
0
ELSET809
0
1
1
809 
0
0
ELSET810
0
1
1
810 
0
0
ELSET811
0
1
1
811 
0
0
ELSET812
0
1
1
812 
0
0
ELSET813
0
1
1
813 
0
0
ELSET814
0
1
1
814 
0
0
ELSET815
0
1
1
815 
0
0
ELSET816
0
1
1
816 
0
0
ELSET817
0
1
1
817 
0
0
ELSET818
0
1
1
818 
0
0
ELSET819
0
1
1
819 
0
0
ELSET820
0
1
1
820 
0
0
ELSET821
0
1
1
821 
0
0
ELSET822
0
1
1
822 
0
0
ELSET823
0
1
1
823 
0
0
ELSET824
0
1
1
824 
0
0
ELSET839
0
1
1
839 
0
0
ELSET840
0
1
1
840 
0
0
ELSET841
0
1
1
841 
0
0
ELSET842
0
1
1
842 
0
0
ELSET843
0
1
1
843 
0
0
ELSET844
0
1
1
844 
0
0
ELSET845
0
1
1
845 
0
0
ELSET846
0
1
1
846 
0
0
ELSET847
0
1
1
847 
0
0
ELSET848
0
1
1
848 
0
0
ELSET849
0
1
1
849 
0
0
ELSET850
0
1
1
850 
0
0
ELSET851
0
1
1
851 
0
0
ELSET852
0
1
1
852 
0
0
ELSET853
0
1
1
853 
0
0
ELSET854
0
1
1
854 
0
0
ELSET855
0
1
1
855 
0
0
ELSET872
0
1
1
872 
0
0
ELSET873
0
1
1
873 
0
0
ELSET874
0
1
1
874 
0
0
ELSET875
0
1
1
875 
0
0
ELSET876
0
1
1
876 
0
0
ELSET877
0
1
1
877 
0
0
ELSET878
0
1
1
878 
0
0
ELSET879
0
1
1
879 
0
0
ELSET880
0
1
1
880 
0
0
ELSET881
0
1
1
881 
0
0
ELSET882
0
1
1
882 
0
0
ELSET883
0
1
1
883 
0
0
ELSET884
0
1
1
884 
0
0
ELSET885
0
1
1
885 
0
0
ELSET886
0
1
1
886 
0
0
ELSET904
0
1
1
904 
0
0
ELSET905
0
1
1
905 
0
0
ELSET906
0
1
1
906 
0
0
ELSET907
0
1
1
907 
0
0
ELSET908
0
1
1
908 
0
0
ELSET909
0
1
1
909 
0
0
ELSET910
0
1
1
910 
0
0
ELSET911
0
1
1
911 
0
0
ELSET912
0
1
1
912 
0
0
ELSET913
0
1
1
913 
0
0
ELSET914
0
1
1
914 
0
0
ELSET915
0
1
1
915 
0
0
ELSET916
0
1
1
916 
0
0
ELSET917
0
1
1
917 
0
0
ELSET937
0
1
1
937 
0
0
ELSET938
0
1
1
938 
0
0
ELSET939
0
1
1
939 
0
0
ELSET940
0
1
1
940 
0
0
ELSET941
0
1
1
941 
0
0
ELSET942
0
1
1
942 
0
0
ELSET943
0
1
1
943 
0
0
ELSET944
0
1
1
944 
0
0
ELSET945
0
1
1
945 
0
0
ELSET946
0
1
1
946 
0
0
ELSET947
0
1
1
947 
0
0
ELSET948
0
1
1
948 
0
0
ELSET970
0
1
1
970 
0
0
ELSET971
0
1
1
971 
0
0
ELSET972
0
1
1
972 
0
0
ELSET973
0
1
1
973 
0
0
ELSET974
0
1
1
974 
0
0
ELSET975
0
1
1
975 
0
0
ELSET976
0
1
1
976 
0
0
ELSET977
0
1
1
977 
0
0
ELSET978
0
1
1
978 
0
0
0
0
1
PART-1-1
3
BOTNODES
0
1
439
1497 1498 1499 1500 1501 1502 1529 1530 1531 1532 1533 1534 1535 1536 1537 1538 1539 1540 1561 1562 1563 1564 1565 1566 1567 1568 1569 1570 1571 1572 1573 1574 1575 1593 1594 1595 1596 1597 1598 1599 1600 1601 1602 1603 1604 1605 1606 1607 1608 1609 1625 1626 1627 1628 1629 1630 1631 1632 1633 1634 1635 1636 1637 1638 1639 1640 1641 1642 1643 1658 1659 1660 1661 1662 1663 1664 1665 1666 1667 1668 1669 1670 1671 1672 1673 1674 1675 1676 1690 1691 1692 1693 1694 1695 1696 1697 1698 1699 1700 1701 1702 1703 1704 1705 1706 1707 1708 1709 1710 1723 1724 1725 1726 1727 1728 1729 1730 1731 1732 1733 1734 1735 1736 1737 1738 1739 1740 1741 1742 1743 1756 1757 1758 1759 1760 1761 1762 1763 1764 1765 1766 1767 1768 1769 1770 1771 1772 1773 1774 1775 1776 1777 1789 1790 1791 1792 1793 1794 1795 1796 1797 1798 1799 1800 1801 1802 1803 1804 1805 1806 1807 1808 1809 1810 1821 1822 1823 1824 1825 1826 1827 1828 1829 1830 1831 1832 1833 1834 1835 1836 1837 1838 1839 1840 1841 1842 1843 1854 1855 1856 1857 1858 1859 1860 1861 1862 1863 1864 1865 1866 1867 1868 1869 1870 1871 1872 1873 1874 1875 1876 1887 1888 1889 1890 1891 1892 1893 1894 1895 1896 1897 1898 1899 1900 1901 1902 1903 1904 1905 1906 1907 1908 1909 1920 1921 1922 1923 1924 1925 1926 1927 1928 1929 1930 1931 1932 1933 1934 1935 1936 1937 1938 1939 1940 1941 1953 1954 1955 1956 1957 1958 1959 1960 1961 1962 1963 1964 1965 1966 1967 1968 1969 1970 1971 1972 1973 1974 1987 1988 1989 1990 1991 1992 1993 1994 1995 1996 1997 1998 1999 2000 2001 2002 2003 2004 2005 2006 2007 2020 2021 2022 2023 2024 2025 2026 2027 2028 2029 2030 2031 2032 2033 2034 2035 2036 2037 2038 2039 2053 2054 2055 2056 2057 2058 2059 2060 2061 2062 2063 2064 2065 2066 2067 2068 2069 2070 2071 2072 2086 2087 2088 2089 2090 2091 2092 2093 2094 2095 2096 2097 2098 2099 2100 2101 2102 2103 2104 2119 2120 2121 2122 2123 2124 2125 2126 2127 2128 2129 2130 2131 2132 2133 2134 2135 2136 2153 2154 2155 2156 2157 2158 2159 2160 2161 2162 2163 2164 2165 2166 2167 2168 2186 2187 2188 2189 2190 2191 2192 2193 2194 2195 2196 2197 2198 2199 2200 2220 2221 2222 2223 2224 2225 2226 2227 2228 2229 2230 2231 2232 2254 2255 2256 2257 2258 2259 2260 2261 2262 2263 
0
0
REF_NODE
0
1
1
10000000 
0
0
TOPNODES
0
1
439
276 277 278 279 280 281 308 309 310 311 312 313 314 315 316 317 318 319 340 341 342 343 344 345 346 347 348 349 350 351 352 353 354 372 373 374 375 376 377 378 379 380 381 382 383 384 385 386 387 388 404 405 406 407 408 409 410 411 412 413 414 415 416 417 418 419 420 421 422 437 438 439 440 441 442 443 444 445 446 447 448 449 450 451 452 453 454 455 469 470 471 472 473 474 475 476 477 478 479 480 481 482 483 484 485 486 487 488 489 502 503 504 505 506 507 508 509 510 511 512 513 514 515 516 517 518 519 520 521 522 535 536 537 538 539 540 541 542 543 544 545 546 547 548 549 550 551 552 553 554 555 556 568 569 570 571 572 573 574 575 576 577 578 579 580 581 582 583 584 585 586 587 588 589 600 601 602 603 604 605 606 607 608 609 610 611 612 613 614 615 616 617 618 619 620 621 622 633 634 635 636 637 638 639 640 641 642 643 644 645 646 647 648 649 650 651 652 653 654 655 666 667 668 669 670 671 672 673 674 675 676 677 678 679 680 681 682 683 684 685 686 687 688 699 700 701 702 703 704 705 706 707 708 709 710 711 712 713 714 715 716 717 718 719 720 732 733 734 735 736 737 738 739 740 741 742 743 744 745 746 747 748 749 750 751 752 753 766 767 768 769 770 771 772 773 774 775 776 777 778 779 780 781 782 783 784 785 786 799 800 801 802 803 804 805 806 807 808 809 810 811 812 813 814 815 816 817 818 832 833 834 835 836 837 838 839 840 841 842 843 844 845 846 847 848 849 850 851 865 866 867 868 869 870 871 872 873 874 875 876 877 878 879 880 881 882 883 898 899 900 901 902 903 904 905 906 907 908 909 910 911 912 913 914 915 932 933 934 935 936 937 938 939 940 941 942 943 944 945 946 947 965 966 967 968 969 970 971 972 973 974 975 976 977 978 979 999 1000 1001 1002 1003 1004 1005 1006 1007 1008 1009 1010 1011 1033 1034 1035 1036 1037 1038 1039 1040 1041 1042 
0
0
0
0
0
