Installing all components.
InstallingComponents was successful.

ELASTIX version: 5.000
Command line options from ElastixBase:
-fMask    unspecified, so no fixed mask used
-mMask    unspecified, so no moving mask used
-out      ./
-priority unspecified, so NORMAL process priority
-threads  unspecified, so all available threads are used
WARNING: The parameter "UseDirectionCosines", requested at entry number 0, does not exist at all.
  The default value "true" is used instead.

WARNING: The option "UseDirectionCosines" was not found in your parameter file.
  From elastix 4.8 it defaults to true!
This may change the behavior of your registrations considerably.

Command line options from TransformBase:
-t0       unspecified, so no initial transform used

Reading images...
Reading images took 1 ms.

WARNING: the fixed pyramid schedule is not fully specified!
  A default pyramid schedule is used.
WARNING: the moving pyramid schedule is not fully specified!
  A default pyramid schedule is used.
WARNING: The parameter "AutomaticTransformInitializationMethod", requested at entry number 0, does not exist at all.
  The default value "GeometricalCenter" is used instead.
Transform parameters are initialized as: [-2.2451000000000008, -6.099550000000001, -19.931800000000003]
Initialization of all components (before registration) took: 6 ms.
Preparation of the image pyramids took: 3049 ms.

Resolution: 0
WARNING: The parameter "ShowExactMetricValue", requested at entry number 0, does not exist at all.
  The default value "false" is used instead.
WARNING: The parameter "UseMultiThreadingForMetrics", requested at entry number 0, does not exist at all.
  The default value "true" is used instead.
Setting the fixed masks took: 0 ms.
Setting the moving masks took: 0 ms.
WARNING: The parameter "FixedImageBSplineInterpolationOrder", requested at entry number 0, does not exist at all.
  The default value "1" is used instead.
WARNING: The parameter "UseRandomSampleRegion", requested at entry number 0, does not exist at all.
  The default value "false" is used instead.
WARNING: The parameter "NumberOfHistogramBins", requested at entry number 0, does not exist at all.
  The default value "32" is used instead.
WARNING: The parameter "NumberOfFixedHistogramBins", requested at entry number 0, does not exist at all.
  The default value "32" is used instead.
WARNING: The parameter "NumberOfMovingHistogramBins", requested at entry number 0, does not exist at all.
  The default value "32" is used instead.
WARNING: The parameter "FixedLimitRangeRatio", requested at entry number 0, does not exist at all.
  The default value "0.01" is used instead.
WARNING: The parameter "MovingLimitRangeRatio", requested at entry number 0, does not exist at all.
  The default value "0.01" is used instead.
WARNING: The parameter "FixedKernelBSplineOrder", requested at entry number 0, does not exist at all.
  The default value "0" is used instead.
WARNING: The parameter "MovingKernelBSplineOrder", requested at entry number 0, does not exist at all.
  The default value "3" is used instead.
WARNING: The parameter "UseFastAndLowMemoryVersion", requested at entry number 0, does not exist at all.
  The default value "true" is used instead.
WARNING: The parameter "UseJacobianPreconditioning", requested at entry number 0, does not exist at all.
  The default value "false" is used instead.
WARNING: The parameter "FiniteDifferenceDerivative", requested at entry number 0, does not exist at all.
  The default value "false" is used instead.
WARNING: The parameter "SP_A", requested at entry number 0, does not exist at all.
  The default value "20" is used instead.

WARNING: You have set MaximumNumberOfSamplingAttempts to 8.
  This functionality is known to cause problems (stack overflow) for large values.
  If elastix stops or segfaults for no obvious reason, reduce this value.
  You may select the RandomSparseMask image sampler to fix mask-related problems.

WARNING: The parameter "SigmoidInitialTime", requested at entry number 0, does not exist at all.
  The default value "0" is used instead.
WARNING: The parameter "MaxBandCovSize", requested at entry number 0, does not exist at all.
  The default value "192" is used instead.
WARNING: The parameter "NumberOfBandStructureSamples", requested at entry number 0, does not exist at all.
  The default value "10" is used instead.
WARNING: The parameter "UseAdaptiveStepSizes", requested at entry number 0, does not exist at all.
  The default value "true" is used instead.
WARNING: The parameter "UseConstantStep", requested at entry number 0, does not exist at all.
  The default value "false" is used instead.
WARNING: The parameter "MaximumStepLengthRatio", requested at entry number 0, does not exist at all.
  The default value "1" is used instead.
WARNING: The parameter "MaximumStepLength", requested at entry number 0, does not exist at all.
  The default value "0.098" is used instead.
WARNING: The parameter "NumberOfGradientMeasurements", requested at entry number 0, does not exist at all.
  The default value "0" is used instead.
WARNING: The parameter "NumberOfJacobianMeasurements", requested at entry number 0, does not exist at all.
  The default value "1000" is used instead.
WARNING: The parameter "SigmoidScaleFactor", requested at entry number 0, does not exist at all.
  The default value "0.1" is used instead.
Elastix initialization of all components (for this resolution) took: 3 ms.
  Computing the fixed image extrema took 46 ms.
  Computing the moving image extrema took 46 ms.
Initialization of AdvancedMattesMutualInformation metric took: 96 ms.
Starting automatic parameter estimation for AdaptiveStochasticGradientDescent ...
WARNING: The parameter "ASGDParameterEstimationMethod", requested at entry number 0, does not exist at all.
  The default value "Original" is used instead.
  Computing JacobianTerms ...
  Computing the Jacobian terms took 0.002631s
  NumberOfGradientMeasurements to estimate sigma_i: 11
  Sampling gradients ...
  Sampling the gradients took 0.050947s
Automatic parameter estimation took 0.06s
1:ItNr	2:Metric	3a:Time	3b:StepSize	4:||Gradient||	Time[ms]
0	-0.434546	0.000000	0.505999	0.054694	155.1
1	-0.439016	0.000000	0.505999	0.046358	2.8
2	-0.439625	0.000000	0.505999	0.069603	2.5
3	-0.443632	0.000000	0.505999	0.015507	1.7
4	-0.436014	0.000000	0.505999	0.079744	1.9
5	-0.413697	0.000000	0.505999	0.037579	1.6
6	-0.415609	0.000000	0.505999	0.063145	1.8
7	-0.439703	0.000000	0.505999	0.072070	1.7
8	-0.411106	0.000000	0.505999	0.037286	1.8
9	-0.431258	0.997933	0.483045	0.071759	2.6
10	-0.418269	1.080237	0.481244	0.040363	2.3
11	-0.433103	0.613543	0.491635	0.043594	1.8
12	-0.434583	0.147030	0.502481	0.028400	1.8
13	-0.431117	0.000000	0.505999	0.045375	2.0
14	-0.416581	0.978503	0.483472	0.055544	2.2
15	-0.453965	1.977990	0.462442	0.015956	1.8
16	-0.437240	2.615747	0.449953	0.021352	1.8
17	-0.441914	3.062638	0.441597	0.019435	2.8
18	-0.449102	2.693874	0.448470	0.043780	2.1
19	-0.411033	2.450890	0.453116	0.039459	1.8
20	-0.444358	1.987341	0.462254	0.046176	1.9
21	-0.443369	1.521549	0.471814	0.037946	1.6
22	-0.431276	1.055980	0.481773	0.010212	1.8
23	-0.448609	0.676104	0.490217	0.063992	1.7
24	-0.475980	0.267243	0.499641	0.071866	1.6
25	-0.447313	0.000000	0.505999	0.088427	2.6
26	-0.446405	0.000000	0.505999	0.052407	1.9
27	-0.437482	0.000000	0.505999	0.023832	1.8
28	-0.432896	0.995834	0.483091	0.040979	1.7
29	-0.436043	0.812148	0.487159	0.029380	1.9
30	-0.452127	0.767213	0.488165	0.041872	1.9
31	-0.456733	0.305328	0.498748	0.036262	1.8
32	-0.439348	0.000000	0.505999	0.064603	1.8
33	-0.468620	0.000000	0.505999	0.035370	2.9
34	-0.443104	0.792799	0.487592	0.024810	2.2
35	-0.429386	0.348285	0.497744	0.009221	2.2
36	-0.463463	0.606345	0.491799	0.016702	1.9
37	-0.461021	0.580634	0.492385	0.030012	2.1
38	-0.456613	0.164531	0.502066	0.032410	2.1
39	-0.433012	0.000000	0.505999	0.043929	2.6
40	-0.460159	0.000000	0.505999	0.061546	3.1
41	-0.459393	0.000000	0.505999	0.028329	2.5
42	-0.449298	0.203084	0.501153	0.073901	2.0
43	-0.458555	0.000000	0.505999	0.032662	2.0
44	-0.442203	0.000000	0.505999	0.062354	2.3
45	-0.441503	0.000000	0.505999	0.029168	2.7
46	-0.454373	0.982121	0.483392	0.061354	2.6
47	-0.449353	0.518009	0.493818	0.025495	2.8
48	-0.457613	1.397849	0.474420	0.014496	2.3
49	-0.455378	1.129002	0.480184	0.050421	2.1
50	-0.459632	0.680760	0.490111	0.102561	2.2
51	-0.475925	0.214063	0.500893	0.043282	2.5
52	-0.433507	0.000000	0.505999	0.055169	2.6
53	-0.453505	0.000000	0.505999	0.042323	3.0
54	-0.449833	0.000000	0.505999	0.036979	2.2
55	-0.432421	0.000000	0.505999	0.042491	2.5
56	-0.462933	0.000000	0.505999	0.013465	2.4
57	-0.475876	0.000000	0.505999	0.021503	2.4
58	-0.482710	0.383111	0.496934	0.053478	2.4
59	-0.477413	0.000000	0.505999	0.057975	3.0
60	-0.462727	0.000000	0.505999	0.044785	2.9
61	-0.465076	0.000000	0.505999	0.061736	2.4
62	-0.435220	0.000000	0.505999	0.029708	2.4
63	-0.442469	0.000000	0.505999	0.075494	2.5
64	-0.465295	0.000000	0.505999	0.052820	2.0
65	-0.454549	0.997247	0.483060	0.048853	2.6
66	-0.446632	0.558034	0.492901	0.035400	2.8
67	-0.449620	0.092180	0.503788	0.048037	2.0
68	-0.458824	1.076542	0.481325	0.018500	2.2
69	-0.459919	0.619285	0.491505	0.012920	2.3
70	-0.462726	0.526228	0.493630	0.040526	2.2
71	-0.428139	0.102647	0.503538	0.039165	2.3
72	-0.460623	0.000000	0.505999	0.026828	2.4
73	-0.473513	0.798159	0.487472	0.058231	2.4
74	-0.471660	0.332925	0.498103	0.054804	2.1
75	-0.440219	1.332919	0.475799	0.041568	2.2
76	-0.465067	2.330922	0.455446	0.072184	2.3
77	-0.441849	1.864225	0.464743	0.042169	2.4
78	-0.442020	2.625697	0.449764	0.056049	2.3
79	-0.467593	2.159008	0.458827	0.067034	2.7
80	-0.462714	1.692312	0.468264	0.028642	2.3
81	-0.458756	1.233824	0.477920	0.065854	2.1
82	-0.454673	0.767159	0.488166	0.034626	2.9
83	-0.459944	0.375825	0.497103	0.029033	2.4
84	-0.441368	0.000000	0.505999	0.015947	2.4
85	-0.476683	0.000000	0.505999	0.026229	2.8
86	-0.457539	0.192566	0.501402	0.033756	2.3
87	-0.461216	0.000000	0.505999	0.045970	2.6
88	-0.452192	0.000000	0.505999	0.022414	2.2
89	-0.455009	0.000000	0.505999	0.033637	2.3
90	-0.447607	0.000000	0.505999	0.024537	2.3
91	-0.441364	0.838704	0.486567	0.023807	2.7
92	-0.463572	1.013328	0.482707	0.040855	2.9
93	-0.443254	1.898202	0.464053	0.051662	3.1
94	-0.508508	2.897246	0.444653	0.050533	2.4
95	-0.467759	2.433163	0.453459	0.027355	2.4
96	-0.466432	1.967610	0.462651	0.109724	2.3
97	-0.473289	1.503019	0.472203	0.013660	2.5
98	-0.468648	1.039598	0.482131	0.059165	2.2
99	-0.488842	0.885852	0.485518	0.035988	2.2
100	-0.448186	1.885588	0.464309	0.011101	2.4
101	-0.463034	1.778825	0.466485	0.028763	1.9
102	-0.461891	1.745623	0.467166	0.046168	2.2
103	-0.461169	2.152454	0.458957	0.012503	2.2
104	-0.447286	2.571137	0.450805	0.021855	2.4
105	-0.449023	2.557901	0.451058	0.041037	2.2
106	-0.474760	2.136117	0.459281	0.033830	1.9
107	-0.473487	1.669832	0.468728	0.023507	1.9
108	-0.494271	1.217221	0.478277	0.055497	1.9
109	-0.467201	0.753253	0.488478	0.068669	2.0
110	-0.473672	0.286557	0.499188	0.024640	2.0
111	-0.440676	0.000000	0.505999	0.072763	1.9
112	-0.498712	0.000000	0.505999	0.026053	2.5
113	-0.460408	0.000000	0.505999	0.031250	2.2
114	-0.452107	0.000000	0.505999	0.028303	2.0
115	-0.472446	0.000000	0.505999	0.005060	1.8
116	-0.447482	0.000000	0.505999	0.050123	1.8
117	-0.447330	0.000000	0.505999	0.036577	2.0
118	-0.501068	0.989747	0.483224	0.038684	1.9
119	-0.464925	0.571705	0.492589	0.031315	2.1
120	-0.486001	0.112088	0.503313	0.043894	2.4
121	-0.477620	0.960226	0.483874	0.008480	1.9
122	-0.480184	1.077869	0.481296	0.005646	2.1
123	-0.462423	1.138728	0.479973	0.048689	2.0
124	-0.463188	1.625469	0.469647	0.106040	2.1
125	-0.445983	2.625469	0.449768	0.033877	1.8
126	-0.469047	2.158780	0.458832	0.016442	2.1
127	-0.465603	2.088536	0.460228	0.031605	2.5
128	-0.466255	2.475143	0.452648	0.076542	2.3
129	-0.442131	2.776023	0.446920	0.061026	2.3
130	-0.508410	2.309326	0.455868	0.095900	2.4
131	-0.458604	1.842629	0.465182	0.031503	2.3
132	-0.449119	2.842610	0.445672	0.046270	2.6
133	-0.455475	2.376425	0.454560	0.024793	2.8
134	-0.472669	1.936386	0.463281	0.015813	3.1
135	-0.485794	1.594191	0.470297	0.006300	2.4
136	-0.455647	1.705169	0.467998	0.013233	2.5
137	-0.497566	1.825200	0.465537	0.019782	2.6
138	-0.462376	2.139159	0.459221	0.031149	2.2
139	-0.438656	3.026100	0.442268	0.053608	2.4
140	-0.452216	2.573088	0.450768	0.045003	2.6
141	-0.470613	2.106433	0.459871	0.075603	2.0
142	-0.462069	3.106432	0.440795	0.051682	2.3
143	-0.484773	4.087214	0.423562	0.052103	2.1
144	-0.466857	3.624443	0.431522	0.087414	1.9
145	-0.459793	3.981886	0.425348	0.059228	1.9
146	-0.501405	3.515190	0.433445	0.090079	2.0
147	-0.480649	3.048493	0.441857	0.028189	2.2
148	-0.448889	2.581829	0.450601	0.012131	2.6
149	-0.477564	2.276239	0.456516	0.067318	2.3
150	-0.484705	3.230865	0.438531	0.074865	1.8
151	-0.466728	4.230862	0.421150	0.039868	2.2
152	-0.485662	3.764166	0.429087	0.011372	2.1
153	-0.467490	3.431740	0.434925	0.018839	2.5
154	-0.497012	3.329653	0.436750	0.082377	2.3
155	-0.447279	4.303844	0.419936	0.041372	2.3
156	-0.482974	5.302679	0.403989	0.043183	2.2
157	-0.502035	6.302444	0.389195	0.016573	2.2
158	-0.473452	7.148828	0.377493	0.063762	2.3
159	-0.464194	6.684654	0.383822	0.016148	2.5
160	-0.447025	7.466616	0.373279	0.031458	2.6
161	-0.493820	8.210618	0.363771	0.033474	2.3
162	-0.456446	8.825631	0.356270	0.035864	2.2
163	-0.477209	9.674454	0.346412	0.035004	2.1
164	-0.459291	9.328812	0.350359	0.026866	2.2
165	-0.476648	9.530027	0.348050	0.027122	2.2
166	-0.512913	9.273224	0.351003	0.060207	2.5
167	-0.476631	8.841542	0.356080	0.059962	2.2
168	-0.490864	8.374846	0.361738	0.043620	2.8
169	-0.484098	9.294894	0.350752	0.029966	2.2
170	-0.483026	8.831995	0.356194	0.014618	2.4
171	-0.489077	8.601348	0.358970	0.038936	2.8
172	-0.489603	9.343657	0.350188	0.013060	2.0
173	-0.459341	10.096946	0.341705	0.045365	2.0
174	-0.467184	10.664870	0.335576	0.024428	2.7
175	-0.498181	11.095571	0.331073	0.095684	2.7
176	-0.469414	10.629642	0.335950	0.057427	2.7
177	-0.464240	10.162948	0.340981	0.066609	2.4
178	-0.466225	9.820843	0.344766	0.054639	2.4
179	-0.451964	10.820828	0.333932	0.054678	2.5
180	-0.482602	10.854373	0.333580	0.017905	2.8
181	-0.501352	10.407335	0.338328	0.037477	2.5
182	-0.474057	10.031585	0.342425	0.048504	2.2
183	-0.459391	9.565348	0.347648	0.020451	2.2
184	-0.450727	10.441348	0.337962	0.052087	2.2
185	-0.496278	10.006735	0.342699	0.018552	2.3
186	-0.505918	10.388566	0.338530	0.038854	2.6
187	-0.460003	9.978898	0.343007	0.032231	3.0
188	-0.468918	10.964747	0.332428	0.028232	2.5
189	-0.468781	10.550518	0.336793	0.023978	2.0
190	-0.496147	10.253817	0.339990	0.022834	2.7
191	-0.472211	9.876659	0.344143	0.046504	2.3
192	-0.466636	9.430578	0.349188	0.038002	2.7
193	-0.479490	10.429403	0.338091	0.018600	3.0
194	-0.466857	10.814917	0.333994	0.017836	2.3
195	-0.469043	10.752821	0.334647	0.021923	2.3
196	-0.450349	11.200923	0.329990	0.017969	2.4
197	-0.474068	11.475204	0.327203	0.018765	2.7
198	-0.468996	11.883853	0.323137	0.046574	2.4
199	-0.478899	11.856136	0.323409	0.019688	2.8
200	-0.469482	12.817130	0.314219	0.064506	2.5
201	-0.456822	13.545797	0.307591	0.054179	2.5
202	-0.489656	13.079371	0.311801	0.022741	2.4
203	-0.499448	13.413265	0.308776	0.032013	2.7
204	-0.463158	13.496003	0.308035	0.073983	2.3
205	-0.478424	13.029310	0.312260	0.114122	2.9
206	-0.469096	14.029310	0.303346	0.052172	2.7
207	-0.482371	13.575484	0.307327	0.010094	2.5
208	-0.455887	14.101777	0.302719	0.020483	2.1
209	-0.472085	14.223644	0.301672	0.042277	2.2
210	-0.470299	14.977845	0.295348	0.061693	2.1
211	-0.479736	14.511183	0.299229	0.061125	2.6
212	-0.479881	14.044486	0.303214	0.070261	2.5
213	-0.451045	13.577789	0.307307	0.035015	2.2
214	-0.502886	13.128202	0.311355	0.071621	2.1
215	-0.500918	12.661680	0.315670	0.061761	2.1
216	-0.467140	12.203902	0.320022	0.073916	2.2
217	-0.492850	13.203900	0.310666	0.027533	2.2
218	-0.515663	14.203730	0.301843	0.008587	2.9
219	-0.475964	14.315282	0.300889	0.035939	2.4
220	-0.481780	14.669593	0.297900	0.016155	2.0
221	-0.454881	14.399893	0.300170	0.026695	2.3
222	-0.483482	14.012794	0.303489	0.077628	2.7
223	-0.483347	13.854086	0.304871	0.025433	2.9
224	-0.482737	13.388782	0.308996	0.049584	3.4
225	-0.485834	12.923267	0.313236	0.035543	2.8
226	-0.467088	12.516046	0.317042	0.031484	2.7
227	-0.485076	12.064708	0.321369	0.080516	2.2
228	-0.464016	11.598013	0.325970	0.028651	2.2
229	-0.465835	11.131933	0.330699	0.041863	2.1
230	-0.475371	10.666487	0.335559	0.059550	2.6
231	-0.488568	10.414617	0.338250	0.082852	3.2
232	-0.466152	9.947921	0.343351	0.062951	2.3
233	-0.481935	9.481225	0.348608	0.041714	2.2
234	-0.483040	9.014529	0.354028	0.013278	2.2
235	-0.476816	8.640632	0.358494	0.036303	2.2
236	-0.490992	8.536737	0.359755	0.015392	2.4
237	-0.462951	8.434078	0.361010	0.013385	3.0
238	-0.480002	8.330442	0.362285	0.039660	2.3
239	-0.463747	8.495261	0.360261	0.084496	2.5
240	-0.475437	8.028598	0.366052	0.023513	2.2
241	-0.489892	7.563313	0.372015	0.049900	2.2
242	-0.485717	7.098169	0.378174	0.052736	2.4
243	-0.480635	8.098158	0.365177	0.012431	2.5
244	-0.493802	8.744963	0.357236	0.047968	2.7
245	-0.488216	8.408593	0.361322	0.062129	2.3
246	-0.438453	9.408593	0.349440	0.024708	2.3
247	-0.503164	8.997151	0.354233	0.046617	2.5
248	-0.467883	9.036253	0.353772	0.026096	2.1
249	-0.500471	8.899150	0.355394	0.041838	2.3
250	-0.450935	9.866345	0.344258	0.065865	3.0
251	-0.455728	9.399737	0.349542	0.051031	2.2
252	-0.483068	8.933041	0.354992	0.032659	2.3
253	-0.454113	8.467077	0.360605	0.042131	2.3
254	-0.483693	9.458004	0.348873	0.065381	2.4
255	-0.515705	10.458002	0.337783	0.046891	2.6
Time spent in resolution 0 (ITK initialization and iterating): 0.789 s.
Stopping condition: Maximum number of iterations has been reached.
Settings of AdaptiveStochasticGradientDescent in resolution 0:
( SP_a 10.625984 )
( SP_A 20.000000 )
( SP_alpha 1.000000 )
( SigmoidMax 1.000000 )
( SigmoidMin -0.466697 )
( SigmoidScale 0.000186 )


Resolution: 1
WARNING: The parameter "ShowExactMetricValue", requested at entry number 1, does not exist at all.
  The default value "false" is used instead.
WARNING: The parameter "UseMultiThreadingForMetrics", requested at entry number 1, does not exist at all.
  The default value "true" is used instead.
Setting the fixed masks took: 0 ms.
Setting the moving masks took: 0 ms.
WARNING: The parameter "FixedImageBSplineInterpolationOrder", requested at entry number 1, does not exist at all.
  The default value "1" is used instead.
WARNING: The parameter "UseRandomSampleRegion", requested at entry number 1, does not exist at all.
  The default value "false" is used instead.
WARNING: The parameter "NumberOfHistogramBins", requested at entry number 1, does not exist at all.
  The default value "32" is used instead.
WARNING: The parameter "NumberOfFixedHistogramBins", requested at entry number 1, does not exist at all.
  The default value "32" is used instead.
WARNING: The parameter "NumberOfMovingHistogramBins", requested at entry number 1, does not exist at all.
  The default value "32" is used instead.
WARNING: The parameter "FixedLimitRangeRatio", requested at entry number 1, does not exist at all.
  The default value "0.01" is used instead.
WARNING: The parameter "MovingLimitRangeRatio", requested at entry number 1, does not exist at all.
  The default value "0.01" is used instead.
WARNING: The parameter "FixedKernelBSplineOrder", requested at entry number 1, does not exist at all.
  The default value "0" is used instead.
WARNING: The parameter "MovingKernelBSplineOrder", requested at entry number 1, does not exist at all.
  The default value "3" is used instead.
WARNING: The parameter "UseFastAndLowMemoryVersion", requested at entry number 1, does not exist at all.
  The default value "true" is used instead.
WARNING: The parameter "UseJacobianPreconditioning", requested at entry number 1, does not exist at all.
  The default value "false" is used instead.
WARNING: The parameter "FiniteDifferenceDerivative", requested at entry number 1, does not exist at all.
  The default value "false" is used instead.
WARNING: The parameter "SP_A", requested at entry number 1, does not exist at all.
  The default value "20" is used instead.

WARNING: You have set MaximumNumberOfSamplingAttempts to 8.
  This functionality is known to cause problems (stack overflow) for large values.
  If elastix stops or segfaults for no obvious reason, reduce this value.
  You may select the RandomSparseMask image sampler to fix mask-related problems.

WARNING: The parameter "SigmoidInitialTime", requested at entry number 1, does not exist at all.
  The default value "0" is used instead.
WARNING: The parameter "MaxBandCovSize", requested at entry number 1, does not exist at all.
  The default value "192" is used instead.
WARNING: The parameter "NumberOfBandStructureSamples", requested at entry number 1, does not exist at all.
  The default value "10" is used instead.
WARNING: The parameter "UseAdaptiveStepSizes", requested at entry number 1, does not exist at all.
  The default value "true" is used instead.
WARNING: The parameter "UseConstantStep", requested at entry number 1, does not exist at all.
  The default value "false" is used instead.
WARNING: The parameter "MaximumStepLengthRatio", requested at entry number 1, does not exist at all.
  The default value "1" is used instead.
WARNING: The parameter "MaximumStepLength", requested at entry number 1, does not exist at all.
  The default value "0.098" is used instead.
WARNING: The parameter "NumberOfGradientMeasurements", requested at entry number 1, does not exist at all.
  The default value "0" is used instead.
WARNING: The parameter "NumberOfJacobianMeasurements", requested at entry number 1, does not exist at all.
  The default value "1000" is used instead.
WARNING: The parameter "SigmoidScaleFactor", requested at entry number 1, does not exist at all.
  The default value "0.1" is used instead.
Elastix initialization of all components (for this resolution) took: 1 ms.
  Computing the fixed image extrema took 40 ms.
  Computing the moving image extrema took 43 ms.
Initialization of AdvancedMattesMutualInformation metric took: 84 ms.
Starting automatic parameter estimation for AdaptiveStochasticGradientDescent ...
WARNING: The parameter "ASGDParameterEstimationMethod", requested at entry number 0, does not exist at all.
  The default value "Original" is used instead.
  Computing JacobianTerms ...
  Computing the Jacobian terms took 0.001033s
  NumberOfGradientMeasurements to estimate sigma_i: 11
  Sampling gradients ...
  Sampling the gradients took 0.045307s
Automatic parameter estimation took 0.05s
1:ItNr	2:Metric	3a:Time	3b:StepSize	4:||Gradient||	Time[ms]
0	-0.400570	0.000000	0.286581	0.024034	133.4
1	-0.393242	0.000000	0.286581	0.043022	2.3
2	-0.412506	0.075957	0.285548	0.054744	1.8
3	-0.432493	0.000000	0.286581	0.042019	1.6
4	-0.388957	0.000000	0.286581	0.057797	1.9
5	-0.426928	0.813092	0.275898	0.051437	1.7
6	-0.411957	0.091192	0.285342	0.049082	1.8
7	-0.427254	0.138697	0.284701	0.040135	1.7
8	-0.432435	1.069031	0.272699	0.120849	3.1
9	-0.443312	0.519889	0.279658	0.082112	1.9
10	-0.404355	1.519889	0.267239	0.051897	1.7
11	-0.432399	1.858641	0.263279	0.048200	1.9
12	-0.423489	1.092329	0.272411	0.099033	1.8
13	-0.399940	0.682285	0.277563	0.033373	1.9
14	-0.399785	0.000000	0.286581	0.057202	2.1
15	-0.438053	0.000000	0.286581	0.070192	2.5
16	-0.413466	0.999858	0.273556	0.070880	2.8
17	-0.409921	1.999670	0.261665	0.011042	2.1
18	-0.430298	1.815654	0.263775	0.115081	1.9
19	-0.383957	1.797153	0.263989	0.020140	1.8
20	-0.422985	2.660016	0.254362	0.072124	1.7
21	-0.435808	2.189699	0.259520	0.025576	1.9
22	-0.404111	1.536419	0.267043	0.070558	1.7
23	-0.406690	1.042588	0.273026	0.047360	3.5
24	-0.431867	0.773472	0.276401	0.058275	3.4
25	-0.425178	0.005948	0.286500	0.064439	3.9
26	-0.407334	0.803370	0.276021	0.072732	3.5
27	-0.419718	0.033486	0.286125	0.061122	3.1
28	-0.395772	1.033346	0.273140	0.031854	3.7
29	-0.403689	0.445335	0.280630	0.066658	4.9
30	-0.412353	0.000000	0.286581	0.029227	4.0
31	-0.425922	0.469061	0.280320	0.097245	4.1
32	-0.405174	1.404315	0.268618	0.096079	3.4
33	-0.405581	0.634381	0.278178	0.049959	3.0
34	-0.458350	1.569193	0.266655	0.152364	2.5
35	-0.420462	0.799716	0.276068	0.072014	2.5
36	-0.421206	1.799716	0.263959	0.079061	2.4
37	-0.379972	2.799688	0.252869	0.040266	2.5
38	-0.407826	2.044755	0.261153	0.050025	3.1
39	-0.361093	1.617684	0.266084	0.085613	3.0
40	-0.419381	0.847823	0.275460	0.053141	2.4
41	-0.436174	0.078085	0.285519	0.093456	2.4
42	-0.399547	0.000000	0.286581	0.068955	2.1
43	-0.426164	0.999999	0.273555	0.049629	2.0
44	-0.457068	1.979973	0.261889	0.112646	2.1
45	-0.436283	2.979946	0.250968	0.104223	3.0
46	-0.418382	2.210011	0.259293	0.042879	2.5
47	-0.409324	3.078583	0.249940	0.078256	2.1
48	-0.446660	2.310641	0.258174	0.078731	1.7
49	-0.424795	3.299814	0.247664	0.021336	1.7
50	-0.400541	2.709409	0.253832	0.080551	2.0
51	-0.409522	3.572419	0.244917	0.067964	2.0
52	-0.423619	4.571410	0.235349	0.069169	2.5
53	-0.394238	5.436770	0.227645	0.108221	2.6
54	-0.407293	6.436196	0.219353	0.011389	2.0
55	-0.437932	5.807190	0.224499	0.079552	1.9
56	-0.408260	6.248891	0.220860	0.075588	1.8
57	-0.422494	7.048241	0.214566	0.043300	1.9
58	-0.393118	6.289301	0.220533	0.027301	2.0
59	-0.435276	6.200390	0.221254	0.097162	1.9
60	-0.437647	7.149205	0.213796	0.051443	2.2
61	-0.411462	6.383582	0.219774	0.032271	2.2
62	-0.437403	7.310394	0.212579	0.046059	1.9
63	-0.410788	6.856133	0.216046	0.049474	1.9
64	-0.422949	6.094086	0.222122	0.032771	2.0
65	-0.403190	5.366019	0.228256	0.052442	2.4
66	-0.421143	5.982715	0.223039	0.027896	2.3
67	-0.418510	5.436537	0.227647	0.077706	2.4
68	-0.431724	4.858660	0.232734	0.092241	2.4
69	-0.435101	5.702413	0.225380	0.089139	2.2
70	-0.405164	6.702413	0.217245	0.087601	2.0
71	-0.401883	7.702393	0.209676	0.057041	1.8
72	-0.426065	6.933862	0.215445	0.058404	2.0
73	-0.447720	7.932751	0.208006	0.037415	1.9
74	-0.406189	7.188326	0.213500	0.064296	2.6
75	-0.449751	6.469382	0.219088	0.054631	2.4
76	-0.417966	7.457989	0.211477	0.054000	2.1
77	-0.385503	8.247799	0.205766	0.049353	2.3
78	-0.416783	9.133371	0.199719	0.059403	2.0
79	-0.415107	10.052231	0.193809	0.049755	2.0
80	-0.381509	9.290326	0.198684	0.076992	2.0
81	-0.414928	10.023607	0.193988	0.051803	2.8
82	-0.407597	11.019196	0.187956	0.048816	2.7
83	-0.440792	10.300043	0.192274	0.066341	2.0
84	-0.428951	9.530658	0.197120	0.110826	2.0
85	-0.450468	10.530656	0.190868	0.130938	2.1
86	-0.430910	11.530656	0.185001	0.089194	2.2
87	-0.406982	10.760744	0.189485	0.090717	2.0
88	-0.416010	9.990811	0.194193	0.068095	2.3
89	-0.416722	9.275584	0.198781	0.084647	2.3
90	-0.424531	10.275582	0.192425	0.021318	2.3
91	-0.358455	9.663942	0.196263	0.057851	2.2
92	-0.393419	10.217997	0.192780	0.077528	2.7
93	-0.410898	11.217936	0.186797	0.041529	2.5
94	-0.422140	10.603813	0.190426	0.065561	2.2
95	-0.407407	9.993847	0.194174	0.070192	2.6
96	-0.436071	10.004112	0.194110	0.038333	2.6
97	-0.402205	9.277955	0.198765	0.038928	2.4
98	-0.441490	8.673104	0.202817	0.042103	2.3
99	-0.438990	9.632917	0.196462	0.037674	2.0
100	-0.414087	10.295487	0.192302	0.125939	2.2
101	-0.442152	9.526249	0.197148	0.129008	2.2
102	-0.413617	10.526249	0.190895	0.052206	2.7
103	-0.425130	9.756315	0.195674	0.037674	2.0
104	-0.419210	9.014255	0.200511	0.001584	2.6
105	-0.410629	8.987726	0.200689	0.069690	2.0
106	-0.384218	9.012672	0.200522	0.064739	2.1
107	-0.407764	10.012533	0.194057	0.071239	2.0
108	-0.406682	11.012442	0.187996	0.056959	3.1
109	-0.404261	10.243237	0.192624	0.013802	2.5
110	-0.409280	9.657611	0.196304	0.151759	2.3
111	-0.449326	8.910453	0.201207	0.019871	2.1
112	-0.394462	8.665196	0.202871	0.041351	2.4
113	-0.414276	8.065513	0.207056	0.034643	2.2
114	-0.404690	7.458946	0.211469	0.038307	1.9
115	-0.417589	8.330961	0.205182	0.032243	2.6
116	-0.433053	9.041742	0.200328	0.115141	2.0
117	-0.437874	9.236573	0.199037	0.080808	2.3
118	-0.445001	10.236573	0.192665	0.025366	2.1
119	-0.420496	11.107232	0.187441	0.070167	2.6
120	-0.429507	11.759993	0.183706	0.030505	2.2
121	-0.428780	12.679597	0.178690	0.074954	2.4
122	-0.452101	12.139837	0.181600	0.069370	2.7
123	-0.406086	13.134231	0.176310	0.076062	2.2
124	-0.416285	14.134222	0.171292	0.068589	2.1
125	-0.434703	13.364293	0.175129	0.032302	2.2
126	-0.395079	12.605061	0.179086	0.072797	2.5
127	-0.440190	11.840628	0.183255	0.073089	2.1
128	-0.391930	11.070814	0.187653	0.038255	2.7
129	-0.427831	10.314934	0.192183	0.025640	2.1
130	-0.430896	10.573716	0.190608	0.041617	2.2
131	-0.422074	10.201923	0.192879	0.077793	2.1
132	-0.446500	11.198824	0.186907	0.044312	2.3
133	-0.419901	12.161604	0.181481	0.016036	1.8
134	-0.397534	11.616894	0.184512	0.031396	1.9
135	-0.430864	12.057355	0.182053	0.039916	2.4
136	-0.427241	11.384448	0.185836	0.078920	2.2
137	-0.430227	12.282839	0.180820	0.017942	2.0
138	-0.406598	13.193537	0.176004	0.087267	1.9
139	-0.441253	12.913353	0.177458	0.114702	2.1
140	-0.386408	13.808595	0.172894	0.060197	2.2
141	-0.414869	13.038705	0.176805	0.058060	2.1
142	-0.415448	12.269308	0.180893	0.054275	2.1
143	-0.416878	13.248530	0.175721	0.132691	2.5
144	-0.451202	14.248526	0.170736	0.146329	1.9
145	-0.407332	13.478591	0.174549	0.080353	1.9
146	-0.423374	14.478591	0.169629	0.024159	1.8
147	-0.424972	14.735619	0.168409	0.070460	1.9
148	-0.417288	14.154518	0.171193	0.148397	1.9
149	-0.434484	13.384583	0.175026	0.126772	1.9
150	-0.406090	12.614648	0.179035	0.089028	2.4
151	-0.419723	13.614639	0.173863	0.034839	2.4
152	-0.398729	12.845756	0.177813	0.118188	2.1
153	-0.436491	13.845601	0.172710	0.058450	1.9
154	-0.413457	14.845600	0.167892	0.109512	2.1
155	-0.418535	15.580650	0.164519	0.179228	2.1
156	-0.378686	14.810716	0.168056	0.070256	2.0
157	-0.419761	14.740702	0.168385	0.031922	1.9
158	-0.415417	14.051624	0.171695	0.121870	2.8
159	-0.424074	15.050971	0.166936	0.060332	2.0
160	-0.415759	14.281036	0.170579	0.095393	1.8
161	-0.415647	13.511241	0.174384	0.083554	1.9
162	-0.401399	14.511236	0.169473	0.078030	1.8
163	-0.426984	13.741306	0.173229	0.044733	1.6
164	-0.395669	12.972391	0.177150	0.038652	1.9
165	-0.395145	13.876330	0.172558	0.040795	2.0
166	-0.412199	14.266223	0.170651	0.023595	2.9
167	-0.417848	13.691736	0.173476	0.143182	1.9
168	-0.407225	12.922131	0.177412	0.085858	1.9
169	-0.405753	12.152196	0.181532	0.082183	2.0
170	-0.414656	13.152027	0.176218	0.058381	1.9
171	-0.427156	14.151821	0.171206	0.044147	2.0
172	-0.423674	14.259031	0.170685	0.046171	1.9
173	-0.426131	15.149694	0.166480	0.031714	2.2
174	-0.414887	15.233354	0.166096	0.168839	2.4
175	-0.419880	14.463530	0.169701	0.076242	1.8
176	-0.399923	15.463455	0.165047	0.031422	1.7
177	-0.438448	16.451046	0.160695	0.054896	1.8
178	-0.412866	17.028705	0.158254	0.040723	1.9
179	-0.410809	17.617765	0.155840	0.069033	1.8
180	-0.414926	18.614454	0.151919	0.090543	1.8
181	-0.410136	19.614451	0.148179	0.032664	2.0
182	-0.429082	19.743138	0.147711	0.024021	2.1
183	-0.403361	19.383008	0.149028	0.044394	1.9
184	-0.425491	19.632452	0.148113	0.050694	2.0
185	-0.423247	20.558095	0.144814	0.065084	2.3
186	-0.392720	21.147972	0.142787	0.021544	1.9
187	-0.414720	20.480107	0.145086	0.061327	1.8
188	-0.402360	21.084215	0.143004	0.039100	1.8
189	-0.421928	22.070053	0.139730	0.054493	2.5
190	-0.407293	22.968958	0.136874	0.056997	2.8
191	-0.439550	22.200626	0.139308	0.096781	2.0
192	-0.437062	22.807040	0.137380	0.063444	2.0
193	-0.420652	23.806533	0.134315	0.131651	2.0
194	-0.414902	24.806533	0.131383	0.046567	1.9
195	-0.416894	25.806531	0.128576	0.054725	1.9
196	-0.407300	26.788632	0.125934	0.027381	2.0
197	-0.429589	26.322135	0.127175	0.029077	2.4
198	-0.414259	25.813828	0.128556	0.102557	1.9
199	-0.394213	25.046310	0.130699	0.084446	1.8
200	-0.417458	24.276376	0.132921	0.081869	1.9
201	-0.434143	25.252266	0.130117	0.102051	2.2
202	-0.437044	26.252261	0.127363	0.027094	2.0
203	-0.435922	25.493979	0.129440	0.068278	2.0
204	-0.404473	26.467643	0.126785	0.058348	2.4
205	-0.389077	27.467411	0.124170	0.098447	2.4
206	-0.398042	28.453255	0.121695	0.025517	1.9
207	-0.426775	27.830126	0.123248	0.056988	2.0
208	-0.409240	27.201165	0.124856	0.055977	1.8
209	-0.430722	27.173318	0.124928	0.014559	1.8
210	-0.407622	27.853232	0.123189	0.017736	1.7
211	-0.415714	27.632959	0.123747	0.076647	1.7
212	-0.438563	28.422803	0.121770	0.065038	2.1
213	-0.422661	27.652875	0.123697	0.066484	2.4
214	-0.410827	26.883114	0.125685	0.027440	2.1
215	-0.435442	27.473961	0.124153	0.100706	2.6
216	-0.421608	27.180852	0.124909	0.077087	2.2
217	-0.403754	28.180818	0.122369	0.060518	2.3
218	-0.428775	29.180769	0.119930	0.043319	2.0
219	-0.388750	28.416199	0.121786	0.085453	2.9
220	-0.409872	29.415418	0.119372	0.070849	2.3
221	-0.414704	30.415273	0.117051	0.033947	2.2
222	-0.417233	29.652574	0.118813	0.087670	1.8
223	-0.393913	30.649980	0.116519	0.054693	2.2
224	-0.415208	29.880140	0.118282	0.056084	2.2
225	-0.409119	30.878370	0.116006	0.114979	2.6
226	-0.376101	31.878369	0.113812	0.078350	2.7
227	-0.441539	31.108435	0.115494	0.033027	2.3
228	-0.427108	31.061093	0.115599	0.041523	2.5
229	-0.440776	30.393994	0.117099	0.025998	2.2
230	-0.409723	31.201961	0.115287	0.069581	2.1
231	-0.414465	32.168700	0.113191	0.063295	2.5
232	-0.423807	31.411320	0.114826	0.060114	2.4
233	-0.417559	30.662823	0.116490	0.055225	2.6
234	-0.425253	29.893898	0.118250	0.034512	2.4
235	-0.439491	30.868622	0.116028	0.119134	2.3
236	-0.434132	31.847350	0.113879	0.131049	2.4
237	-0.399670	31.077415	0.115563	0.125103	2.2
238	-0.430593	30.308875	0.117294	0.067789	2.6
239	-0.396936	31.308874	0.115051	0.034852	2.8
240	-0.421100	30.543424	0.116760	0.099041	2.3
241	-0.436382	29.774231	0.118529	0.062283	2.4
242	-0.427001	30.519649	0.116814	0.011534	2.3
243	-0.432881	30.798250	0.116185	0.114858	2.0
244	-0.422092	31.563587	0.114494	0.041133	2.2
245	-0.425209	30.794194	0.116194	0.104782	2.8
246	-0.409459	31.793434	0.113995	0.049133	2.3
247	-0.434047	31.033997	0.115659	0.041669	2.1
248	-0.432470	31.941793	0.113676	0.047845	2.2
249	-0.414448	31.202294	0.115286	0.045878	2.3
250	-0.414984	32.185948	0.113154	0.053523	2.5
251	-0.408702	32.053679	0.113436	0.071277	2.3
252	-0.421681	32.215731	0.113091	0.073231	2.9
253	-0.394952	33.215599	0.111005	0.031540	2.1
254	-0.430018	33.925471	0.109570	0.087250	2.5
255	-0.445857	33.674023	0.110074	0.027495	2.5
Time spent in resolution 1 (ITK initialization and iterating): 0.758 s.
Stopping condition: Maximum number of iterations has been reached.
Settings of AdaptiveStochasticGradientDescent in resolution 1:
( SP_a 6.018199 )
( SP_A 20.000000 )
( SP_alpha 1.000000 )
( SigmoidMax 1.000000 )
( SigmoidMin -0.769935 )
( SigmoidScale 0.000405 )


Resolution: 2
WARNING: The parameter "ShowExactMetricValue", requested at entry number 2, does not exist at all.
  The default value "false" is used instead.
WARNING: The parameter "UseMultiThreadingForMetrics", requested at entry number 2, does not exist at all.
  The default value "true" is used instead.
Setting the fixed masks took: 0 ms.
Setting the moving masks took: 0 ms.
WARNING: The parameter "FixedImageBSplineInterpolationOrder", requested at entry number 2, does not exist at all.
  The default value "1" is used instead.
WARNING: The parameter "UseRandomSampleRegion", requested at entry number 2, does not exist at all.
  The default value "false" is used instead.
WARNING: The parameter "NumberOfHistogramBins", requested at entry number 2, does not exist at all.
  The default value "32" is used instead.
WARNING: The parameter "NumberOfFixedHistogramBins", requested at entry number 2, does not exist at all.
  The default value "32" is used instead.
WARNING: The parameter "NumberOfMovingHistogramBins", requested at entry number 2, does not exist at all.
  The default value "32" is used instead.
WARNING: The parameter "FixedLimitRangeRatio", requested at entry number 2, does not exist at all.
  The default value "0.01" is used instead.
WARNING: The parameter "MovingLimitRangeRatio", requested at entry number 2, does not exist at all.
  The default value "0.01" is used instead.
WARNING: The parameter "FixedKernelBSplineOrder", requested at entry number 2, does not exist at all.
  The default value "0" is used instead.
WARNING: The parameter "MovingKernelBSplineOrder", requested at entry number 2, does not exist at all.
  The default value "3" is used instead.
WARNING: The parameter "UseFastAndLowMemoryVersion", requested at entry number 2, does not exist at all.
  The default value "true" is used instead.
WARNING: The parameter "UseJacobianPreconditioning", requested at entry number 2, does not exist at all.
  The default value "false" is used instead.
WARNING: The parameter "FiniteDifferenceDerivative", requested at entry number 2, does not exist at all.
  The default value "false" is used instead.
WARNING: The parameter "SP_A", requested at entry number 2, does not exist at all.
  The default value "20" is used instead.

WARNING: You have set MaximumNumberOfSamplingAttempts to 8.
  This functionality is known to cause problems (stack overflow) for large values.
  If elastix stops or segfaults for no obvious reason, reduce this value.
  You may select the RandomSparseMask image sampler to fix mask-related problems.

WARNING: The parameter "SigmoidInitialTime", requested at entry number 2, does not exist at all.
  The default value "0" is used instead.
WARNING: The parameter "MaxBandCovSize", requested at entry number 2, does not exist at all.
  The default value "192" is used instead.
WARNING: The parameter "NumberOfBandStructureSamples", requested at entry number 2, does not exist at all.
  The default value "10" is used instead.
WARNING: The parameter "UseAdaptiveStepSizes", requested at entry number 2, does not exist at all.
  The default value "true" is used instead.
WARNING: The parameter "UseConstantStep", requested at entry number 2, does not exist at all.
  The default value "false" is used instead.
WARNING: The parameter "MaximumStepLengthRatio", requested at entry number 2, does not exist at all.
  The default value "1" is used instead.
WARNING: The parameter "MaximumStepLength", requested at entry number 2, does not exist at all.
  The default value "0.098" is used instead.
WARNING: The parameter "NumberOfGradientMeasurements", requested at entry number 2, does not exist at all.
  The default value "0" is used instead.
WARNING: The parameter "NumberOfJacobianMeasurements", requested at entry number 2, does not exist at all.
  The default value "1000" is used instead.
WARNING: The parameter "SigmoidScaleFactor", requested at entry number 2, does not exist at all.
  The default value "0.1" is used instead.
Elastix initialization of all components (for this resolution) took: 0 ms.
  Computing the fixed image extrema took 43 ms.
  Computing the moving image extrema took 41 ms.
Initialization of AdvancedMattesMutualInformation metric took: 85 ms.
Starting automatic parameter estimation for AdaptiveStochasticGradientDescent ...
WARNING: The parameter "ASGDParameterEstimationMethod", requested at entry number 0, does not exist at all.
  The default value "Original" is used instead.
  Computing JacobianTerms ...
  Computing the Jacobian terms took 0.001106s
  NumberOfGradientMeasurements to estimate sigma_i: 11
  Sampling gradients ...
  Sampling the gradients took 0.043964s
Automatic parameter estimation took 0.05s
1:ItNr	2:Metric	3a:Time	3b:StepSize	4:||Gradient||	Time[ms]
0	-0.382109	0.000000	0.165829	0.078380	132.8
1	-0.385416	0.000000	0.165829	0.167979	2.2
2	-0.388587	0.000000	0.165829	0.098740	2.4
3	-0.367435	0.000000	0.165829	0.102841	3.0
4	-0.362840	0.999985	0.158292	0.147696	2.0
5	-0.363905	0.150399	0.164650	0.148418	2.0
6	-0.378726	0.000000	0.165829	0.059782	2.2
7	-0.395889	0.972800	0.158488	0.113041	2.0
8	-0.383417	1.970057	0.151607	0.048813	2.2
9	-0.408098	2.962866	0.145325	0.078199	1.9
10	-0.407314	2.793304	0.146361	0.128861	2.4
11	-0.394073	1.991886	0.151463	0.032090	2.0
12	-0.382216	1.780577	0.152868	0.062802	1.8
13	-0.405910	2.405290	0.148787	0.078516	1.7
14	-0.393066	1.562240	0.154347	0.070708	1.7
15	-0.397338	0.840380	0.159448	0.124558	1.8
16	-0.372907	0.000000	0.165829	0.084319	1.9
17	-0.382806	0.000000	0.165829	0.140236	1.8
18	-0.366525	0.999934	0.158292	0.061299	2.8
19	-0.397280	1.999802	0.151411	0.183856	2.3
20	-0.379949	2.991128	0.145154	0.048985	2.0
21	-0.406820	3.606396	0.141525	0.207472	2.2
22	-0.388150	2.762762	0.146549	0.106293	2.1
23	-0.393865	3.762207	0.140634	0.069773	2.4
24	-0.416854	4.757026	0.135202	0.105427	2.0
25	-0.385805	3.909026	0.139805	0.116688	2.4
26	-0.374048	3.059443	0.144742	0.144277	2.1
27	-0.372584	2.210229	0.150038	0.058338	1.8
28	-0.395106	3.177224	0.144037	0.197281	1.9
29	-0.366570	2.327640	0.149283	0.109899	1.7
30	-0.374771	2.379046	0.148955	0.101822	1.9
31	-0.364767	3.376168	0.142861	0.076613	1.8
32	-0.367507	4.372407	0.137252	0.125436	1.7
33	-0.374356	3.524858	0.141995	0.041603	2.0
34	-0.381175	2.681664	0.147051	0.102407	2.6
35	-0.395326	3.528627	0.141973	0.077816	1.7
36	-0.377236	4.527676	0.136417	0.141547	1.8
37	-0.377101	5.387520	0.131972	0.052074	1.8
38	-0.354764	6.386868	0.127156	0.145947	1.7
39	-0.404113	7.386083	0.122680	0.103375	2.0
40	-0.409588	6.537874	0.126459	0.210231	2.1
41	-0.378926	5.688288	0.130485	0.077162	2.3
42	-0.402599	6.688288	0.125772	0.203928	2.3
43	-0.385834	7.688134	0.121389	0.183145	2.0
44	-0.375248	8.688134	0.117300	0.117942	1.9
45	-0.383995	7.838797	0.120754	0.111760	2.2
46	-0.393080	8.684826	0.117313	0.139078	2.0
47	-0.366621	9.684825	0.113490	0.207503	1.9
48	-0.395305	8.835239	0.116722	0.122066	2.0
49	-0.373057	9.835209	0.112936	0.099360	2.4
50	-0.365404	8.986379	0.116133	0.097655	1.9
51	-0.404486	9.883180	0.112761	0.090806	1.9
52	-0.374816	9.033703	0.115950	0.044338	1.9
53	-0.344086	9.971802	0.112438	0.043296	2.0
54	-0.406282	9.318770	0.114860	0.110851	2.1
55	-0.366316	9.884597	0.112756	0.050241	2.0
56	-0.400970	9.044840	0.115907	0.109137	1.9
57	-0.414494	8.204206	0.119244	0.072004	2.5
58	-0.365285	9.180651	0.115386	0.076369	1.9
59	-0.397273	8.606638	0.117623	0.175621	1.8
60	-0.416661	7.759472	0.121088	0.270206	2.0
61	-0.387058	6.909886	0.124774	0.176602	1.8
62	-0.392593	6.060300	0.128691	0.199724	1.7
63	-0.409844	7.060297	0.124105	0.090350	1.9
64	-0.419399	8.060249	0.119834	0.050596	1.8
65	-0.377916	7.279180	0.123144	0.159738	2.2
66	-0.391815	7.187769	0.123543	0.062350	2.0
67	-0.396520	7.802859	0.120905	0.044967	2.0
68	-0.401589	7.823015	0.120821	0.113457	1.8
69	-0.380110	7.261477	0.123221	0.086340	1.7
70	-0.397249	6.411928	0.127040	0.050661	1.8
71	-0.410416	5.622790	0.130806	0.128675	2.0
72	-0.408981	6.188034	0.128086	0.058534	1.7
73	-0.387425	5.338828	0.132216	0.110058	2.7
74	-0.366883	6.337598	0.127386	0.057989	1.9
75	-0.372270	5.495709	0.131433	0.035083	1.8
76	-0.403767	4.925385	0.134324	0.083549	1.8
77	-0.383723	4.602631	0.136018	0.096223	1.7
78	-0.385730	3.762796	0.140631	0.072711	1.7
79	-0.390546	2.914699	0.145618	0.079278	1.9
80	-0.364380	2.070049	0.150950	0.117972	1.9
81	-0.400188	3.069949	0.144679	0.111366	2.8
82	-0.399299	4.069948	0.138908	0.014013	2.0
83	-0.409159	4.219753	0.138083	0.096447	1.8
84	-0.371413	3.758608	0.140655	0.049663	1.8
85	-0.381477	3.399842	0.142723	0.160064	1.8
86	-0.399506	2.570890	0.147742	0.208196	2.1
87	-0.373867	1.721304	0.153266	0.062192	2.4
88	-0.402618	2.721302	0.146805	0.127702	2.4
89	-0.379828	3.720993	0.140869	0.144042	2.7
90	-0.370833	2.871420	0.145882	0.076903	2.2
91	-0.386902	3.453747	0.142408	0.093232	2.0
92	-0.400686	2.744355	0.146663	0.098684	2.2
93	-0.355997	1.894989	0.152104	0.035038	2.1
94	-0.389875	1.251236	0.156504	0.102265	2.5
95	-0.373608	0.636477	0.160951	0.182099	2.6
96	-0.412129	0.000000	0.165829	0.037819	2.2
97	-0.404023	0.000000	0.165829	0.073901	2.3
98	-0.360819	0.000000	0.165829	0.176971	2.5
99	-0.406509	0.000000	0.165829	0.065703	2.1
100	-0.376094	0.969303	0.158513	0.086618	2.1
101	-0.380609	1.847776	0.152418	0.126174	2.4
102	-0.387041	0.998205	0.158304	0.077173	2.7
103	-0.396488	1.998097	0.151422	0.155190	2.3
104	-0.411310	1.148539	0.157230	0.148526	2.0
105	-0.386349	2.148538	0.150438	0.196711	2.0
106	-0.387687	1.298952	0.156169	0.067442	2.2
107	-0.402968	2.296949	0.149479	0.086898	2.0
108	-0.394526	3.080976	0.144613	0.056619	2.6
109	-0.402904	2.656134	0.147210	0.147273	2.3
110	-0.423162	1.819646	0.152606	0.063448	2.1
111	-0.379966	0.972729	0.158488	0.083318	2.1
112	-0.398049	1.967045	0.151627	0.064657	2.0
113	-0.408577	1.377975	0.155618	0.046575	2.1
114	-0.380038	2.052424	0.151065	0.039672	2.3
115	-0.390943	1.962098	0.151659	0.094179	2.4
116	-0.393352	2.902700	0.145691	0.043652	2.9
117	-0.388996	3.803428	0.140401	0.063707	2.1
118	-0.404043	4.617205	0.135940	0.166493	2.2
119	-0.389591	4.327496	0.137495	0.155916	2.3
120	-0.395368	3.477910	0.142268	0.052758	2.2
121	-0.403656	2.640224	0.147309	0.073091	2.1
122	-0.373675	2.255925	0.149743	0.160706	2.6
123	-0.397037	3.255919	0.143570	0.058846	2.7
124	-0.373955	2.496183	0.148212	0.208712	2.6
125	-0.393761	1.646599	0.153772	0.075960	2.3
126	-0.389192	0.875923	0.159189	0.105036	2.3
127	-0.400454	1.872284	0.152255	0.157147	2.2
128	-0.388166	2.872284	0.145877	0.022602	2.2
129	-0.368713	3.718488	0.140883	0.172507	2.9
130	-0.372294	3.869184	0.140029	0.054412	2.4
131	-0.403098	4.863589	0.134645	0.080220	2.6
132	-0.383316	4.025426	0.139155	0.065038	2.0
133	-0.390065	5.007379	0.133901	0.063259	2.0
134	-0.376030	5.723693	0.130312	0.107620	2.0
135	-0.361550	6.640965	0.125987	0.196190	2.5
136	-0.392312	7.640965	0.121589	0.155381	2.4
137	-0.416634	6.894892	0.124841	0.046388	2.0
138	-0.371317	6.302947	0.127547	0.163688	2.2
139	-0.395354	7.245047	0.123293	0.048692	2.4
140	-0.395224	8.242804	0.119086	0.211901	2.5
141	-0.362794	7.403051	0.122607	0.087562	2.4
142	-0.392903	8.403051	0.118437	0.059238	3.0
143	-0.367347	9.386789	0.114603	0.159095	2.5
144	-0.363338	10.385291	0.110957	0.033905	2.3
145	-0.390895	9.539416	0.114030	0.057301	2.5
146	-0.407069	10.314313	0.111208	0.079300	2.5
147	-0.366778	11.098018	0.108493	0.048270	2.3
148	-0.395353	11.883624	0.105901	0.073540	2.7
149	-0.405026	11.527203	0.107062	0.068373	2.5
150	-0.388825	10.802399	0.109502	0.032128	2.3
151	-0.393422	11.418539	0.107420	0.073740	2.2
152	-0.407179	12.042695	0.105391	0.056723	2.1
153	-0.368213	13.024851	0.102349	0.128626	2.0
154	-0.379133	13.143616	0.101993	0.104988	2.1
155	-0.398118	12.323169	0.104504	0.053020	2.9
156	-0.372071	11.563784	0.106941	0.048642	2.4
157	-0.371752	11.951853	0.105682	0.051355	2.5
158	-0.359472	11.359218	0.107617	0.068518	2.3
159	-0.372882	10.590886	0.110235	0.062794	2.2
160	-0.399065	11.402076	0.107475	0.117972	2.4
161	-0.386815	12.390230	0.104294	0.077580	3.1
162	-0.387019	13.386702	0.101272	0.030528	2.7
163	-0.385744	12.689687	0.103367	0.108054	2.6
164	-0.370012	13.378371	0.101297	0.063555	2.5
165	-0.390677	12.548892	0.103801	0.096545	2.8
166	-0.378433	11.700542	0.106494	0.024266	2.7
167	-0.369403	11.875480	0.105927	0.113806	2.9
168	-0.384675	12.727954	0.103250	0.059974	3.1
169	-0.376544	11.884796	0.105897	0.099605	2.4
170	-0.381083	12.541576	0.103824	0.081813	2.8
171	-0.377878	13.313990	0.101487	0.184424	2.7
172	-0.382227	12.464497	0.104063	0.048453	3.3
173	-0.395002	12.270770	0.104669	0.043940	3.0
174	-0.380136	12.979933	0.102484	0.068398	2.7
175	-0.386953	13.209278	0.101797	0.104592	2.5
176	-0.382268	12.409430	0.104234	0.159363	2.6
177	-0.384011	13.409429	0.101205	0.034887	2.9
178	-0.394339	12.562219	0.103760	0.162288	3.6
179	-0.380547	13.558138	0.100770	0.055269	2.5
180	-0.389712	12.709291	0.103307	0.150524	2.4
181	-0.399466	11.944645	0.105705	0.060653	2.6
182	-0.385234	12.943369	0.102595	0.158971	2.7
183	-0.399346	12.093813	0.105229	0.083280	2.8
184	-0.386322	13.093805	0.102142	0.070588	3.3
185	-0.378303	14.084654	0.099257	0.135672	2.7
186	-0.375916	15.080724	0.096517	0.147044	2.8
187	-0.391269	16.080724	0.093914	0.159422	2.7
188	-0.370865	17.080723	0.091448	0.084992	3.5
189	-0.411782	18.079799	0.089110	0.039624	3.3
190	-0.392124	18.182685	0.088876	0.055583	2.7
191	-0.413491	17.846755	0.089645	0.095374	2.6
192	-0.409369	17.221160	0.091112	0.079374	2.8
193	-0.416031	17.994787	0.089305	0.051874	2.9
194	-0.409700	18.594203	0.087953	0.189059	3.7
195	-0.409998	19.591864	0.085791	0.158940	2.9
196	-0.400245	18.921570	0.087231	0.082203	2.8
197	-0.382455	19.919580	0.085104	0.095095	2.6
198	-0.404922	20.918086	0.083077	0.062169	2.7
199	-0.368074	20.074174	0.084784	0.247916	3.3
200	-0.377911	21.074172	0.082768	0.090448	3.1
201	-0.343566	22.064651	0.080865	0.100092	2.7
202	-0.417845	21.474626	0.081988	0.085697	2.6
203	-0.389417	22.474495	0.080102	0.187224	2.9
204	-0.371759	23.474495	0.078301	0.116519	2.9
205	-0.387883	22.624909	0.079826	0.044395	3.7
206	-0.381155	21.795091	0.081374	0.189421	2.9
207	-0.415502	22.721313	0.079650	0.132019	2.7
208	-0.392534	21.871727	0.081229	0.136429	2.6
209	-0.397292	22.871727	0.079377	0.189487	2.5
210	-0.385256	23.871727	0.077608	0.190443	2.7
211	-0.378679	23.022141	0.079106	0.145212	2.8
212	-0.380961	24.022141	0.077349	0.065248	2.3
213	-0.382154	23.173759	0.078834	0.029228	2.5
214	-0.385684	22.583284	0.079903	0.088903	2.4
215	-0.373845	23.442049	0.078359	0.176956	2.3
216	-0.372745	22.592469	0.079886	0.199738	2.7
217	-0.375979	21.742883	0.081474	0.058278	2.7
218	-0.414714	20.895259	0.083122	0.108282	2.4
219	-0.402284	20.358458	0.084201	0.104838	2.3
220	-0.377361	19.508948	0.085967	0.047533	2.5
221	-0.383644	20.318313	0.084283	0.059152	2.2
222	-0.383882	19.564561	0.085849	0.095860	2.6
223	-0.400231	18.726272	0.087660	0.074697	2.8
224	-0.395321	19.723825	0.085513	0.100149	2.2
225	-0.378990	20.714975	0.083481	0.052285	2.1
226	-0.372688	20.795529	0.083320	0.050809	2.1
227	-0.408182	20.098261	0.084734	0.090767	2.1
228	-0.402748	19.843363	0.085263	0.139039	2.2
229	-0.356887	19.855258	0.085238	0.053857	2.5
230	-0.372855	19.173234	0.086685	0.133430	2.2
231	-0.400218	19.483775	0.086020	0.080925	2.3
232	-0.381220	20.087938	0.084755	0.096134	1.9
233	-0.371112	19.737761	0.085484	0.180365	2.2
234	-0.365003	18.888174	0.087304	0.017662	2.2
235	-0.391807	18.694483	0.087730	0.055419	2.1
236	-0.375834	18.273463	0.088671	0.264034	2.4
237	-0.399595	17.430027	0.090617	0.118975	2.8
238	-0.378606	16.580441	0.092666	0.041196	2.0
239	-0.372057	17.534545	0.090371	0.121375	2.1
240	-0.382290	17.757392	0.089852	0.190941	1.8
241	-0.377999	16.907806	0.091865	0.041455	1.9
242	-0.388098	17.897813	0.089527	0.141834	1.9
243	-0.398056	18.888334	0.087304	0.030924	2.0
244	-0.399136	19.837475	0.085275	0.111737	2.9
245	-0.389332	20.688832	0.083534	0.158840	2.4
246	-0.384349	19.839246	0.085271	0.049057	1.9
247	-0.394504	20.814776	0.083282	0.074474	2.1
248	-0.369165	20.120624	0.084688	0.078283	2.1
249	-0.366695	19.408521	0.086180	0.155516	2.3
250	-0.395811	18.562850	0.088022	0.203836	2.4
251	-0.400246	19.562850	0.085852	0.061827	2.7
252	-0.384410	20.562084	0.083788	0.076790	2.3
253	-0.390736	21.535661	0.081870	0.098657	1.9
254	-0.415669	20.692781	0.083526	0.112779	2.2
255	-0.385565	21.692691	0.081569	0.136067	1.9
Time spent in resolution 2 (ITK initialization and iterating): 0.766 s.
Stopping condition: Maximum number of iterations has been reached.
Settings of AdaptiveStochasticGradientDescent in resolution 2:
( SP_a 3.482414 )
( SP_A 20.000000 )
( SP_alpha 1.000000 )
( SigmoidMax 1.000000 )
( SigmoidMin -0.849586 )
( SigmoidScale 0.000853 )


Resolution: 3
WARNING: The parameter "ShowExactMetricValue", requested at entry number 3, does not exist at all.
  The default value "false" is used instead.
WARNING: The parameter "UseMultiThreadingForMetrics", requested at entry number 3, does not exist at all.
  The default value "true" is used instead.
Setting the fixed masks took: 0 ms.
Setting the moving masks took: 0 ms.
WARNING: The parameter "FixedImageBSplineInterpolationOrder", requested at entry number 3, does not exist at all.
  The default value "1" is used instead.
WARNING: The parameter "UseRandomSampleRegion", requested at entry number 3, does not exist at all.
  The default value "false" is used instead.
WARNING: The parameter "NumberOfHistogramBins", requested at entry number 3, does not exist at all.
  The default value "32" is used instead.
WARNING: The parameter "NumberOfFixedHistogramBins", requested at entry number 3, does not exist at all.
  The default value "32" is used instead.
WARNING: The parameter "NumberOfMovingHistogramBins", requested at entry number 3, does not exist at all.
  The default value "32" is used instead.
WARNING: The parameter "FixedLimitRangeRatio", requested at entry number 3, does not exist at all.
  The default value "0.01" is used instead.
WARNING: The parameter "MovingLimitRangeRatio", requested at entry number 3, does not exist at all.
  The default value "0.01" is used instead.
WARNING: The parameter "FixedKernelBSplineOrder", requested at entry number 3, does not exist at all.
  The default value "0" is used instead.
WARNING: The parameter "MovingKernelBSplineOrder", requested at entry number 3, does not exist at all.
  The default value "3" is used instead.
WARNING: The parameter "UseFastAndLowMemoryVersion", requested at entry number 3, does not exist at all.
  The default value "true" is used instead.
WARNING: The parameter "UseJacobianPreconditioning", requested at entry number 3, does not exist at all.
  The default value "false" is used instead.
WARNING: The parameter "FiniteDifferenceDerivative", requested at entry number 3, does not exist at all.
  The default value "false" is used instead.
WARNING: The parameter "SP_A", requested at entry number 3, does not exist at all.
  The default value "20" is used instead.

WARNING: You have set MaximumNumberOfSamplingAttempts to 8.
  This functionality is known to cause problems (stack overflow) for large values.
  If elastix stops or segfaults for no obvious reason, reduce this value.
  You may select the RandomSparseMask image sampler to fix mask-related problems.

WARNING: The parameter "SigmoidInitialTime", requested at entry number 3, does not exist at all.
  The default value "0" is used instead.
WARNING: The parameter "MaxBandCovSize", requested at entry number 3, does not exist at all.
  The default value "192" is used instead.
WARNING: The parameter "NumberOfBandStructureSamples", requested at entry number 3, does not exist at all.
  The default value "10" is used instead.
WARNING: The parameter "UseAdaptiveStepSizes", requested at entry number 3, does not exist at all.
  The default value "true" is used instead.
WARNING: The parameter "UseConstantStep", requested at entry number 3, does not exist at all.
  The default value "false" is used instead.
WARNING: The parameter "MaximumStepLengthRatio", requested at entry number 3, does not exist at all.
  The default value "1" is used instead.
WARNING: The parameter "MaximumStepLength", requested at entry number 3, does not exist at all.
  The default value "0.098" is used instead.
WARNING: The parameter "NumberOfGradientMeasurements", requested at entry number 3, does not exist at all.
  The default value "0" is used instead.
WARNING: The parameter "NumberOfJacobianMeasurements", requested at entry number 3, does not exist at all.
  The default value "1000" is used instead.
WARNING: The parameter "SigmoidScaleFactor", requested at entry number 3, does not exist at all.
  The default value "0.1" is used instead.
Elastix initialization of all components (for this resolution) took: 1 ms.
  Computing the fixed image extrema took 42 ms.
  Computing the moving image extrema took 45 ms.
Initialization of AdvancedMattesMutualInformation metric took: 88 ms.
Starting automatic parameter estimation for AdaptiveStochasticGradientDescent ...
WARNING: The parameter "ASGDParameterEstimationMethod", requested at entry number 0, does not exist at all.
  The default value "Original" is used instead.
  Computing JacobianTerms ...
  Computing the Jacobian terms took 0.002305s
  NumberOfGradientMeasurements to estimate sigma_i: 11
  Sampling gradients ...
  Sampling the gradients took 0.044239s
Automatic parameter estimation took 0.05s
1:ItNr	2:Metric	3a:Time	3b:StepSize	4:||Gradient||	Time[ms]
0	-0.368914	0.000000	0.225568	0.152278	137.9
1	-0.373282	0.000000	0.225568	0.159045	2.1
2	-0.344042	0.999951	0.215316	0.090306	1.7
3	-0.363585	1.999951	0.205954	0.150647	1.9
4	-0.368838	2.103062	0.205035	0.138885	2.0
5	-0.395390	3.103062	0.196528	0.139095	2.0
6	-0.347983	4.103061	0.188699	0.148445	1.9
7	-0.366477	5.101082	0.181484	0.247940	2.1
8	-0.370120	4.528439	0.185555	0.155201	2.5
9	-0.361345	3.955795	0.189813	0.142858	2.3
10	-0.362486	3.383270	0.194270	0.266865	1.9
11	-0.383801	2.810626	0.198942	0.302630	1.7
12	-0.380186	2.237983	0.203844	0.082112	1.8
13	-0.345083	3.237982	0.195434	0.164166	1.9
14	-0.378777	2.780495	0.199194	0.204637	1.8
15	-0.362608	2.207852	0.204109	0.280419	1.9
16	-0.380482	1.635208	0.209273	0.203908	2.2
17	-0.360586	1.062565	0.214705	0.139126	1.9
18	-0.364051	0.489921	0.220426	0.149647	1.8
19	-0.361915	0.000000	0.225568	0.197463	2.1
20	-0.378405	0.000000	0.225568	0.220444	1.9
21	-0.365928	0.000000	0.225568	0.345090	1.8
22	-0.395727	0.000000	0.225568	0.109415	1.9
23	-0.359238	0.000000	0.225568	0.185746	1.9
24	-0.341084	0.998203	0.215333	0.359052	2.7
25	-0.387395	0.425560	0.221088	0.183236	2.1
26	-0.398555	0.000000	0.225568	0.113686	2.2
27	-0.377895	0.000000	0.225568	0.132823	1.9
28	-0.356134	0.000000	0.225568	0.310516	1.8
29	-0.386910	0.000000	0.225568	0.190467	1.9
30	-0.398664	1.000000	0.215315	0.139944	2.1
31	-0.354313	0.427357	0.221069	0.116849	2.5
32	-0.379734	1.427355	0.211212	0.114467	2.4
33	-0.365682	2.419310	0.202266	0.369804	2.0
34	-0.384589	3.419310	0.193983	0.159311	2.0
35	-0.373707	2.847103	0.198638	0.055135	2.2
36	-0.338782	3.817358	0.190872	0.177823	1.8
37	-0.358509	3.245336	0.195375	0.085475	1.7
38	-0.389391	4.245257	0.187637	0.110003	1.8
39	-0.371158	5.209519	0.180733	0.095666	2.5
40	-0.378779	5.091479	0.181551	0.155406	2.3
41	-0.379826	6.091478	0.174850	0.203003	2.3
42	-0.346441	5.518834	0.178625	0.048664	1.9
43	-0.369344	6.460906	0.172497	0.109938	1.9
44	-0.393823	5.967946	0.175651	0.131025	1.8
45	-0.397141	5.395319	0.179461	0.142019	1.8
46	-0.401897	6.395299	0.172910	0.196794	2.1
47	-0.360528	7.395299	0.166821	0.073178	3.1
48	-0.373427	8.314500	0.161590	0.108583	2.3
49	-0.365823	7.847826	0.164204	0.095651	1.6
50	-0.356962	7.275618	0.167527	0.051601	1.8
51	-0.384719	8.092048	0.162826	0.234450	1.8
52	-0.391504	7.519408	0.166095	0.097708	1.6
53	-0.377993	6.946765	0.169498	0.086861	1.8
54	-0.375618	6.374485	0.173042	0.172976	2.3
55	-0.383202	5.801841	0.176739	0.111936	2.6
56	-0.371899	5.229198	0.180598	0.087972	1.9
57	-0.393472	6.213735	0.174064	0.083817	1.7
58	-0.342978	7.200386	0.167974	0.267510	1.7
59	-0.356743	8.200386	0.162222	0.107270	2.0
60	-0.406075	9.200386	0.156850	0.052521	1.8
61	-0.350449	8.719898	0.159386	0.162143	2.0
62	-0.399979	8.147399	0.162517	0.062976	2.8
63	-0.397401	8.977864	0.158014	0.118031	2.6
64	-0.362580	8.405604	0.161089	0.076307	2.1
65	-0.375107	7.833014	0.164289	0.129604	1.9
66	-0.368064	8.832405	0.158785	0.097635	2.0
67	-0.360105	8.262282	0.161878	0.104412	1.9
68	-0.359309	7.689695	0.165109	0.059265	2.1
69	-0.364422	7.122504	0.168439	0.097651	2.5
70	-0.375034	7.926924	0.163755	0.028541	2.4
71	-0.367095	8.079165	0.162898	0.183619	1.9
72	-0.359927	8.461791	0.160782	0.098646	1.8
73	-0.363144	9.461785	0.155504	0.173928	2.0
74	-0.381616	9.063823	0.157563	0.190161	2.1
75	-0.388089	8.491180	0.160622	0.135256	1.8
76	-0.391203	7.918536	0.163803	0.057029	2.0
77	-0.390338	7.348192	0.167098	0.092855	2.4
78	-0.376023	6.896787	0.169802	0.100959	2.1
79	-0.373790	7.895470	0.163933	0.079349	1.8
80	-0.388630	7.392139	0.166840	0.263494	2.0
81	-0.363553	6.819496	0.170274	0.045701	2.0
82	-0.377640	6.328134	0.173335	0.227848	1.8
83	-0.371504	5.756206	0.177041	0.197845	1.8
84	-0.351663	6.756135	0.170663	0.137188	2.0
85	-0.376597	6.232774	0.173942	0.080564	3.2
86	-0.374557	7.155797	0.168240	0.066052	1.8
87	-0.371108	7.023924	0.169032	0.340777	1.7
88	-0.398286	6.635777	0.171406	0.104394	1.9
89	-0.371688	7.635777	0.165420	0.264481	1.8
90	-0.370368	8.635777	0.159838	0.141208	1.9
91	-0.360667	8.063134	0.162988	0.144040	2.0
92	-0.351562	9.063133	0.157566	0.235751	2.6
93	-0.365890	8.490490	0.160626	0.222664	2.2
94	-0.361287	7.917846	0.163807	0.184899	1.8
95	-0.402137	7.346152	0.167110	0.143245	1.8
96	-0.391933	6.773515	0.170556	0.117703	2.1
97	-0.361838	6.201613	0.174142	0.177785	2.2
98	-0.374108	5.628970	0.177886	0.207186	1.9
99	-0.375107	5.056327	0.181796	0.052754	1.8
100	-0.369326	4.483738	0.185881	0.134424	2.6
101	-0.385810	5.471304	0.178946	0.081132	2.5
102	-0.365021	6.451134	0.172559	0.065224	2.2
103	-0.392110	5.928580	0.175907	0.205513	2.3
104	-0.386251	6.155300	0.174439	0.330604	2.4
105	-0.374587	5.582657	0.178196	0.065258	2.1
106	-0.369564	5.188096	0.180881	0.149747	2.5
107	-0.376878	4.615489	0.184925	0.145798	2.9
108	-0.351822	5.615489	0.177977	0.316937	1.7
109	-0.343002	5.042846	0.181890	0.167879	1.7
110	-0.388442	6.042846	0.175164	0.028621	1.6
111	-0.371307	6.274196	0.173678	0.048673	1.8
112	-0.409591	6.227988	0.173973	0.122039	1.9
113	-0.387242	6.547060	0.171958	0.115432	1.7
114	-0.352924	7.361660	0.167019	0.083629	1.9
115	-0.352909	6.990003	0.169237	0.201669	3.3
116	-0.382564	6.434358	0.172664	0.110445	1.9
117	-0.385661	6.421679	0.172744	0.181409	1.9
118	-0.387916	5.849035	0.176428	0.106703	2.0
119	-0.368067	6.849027	0.170093	0.044325	2.0
120	-0.360530	6.823163	0.170251	0.050158	2.0
121	-0.368700	7.611825	0.165559	0.045231	1.8
122	-0.353506	8.384659	0.161204	0.064333	2.8
123	-0.373818	8.116050	0.162691	0.078563	2.9
124	-0.355959	9.076729	0.157495	0.140197	2.2
125	-0.372974	8.504305	0.160551	0.163710	2.3
126	-0.362705	9.504305	0.155287	0.101788	2.1
127	-0.384764	8.997852	0.157909	0.095295	2.2
128	-0.360227	9.997758	0.152815	0.091218	3.2
129	-0.383554	10.972501	0.148156	0.141901	2.4
130	-0.385022	11.961066	0.143713	0.303458	2.1
131	-0.379499	12.961066	0.139481	0.038329	2.3
132	-0.354163	12.389662	0.141868	0.194714	2.2
133	-0.371674	11.878666	0.144073	0.072421	2.0
134	-0.378943	12.817372	0.140074	0.361598	2.1
135	-0.349074	12.244728	0.142487	0.214115	2.8
136	-0.375443	13.244728	0.138326	0.169449	2.9
137	-0.383979	14.105127	0.134936	0.135892	2.1
138	-0.392422	14.393074	0.133838	0.039747	2.3
139	-0.337622	13.843482	0.135949	0.096716	2.5
140	-0.377306	13.538074	0.137151	0.215435	2.2
141	-0.388281	14.538051	0.133292	0.093580	2.4
142	-0.348350	13.977079	0.135430	0.069955	3.2
143	-0.390586	14.618847	0.132990	0.255300	1.9
144	-0.349739	15.618844	0.129358	0.090315	2.0
145	-0.400637	15.046201	0.131413	0.120403	2.2
146	-0.346054	14.736796	0.132551	0.214919	2.1
147	-0.370968	15.692090	0.129100	0.040850	2.6
148	-0.372038	15.664469	0.129197	0.136685	3.1
149	-0.372814	16.624498	0.125900	0.201083	2.3
150	-0.347410	17.624153	0.122642	0.120785	2.8
151	-0.342099	17.051510	0.124487	0.143083	2.2
152	-0.381642	18.049823	0.121305	0.172466	2.5
153	-0.335824	17.477179	0.123110	0.050443	2.4
154	-0.335645	17.699152	0.122404	0.038411	3.4
155	-0.350365	17.733653	0.122295	0.241443	2.4
156	-0.342257	18.732117	0.119222	0.066337	2.0
157	-0.377160	18.159482	0.120965	0.071893	1.8
158	-0.398167	17.593764	0.122738	0.234810	2.0
159	-0.361420	17.021152	0.124587	0.087384	1.8
160	-0.365897	18.021151	0.121394	0.188069	2.1
161	-0.355119	17.449062	0.123200	0.122553	2.1
162	-0.354151	16.876502	0.125063	0.073178	3.1
163	-0.379138	16.308870	0.126965	0.139112	1.9
164	-0.361620	16.523846	0.126238	0.091144	2.7
165	-0.347244	17.012773	0.124614	0.083247	2.2
166	-0.342364	16.514645	0.126269	0.069618	2.3
167	-0.377269	17.498463	0.123042	0.090302	2.5
168	-0.387094	16.934544	0.124871	0.086785	2.7
169	-0.358486	17.933484	0.121667	0.266689	2.0
170	-0.362139	18.628828	0.119533	0.249225	2.0
171	-0.352022	18.056185	0.121285	0.128937	2.0
172	-0.327211	17.483541	0.123090	0.063045	1.9
173	-0.379685	18.483084	0.119974	0.086534	1.8
174	-0.362096	19.459629	0.117078	0.067712	2.0
175	-0.368347	20.356656	0.114539	0.179266	3.2
176	-0.356262	19.784015	0.116147	0.113775	2.1
177	-0.337938	20.781939	0.113373	0.087471	2.0
178	-0.375516	20.209510	0.114948	0.142249	2.0
179	-0.368020	21.188223	0.112281	0.089763	2.0
180	-0.343377	20.615786	0.113825	0.179103	2.1
181	-0.370996	20.051416	0.115390	0.019291	2.0
182	-0.375268	19.829237	0.116018	0.155570	3.0
183	-0.372499	19.544605	0.116833	0.205583	2.7
184	-0.358118	20.544605	0.114020	0.149317	2.0
185	-0.378827	21.544604	0.111340	0.153044	1.6
186	-0.371591	22.544602	0.108783	0.191787	1.8
187	-0.370953	21.971959	0.110233	0.101350	2.0
188	-0.354862	21.399317	0.111722	0.164325	1.7
189	-0.391846	22.399312	0.109148	0.090997	2.6
190	-0.367369	23.399307	0.106689	0.257062	2.8
191	-0.372691	23.911848	0.105472	0.062839	2.1
192	-0.360388	24.911848	0.103175	0.040398	1.7
193	-0.361433	24.424438	0.104282	0.333517	1.9
194	-0.374519	23.852658	0.105611	0.117301	1.9
195	-0.383690	24.852658	0.103308	0.035655	2.1
196	-0.396032	25.453869	0.101971	0.087513	2.1
197	-0.379909	26.289329	0.100169	0.278498	3.1
198	-0.391048	27.289329	0.098095	0.107425	2.1
199	-0.373251	26.716687	0.099272	0.049803	1.9
200	-0.401390	26.152163	0.100461	0.308500	1.9
201	-0.359948	27.150128	0.098378	0.053756	1.8
202	-0.365363	28.146041	0.096385	0.130790	1.9
203	-0.391138	29.140610	0.094473	0.144772	1.9
204	-0.374339	30.140609	0.092626	0.139166	2.6
205	-0.369967	31.140609	0.090849	0.190271	2.3
206	-0.372121	30.567966	0.091858	0.143981	2.0
207	-0.366427	31.567966	0.090111	0.181860	2.2
208	-0.348188	32.567966	0.088428	0.171564	2.1
209	-0.364972	31.995323	0.089384	0.261992	2.0
210	-0.381722	31.422679	0.090360	0.140420	2.1
211	-0.381521	32.422679	0.088669	0.180683	2.4
212	-0.398177	31.869164	0.089597	0.140772	3.0
213	-0.356172	31.296520	0.090578	0.139956	1.9
214	-0.374687	32.296477	0.088879	0.069719	2.0
215	-0.311007	33.296360	0.087242	0.249313	2.0
216	-0.351817	32.723717	0.088172	0.068179	1.9
217	-0.384056	32.151649	0.089121	0.081456	1.9
218	-0.363996	31.609266	0.090040	0.075167	2.0
219	-0.350906	32.574775	0.088417	0.096263	2.6
220	-0.358752	32.011556	0.089357	0.270526	1.8
221	-0.381730	31.444278	0.090323	0.029899	1.8
222	-0.363440	30.910969	0.091251	0.085633	2.0
223	-0.360420	30.619718	0.091766	0.189129	1.9
224	-0.385457	31.619691	0.090022	0.107283	1.8
225	-0.376154	32.619585	0.088343	0.081112	1.7
226	-0.366812	33.594645	0.086766	0.093428	1.8
227	-0.360764	33.022572	0.087684	0.216684	2.5
228	-0.369077	33.966384	0.086179	0.348878	1.9
229	-0.378012	33.393740	0.087086	0.254509	1.9
230	-0.368785	34.392631	0.085516	0.157332	1.8
231	-0.388572	33.819987	0.086409	0.091314	1.9
232	-0.383047	34.819860	0.084861	0.170598	1.9
233	-0.354927	35.112534	0.084418	0.056139	1.8
234	-0.354079	36.111051	0.082943	0.115015	1.8
235	-0.357273	35.539443	0.083781	0.164766	2.7
236	-0.355498	34.966799	0.084638	0.217563	2.2
237	-0.369089	34.428011	0.085461	0.073819	2.2
238	-0.403530	33.855699	0.086353	0.317225	2.5
239	-0.379389	33.283056	0.087264	0.012533	2.4
240	-0.378300	33.464141	0.086973	0.136806	2.5
241	-0.372761	33.088985	0.087577	0.166162	2.7
242	-0.373452	32.516345	0.088514	0.213474	3.0
243	-0.354910	31.943702	0.089471	0.055711	2.7
244	-0.371635	32.934778	0.087827	0.271005	2.9
245	-0.356484	32.362139	0.088770	0.211787	3.0
246	-0.380824	31.789496	0.089733	0.159964	3.2
247	-0.374303	31.218339	0.090714	0.086983	3.9
248	-0.366511	30.645696	0.091720	0.056542	2.7
249	-0.357572	30.095348	0.092708	0.113753	2.8
250	-0.381721	29.523608	0.093757	0.064004	2.8
251	-0.369373	28.951425	0.094831	0.167147	3.2
252	-0.356410	28.378839	0.095930	0.080840	3.7
253	-0.367267	29.377969	0.094028	0.156385	3.2
254	-0.348716	28.857923	0.095009	0.044279	2.9
255	-0.377782	28.789106	0.095140	0.122247	2.7
Time spent in resolution 3 (ITK initialization and iterating): 0.734 s.
Stopping condition: Maximum number of iterations has been reached.
Settings of AdaptiveStochasticGradientDescent in resolution 3:
( SP_a 4.736934 )
( SP_A 20.000000 )
( SP_alpha 1.000000 )
( SigmoidMax 1.000000 )
( SigmoidMin -0.572643 )
( SigmoidScale 0.000918 )



=============== start of TransformParameterFile ===============
(Transform "TranslationTransform")
(NumberOfParameters 3)
(TransformParameters -2.201916 -3.592034 -18.957982)
(InitialTransformParametersFileName "NoInitialTransform")
(UseBinaryFormatForTransformationParameters "false")
(HowToCombineTransforms "Compose")

// Image specific
(FixedImageDimension 3)
(MovingImageDimension 3)
(FixedInternalImagePixelType "float")
(MovingInternalImagePixelType "float")
(Size 550 550 68)
(Index 0 0 0)
(Spacing 0.0980000000 0.0980000000 0.0980000000)
(Origin 0.0000000000 0.0000000000 25.1860000000)
(Direction 1.0000000000 0.0000000000 0.0000000000 0.0000000000 1.0000000000 0.0000000000 0.0000000000 0.0000000000 1.0000000000)
(UseDirectionCosines "true")

// ResampleInterpolator specific
(ResampleInterpolator "FinalBSplineInterpolator")
(FinalBSplineInterpolationOrder 3)

// Resampler specific
(Resampler "DefaultResampler")
(DefaultPixelValue 0.000000)
(ResultImageFormat "nii")
(ResultImagePixelType "float")
(CompressResultImage "false")

=============== end of TransformParameterFile ===============

Creating the TransformParameterFile took 0.01s

Registration result checksum: 130202538

Final metric value  = -0.377782
Settings of AdaptiveStochasticGradientDescent for all resolutions:
( SP_a 10.625984 6.018199 3.482414 4.736934 )
( SP_A 20.000000 20.000000 20.000000 20.000000 )
( SP_alpha 1.000000 1.000000 1.000000 1.000000 )
( SigmoidMax 1.000000 1.000000 1.000000 1.000000 )
( SigmoidMin -0.466697 -0.769935 -0.849586 -0.572643 )
( SigmoidScale 0.000186 0.000405 0.000853 0.000918 )

