0
1
0
Assembly-1
1
PART-1-1
PART-1
1
PART-1-1
789
246
247
248
249
282
283
284
285
286
287
288
289
318
319
320
321
322
323
324
325
326
327
328
354
355
356
357
358
359
360
361
362
363
364
365
366
367
391
392
393
394
395
396
397
398
399
400
401
402
403
404
405
406
428
429
430
431
432
433
434
435
436
437
438
439
440
441
442
443
444
466
467
468
469
470
471
472
473
474
475
476
477
478
479
480
481
482
483
503
504
505
506
507
508
509
510
511
512
513
514
515
516
517
518
519
520
521
541
542
543
544
545
546
547
548
549
550
551
552
553
554
555
556
557
558
559
560
579
580
581
582
583
584
585
586
587
588
589
590
591
592
593
594
595
596
597
598
617
618
619
620
621
622
623
624
625
626
627
628
629
630
631
632
633
634
635
636
637
655
656
657
658
659
660
661
662
663
664
665
666
667
668
669
670
671
672
673
674
675
692
693
694
695
696
697
698
699
700
701
702
703
704
705
706
707
708
709
710
711
712
713
730
731
732
733
734
735
736
737
738
739
740
741
742
743
744
745
746
747
748
749
750
751
768
769
770
771
772
773
774
775
776
777
778
779
780
781
782
783
784
785
786
787
788
789
806
807
808
809
810
811
812
813
814
815
816
817
818
819
820
821
822
823
824
825
826
827
844
845
846
847
848
849
850
851
852
853
854
855
856
857
858
859
860
861
862
863
864
865
882
883
884
885
886
887
888
889
890
891
892
893
894
895
896
897
898
899
900
901
902
903
920
921
922
923
924
925
926
927
928
929
930
931
932
933
934
935
936
937
938
939
940
959
960
961
962
963
964
965
966
967
968
969
970
971
972
973
974
975
976
977
997
998
999
1000
1001
1002
1003
1004
1005
1006
1007
1008
1009
1010
1011
1012
1013
1014
1037
1038
1039
1040
1041
1042
1043
1044
1045
1046
1047
1048
1049
1050
1051
1614
1615
1616
1617
1650
1651
1652
1653
1654
1655
1656
1657
1686
1687
1688
1689
1690
1691
1692
1693
1694
1695
1696
1722
1723
1724
1725
1726
1727
1728
1729
1730
1731
1732
1733
1734
1735
1759
1760
1761
1762
1763
1764
1765
1766
1767
1768
1769
1770
1771
1772
1773
1774
1796
1797
1798
1799
1800
1801
1802
1803
1804
1805
1806
1807
1808
1809
1810
1811
1812
1834
1835
1836
1837
1838
1839
1840
1841
1842
1843
1844
1845
1846
1847
1848
1849
1850
1851
1871
1872
1873
1874
1875
1876
1877
1878
1879
1880
1881
1882
1883
1884
1885
1886
1887
1888
1889
1909
1910
1911
1912
1913
1914
1915
1916
1917
1918
1919
1920
1921
1922
1923
1924
1925
1926
1927
1928
1947
1948
1949
1950
1951
1952
1953
1954
1955
1956
1957
1958
1959
1960
1961
1962
1963
1964
1965
1966
1985
1986
1987
1988
1989
1990
1991
1992
1993
1994
1995
1996
1997
1998
1999
2000
2001
2002
2003
2004
2005
2023
2024
2025
2026
2027
2028
2029
2030
2031
2032
2033
2034
2035
2036
2037
2038
2039
2040
2041
2042
2043
2060
2061
2062
2063
2064
2065
2066
2067
2068
2069
2070
2071
2072
2073
2074
2075
2076
2077
2078
2079
2080
2081
2098
2099
2100
2101
2102
2103
2104
2105
2106
2107
2108
2109
2110
2111
2112
2113
2114
2115
2116
2117
2118
2119
2136
2137
2138
2139
2140
2141
2142
2143
2144
2145
2146
2147
2148
2149
2150
2151
2152
2153
2154
2155
2156
2157
2174
2175
2176
2177
2178
2179
2180
2181
2182
2183
2184
2185
2186
2187
2188
2189
2190
2191
2192
2193
2194
2195
2212
2213
2214
2215
2216
2217
2218
2219
2220
2221
2222
2223
2224
2225
2226
2227
2228
2229
2230
2231
2232
2233
2250
2251
2252
2253
2254
2255
2256
2257
2258
2259
2260
2261
2262
2263
2264
2265
2266
2267
2268
2269
2270
2271
2288
2289
2290
2291
2292
2293
2294
2295
2296
2297
2298
2299
2300
2301
2302
2303
2304
2305
2306
2307
2308
2327
2328
2329
2330
2331
2332
2333
2334
2335
2336
2337
2338
2339
2340
2341
2342
2343
2344
2345
2365
2366
2367
2368
2369
2370
2371
2372
2373
2374
2375
2376
2377
2378
2379
2380
2381
2382
2405
2406
2407
2408
2409
2410
2411
2412
2413
2414
2415
2416
2417
2418
2419
10000000
0
1
PART-1-1
351
240
241
242
275
276
277
278
279
280
281
310
311
312
313
314
315
316
317
318
319
345
346
347
348
349
350
351
352
353
354
355
356
357
381
382
383
384
385
386
387
388
389
390
391
392
393
394
395
417
418
419
420
421
422
423
424
425
426
427
428
429
430
431
432
454
455
456
457
458
459
460
461
462
463
464
465
466
467
468
469
470
490
491
492
493
494
495
496
497
498
499
500
501
502
503
504
505
506
507
527
528
529
530
531
532
533
534
535
536
537
538
539
540
541
542
543
544
545
564
565
566
567
568
569
570
571
572
573
574
575
576
577
578
579
580
581
582
601
602
603
604
605
606
607
608
609
610
611
612
613
614
615
616
617
618
619
620
638
639
640
641
642
643
644
645
646
647
648
649
650
651
652
653
654
655
656
657
674
675
676
677
678
679
680
681
682
683
684
685
686
687
688
689
690
691
692
693
694
711
712
713
714
715
716
717
718
719
720
721
722
723
724
725
726
727
728
729
730
731
748
749
750
751
752
753
754
755
756
757
758
759
760
761
762
763
764
765
766
767
768
785
786
787
788
789
790
791
792
793
794
795
796
797
798
799
800
801
802
803
804
805
822
823
824
825
826
827
828
829
830
831
832
833
834
835
836
837
838
839
840
841
842
859
860
861
862
863
864
865
866
867
868
869
870
871
872
873
874
875
876
877
878
897
898
899
900
901
902
903
904
905
906
907
908
909
910
911
912
913
914
934
935
936
937
938
939
940
941
942
943
944
945
946
947
948
949
950
973
974
975
976
977
978
979
980
981
982
983
984
985
986
0
0
1
PART-1-1
352
BONE
0
1
351
240 241 242 275 276 277 278 279 280 281 310 311 312 313 314 315 316 317 318 319 345 346 347 348 349 350 351 352 353 354 355 356 357 381 382 383 384 385 386 387 388 389 390 391 392 393 394 395 417 418 419 420 421 422 423 424 425 426 427 428 429 430 431 432 454 455 456 457 458 459 460 461 462 463 464 465 466 467 468 469 470 490 491 492 493 494 495 496 497 498 499 500 501 502 503 504 505 506 507 527 528 529 530 531 532 533 534 535 536 537 538 539 540 541 542 543 544 545 564 565 566 567 568 569 570 571 572 573 574 575 576 577 578 579 580 581 582 601 602 603 604 605 606 607 608 609 610 611 612 613 614 615 616 617 618 619 620 638 639 640 641 642 643 644 645 646 647 648 649 650 651 652 653 654 655 656 657 674 675 676 677 678 679 680 681 682 683 684 685 686 687 688 689 690 691 692 693 694 711 712 713 714 715 716 717 718 719 720 721 722 723 724 725 726 727 728 729 730 731 748 749 750 751 752 753 754 755 756 757 758 759 760 761 762 763 764 765 766 767 768 785 786 787 788 789 790 791 792 793 794 795 796 797 798 799 800 801 802 803 804 805 822 823 824 825 826 827 828 829 830 831 832 833 834 835 836 837 838 839 840 841 842 859 860 861 862 863 864 865 866 867 868 869 870 871 872 873 874 875 876 877 878 897 898 899 900 901 902 903 904 905 906 907 908 909 910 911 912 913 914 934 935 936 937 938 939 940 941 942 943 944 945 946 947 948 949 950 973 974 975 976 977 978 979 980 981 982 983 984 985 986 
0
0
ELSET240
0
1
1
240 
0
0
ELSET241
0
1
1
241 
0
0
ELSET242
0
1
1
242 
0
0
ELSET275
0
1
1
275 
0
0
ELSET276
0
1
1
276 
0
0
ELSET277
0
1
1
277 
0
0
ELSET278
0
1
1
278 
0
0
ELSET279
0
1
1
279 
0
0
ELSET280
0
1
1
280 
0
0
ELSET281
0
1
1
281 
0
0
ELSET310
0
1
1
310 
0
0
ELSET311
0
1
1
311 
0
0
ELSET312
0
1
1
312 
0
0
ELSET313
0
1
1
313 
0
0
ELSET314
0
1
1
314 
0
0
ELSET315
0
1
1
315 
0
0
ELSET316
0
1
1
316 
0
0
ELSET317
0
1
1
317 
0
0
ELSET318
0
1
1
318 
0
0
ELSET319
0
1
1
319 
0
0
ELSET345
0
1
1
345 
0
0
ELSET346
0
1
1
346 
0
0
ELSET347
0
1
1
347 
0
0
ELSET348
0
1
1
348 
0
0
ELSET349
0
1
1
349 
0
0
ELSET350
0
1
1
350 
0
0
ELSET351
0
1
1
351 
0
0
ELSET352
0
1
1
352 
0
0
ELSET353
0
1
1
353 
0
0
ELSET354
0
1
1
354 
0
0
ELSET355
0
1
1
355 
0
0
ELSET356
0
1
1
356 
0
0
ELSET357
0
1
1
357 
0
0
ELSET381
0
1
1
381 
0
0
ELSET382
0
1
1
382 
0
0
ELSET383
0
1
1
383 
0
0
ELSET384
0
1
1
384 
0
0
ELSET385
0
1
1
385 
0
0
ELSET386
0
1
1
386 
0
0
ELSET387
0
1
1
387 
0
0
ELSET388
0
1
1
388 
0
0
ELSET389
0
1
1
389 
0
0
ELSET390
0
1
1
390 
0
0
ELSET391
0
1
1
391 
0
0
ELSET392
0
1
1
392 
0
0
ELSET393
0
1
1
393 
0
0
ELSET394
0
1
1
394 
0
0
ELSET395
0
1
1
395 
0
0
ELSET417
0
1
1
417 
0
0
ELSET418
0
1
1
418 
0
0
ELSET419
0
1
1
419 
0
0
ELSET420
0
1
1
420 
0
0
ELSET421
0
1
1
421 
0
0
ELSET422
0
1
1
422 
0
0
ELSET423
0
1
1
423 
0
0
ELSET424
0
1
1
424 
0
0
ELSET425
0
1
1
425 
0
0
ELSET426
0
1
1
426 
0
0
ELSET427
0
1
1
427 
0
0
ELSET428
0
1
1
428 
0
0
ELSET429
0
1
1
429 
0
0
ELSET430
0
1
1
430 
0
0
ELSET431
0
1
1
431 
0
0
ELSET432
0
1
1
432 
0
0
ELSET454
0
1
1
454 
0
0
ELSET455
0
1
1
455 
0
0
ELSET456
0
1
1
456 
0
0
ELSET457
0
1
1
457 
0
0
ELSET458
0
1
1
458 
0
0
ELSET459
0
1
1
459 
0
0
ELSET460
0
1
1
460 
0
0
ELSET461
0
1
1
461 
0
0
ELSET462
0
1
1
462 
0
0
ELSET463
0
1
1
463 
0
0
ELSET464
0
1
1
464 
0
0
ELSET465
0
1
1
465 
0
0
ELSET466
0
1
1
466 
0
0
ELSET467
0
1
1
467 
0
0
ELSET468
0
1
1
468 
0
0
ELSET469
0
1
1
469 
0
0
ELSET470
0
1
1
470 
0
0
ELSET490
0
1
1
490 
0
0
ELSET491
0
1
1
491 
0
0
ELSET492
0
1
1
492 
0
0
ELSET493
0
1
1
493 
0
0
ELSET494
0
1
1
494 
0
0
ELSET495
0
1
1
495 
0
0
ELSET496
0
1
1
496 
0
0
ELSET497
0
1
1
497 
0
0
ELSET498
0
1
1
498 
0
0
ELSET499
0
1
1
499 
0
0
ELSET500
0
1
1
500 
0
0
ELSET501
0
1
1
501 
0
0
ELSET502
0
1
1
502 
0
0
ELSET503
0
1
1
503 
0
0
ELSET504
0
1
1
504 
0
0
ELSET505
0
1
1
505 
0
0
ELSET506
0
1
1
506 
0
0
ELSET507
0
1
1
507 
0
0
ELSET527
0
1
1
527 
0
0
ELSET528
0
1
1
528 
0
0
ELSET529
0
1
1
529 
0
0
ELSET530
0
1
1
530 
0
0
ELSET531
0
1
1
531 
0
0
ELSET532
0
1
1
532 
0
0
ELSET533
0
1
1
533 
0
0
ELSET534
0
1
1
534 
0
0
ELSET535
0
1
1
535 
0
0
ELSET536
0
1
1
536 
0
0
ELSET537
0
1
1
537 
0
0
ELSET538
0
1
1
538 
0
0
ELSET539
0
1
1
539 
0
0
ELSET540
0
1
1
540 
0
0
ELSET541
0
1
1
541 
0
0
ELSET542
0
1
1
542 
0
0
ELSET543
0
1
1
543 
0
0
ELSET544
0
1
1
544 
0
0
ELSET545
0
1
1
545 
0
0
ELSET564
0
1
1
564 
0
0
ELSET565
0
1
1
565 
0
0
ELSET566
0
1
1
566 
0
0
ELSET567
0
1
1
567 
0
0
ELSET568
0
1
1
568 
0
0
ELSET569
0
1
1
569 
0
0
ELSET570
0
1
1
570 
0
0
ELSET571
0
1
1
571 
0
0
ELSET572
0
1
1
572 
0
0
ELSET573
0
1
1
573 
0
0
ELSET574
0
1
1
574 
0
0
ELSET575
0
1
1
575 
0
0
ELSET576
0
1
1
576 
0
0
ELSET577
0
1
1
577 
0
0
ELSET578
0
1
1
578 
0
0
ELSET579
0
1
1
579 
0
0
ELSET580
0
1
1
580 
0
0
ELSET581
0
1
1
581 
0
0
ELSET582
0
1
1
582 
0
0
ELSET601
0
1
1
601 
0
0
ELSET602
0
1
1
602 
0
0
ELSET603
0
1
1
603 
0
0
ELSET604
0
1
1
604 
0
0
ELSET605
0
1
1
605 
0
0
ELSET606
0
1
1
606 
0
0
ELSET607
0
1
1
607 
0
0
ELSET608
0
1
1
608 
0
0
ELSET609
0
1
1
609 
0
0
ELSET610
0
1
1
610 
0
0
ELSET611
0
1
1
611 
0
0
ELSET612
0
1
1
612 
0
0
ELSET613
0
1
1
613 
0
0
ELSET614
0
1
1
614 
0
0
ELSET615
0
1
1
615 
0
0
ELSET616
0
1
1
616 
0
0
ELSET617
0
1
1
617 
0
0
ELSET618
0
1
1
618 
0
0
ELSET619
0
1
1
619 
0
0
ELSET620
0
1
1
620 
0
0
ELSET638
0
1
1
638 
0
0
ELSET639
0
1
1
639 
0
0
ELSET640
0
1
1
640 
0
0
ELSET641
0
1
1
641 
0
0
ELSET642
0
1
1
642 
0
0
ELSET643
0
1
1
643 
0
0
ELSET644
0
1
1
644 
0
0
ELSET645
0
1
1
645 
0
0
ELSET646
0
1
1
646 
0
0
ELSET647
0
1
1
647 
0
0
ELSET648
0
1
1
648 
0
0
ELSET649
0
1
1
649 
0
0
ELSET650
0
1
1
650 
0
0
ELSET651
0
1
1
651 
0
0
ELSET652
0
1
1
652 
0
0
ELSET653
0
1
1
653 
0
0
ELSET654
0
1
1
654 
0
0
ELSET655
0
1
1
655 
0
0
ELSET656
0
1
1
656 
0
0
ELSET657
0
1
1
657 
0
0
ELSET674
0
1
1
674 
0
0
ELSET675
0
1
1
675 
0
0
ELSET676
0
1
1
676 
0
0
ELSET677
0
1
1
677 
0
0
ELSET678
0
1
1
678 
0
0
ELSET679
0
1
1
679 
0
0
ELSET680
0
1
1
680 
0
0
ELSET681
0
1
1
681 
0
0
ELSET682
0
1
1
682 
0
0
ELSET683
0
1
1
683 
0
0
ELSET684
0
1
1
684 
0
0
ELSET685
0
1
1
685 
0
0
ELSET686
0
1
1
686 
0
0
ELSET687
0
1
1
687 
0
0
ELSET688
0
1
1
688 
0
0
ELSET689
0
1
1
689 
0
0
ELSET690
0
1
1
690 
0
0
ELSET691
0
1
1
691 
0
0
ELSET692
0
1
1
692 
0
0
ELSET693
0
1
1
693 
0
0
ELSET694
0
1
1
694 
0
0
ELSET711
0
1
1
711 
0
0
ELSET712
0
1
1
712 
0
0
ELSET713
0
1
1
713 
0
0
ELSET714
0
1
1
714 
0
0
ELSET715
0
1
1
715 
0
0
ELSET716
0
1
1
716 
0
0
ELSET717
0
1
1
717 
0
0
ELSET718
0
1
1
718 
0
0
ELSET719
0
1
1
719 
0
0
ELSET720
0
1
1
720 
0
0
ELSET721
0
1
1
721 
0
0
ELSET722
0
1
1
722 
0
0
ELSET723
0
1
1
723 
0
0
ELSET724
0
1
1
724 
0
0
ELSET725
0
1
1
725 
0
0
ELSET726
0
1
1
726 
0
0
ELSET727
0
1
1
727 
0
0
ELSET728
0
1
1
728 
0
0
ELSET729
0
1
1
729 
0
0
ELSET730
0
1
1
730 
0
0
ELSET731
0
1
1
731 
0
0
ELSET748
0
1
1
748 
0
0
ELSET749
0
1
1
749 
0
0
ELSET750
0
1
1
750 
0
0
ELSET751
0
1
1
751 
0
0
ELSET752
0
1
1
752 
0
0
ELSET753
0
1
1
753 
0
0
ELSET754
0
1
1
754 
0
0
ELSET755
0
1
1
755 
0
0
ELSET756
0
1
1
756 
0
0
ELSET757
0
1
1
757 
0
0
ELSET758
0
1
1
758 
0
0
ELSET759
0
1
1
759 
0
0
ELSET760
0
1
1
760 
0
0
ELSET761
0
1
1
761 
0
0
ELSET762
0
1
1
762 
0
0
ELSET763
0
1
1
763 
0
0
ELSET764
0
1
1
764 
0
0
ELSET765
0
1
1
765 
0
0
ELSET766
0
1
1
766 
0
0
ELSET767
0
1
1
767 
0
0
ELSET768
0
1
1
768 
0
0
ELSET785
0
1
1
785 
0
0
ELSET786
0
1
1
786 
0
0
ELSET787
0
1
1
787 
0
0
ELSET788
0
1
1
788 
0
0
ELSET789
0
1
1
789 
0
0
ELSET790
0
1
1
790 
0
0
ELSET791
0
1
1
791 
0
0
ELSET792
0
1
1
792 
0
0
ELSET793
0
1
1
793 
0
0
ELSET794
0
1
1
794 
0
0
ELSET795
0
1
1
795 
0
0
ELSET796
0
1
1
796 
0
0
ELSET797
0
1
1
797 
0
0
ELSET798
0
1
1
798 
0
0
ELSET799
0
1
1
799 
0
0
ELSET800
0
1
1
800 
0
0
ELSET801
0
1
1
801 
0
0
ELSET802
0
1
1
802 
0
0
ELSET803
0
1
1
803 
0
0
ELSET804
0
1
1
804 
0
0
ELSET805
0
1
1
805 
0
0
ELSET822
0
1
1
822 
0
0
ELSET823
0
1
1
823 
0
0
ELSET824
0
1
1
824 
0
0
ELSET825
0
1
1
825 
0
0
ELSET826
0
1
1
826 
0
0
ELSET827
0
1
1
827 
0
0
ELSET828
0
1
1
828 
0
0
ELSET829
0
1
1
829 
0
0
ELSET830
0
1
1
830 
0
0
ELSET831
0
1
1
831 
0
0
ELSET832
0
1
1
832 
0
0
ELSET833
0
1
1
833 
0
0
ELSET834
0
1
1
834 
0
0
ELSET835
0
1
1
835 
0
0
ELSET836
0
1
1
836 
0
0
ELSET837
0
1
1
837 
0
0
ELSET838
0
1
1
838 
0
0
ELSET839
0
1
1
839 
0
0
ELSET840
0
1
1
840 
0
0
ELSET841
0
1
1
841 
0
0
ELSET842
0
1
1
842 
0
0
ELSET859
0
1
1
859 
0
0
ELSET860
0
1
1
860 
0
0
ELSET861
0
1
1
861 
0
0
ELSET862
0
1
1
862 
0
0
ELSET863
0
1
1
863 
0
0
ELSET864
0
1
1
864 
0
0
ELSET865
0
1
1
865 
0
0
ELSET866
0
1
1
866 
0
0
ELSET867
0
1
1
867 
0
0
ELSET868
0
1
1
868 
0
0
ELSET869
0
1
1
869 
0
0
ELSET870
0
1
1
870 
0
0
ELSET871
0
1
1
871 
0
0
ELSET872
0
1
1
872 
0
0
ELSET873
0
1
1
873 
0
0
ELSET874
0
1
1
874 
0
0
ELSET875
0
1
1
875 
0
0
ELSET876
0
1
1
876 
0
0
ELSET877
0
1
1
877 
0
0
ELSET878
0
1
1
878 
0
0
ELSET897
0
1
1
897 
0
0
ELSET898
0
1
1
898 
0
0
ELSET899
0
1
1
899 
0
0
ELSET900
0
1
1
900 
0
0
ELSET901
0
1
1
901 
0
0
ELSET902
0
1
1
902 
0
0
ELSET903
0
1
1
903 
0
0
ELSET904
0
1
1
904 
0
0
ELSET905
0
1
1
905 
0
0
ELSET906
0
1
1
906 
0
0
ELSET907
0
1
1
907 
0
0
ELSET908
0
1
1
908 
0
0
ELSET909
0
1
1
909 
0
0
ELSET910
0
1
1
910 
0
0
ELSET911
0
1
1
911 
0
0
ELSET912
0
1
1
912 
0
0
ELSET913
0
1
1
913 
0
0
ELSET914
0
1
1
914 
0
0
ELSET934
0
1
1
934 
0
0
ELSET935
0
1
1
935 
0
0
ELSET936
0
1
1
936 
0
0
ELSET937
0
1
1
937 
0
0
ELSET938
0
1
1
938 
0
0
ELSET939
0
1
1
939 
0
0
ELSET940
0
1
1
940 
0
0
ELSET941
0
1
1
941 
0
0
ELSET942
0
1
1
942 
0
0
ELSET943
0
1
1
943 
0
0
ELSET944
0
1
1
944 
0
0
ELSET945
0
1
1
945 
0
0
ELSET946
0
1
1
946 
0
0
ELSET947
0
1
1
947 
0
0
ELSET948
0
1
1
948 
0
0
ELSET949
0
1
1
949 
0
0
ELSET950
0
1
1
950 
0
0
ELSET973
0
1
1
973 
0
0
ELSET974
0
1
1
974 
0
0
ELSET975
0
1
1
975 
0
0
ELSET976
0
1
1
976 
0
0
ELSET977
0
1
1
977 
0
0
ELSET978
0
1
1
978 
0
0
ELSET979
0
1
1
979 
0
0
ELSET980
0
1
1
980 
0
0
ELSET981
0
1
1
981 
0
0
ELSET982
0
1
1
982 
0
0
ELSET983
0
1
1
983 
0
0
ELSET984
0
1
1
984 
0
0
ELSET985
0
1
1
985 
0
0
ELSET986
0
1
1
986 
0
0
0
0
1
PART-1-1
3
BOTNODES
0
1
394
1614 1615 1616 1617 1650 1651 1652 1653 1654 1655 1656 1657 1686 1687 1688 1689 1690 1691 1692 1693 1694 1695 1696 1722 1723 1724 1725 1726 1727 1728 1729 1730 1731 1732 1733 1734 1735 1759 1760 1761 1762 1763 1764 1765 1766 1767 1768 1769 1770 1771 1772 1773 1774 1796 1797 1798 1799 1800 1801 1802 1803 1804 1805 1806 1807 1808 1809 1810 1811 1812 1834 1835 1836 1837 1838 1839 1840 1841 1842 1843 1844 1845 1846 1847 1848 1849 1850 1851 1871 1872 1873 1874 1875 1876 1877 1878 1879 1880 1881 1882 1883 1884 1885 1886 1887 1888 1889 1909 1910 1911 1912 1913 1914 1915 1916 1917 1918 1919 1920 1921 1922 1923 1924 1925 1926 1927 1928 1947 1948 1949 1950 1951 1952 1953 1954 1955 1956 1957 1958 1959 1960 1961 1962 1963 1964 1965 1966 1985 1986 1987 1988 1989 1990 1991 1992 1993 1994 1995 1996 1997 1998 1999 2000 2001 2002 2003 2004 2005 2023 2024 2025 2026 2027 2028 2029 2030 2031 2032 2033 2034 2035 2036 2037 2038 2039 2040 2041 2042 2043 2060 2061 2062 2063 2064 2065 2066 2067 2068 2069 2070 2071 2072 2073 2074 2075 2076 2077 2078 2079 2080 2081 2098 2099 2100 2101 2102 2103 2104 2105 2106 2107 2108 2109 2110 2111 2112 2113 2114 2115 2116 2117 2118 2119 2136 2137 2138 2139 2140 2141 2142 2143 2144 2145 2146 2147 2148 2149 2150 2151 2152 2153 2154 2155 2156 2157 2174 2175 2176 2177 2178 2179 2180 2181 2182 2183 2184 2185 2186 2187 2188 2189 2190 2191 2192 2193 2194 2195 2212 2213 2214 2215 2216 2217 2218 2219 2220 2221 2222 2223 2224 2225 2226 2227 2228 2229 2230 2231 2232 2233 2250 2251 2252 2253 2254 2255 2256 2257 2258 2259 2260 2261 2262 2263 2264 2265 2266 2267 2268 2269 2270 2271 2288 2289 2290 2291 2292 2293 2294 2295 2296 2297 2298 2299 2300 2301 2302 2303 2304 2305 2306 2307 2308 2327 2328 2329 2330 2331 2332 2333 2334 2335 2336 2337 2338 2339 2340 2341 2342 2343 2344 2345 2365 2366 2367 2368 2369 2370 2371 2372 2373 2374 2375 2376 2377 2378 2379 2380 2381 2382 2405 2406 2407 2408 2409 2410 2411 2412 2413 2414 2415 2416 2417 2418 2419 
0
0
REF_NODE
0
1
1
10000000 
0
0
TOPNODES
0
1
394
246 247 248 249 282 283 284 285 286 287 288 289 318 319 320 321 322 323 324 325 326 327 328 354 355 356 357 358 359 360 361 362 363 364 365 366 367 391 392 393 394 395 396 397 398 399 400 401 402 403 404 405 406 428 429 430 431 432 433 434 435 436 437 438 439 440 441 442 443 444 466 467 468 469 470 471 472 473 474 475 476 477 478 479 480 481 482 483 503 504 505 506 507 508 509 510 511 512 513 514 515 516 517 518 519 520 521 541 542 543 544 545 546 547 548 549 550 551 552 553 554 555 556 557 558 559 560 579 580 581 582 583 584 585 586 587 588 589 590 591 592 593 594 595 596 597 598 617 618 619 620 621 622 623 624 625 626 627 628 629 630 631 632 633 634 635 636 637 655 656 657 658 659 660 661 662 663 664 665 666 667 668 669 670 671 672 673 674 675 692 693 694 695 696 697 698 699 700 701 702 703 704 705 706 707 708 709 710 711 712 713 730 731 732 733 734 735 736 737 738 739 740 741 742 743 744 745 746 747 748 749 750 751 768 769 770 771 772 773 774 775 776 777 778 779 780 781 782 783 784 785 786 787 788 789 806 807 808 809 810 811 812 813 814 815 816 817 818 819 820 821 822 823 824 825 826 827 844 845 846 847 848 849 850 851 852 853 854 855 856 857 858 859 860 861 862 863 864 865 882 883 884 885 886 887 888 889 890 891 892 893 894 895 896 897 898 899 900 901 902 903 920 921 922 923 924 925 926 927 928 929 930 931 932 933 934 935 936 937 938 939 940 959 960 961 962 963 964 965 966 967 968 969 970 971 972 973 974 975 976 977 997 998 999 1000 1001 1002 1003 1004 1005 1006 1007 1008 1009 1010 1011 1012 1013 1014 1037 1038 1039 1040 1041 1042 1043 1044 1045 1046 1047 1048 1049 1050 1051 
0
0
0
0
0
