0
1
0
Assembly-1
1
PART-1-1
PART-1
1
PART-1-1
741
212
213
244
245
246
247
248
249
250
251
252
253
254
255
256
257
280
281
282
283
284
285
286
287
288
289
290
291
292
293
294
295
296
317
318
319
320
321
322
323
324
325
326
327
328
329
330
331
332
333
334
335
354
355
356
357
358
359
360
361
362
363
364
365
366
367
368
369
370
371
372
373
391
392
393
394
395
396
397
398
399
400
401
402
403
404
405
406
407
408
409
410
411
412
429
430
431
432
433
434
435
436
437
438
439
440
441
442
443
444
445
446
447
448
449
450
466
467
468
469
470
471
472
473
474
475
476
477
478
479
480
481
482
483
484
485
486
487
504
505
506
507
508
509
510
511
512
513
514
515
516
517
518
519
520
521
522
523
524
525
542
543
544
545
546
547
548
549
550
551
552
553
554
555
556
557
558
559
560
561
562
563
580
581
582
583
584
585
586
587
588
589
590
591
592
593
594
595
596
597
598
599
600
601
618
619
620
621
622
623
624
625
626
627
628
629
630
631
632
633
634
635
636
637
638
639
657
658
659
660
661
662
663
664
665
666
667
668
669
670
671
672
673
674
675
676
695
696
697
698
699
700
701
702
703
704
705
706
707
708
709
710
711
712
713
714
733
734
735
736
737
738
739
740
741
742
743
744
745
746
747
748
749
750
751
752
772
773
774
775
776
777
778
779
780
781
782
783
784
785
786
787
788
789
810
811
812
813
814
815
816
817
818
819
820
821
822
823
824
825
826
848
849
850
851
852
853
854
855
856
857
858
859
860
861
862
863
887
888
889
890
891
892
893
894
895
896
897
898
899
900
926
927
928
929
930
931
932
933
934
935
936
965
966
967
968
969
970
971
972
1504
1505
1536
1537
1538
1539
1540
1541
1542
1543
1544
1545
1546
1547
1548
1549
1572
1573
1574
1575
1576
1577
1578
1579
1580
1581
1582
1583
1584
1585
1586
1587
1588
1609
1610
1611
1612
1613
1614
1615
1616
1617
1618
1619
1620
1621
1622
1623
1624
1625
1626
1627
1646
1647
1648
1649
1650
1651
1652
1653
1654
1655
1656
1657
1658
1659
1660
1661
1662
1663
1664
1665
1683
1684
1685
1686
1687
1688
1689
1690
1691
1692
1693
1694
1695
1696
1697
1698
1699
1700
1701
1702
1703
1704
1721
1722
1723
1724
1725
1726
1727
1728
1729
1730
1731
1732
1733
1734
1735
1736
1737
1738
1739
1740
1741
1742
1758
1759
1760
1761
1762
1763
1764
1765
1766
1767
1768
1769
1770
1771
1772
1773
1774
1775
1776
1777
1778
1779
1796
1797
1798
1799
1800
1801
1802
1803
1804
1805
1806
1807
1808
1809
1810
1811
1812
1813
1814
1815
1816
1817
1834
1835
1836
1837
1838
1839
1840
1841
1842
1843
1844
1845
1846
1847
1848
1849
1850
1851
1852
1853
1854
1855
1872
1873
1874
1875
1876
1877
1878
1879
1880
1881
1882
1883
1884
1885
1886
1887
1888
1889
1890
1891
1892
1893
1910
1911
1912
1913
1914
1915
1916
1917
1918
1919
1920
1921
1922
1923
1924
1925
1926
1927
1928
1929
1930
1931
1949
1950
1951
1952
1953
1954
1955
1956
1957
1958
1959
1960
1961
1962
1963
1964
1965
1966
1967
1968
1987
1988
1989
1990
1991
1992
1993
1994
1995
1996
1997
1998
1999
2000
2001
2002
2003
2004
2005
2006
2025
2026
2027
2028
2029
2030
2031
2032
2033
2034
2035
2036
2037
2038
2039
2040
2041
2042
2043
2044
2064
2065
2066
2067
2068
2069
2070
2071
2072
2073
2074
2075
2076
2077
2078
2079
2080
2081
2102
2103
2104
2105
2106
2107
2108
2109
2110
2111
2112
2113
2114
2115
2116
2117
2118
2140
2141
2142
2143
2144
2145
2146
2147
2148
2149
2150
2151
2152
2153
2154
2155
2179
2180
2181
2182
2183
2184
2185
2186
2187
2188
2189
2190
2191
2192
2218
2219
2220
2221
2222
2223
2224
2225
2226
2227
2228
2257
2258
2259
2260
2261
2262
2263
2264
10000000
0
1
PART-1-1
327
207
238
239
240
241
242
243
244
245
246
247
248
249
250
273
274
275
276
277
278
279
280
281
282
283
284
285
286
287
288
309
310
311
312
313
314
315
316
317
318
319
320
321
322
323
324
325
326
345
346
347
348
349
350
351
352
353
354
355
356
357
358
359
360
361
362
363
381
382
383
384
385
386
387
388
389
390
391
392
393
394
395
396
397
398
399
400
401
418
419
420
421
422
423
424
425
426
427
428
429
430
431
432
433
434
435
436
437
454
455
456
457
458
459
460
461
462
463
464
465
466
467
468
469
470
471
472
473
474
491
492
493
494
495
496
497
498
499
500
501
502
503
504
505
506
507
508
509
510
511
528
529
530
531
532
533
534
535
536
537
538
539
540
541
542
543
544
545
546
547
548
565
566
567
568
569
570
571
572
573
574
575
576
577
578
579
580
581
582
583
584
585
603
604
605
606
607
608
609
610
611
612
613
614
615
616
617
618
619
620
621
640
641
642
643
644
645
646
647
648
649
650
651
652
653
654
655
656
657
658
677
678
679
680
681
682
683
684
685
686
687
688
689
690
691
692
693
694
695
715
716
717
718
719
720
721
722
723
724
725
726
727
728
729
730
731
752
753
754
755
756
757
758
759
760
761
762
763
764
765
766
767
789
790
791
792
793
794
795
796
797
798
799
800
801
802
803
827
828
829
830
831
832
833
834
835
836
837
838
839
865
866
867
868
869
870
871
872
873
874
903
904
905
906
907
908
909
0
0
1
PART-1-1
328
BONE
0
1
327
207 238 239 240 241 242 243 244 245 246 247 248 249 250 273 274 275 276 277 278 279 280 281 282 283 284 285 286 287 288 309 310 311 312 313 314 315 316 317 318 319 320 321 322 323 324 325 326 345 346 347 348 349 350 351 352 353 354 355 356 357 358 359 360 361 362 363 381 382 383 384 385 386 387 388 389 390 391 392 393 394 395 396 397 398 399 400 401 418 419 420 421 422 423 424 425 426 427 428 429 430 431 432 433 434 435 436 437 454 455 456 457 458 459 460 461 462 463 464 465 466 467 468 469 470 471 472 473 474 491 492 493 494 495 496 497 498 499 500 501 502 503 504 505 506 507 508 509 510 511 528 529 530 531 532 533 534 535 536 537 538 539 540 541 542 543 544 545 546 547 548 565 566 567 568 569 570 571 572 573 574 575 576 577 578 579 580 581 582 583 584 585 603 604 605 606 607 608 609 610 611 612 613 614 615 616 617 618 619 620 621 640 641 642 643 644 645 646 647 648 649 650 651 652 653 654 655 656 657 658 677 678 679 680 681 682 683 684 685 686 687 688 689 690 691 692 693 694 695 715 716 717 718 719 720 721 722 723 724 725 726 727 728 729 730 731 752 753 754 755 756 757 758 759 760 761 762 763 764 765 766 767 789 790 791 792 793 794 795 796 797 798 799 800 801 802 803 827 828 829 830 831 832 833 834 835 836 837 838 839 865 866 867 868 869 870 871 872 873 874 903 904 905 906 907 908 909 
0
0
ELSET207
0
1
1
207 
0
0
ELSET238
0
1
1
238 
0
0
ELSET239
0
1
1
239 
0
0
ELSET240
0
1
1
240 
0
0
ELSET241
0
1
1
241 
0
0
ELSET242
0
1
1
242 
0
0
ELSET243
0
1
1
243 
0
0
ELSET244
0
1
1
244 
0
0
ELSET245
0
1
1
245 
0
0
ELSET246
0
1
1
246 
0
0
ELSET247
0
1
1
247 
0
0
ELSET248
0
1
1
248 
0
0
ELSET249
0
1
1
249 
0
0
ELSET250
0
1
1
250 
0
0
ELSET273
0
1
1
273 
0
0
ELSET274
0
1
1
274 
0
0
ELSET275
0
1
1
275 
0
0
ELSET276
0
1
1
276 
0
0
ELSET277
0
1
1
277 
0
0
ELSET278
0
1
1
278 
0
0
ELSET279
0
1
1
279 
0
0
ELSET280
0
1
1
280 
0
0
ELSET281
0
1
1
281 
0
0
ELSET282
0
1
1
282 
0
0
ELSET283
0
1
1
283 
0
0
ELSET284
0
1
1
284 
0
0
ELSET285
0
1
1
285 
0
0
ELSET286
0
1
1
286 
0
0
ELSET287
0
1
1
287 
0
0
ELSET288
0
1
1
288 
0
0
ELSET309
0
1
1
309 
0
0
ELSET310
0
1
1
310 
0
0
ELSET311
0
1
1
311 
0
0
ELSET312
0
1
1
312 
0
0
ELSET313
0
1
1
313 
0
0
ELSET314
0
1
1
314 
0
0
ELSET315
0
1
1
315 
0
0
ELSET316
0
1
1
316 
0
0
ELSET317
0
1
1
317 
0
0
ELSET318
0
1
1
318 
0
0
ELSET319
0
1
1
319 
0
0
ELSET320
0
1
1
320 
0
0
ELSET321
0
1
1
321 
0
0
ELSET322
0
1
1
322 
0
0
ELSET323
0
1
1
323 
0
0
ELSET324
0
1
1
324 
0
0
ELSET325
0
1
1
325 
0
0
ELSET326
0
1
1
326 
0
0
ELSET345
0
1
1
345 
0
0
ELSET346
0
1
1
346 
0
0
ELSET347
0
1
1
347 
0
0
ELSET348
0
1
1
348 
0
0
ELSET349
0
1
1
349 
0
0
ELSET350
0
1
1
350 
0
0
ELSET351
0
1
1
351 
0
0
ELSET352
0
1
1
352 
0
0
ELSET353
0
1
1
353 
0
0
ELSET354
0
1
1
354 
0
0
ELSET355
0
1
1
355 
0
0
ELSET356
0
1
1
356 
0
0
ELSET357
0
1
1
357 
0
0
ELSET358
0
1
1
358 
0
0
ELSET359
0
1
1
359 
0
0
ELSET360
0
1
1
360 
0
0
ELSET361
0
1
1
361 
0
0
ELSET362
0
1
1
362 
0
0
ELSET363
0
1
1
363 
0
0
ELSET381
0
1
1
381 
0
0
ELSET382
0
1
1
382 
0
0
ELSET383
0
1
1
383 
0
0
ELSET384
0
1
1
384 
0
0
ELSET385
0
1
1
385 
0
0
ELSET386
0
1
1
386 
0
0
ELSET387
0
1
1
387 
0
0
ELSET388
0
1
1
388 
0
0
ELSET389
0
1
1
389 
0
0
ELSET390
0
1
1
390 
0
0
ELSET391
0
1
1
391 
0
0
ELSET392
0
1
1
392 
0
0
ELSET393
0
1
1
393 
0
0
ELSET394
0
1
1
394 
0
0
ELSET395
0
1
1
395 
0
0
ELSET396
0
1
1
396 
0
0
ELSET397
0
1
1
397 
0
0
ELSET398
0
1
1
398 
0
0
ELSET399
0
1
1
399 
0
0
ELSET400
0
1
1
400 
0
0
ELSET401
0
1
1
401 
0
0
ELSET418
0
1
1
418 
0
0
ELSET419
0
1
1
419 
0
0
ELSET420
0
1
1
420 
0
0
ELSET421
0
1
1
421 
0
0
ELSET422
0
1
1
422 
0
0
ELSET423
0
1
1
423 
0
0
ELSET424
0
1
1
424 
0
0
ELSET425
0
1
1
425 
0
0
ELSET426
0
1
1
426 
0
0
ELSET427
0
1
1
427 
0
0
ELSET428
0
1
1
428 
0
0
ELSET429
0
1
1
429 
0
0
ELSET430
0
1
1
430 
0
0
ELSET431
0
1
1
431 
0
0
ELSET432
0
1
1
432 
0
0
ELSET433
0
1
1
433 
0
0
ELSET434
0
1
1
434 
0
0
ELSET435
0
1
1
435 
0
0
ELSET436
0
1
1
436 
0
0
ELSET437
0
1
1
437 
0
0
ELSET454
0
1
1
454 
0
0
ELSET455
0
1
1
455 
0
0
ELSET456
0
1
1
456 
0
0
ELSET457
0
1
1
457 
0
0
ELSET458
0
1
1
458 
0
0
ELSET459
0
1
1
459 
0
0
ELSET460
0
1
1
460 
0
0
ELSET461
0
1
1
461 
0
0
ELSET462
0
1
1
462 
0
0
ELSET463
0
1
1
463 
0
0
ELSET464
0
1
1
464 
0
0
ELSET465
0
1
1
465 
0
0
ELSET466
0
1
1
466 
0
0
ELSET467
0
1
1
467 
0
0
ELSET468
0
1
1
468 
0
0
ELSET469
0
1
1
469 
0
0
ELSET470
0
1
1
470 
0
0
ELSET471
0
1
1
471 
0
0
ELSET472
0
1
1
472 
0
0
ELSET473
0
1
1
473 
0
0
ELSET474
0
1
1
474 
0
0
ELSET491
0
1
1
491 
0
0
ELSET492
0
1
1
492 
0
0
ELSET493
0
1
1
493 
0
0
ELSET494
0
1
1
494 
0
0
ELSET495
0
1
1
495 
0
0
ELSET496
0
1
1
496 
0
0
ELSET497
0
1
1
497 
0
0
ELSET498
0
1
1
498 
0
0
ELSET499
0
1
1
499 
0
0
ELSET500
0
1
1
500 
0
0
ELSET501
0
1
1
501 
0
0
ELSET502
0
1
1
502 
0
0
ELSET503
0
1
1
503 
0
0
ELSET504
0
1
1
504 
0
0
ELSET505
0
1
1
505 
0
0
ELSET506
0
1
1
506 
0
0
ELSET507
0
1
1
507 
0
0
ELSET508
0
1
1
508 
0
0
ELSET509
0
1
1
509 
0
0
ELSET510
0
1
1
510 
0
0
ELSET511
0
1
1
511 
0
0
ELSET528
0
1
1
528 
0
0
ELSET529
0
1
1
529 
0
0
ELSET530
0
1
1
530 
0
0
ELSET531
0
1
1
531 
0
0
ELSET532
0
1
1
532 
0
0
ELSET533
0
1
1
533 
0
0
ELSET534
0
1
1
534 
0
0
ELSET535
0
1
1
535 
0
0
ELSET536
0
1
1
536 
0
0
ELSET537
0
1
1
537 
0
0
ELSET538
0
1
1
538 
0
0
ELSET539
0
1
1
539 
0
0
ELSET540
0
1
1
540 
0
0
ELSET541
0
1
1
541 
0
0
ELSET542
0
1
1
542 
0
0
ELSET543
0
1
1
543 
0
0
ELSET544
0
1
1
544 
0
0
ELSET545
0
1
1
545 
0
0
ELSET546
0
1
1
546 
0
0
ELSET547
0
1
1
547 
0
0
ELSET548
0
1
1
548 
0
0
ELSET565
0
1
1
565 
0
0
ELSET566
0
1
1
566 
0
0
ELSET567
0
1
1
567 
0
0
ELSET568
0
1
1
568 
0
0
ELSET569
0
1
1
569 
0
0
ELSET570
0
1
1
570 
0
0
ELSET571
0
1
1
571 
0
0
ELSET572
0
1
1
572 
0
0
ELSET573
0
1
1
573 
0
0
ELSET574
0
1
1
574 
0
0
ELSET575
0
1
1
575 
0
0
ELSET576
0
1
1
576 
0
0
ELSET577
0
1
1
577 
0
0
ELSET578
0
1
1
578 
0
0
ELSET579
0
1
1
579 
0
0
ELSET580
0
1
1
580 
0
0
ELSET581
0
1
1
581 
0
0
ELSET582
0
1
1
582 
0
0
ELSET583
0
1
1
583 
0
0
ELSET584
0
1
1
584 
0
0
ELSET585
0
1
1
585 
0
0
ELSET603
0
1
1
603 
0
0
ELSET604
0
1
1
604 
0
0
ELSET605
0
1
1
605 
0
0
ELSET606
0
1
1
606 
0
0
ELSET607
0
1
1
607 
0
0
ELSET608
0
1
1
608 
0
0
ELSET609
0
1
1
609 
0
0
ELSET610
0
1
1
610 
0
0
ELSET611
0
1
1
611 
0
0
ELSET612
0
1
1
612 
0
0
ELSET613
0
1
1
613 
0
0
ELSET614
0
1
1
614 
0
0
ELSET615
0
1
1
615 
0
0
ELSET616
0
1
1
616 
0
0
ELSET617
0
1
1
617 
0
0
ELSET618
0
1
1
618 
0
0
ELSET619
0
1
1
619 
0
0
ELSET620
0
1
1
620 
0
0
ELSET621
0
1
1
621 
0
0
ELSET640
0
1
1
640 
0
0
ELSET641
0
1
1
641 
0
0
ELSET642
0
1
1
642 
0
0
ELSET643
0
1
1
643 
0
0
ELSET644
0
1
1
644 
0
0
ELSET645
0
1
1
645 
0
0
ELSET646
0
1
1
646 
0
0
ELSET647
0
1
1
647 
0
0
ELSET648
0
1
1
648 
0
0
ELSET649
0
1
1
649 
0
0
ELSET650
0
1
1
650 
0
0
ELSET651
0
1
1
651 
0
0
ELSET652
0
1
1
652 
0
0
ELSET653
0
1
1
653 
0
0
ELSET654
0
1
1
654 
0
0
ELSET655
0
1
1
655 
0
0
ELSET656
0
1
1
656 
0
0
ELSET657
0
1
1
657 
0
0
ELSET658
0
1
1
658 
0
0
ELSET677
0
1
1
677 
0
0
ELSET678
0
1
1
678 
0
0
ELSET679
0
1
1
679 
0
0
ELSET680
0
1
1
680 
0
0
ELSET681
0
1
1
681 
0
0
ELSET682
0
1
1
682 
0
0
ELSET683
0
1
1
683 
0
0
ELSET684
0
1
1
684 
0
0
ELSET685
0
1
1
685 
0
0
ELSET686
0
1
1
686 
0
0
ELSET687
0
1
1
687 
0
0
ELSET688
0
1
1
688 
0
0
ELSET689
0
1
1
689 
0
0
ELSET690
0
1
1
690 
0
0
ELSET691
0
1
1
691 
0
0
ELSET692
0
1
1
692 
0
0
ELSET693
0
1
1
693 
0
0
ELSET694
0
1
1
694 
0
0
ELSET695
0
1
1
695 
0
0
ELSET715
0
1
1
715 
0
0
ELSET716
0
1
1
716 
0
0
ELSET717
0
1
1
717 
0
0
ELSET718
0
1
1
718 
0
0
ELSET719
0
1
1
719 
0
0
ELSET720
0
1
1
720 
0
0
ELSET721
0
1
1
721 
0
0
ELSET722
0
1
1
722 
0
0
ELSET723
0
1
1
723 
0
0
ELSET724
0
1
1
724 
0
0
ELSET725
0
1
1
725 
0
0
ELSET726
0
1
1
726 
0
0
ELSET727
0
1
1
727 
0
0
ELSET728
0
1
1
728 
0
0
ELSET729
0
1
1
729 
0
0
ELSET730
0
1
1
730 
0
0
ELSET731
0
1
1
731 
0
0
ELSET752
0
1
1
752 
0
0
ELSET753
0
1
1
753 
0
0
ELSET754
0
1
1
754 
0
0
ELSET755
0
1
1
755 
0
0
ELSET756
0
1
1
756 
0
0
ELSET757
0
1
1
757 
0
0
ELSET758
0
1
1
758 
0
0
ELSET759
0
1
1
759 
0
0
ELSET760
0
1
1
760 
0
0
ELSET761
0
1
1
761 
0
0
ELSET762
0
1
1
762 
0
0
ELSET763
0
1
1
763 
0
0
ELSET764
0
1
1
764 
0
0
ELSET765
0
1
1
765 
0
0
ELSET766
0
1
1
766 
0
0
ELSET767
0
1
1
767 
0
0
ELSET789
0
1
1
789 
0
0
ELSET790
0
1
1
790 
0
0
ELSET791
0
1
1
791 
0
0
ELSET792
0
1
1
792 
0
0
ELSET793
0
1
1
793 
0
0
ELSET794
0
1
1
794 
0
0
ELSET795
0
1
1
795 
0
0
ELSET796
0
1
1
796 
0
0
ELSET797
0
1
1
797 
0
0
ELSET798
0
1
1
798 
0
0
ELSET799
0
1
1
799 
0
0
ELSET800
0
1
1
800 
0
0
ELSET801
0
1
1
801 
0
0
ELSET802
0
1
1
802 
0
0
ELSET803
0
1
1
803 
0
0
ELSET827
0
1
1
827 
0
0
ELSET828
0
1
1
828 
0
0
ELSET829
0
1
1
829 
0
0
ELSET830
0
1
1
830 
0
0
ELSET831
0
1
1
831 
0
0
ELSET832
0
1
1
832 
0
0
ELSET833
0
1
1
833 
0
0
ELSET834
0
1
1
834 
0
0
ELSET835
0
1
1
835 
0
0
ELSET836
0
1
1
836 
0
0
ELSET837
0
1
1
837 
0
0
ELSET838
0
1
1
838 
0
0
ELSET839
0
1
1
839 
0
0
ELSET865
0
1
1
865 
0
0
ELSET866
0
1
1
866 
0
0
ELSET867
0
1
1
867 
0
0
ELSET868
0
1
1
868 
0
0
ELSET869
0
1
1
869 
0
0
ELSET870
0
1
1
870 
0
0
ELSET871
0
1
1
871 
0
0
ELSET872
0
1
1
872 
0
0
ELSET873
0
1
1
873 
0
0
ELSET874
0
1
1
874 
0
0
ELSET903
0
1
1
903 
0
0
ELSET904
0
1
1
904 
0
0
ELSET905
0
1
1
905 
0
0
ELSET906
0
1
1
906 
0
0
ELSET907
0
1
1
907 
0
0
ELSET908
0
1
1
908 
0
0
ELSET909
0
1
1
909 
0
0
0
0
1
PART-1-1
3
BOTNODES
0
1
370
1504 1505 1536 1537 1538 1539 1540 1541 1542 1543 1544 1545 1546 1547 1548 1549 1572 1573 1574 1575 1576 1577 1578 1579 1580 1581 1582 1583 1584 1585 1586 1587 1588 1609 1610 1611 1612 1613 1614 1615 1616 1617 1618 1619 1620 1621 1622 1623 1624 1625 1626 1627 1646 1647 1648 1649 1650 1651 1652 1653 1654 1655 1656 1657 1658 1659 1660 1661 1662 1663 1664 1665 1683 1684 1685 1686 1687 1688 1689 1690 1691 1692 1693 1694 1695 1696 1697 1698 1699 1700 1701 1702 1703 1704 1721 1722 1723 1724 1725 1726 1727 1728 1729 1730 1731 1732 1733 1734 1735 1736 1737 1738 1739 1740 1741 1742 1758 1759 1760 1761 1762 1763 1764 1765 1766 1767 1768 1769 1770 1771 1772 1773 1774 1775 1776 1777 1778 1779 1796 1797 1798 1799 1800 1801 1802 1803 1804 1805 1806 1807 1808 1809 1810 1811 1812 1813 1814 1815 1816 1817 1834 1835 1836 1837 1838 1839 1840 1841 1842 1843 1844 1845 1846 1847 1848 1849 1850 1851 1852 1853 1854 1855 1872 1873 1874 1875 1876 1877 1878 1879 1880 1881 1882 1883 1884 1885 1886 1887 1888 1889 1890 1891 1892 1893 1910 1911 1912 1913 1914 1915 1916 1917 1918 1919 1920 1921 1922 1923 1924 1925 1926 1927 1928 1929 1930 1931 1949 1950 1951 1952 1953 1954 1955 1956 1957 1958 1959 1960 1961 1962 1963 1964 1965 1966 1967 1968 1987 1988 1989 1990 1991 1992 1993 1994 1995 1996 1997 1998 1999 2000 2001 2002 2003 2004 2005 2006 2025 2026 2027 2028 2029 2030 2031 2032 2033 2034 2035 2036 2037 2038 2039 2040 2041 2042 2043 2044 2064 2065 2066 2067 2068 2069 2070 2071 2072 2073 2074 2075 2076 2077 2078 2079 2080 2081 2102 2103 2104 2105 2106 2107 2108 2109 2110 2111 2112 2113 2114 2115 2116 2117 2118 2140 2141 2142 2143 2144 2145 2146 2147 2148 2149 2150 2151 2152 2153 2154 2155 2179 2180 2181 2182 2183 2184 2185 2186 2187 2188 2189 2190 2191 2192 2218 2219 2220 2221 2222 2223 2224 2225 2226 2227 2228 2257 2258 2259 2260 2261 2262 2263 2264 
0
0
REF_NODE
0
1
1
10000000 
0
0
TOPNODES
0
1
370
212 213 244 245 246 247 248 249 250 251 252 253 254 255 256 257 280 281 282 283 284 285 286 287 288 289 290 291 292 293 294 295 296 317 318 319 320 321 322 323 324 325 326 327 328 329 330 331 332 333 334 335 354 355 356 357 358 359 360 361 362 363 364 365 366 367 368 369 370 371 372 373 391 392 393 394 395 396 397 398 399 400 401 402 403 404 405 406 407 408 409 410 411 412 429 430 431 432 433 434 435 436 437 438 439 440 441 442 443 444 445 446 447 448 449 450 466 467 468 469 470 471 472 473 474 475 476 477 478 479 480 481 482 483 484 485 486 487 504 505 506 507 508 509 510 511 512 513 514 515 516 517 518 519 520 521 522 523 524 525 542 543 544 545 546 547 548 549 550 551 552 553 554 555 556 557 558 559 560 561 562 563 580 581 582 583 584 585 586 587 588 589 590 591 592 593 594 595 596 597 598 599 600 601 618 619 620 621 622 623 624 625 626 627 628 629 630 631 632 633 634 635 636 637 638 639 657 658 659 660 661 662 663 664 665 666 667 668 669 670 671 672 673 674 675 676 695 696 697 698 699 700 701 702 703 704 705 706 707 708 709 710 711 712 713 714 733 734 735 736 737 738 739 740 741 742 743 744 745 746 747 748 749 750 751 752 772 773 774 775 776 777 778 779 780 781 782 783 784 785 786 787 788 789 810 811 812 813 814 815 816 817 818 819 820 821 822 823 824 825 826 848 849 850 851 852 853 854 855 856 857 858 859 860 861 862 863 887 888 889 890 891 892 893 894 895 896 897 898 899 900 926 927 928 929 930 931 932 933 934 935 936 965 966 967 968 969 970 971 972 
0
0
0
0
0
