0
1
0
Assembly-1
1
PART-1-1
PART-1
1
PART-1-1
753
313
314
315
316
317
348
349
350
351
352
353
354
355
356
383
384
385
386
387
388
389
390
391
392
393
394
419
420
421
422
423
424
425
426
427
428
429
430
431
432
455
456
457
458
459
460
461
462
463
464
465
466
467
468
469
491
492
493
494
495
496
497
498
499
500
501
502
503
504
505
506
507
527
528
529
530
531
532
533
534
535
536
537
538
539
540
541
542
543
544
563
564
565
566
567
568
569
570
571
572
573
574
575
576
577
578
579
580
581
600
601
602
603
604
605
606
607
608
609
610
611
612
613
614
615
616
617
618
619
636
637
638
639
640
641
642
643
644
645
646
647
648
649
650
651
652
653
654
655
656
673
674
675
676
677
678
679
680
681
682
683
684
685
686
687
688
689
690
691
692
693
710
711
712
713
714
715
716
717
718
719
720
721
722
723
724
725
726
727
728
729
730
747
748
749
750
751
752
753
754
755
756
757
758
759
760
761
762
763
764
765
766
767
784
785
786
787
788
789
790
791
792
793
794
795
796
797
798
799
800
801
802
803
804
821
822
823
824
825
826
827
828
829
830
831
832
833
834
835
836
837
838
839
840
841
858
859
860
861
862
863
864
865
866
867
868
869
870
871
872
873
874
875
876
877
878
895
896
897
898
899
900
901
902
903
904
905
906
907
908
909
910
911
912
913
914
915
933
934
935
936
937
938
939
940
941
942
943
944
945
946
947
948
949
950
951
952
953
971
972
973
974
975
976
977
978
979
980
981
982
983
984
985
986
987
988
989
990
1009
1010
1011
1012
1013
1014
1015
1016
1017
1018
1019
1020
1021
1022
1023
1024
1025
1026
1027
1046
1047
1048
1049
1050
1051
1052
1053
1054
1055
1056
1057
1058
1059
1060
1061
1062
1063
1064
1867
1868
1869
1870
1871
1902
1903
1904
1905
1906
1907
1908
1909
1910
1937
1938
1939
1940
1941
1942
1943
1944
1945
1946
1947
1948
1973
1974
1975
1976
1977
1978
1979
1980
1981
1982
1983
1984
1985
1986
2009
2010
2011
2012
2013
2014
2015
2016
2017
2018
2019
2020
2021
2022
2023
2045
2046
2047
2048
2049
2050
2051
2052
2053
2054
2055
2056
2057
2058
2059
2060
2061
2081
2082
2083
2084
2085
2086
2087
2088
2089
2090
2091
2092
2093
2094
2095
2096
2097
2098
2117
2118
2119
2120
2121
2122
2123
2124
2125
2126
2127
2128
2129
2130
2131
2132
2133
2134
2135
2154
2155
2156
2157
2158
2159
2160
2161
2162
2163
2164
2165
2166
2167
2168
2169
2170
2171
2172
2173
2190
2191
2192
2193
2194
2195
2196
2197
2198
2199
2200
2201
2202
2203
2204
2205
2206
2207
2208
2209
2210
2227
2228
2229
2230
2231
2232
2233
2234
2235
2236
2237
2238
2239
2240
2241
2242
2243
2244
2245
2246
2247
2264
2265
2266
2267
2268
2269
2270
2271
2272
2273
2274
2275
2276
2277
2278
2279
2280
2281
2282
2283
2284
2301
2302
2303
2304
2305
2306
2307
2308
2309
2310
2311
2312
2313
2314
2315
2316
2317
2318
2319
2320
2321
2338
2339
2340
2341
2342
2343
2344
2345
2346
2347
2348
2349
2350
2351
2352
2353
2354
2355
2356
2357
2358
2375
2376
2377
2378
2379
2380
2381
2382
2383
2384
2385
2386
2387
2388
2389
2390
2391
2392
2393
2394
2395
2412
2413
2414
2415
2416
2417
2418
2419
2420
2421
2422
2423
2424
2425
2426
2427
2428
2429
2430
2431
2432
2449
2450
2451
2452
2453
2454
2455
2456
2457
2458
2459
2460
2461
2462
2463
2464
2465
2466
2467
2468
2469
2487
2488
2489
2490
2491
2492
2493
2494
2495
2496
2497
2498
2499
2500
2501
2502
2503
2504
2505
2506
2507
2525
2526
2527
2528
2529
2530
2531
2532
2533
2534
2535
2536
2537
2538
2539
2540
2541
2542
2543
2544
2563
2564
2565
2566
2567
2568
2569
2570
2571
2572
2573
2574
2575
2576
2577
2578
2579
2580
2581
2600
2601
2602
2603
2604
2605
2606
2607
2608
2609
2610
2611
2612
2613
2614
2615
2616
2617
2618
10000000
0
1
PART-1-1
334
305
306
307
308
339
340
341
342
343
344
345
346
373
374
375
376
377
378
379
380
381
382
383
408
409
410
411
412
413
414
415
416
417
418
419
420
443
444
445
446
447
448
449
450
451
452
453
454
455
456
478
479
480
481
482
483
484
485
486
487
488
489
490
491
492
493
513
514
515
516
517
518
519
520
521
522
523
524
525
526
527
528
529
548
549
550
551
552
553
554
555
556
557
558
559
560
561
562
563
564
565
584
585
586
587
588
589
590
591
592
593
594
595
596
597
598
599
600
601
602
619
620
621
622
623
624
625
626
627
628
629
630
631
632
633
634
635
636
637
638
655
656
657
658
659
660
661
662
663
664
665
666
667
668
669
670
671
672
673
674
691
692
693
694
695
696
697
698
699
700
701
702
703
704
705
706
707
708
709
710
727
728
729
730
731
732
733
734
735
736
737
738
739
740
741
742
743
744
745
746
763
764
765
766
767
768
769
770
771
772
773
774
775
776
777
778
779
780
781
782
799
800
801
802
803
804
805
806
807
808
809
810
811
812
813
814
815
816
817
818
835
836
837
838
839
840
841
842
843
844
845
846
847
848
849
850
851
852
853
854
872
873
874
875
876
877
878
879
880
881
882
883
884
885
886
887
888
889
890
909
910
911
912
913
914
915
916
917
918
919
920
921
922
923
924
925
926
927
946
947
948
949
950
951
952
953
954
955
956
957
958
959
960
961
962
963
982
983
984
985
986
987
988
989
990
991
992
993
994
995
996
997
998
999
0
0
1
PART-1-1
335
BONE
0
1
334
305 306 307 308 339 340 341 342 343 344 345 346 373 374 375 376 377 378 379 380 381 382 383 408 409 410 411 412 413 414 415 416 417 418 419 420 443 444 445 446 447 448 449 450 451 452 453 454 455 456 478 479 480 481 482 483 484 485 486 487 488 489 490 491 492 493 513 514 515 516 517 518 519 520 521 522 523 524 525 526 527 528 529 548 549 550 551 552 553 554 555 556 557 558 559 560 561 562 563 564 565 584 585 586 587 588 589 590 591 592 593 594 595 596 597 598 599 600 601 602 619 620 621 622 623 624 625 626 627 628 629 630 631 632 633 634 635 636 637 638 655 656 657 658 659 660 661 662 663 664 665 666 667 668 669 670 671 672 673 674 691 692 693 694 695 696 697 698 699 700 701 702 703 704 705 706 707 708 709 710 727 728 729 730 731 732 733 734 735 736 737 738 739 740 741 742 743 744 745 746 763 764 765 766 767 768 769 770 771 772 773 774 775 776 777 778 779 780 781 782 799 800 801 802 803 804 805 806 807 808 809 810 811 812 813 814 815 816 817 818 835 836 837 838 839 840 841 842 843 844 845 846 847 848 849 850 851 852 853 854 872 873 874 875 876 877 878 879 880 881 882 883 884 885 886 887 888 889 890 909 910 911 912 913 914 915 916 917 918 919 920 921 922 923 924 925 926 927 946 947 948 949 950 951 952 953 954 955 956 957 958 959 960 961 962 963 982 983 984 985 986 987 988 989 990 991 992 993 994 995 996 997 998 999 
0
0
ELSET305
0
1
1
305 
0
0
ELSET306
0
1
1
306 
0
0
ELSET307
0
1
1
307 
0
0
ELSET308
0
1
1
308 
0
0
ELSET339
0
1
1
339 
0
0
ELSET340
0
1
1
340 
0
0
ELSET341
0
1
1
341 
0
0
ELSET342
0
1
1
342 
0
0
ELSET343
0
1
1
343 
0
0
ELSET344
0
1
1
344 
0
0
ELSET345
0
1
1
345 
0
0
ELSET346
0
1
1
346 
0
0
ELSET373
0
1
1
373 
0
0
ELSET374
0
1
1
374 
0
0
ELSET375
0
1
1
375 
0
0
ELSET376
0
1
1
376 
0
0
ELSET377
0
1
1
377 
0
0
ELSET378
0
1
1
378 
0
0
ELSET379
0
1
1
379 
0
0
ELSET380
0
1
1
380 
0
0
ELSET381
0
1
1
381 
0
0
ELSET382
0
1
1
382 
0
0
ELSET383
0
1
1
383 
0
0
ELSET408
0
1
1
408 
0
0
ELSET409
0
1
1
409 
0
0
ELSET410
0
1
1
410 
0
0
ELSET411
0
1
1
411 
0
0
ELSET412
0
1
1
412 
0
0
ELSET413
0
1
1
413 
0
0
ELSET414
0
1
1
414 
0
0
ELSET415
0
1
1
415 
0
0
ELSET416
0
1
1
416 
0
0
ELSET417
0
1
1
417 
0
0
ELSET418
0
1
1
418 
0
0
ELSET419
0
1
1
419 
0
0
ELSET420
0
1
1
420 
0
0
ELSET443
0
1
1
443 
0
0
ELSET444
0
1
1
444 
0
0
ELSET445
0
1
1
445 
0
0
ELSET446
0
1
1
446 
0
0
ELSET447
0
1
1
447 
0
0
ELSET448
0
1
1
448 
0
0
ELSET449
0
1
1
449 
0
0
ELSET450
0
1
1
450 
0
0
ELSET451
0
1
1
451 
0
0
ELSET452
0
1
1
452 
0
0
ELSET453
0
1
1
453 
0
0
ELSET454
0
1
1
454 
0
0
ELSET455
0
1
1
455 
0
0
ELSET456
0
1
1
456 
0
0
ELSET478
0
1
1
478 
0
0
ELSET479
0
1
1
479 
0
0
ELSET480
0
1
1
480 
0
0
ELSET481
0
1
1
481 
0
0
ELSET482
0
1
1
482 
0
0
ELSET483
0
1
1
483 
0
0
ELSET484
0
1
1
484 
0
0
ELSET485
0
1
1
485 
0
0
ELSET486
0
1
1
486 
0
0
ELSET487
0
1
1
487 
0
0
ELSET488
0
1
1
488 
0
0
ELSET489
0
1
1
489 
0
0
ELSET490
0
1
1
490 
0
0
ELSET491
0
1
1
491 
0
0
ELSET492
0
1
1
492 
0
0
ELSET493
0
1
1
493 
0
0
ELSET513
0
1
1
513 
0
0
ELSET514
0
1
1
514 
0
0
ELSET515
0
1
1
515 
0
0
ELSET516
0
1
1
516 
0
0
ELSET517
0
1
1
517 
0
0
ELSET518
0
1
1
518 
0
0
ELSET519
0
1
1
519 
0
0
ELSET520
0
1
1
520 
0
0
ELSET521
0
1
1
521 
0
0
ELSET522
0
1
1
522 
0
0
ELSET523
0
1
1
523 
0
0
ELSET524
0
1
1
524 
0
0
ELSET525
0
1
1
525 
0
0
ELSET526
0
1
1
526 
0
0
ELSET527
0
1
1
527 
0
0
ELSET528
0
1
1
528 
0
0
ELSET529
0
1
1
529 
0
0
ELSET548
0
1
1
548 
0
0
ELSET549
0
1
1
549 
0
0
ELSET550
0
1
1
550 
0
0
ELSET551
0
1
1
551 
0
0
ELSET552
0
1
1
552 
0
0
ELSET553
0
1
1
553 
0
0
ELSET554
0
1
1
554 
0
0
ELSET555
0
1
1
555 
0
0
ELSET556
0
1
1
556 
0
0
ELSET557
0
1
1
557 
0
0
ELSET558
0
1
1
558 
0
0
ELSET559
0
1
1
559 
0
0
ELSET560
0
1
1
560 
0
0
ELSET561
0
1
1
561 
0
0
ELSET562
0
1
1
562 
0
0
ELSET563
0
1
1
563 
0
0
ELSET564
0
1
1
564 
0
0
ELSET565
0
1
1
565 
0
0
ELSET584
0
1
1
584 
0
0
ELSET585
0
1
1
585 
0
0
ELSET586
0
1
1
586 
0
0
ELSET587
0
1
1
587 
0
0
ELSET588
0
1
1
588 
0
0
ELSET589
0
1
1
589 
0
0
ELSET590
0
1
1
590 
0
0
ELSET591
0
1
1
591 
0
0
ELSET592
0
1
1
592 
0
0
ELSET593
0
1
1
593 
0
0
ELSET594
0
1
1
594 
0
0
ELSET595
0
1
1
595 
0
0
ELSET596
0
1
1
596 
0
0
ELSET597
0
1
1
597 
0
0
ELSET598
0
1
1
598 
0
0
ELSET599
0
1
1
599 
0
0
ELSET600
0
1
1
600 
0
0
ELSET601
0
1
1
601 
0
0
ELSET602
0
1
1
602 
0
0
ELSET619
0
1
1
619 
0
0
ELSET620
0
1
1
620 
0
0
ELSET621
0
1
1
621 
0
0
ELSET622
0
1
1
622 
0
0
ELSET623
0
1
1
623 
0
0
ELSET624
0
1
1
624 
0
0
ELSET625
0
1
1
625 
0
0
ELSET626
0
1
1
626 
0
0
ELSET627
0
1
1
627 
0
0
ELSET628
0
1
1
628 
0
0
ELSET629
0
1
1
629 
0
0
ELSET630
0
1
1
630 
0
0
ELSET631
0
1
1
631 
0
0
ELSET632
0
1
1
632 
0
0
ELSET633
0
1
1
633 
0
0
ELSET634
0
1
1
634 
0
0
ELSET635
0
1
1
635 
0
0
ELSET636
0
1
1
636 
0
0
ELSET637
0
1
1
637 
0
0
ELSET638
0
1
1
638 
0
0
ELSET655
0
1
1
655 
0
0
ELSET656
0
1
1
656 
0
0
ELSET657
0
1
1
657 
0
0
ELSET658
0
1
1
658 
0
0
ELSET659
0
1
1
659 
0
0
ELSET660
0
1
1
660 
0
0
ELSET661
0
1
1
661 
0
0
ELSET662
0
1
1
662 
0
0
ELSET663
0
1
1
663 
0
0
ELSET664
0
1
1
664 
0
0
ELSET665
0
1
1
665 
0
0
ELSET666
0
1
1
666 
0
0
ELSET667
0
1
1
667 
0
0
ELSET668
0
1
1
668 
0
0
ELSET669
0
1
1
669 
0
0
ELSET670
0
1
1
670 
0
0
ELSET671
0
1
1
671 
0
0
ELSET672
0
1
1
672 
0
0
ELSET673
0
1
1
673 
0
0
ELSET674
0
1
1
674 
0
0
ELSET691
0
1
1
691 
0
0
ELSET692
0
1
1
692 
0
0
ELSET693
0
1
1
693 
0
0
ELSET694
0
1
1
694 
0
0
ELSET695
0
1
1
695 
0
0
ELSET696
0
1
1
696 
0
0
ELSET697
0
1
1
697 
0
0
ELSET698
0
1
1
698 
0
0
ELSET699
0
1
1
699 
0
0
ELSET700
0
1
1
700 
0
0
ELSET701
0
1
1
701 
0
0
ELSET702
0
1
1
702 
0
0
ELSET703
0
1
1
703 
0
0
ELSET704
0
1
1
704 
0
0
ELSET705
0
1
1
705 
0
0
ELSET706
0
1
1
706 
0
0
ELSET707
0
1
1
707 
0
0
ELSET708
0
1
1
708 
0
0
ELSET709
0
1
1
709 
0
0
ELSET710
0
1
1
710 
0
0
ELSET727
0
1
1
727 
0
0
ELSET728
0
1
1
728 
0
0
ELSET729
0
1
1
729 
0
0
ELSET730
0
1
1
730 
0
0
ELSET731
0
1
1
731 
0
0
ELSET732
0
1
1
732 
0
0
ELSET733
0
1
1
733 
0
0
ELSET734
0
1
1
734 
0
0
ELSET735
0
1
1
735 
0
0
ELSET736
0
1
1
736 
0
0
ELSET737
0
1
1
737 
0
0
ELSET738
0
1
1
738 
0
0
ELSET739
0
1
1
739 
0
0
ELSET740
0
1
1
740 
0
0
ELSET741
0
1
1
741 
0
0
ELSET742
0
1
1
742 
0
0
ELSET743
0
1
1
743 
0
0
ELSET744
0
1
1
744 
0
0
ELSET745
0
1
1
745 
0
0
ELSET746
0
1
1
746 
0
0
ELSET763
0
1
1
763 
0
0
ELSET764
0
1
1
764 
0
0
ELSET765
0
1
1
765 
0
0
ELSET766
0
1
1
766 
0
0
ELSET767
0
1
1
767 
0
0
ELSET768
0
1
1
768 
0
0
ELSET769
0
1
1
769 
0
0
ELSET770
0
1
1
770 
0
0
ELSET771
0
1
1
771 
0
0
ELSET772
0
1
1
772 
0
0
ELSET773
0
1
1
773 
0
0
ELSET774
0
1
1
774 
0
0
ELSET775
0
1
1
775 
0
0
ELSET776
0
1
1
776 
0
0
ELSET777
0
1
1
777 
0
0
ELSET778
0
1
1
778 
0
0
ELSET779
0
1
1
779 
0
0
ELSET780
0
1
1
780 
0
0
ELSET781
0
1
1
781 
0
0
ELSET782
0
1
1
782 
0
0
ELSET799
0
1
1
799 
0
0
ELSET800
0
1
1
800 
0
0
ELSET801
0
1
1
801 
0
0
ELSET802
0
1
1
802 
0
0
ELSET803
0
1
1
803 
0
0
ELSET804
0
1
1
804 
0
0
ELSET805
0
1
1
805 
0
0
ELSET806
0
1
1
806 
0
0
ELSET807
0
1
1
807 
0
0
ELSET808
0
1
1
808 
0
0
ELSET809
0
1
1
809 
0
0
ELSET810
0
1
1
810 
0
0
ELSET811
0
1
1
811 
0
0
ELSET812
0
1
1
812 
0
0
ELSET813
0
1
1
813 
0
0
ELSET814
0
1
1
814 
0
0
ELSET815
0
1
1
815 
0
0
ELSET816
0
1
1
816 
0
0
ELSET817
0
1
1
817 
0
0
ELSET818
0
1
1
818 
0
0
ELSET835
0
1
1
835 
0
0
ELSET836
0
1
1
836 
0
0
ELSET837
0
1
1
837 
0
0
ELSET838
0
1
1
838 
0
0
ELSET839
0
1
1
839 
0
0
ELSET840
0
1
1
840 
0
0
ELSET841
0
1
1
841 
0
0
ELSET842
0
1
1
842 
0
0
ELSET843
0
1
1
843 
0
0
ELSET844
0
1
1
844 
0
0
ELSET845
0
1
1
845 
0
0
ELSET846
0
1
1
846 
0
0
ELSET847
0
1
1
847 
0
0
ELSET848
0
1
1
848 
0
0
ELSET849
0
1
1
849 
0
0
ELSET850
0
1
1
850 
0
0
ELSET851
0
1
1
851 
0
0
ELSET852
0
1
1
852 
0
0
ELSET853
0
1
1
853 
0
0
ELSET854
0
1
1
854 
0
0
ELSET872
0
1
1
872 
0
0
ELSET873
0
1
1
873 
0
0
ELSET874
0
1
1
874 
0
0
ELSET875
0
1
1
875 
0
0
ELSET876
0
1
1
876 
0
0
ELSET877
0
1
1
877 
0
0
ELSET878
0
1
1
878 
0
0
ELSET879
0
1
1
879 
0
0
ELSET880
0
1
1
880 
0
0
ELSET881
0
1
1
881 
0
0
ELSET882
0
1
1
882 
0
0
ELSET883
0
1
1
883 
0
0
ELSET884
0
1
1
884 
0
0
ELSET885
0
1
1
885 
0
0
ELSET886
0
1
1
886 
0
0
ELSET887
0
1
1
887 
0
0
ELSET888
0
1
1
888 
0
0
ELSET889
0
1
1
889 
0
0
ELSET890
0
1
1
890 
0
0
ELSET909
0
1
1
909 
0
0
ELSET910
0
1
1
910 
0
0
ELSET911
0
1
1
911 
0
0
ELSET912
0
1
1
912 
0
0
ELSET913
0
1
1
913 
0
0
ELSET914
0
1
1
914 
0
0
ELSET915
0
1
1
915 
0
0
ELSET916
0
1
1
916 
0
0
ELSET917
0
1
1
917 
0
0
ELSET918
0
1
1
918 
0
0
ELSET919
0
1
1
919 
0
0
ELSET920
0
1
1
920 
0
0
ELSET921
0
1
1
921 
0
0
ELSET922
0
1
1
922 
0
0
ELSET923
0
1
1
923 
0
0
ELSET924
0
1
1
924 
0
0
ELSET925
0
1
1
925 
0
0
ELSET926
0
1
1
926 
0
0
ELSET927
0
1
1
927 
0
0
ELSET946
0
1
1
946 
0
0
ELSET947
0
1
1
947 
0
0
ELSET948
0
1
1
948 
0
0
ELSET949
0
1
1
949 
0
0
ELSET950
0
1
1
950 
0
0
ELSET951
0
1
1
951 
0
0
ELSET952
0
1
1
952 
0
0
ELSET953
0
1
1
953 
0
0
ELSET954
0
1
1
954 
0
0
ELSET955
0
1
1
955 
0
0
ELSET956
0
1
1
956 
0
0
ELSET957
0
1
1
957 
0
0
ELSET958
0
1
1
958 
0
0
ELSET959
0
1
1
959 
0
0
ELSET960
0
1
1
960 
0
0
ELSET961
0
1
1
961 
0
0
ELSET962
0
1
1
962 
0
0
ELSET963
0
1
1
963 
0
0
ELSET982
0
1
1
982 
0
0
ELSET983
0
1
1
983 
0
0
ELSET984
0
1
1
984 
0
0
ELSET985
0
1
1
985 
0
0
ELSET986
0
1
1
986 
0
0
ELSET987
0
1
1
987 
0
0
ELSET988
0
1
1
988 
0
0
ELSET989
0
1
1
989 
0
0
ELSET990
0
1
1
990 
0
0
ELSET991
0
1
1
991 
0
0
ELSET992
0
1
1
992 
0
0
ELSET993
0
1
1
993 
0
0
ELSET994
0
1
1
994 
0
0
ELSET995
0
1
1
995 
0
0
ELSET996
0
1
1
996 
0
0
ELSET997
0
1
1
997 
0
0
ELSET998
0
1
1
998 
0
0
ELSET999
0
1
1
999 
0
0
0
0
1
PART-1-1
3
BOTNODES
0
1
376
1867 1868 1869 1870 1871 1902 1903 1904 1905 1906 1907 1908 1909 1910 1937 1938 1939 1940 1941 1942 1943 1944 1945 1946 1947 1948 1973 1974 1975 1976 1977 1978 1979 1980 1981 1982 1983 1984 1985 1986 2009 2010 2011 2012 2013 2014 2015 2016 2017 2018 2019 2020 2021 2022 2023 2045 2046 2047 2048 2049 2050 2051 2052 2053 2054 2055 2056 2057 2058 2059 2060 2061 2081 2082 2083 2084 2085 2086 2087 2088 2089 2090 2091 2092 2093 2094 2095 2096 2097 2098 2117 2118 2119 2120 2121 2122 2123 2124 2125 2126 2127 2128 2129 2130 2131 2132 2133 2134 2135 2154 2155 2156 2157 2158 2159 2160 2161 2162 2163 2164 2165 2166 2167 2168 2169 2170 2171 2172 2173 2190 2191 2192 2193 2194 2195 2196 2197 2198 2199 2200 2201 2202 2203 2204 2205 2206 2207 2208 2209 2210 2227 2228 2229 2230 2231 2232 2233 2234 2235 2236 2237 2238 2239 2240 2241 2242 2243 2244 2245 2246 2247 2264 2265 2266 2267 2268 2269 2270 2271 2272 2273 2274 2275 2276 2277 2278 2279 2280 2281 2282 2283 2284 2301 2302 2303 2304 2305 2306 2307 2308 2309 2310 2311 2312 2313 2314 2315 2316 2317 2318 2319 2320 2321 2338 2339 2340 2341 2342 2343 2344 2345 2346 2347 2348 2349 2350 2351 2352 2353 2354 2355 2356 2357 2358 2375 2376 2377 2378 2379 2380 2381 2382 2383 2384 2385 2386 2387 2388 2389 2390 2391 2392 2393 2394 2395 2412 2413 2414 2415 2416 2417 2418 2419 2420 2421 2422 2423 2424 2425 2426 2427 2428 2429 2430 2431 2432 2449 2450 2451 2452 2453 2454 2455 2456 2457 2458 2459 2460 2461 2462 2463 2464 2465 2466 2467 2468 2469 2487 2488 2489 2490 2491 2492 2493 2494 2495 2496 2497 2498 2499 2500 2501 2502 2503 2504 2505 2506 2507 2525 2526 2527 2528 2529 2530 2531 2532 2533 2534 2535 2536 2537 2538 2539 2540 2541 2542 2543 2544 2563 2564 2565 2566 2567 2568 2569 2570 2571 2572 2573 2574 2575 2576 2577 2578 2579 2580 2581 2600 2601 2602 2603 2604 2605 2606 2607 2608 2609 2610 2611 2612 2613 2614 2615 2616 2617 2618 
0
0
REF_NODE
0
1
1
10000000 
0
0
TOPNODES
0
1
376
313 314 315 316 317 348 349 350 351 352 353 354 355 356 383 384 385 386 387 388 389 390 391 392 393 394 419 420 421 422 423 424 425 426 427 428 429 430 431 432 455 456 457 458 459 460 461 462 463 464 465 466 467 468 469 491 492 493 494 495 496 497 498 499 500 501 502 503 504 505 506 507 527 528 529 530 531 532 533 534 535 536 537 538 539 540 541 542 543 544 563 564 565 566 567 568 569 570 571 572 573 574 575 576 577 578 579 580 581 600 601 602 603 604 605 606 607 608 609 610 611 612 613 614 615 616 617 618 619 636 637 638 639 640 641 642 643 644 645 646 647 648 649 650 651 652 653 654 655 656 673 674 675 676 677 678 679 680 681 682 683 684 685 686 687 688 689 690 691 692 693 710 711 712 713 714 715 716 717 718 719 720 721 722 723 724 725 726 727 728 729 730 747 748 749 750 751 752 753 754 755 756 757 758 759 760 761 762 763 764 765 766 767 784 785 786 787 788 789 790 791 792 793 794 795 796 797 798 799 800 801 802 803 804 821 822 823 824 825 826 827 828 829 830 831 832 833 834 835 836 837 838 839 840 841 858 859 860 861 862 863 864 865 866 867 868 869 870 871 872 873 874 875 876 877 878 895 896 897 898 899 900 901 902 903 904 905 906 907 908 909 910 911 912 913 914 915 933 934 935 936 937 938 939 940 941 942 943 944 945 946 947 948 949 950 951 952 953 971 972 973 974 975 976 977 978 979 980 981 982 983 984 985 986 987 988 989 990 1009 1010 1011 1012 1013 1014 1015 1016 1017 1018 1019 1020 1021 1022 1023 1024 1025 1026 1027 1046 1047 1048 1049 1050 1051 1052 1053 1054 1055 1056 1057 1058 1059 1060 1061 1062 1063 1064 
0
0
0
0
0
