0
1
0
Assembly-1
1
PART-1-1
PART-1
1
PART-1-1
943
323
324
325
326
327
328
329
330
331
332
333
334
335
336
337
362
363
364
365
366
367
368
369
370
371
372
373
374
375
376
377
378
379
380
401
402
403
404
405
406
407
408
409
410
411
412
413
414
415
416
417
418
419
420
421
422
423
443
444
445
446
447
448
449
450
451
452
453
454
455
456
457
458
459
460
461
462
463
464
465
466
485
486
487
488
489
490
491
492
493
494
495
496
497
498
499
500
501
502
503
504
505
506
507
508
509
527
528
529
530
531
532
533
534
535
536
537
538
539
540
541
542
543
544
545
546
547
548
549
550
551
552
570
571
572
573
574
575
576
577
578
579
580
581
582
583
584
585
586
587
588
589
590
591
592
593
594
595
612
613
614
615
616
617
618
619
620
621
622
623
624
625
626
627
628
629
630
631
632
633
634
635
636
637
638
639
655
656
657
658
659
660
661
662
663
664
665
666
667
668
669
670
671
672
673
674
675
676
677
678
679
680
681
682
697
698
699
700
701
702
703
704
705
706
707
708
709
710
711
712
713
714
715
716
717
718
719
720
721
722
723
724
725
740
741
742
743
744
745
746
747
748
749
750
751
752
753
754
755
756
757
758
759
760
761
762
763
764
765
766
767
783
784
785
786
787
788
789
790
791
792
793
794
795
796
797
798
799
800
801
802
803
804
805
806
807
808
809
810
825
826
827
828
829
830
831
832
833
834
835
836
837
838
839
840
841
842
843
844
845
846
847
848
849
850
851
852
853
868
869
870
871
872
873
874
875
876
877
878
879
880
881
882
883
884
885
886
887
888
889
890
891
892
893
894
895
896
911
912
913
914
915
916
917
918
919
920
921
922
923
924
925
926
927
928
929
930
931
932
933
934
935
936
937
938
939
954
955
956
957
958
959
960
961
962
963
964
965
966
967
968
969
970
971
972
973
974
975
976
977
978
979
980
981
982
997
998
999
1000
1001
1002
1003
1004
1005
1006
1007
1008
1009
1010
1011
1012
1013
1014
1015
1016
1017
1018
1019
1020
1021
1022
1023
1024
1040
1041
1042
1043
1044
1045
1046
1047
1048
1049
1050
1051
1052
1053
1054
1055
1056
1057
1058
1059
1060
1061
1062
1063
1064
1065
1066
1067
2172
2173
2174
2175
2176
2177
2178
2179
2180
2181
2182
2183
2184
2185
2186
2211
2212
2213
2214
2215
2216
2217
2218
2219
2220
2221
2222
2223
2224
2225
2226
2227
2228
2229
2250
2251
2252
2253
2254
2255
2256
2257
2258
2259
2260
2261
2262
2263
2264
2265
2266
2267
2268
2269
2270
2271
2272
2292
2293
2294
2295
2296
2297
2298
2299
2300
2301
2302
2303
2304
2305
2306
2307
2308
2309
2310
2311
2312
2313
2314
2315
2334
2335
2336
2337
2338
2339
2340
2341
2342
2343
2344
2345
2346
2347
2348
2349
2350
2351
2352
2353
2354
2355
2356
2357
2358
2376
2377
2378
2379
2380
2381
2382
2383
2384
2385
2386
2387
2388
2389
2390
2391
2392
2393
2394
2395
2396
2397
2398
2399
2400
2401
2419
2420
2421
2422
2423
2424
2425
2426
2427
2428
2429
2430
2431
2432
2433
2434
2435
2436
2437
2438
2439
2440
2441
2442
2443
2444
2461
2462
2463
2464
2465
2466
2467
2468
2469
2470
2471
2472
2473
2474
2475
2476
2477
2478
2479
2480
2481
2482
2483
2484
2485
2486
2487
2488
2504
2505
2506
2507
2508
2509
2510
2511
2512
2513
2514
2515
2516
2517
2518
2519
2520
2521
2522
2523
2524
2525
2526
2527
2528
2529
2530
2531
2546
2547
2548
2549
2550
2551
2552
2553
2554
2555
2556
2557
2558
2559
2560
2561
2562
2563
2564
2565
2566
2567
2568
2569
2570
2571
2572
2573
2574
2589
2590
2591
2592
2593
2594
2595
2596
2597
2598
2599
2600
2601
2602
2603
2604
2605
2606
2607
2608
2609
2610
2611
2612
2613
2614
2615
2616
2632
2633
2634
2635
2636
2637
2638
2639
2640
2641
2642
2643
2644
2645
2646
2647
2648
2649
2650
2651
2652
2653
2654
2655
2656
2657
2658
2659
2674
2675
2676
2677
2678
2679
2680
2681
2682
2683
2684
2685
2686
2687
2688
2689
2690
2691
2692
2693
2694
2695
2696
2697
2698
2699
2700
2701
2702
2717
2718
2719
2720
2721
2722
2723
2724
2725
2726
2727
2728
2729
2730
2731
2732
2733
2734
2735
2736
2737
2738
2739
2740
2741
2742
2743
2744
2745
2760
2761
2762
2763
2764
2765
2766
2767
2768
2769
2770
2771
2772
2773
2774
2775
2776
2777
2778
2779
2780
2781
2782
2783
2784
2785
2786
2787
2788
2803
2804
2805
2806
2807
2808
2809
2810
2811
2812
2813
2814
2815
2816
2817
2818
2819
2820
2821
2822
2823
2824
2825
2826
2827
2828
2829
2830
2831
2846
2847
2848
2849
2850
2851
2852
2853
2854
2855
2856
2857
2858
2859
2860
2861
2862
2863
2864
2865
2866
2867
2868
2869
2870
2871
2872
2873
2889
2890
2891
2892
2893
2894
2895
2896
2897
2898
2899
2900
2901
2902
2903
2904
2905
2906
2907
2908
2909
2910
2911
2912
2913
2914
2915
2916
10000000
0
1
PART-1-1
424
316
317
318
319
320
321
322
323
324
325
326
327
328
329
354
355
356
357
358
359
360
361
362
363
364
365
366
367
368
369
370
371
392
393
394
395
396
397
398
399
400
401
402
403
404
405
406
407
408
409
410
411
412
413
433
434
435
436
437
438
439
440
441
442
443
444
445
446
447
448
449
450
451
452
453
454
455
474
475
476
477
478
479
480
481
482
483
484
485
486
487
488
489
490
491
492
493
494
495
496
497
515
516
517
518
519
520
521
522
523
524
525
526
527
528
529
530
531
532
533
534
535
536
537
538
539
557
558
559
560
561
562
563
564
565
566
567
568
569
570
571
572
573
574
575
576
577
578
579
580
581
598
599
600
601
602
603
604
605
606
607
608
609
610
611
612
613
614
615
616
617
618
619
620
621
622
623
624
640
641
642
643
644
645
646
647
648
649
650
651
652
653
654
655
656
657
658
659
660
661
662
663
664
665
666
681
682
683
684
685
686
687
688
689
690
691
692
693
694
695
696
697
698
699
700
701
702
703
704
705
706
707
723
724
725
726
727
728
729
730
731
732
733
734
735
736
737
738
739
740
741
742
743
744
745
746
747
748
749
765
766
767
768
769
770
771
772
773
774
775
776
777
778
779
780
781
782
783
784
785
786
787
788
789
790
791
806
807
808
809
810
811
812
813
814
815
816
817
818
819
820
821
822
823
824
825
826
827
828
829
830
831
832
833
848
849
850
851
852
853
854
855
856
857
858
859
860
861
862
863
864
865
866
867
868
869
870
871
872
873
874
875
890
891
892
893
894
895
896
897
898
899
900
901
902
903
904
905
906
907
908
909
910
911
912
913
914
915
916
917
932
933
934
935
936
937
938
939
940
941
942
943
944
945
946
947
948
949
950
951
952
953
954
955
956
957
958
974
975
976
977
978
979
980
981
982
983
984
985
986
987
988
989
990
991
992
993
994
995
996
997
998
999
1000
0
0
1
PART-1-1
425
BONE
0
1
424
316 317 318 319 320 321 322 323 324 325 326 327 328 329 354 355 356 357 358 359 360 361 362 363 364 365 366 367 368 369 370 371 392 393 394 395 396 397 398 399 400 401 402 403 404 405 406 407 408 409 410 411 412 413 433 434 435 436 437 438 439 440 441 442 443 444 445 446 447 448 449 450 451 452 453 454 455 474 475 476 477 478 479 480 481 482 483 484 485 486 487 488 489 490 491 492 493 494 495 496 497 515 516 517 518 519 520 521 522 523 524 525 526 527 528 529 530 531 532 533 534 535 536 537 538 539 557 558 559 560 561 562 563 564 565 566 567 568 569 570 571 572 573 574 575 576 577 578 579 580 581 598 599 600 601 602 603 604 605 606 607 608 609 610 611 612 613 614 615 616 617 618 619 620 621 622 623 624 640 641 642 643 644 645 646 647 648 649 650 651 652 653 654 655 656 657 658 659 660 661 662 663 664 665 666 681 682 683 684 685 686 687 688 689 690 691 692 693 694 695 696 697 698 699 700 701 702 703 704 705 706 707 723 724 725 726 727 728 729 730 731 732 733 734 735 736 737 738 739 740 741 742 743 744 745 746 747 748 749 765 766 767 768 769 770 771 772 773 774 775 776 777 778 779 780 781 782 783 784 785 786 787 788 789 790 791 806 807 808 809 810 811 812 813 814 815 816 817 818 819 820 821 822 823 824 825 826 827 828 829 830 831 832 833 848 849 850 851 852 853 854 855 856 857 858 859 860 861 862 863 864 865 866 867 868 869 870 871 872 873 874 875 890 891 892 893 894 895 896 897 898 899 900 901 902 903 904 905 906 907 908 909 910 911 912 913 914 915 916 917 932 933 934 935 936 937 938 939 940 941 942 943 944 945 946 947 948 949 950 951 952 953 954 955 956 957 958 974 975 976 977 978 979 980 981 982 983 984 985 986 987 988 989 990 991 992 993 994 995 996 997 998 999 1000 
0
0
ELSET1000
0
1
1
1000 
0
0
ELSET316
0
1
1
316 
0
0
ELSET317
0
1
1
317 
0
0
ELSET318
0
1
1
318 
0
0
ELSET319
0
1
1
319 
0
0
ELSET320
0
1
1
320 
0
0
ELSET321
0
1
1
321 
0
0
ELSET322
0
1
1
322 
0
0
ELSET323
0
1
1
323 
0
0
ELSET324
0
1
1
324 
0
0
ELSET325
0
1
1
325 
0
0
ELSET326
0
1
1
326 
0
0
ELSET327
0
1
1
327 
0
0
ELSET328
0
1
1
328 
0
0
ELSET329
0
1
1
329 
0
0
ELSET354
0
1
1
354 
0
0
ELSET355
0
1
1
355 
0
0
ELSET356
0
1
1
356 
0
0
ELSET357
0
1
1
357 
0
0
ELSET358
0
1
1
358 
0
0
ELSET359
0
1
1
359 
0
0
ELSET360
0
1
1
360 
0
0
ELSET361
0
1
1
361 
0
0
ELSET362
0
1
1
362 
0
0
ELSET363
0
1
1
363 
0
0
ELSET364
0
1
1
364 
0
0
ELSET365
0
1
1
365 
0
0
ELSET366
0
1
1
366 
0
0
ELSET367
0
1
1
367 
0
0
ELSET368
0
1
1
368 
0
0
ELSET369
0
1
1
369 
0
0
ELSET370
0
1
1
370 
0
0
ELSET371
0
1
1
371 
0
0
ELSET392
0
1
1
392 
0
0
ELSET393
0
1
1
393 
0
0
ELSET394
0
1
1
394 
0
0
ELSET395
0
1
1
395 
0
0
ELSET396
0
1
1
396 
0
0
ELSET397
0
1
1
397 
0
0
ELSET398
0
1
1
398 
0
0
ELSET399
0
1
1
399 
0
0
ELSET400
0
1
1
400 
0
0
ELSET401
0
1
1
401 
0
0
ELSET402
0
1
1
402 
0
0
ELSET403
0
1
1
403 
0
0
ELSET404
0
1
1
404 
0
0
ELSET405
0
1
1
405 
0
0
ELSET406
0
1
1
406 
0
0
ELSET407
0
1
1
407 
0
0
ELSET408
0
1
1
408 
0
0
ELSET409
0
1
1
409 
0
0
ELSET410
0
1
1
410 
0
0
ELSET411
0
1
1
411 
0
0
ELSET412
0
1
1
412 
0
0
ELSET413
0
1
1
413 
0
0
ELSET433
0
1
1
433 
0
0
ELSET434
0
1
1
434 
0
0
ELSET435
0
1
1
435 
0
0
ELSET436
0
1
1
436 
0
0
ELSET437
0
1
1
437 
0
0
ELSET438
0
1
1
438 
0
0
ELSET439
0
1
1
439 
0
0
ELSET440
0
1
1
440 
0
0
ELSET441
0
1
1
441 
0
0
ELSET442
0
1
1
442 
0
0
ELSET443
0
1
1
443 
0
0
ELSET444
0
1
1
444 
0
0
ELSET445
0
1
1
445 
0
0
ELSET446
0
1
1
446 
0
0
ELSET447
0
1
1
447 
0
0
ELSET448
0
1
1
448 
0
0
ELSET449
0
1
1
449 
0
0
ELSET450
0
1
1
450 
0
0
ELSET451
0
1
1
451 
0
0
ELSET452
0
1
1
452 
0
0
ELSET453
0
1
1
453 
0
0
ELSET454
0
1
1
454 
0
0
ELSET455
0
1
1
455 
0
0
ELSET474
0
1
1
474 
0
0
ELSET475
0
1
1
475 
0
0
ELSET476
0
1
1
476 
0
0
ELSET477
0
1
1
477 
0
0
ELSET478
0
1
1
478 
0
0
ELSET479
0
1
1
479 
0
0
ELSET480
0
1
1
480 
0
0
ELSET481
0
1
1
481 
0
0
ELSET482
0
1
1
482 
0
0
ELSET483
0
1
1
483 
0
0
ELSET484
0
1
1
484 
0
0
ELSET485
0
1
1
485 
0
0
ELSET486
0
1
1
486 
0
0
ELSET487
0
1
1
487 
0
0
ELSET488
0
1
1
488 
0
0
ELSET489
0
1
1
489 
0
0
ELSET490
0
1
1
490 
0
0
ELSET491
0
1
1
491 
0
0
ELSET492
0
1
1
492 
0
0
ELSET493
0
1
1
493 
0
0
ELSET494
0
1
1
494 
0
0
ELSET495
0
1
1
495 
0
0
ELSET496
0
1
1
496 
0
0
ELSET497
0
1
1
497 
0
0
ELSET515
0
1
1
515 
0
0
ELSET516
0
1
1
516 
0
0
ELSET517
0
1
1
517 
0
0
ELSET518
0
1
1
518 
0
0
ELSET519
0
1
1
519 
0
0
ELSET520
0
1
1
520 
0
0
ELSET521
0
1
1
521 
0
0
ELSET522
0
1
1
522 
0
0
ELSET523
0
1
1
523 
0
0
ELSET524
0
1
1
524 
0
0
ELSET525
0
1
1
525 
0
0
ELSET526
0
1
1
526 
0
0
ELSET527
0
1
1
527 
0
0
ELSET528
0
1
1
528 
0
0
ELSET529
0
1
1
529 
0
0
ELSET530
0
1
1
530 
0
0
ELSET531
0
1
1
531 
0
0
ELSET532
0
1
1
532 
0
0
ELSET533
0
1
1
533 
0
0
ELSET534
0
1
1
534 
0
0
ELSET535
0
1
1
535 
0
0
ELSET536
0
1
1
536 
0
0
ELSET537
0
1
1
537 
0
0
ELSET538
0
1
1
538 
0
0
ELSET539
0
1
1
539 
0
0
ELSET557
0
1
1
557 
0
0
ELSET558
0
1
1
558 
0
0
ELSET559
0
1
1
559 
0
0
ELSET560
0
1
1
560 
0
0
ELSET561
0
1
1
561 
0
0
ELSET562
0
1
1
562 
0
0
ELSET563
0
1
1
563 
0
0
ELSET564
0
1
1
564 
0
0
ELSET565
0
1
1
565 
0
0
ELSET566
0
1
1
566 
0
0
ELSET567
0
1
1
567 
0
0
ELSET568
0
1
1
568 
0
0
ELSET569
0
1
1
569 
0
0
ELSET570
0
1
1
570 
0
0
ELSET571
0
1
1
571 
0
0
ELSET572
0
1
1
572 
0
0
ELSET573
0
1
1
573 
0
0
ELSET574
0
1
1
574 
0
0
ELSET575
0
1
1
575 
0
0
ELSET576
0
1
1
576 
0
0
ELSET577
0
1
1
577 
0
0
ELSET578
0
1
1
578 
0
0
ELSET579
0
1
1
579 
0
0
ELSET580
0
1
1
580 
0
0
ELSET581
0
1
1
581 
0
0
ELSET598
0
1
1
598 
0
0
ELSET599
0
1
1
599 
0
0
ELSET600
0
1
1
600 
0
0
ELSET601
0
1
1
601 
0
0
ELSET602
0
1
1
602 
0
0
ELSET603
0
1
1
603 
0
0
ELSET604
0
1
1
604 
0
0
ELSET605
0
1
1
605 
0
0
ELSET606
0
1
1
606 
0
0
ELSET607
0
1
1
607 
0
0
ELSET608
0
1
1
608 
0
0
ELSET609
0
1
1
609 
0
0
ELSET610
0
1
1
610 
0
0
ELSET611
0
1
1
611 
0
0
ELSET612
0
1
1
612 
0
0
ELSET613
0
1
1
613 
0
0
ELSET614
0
1
1
614 
0
0
ELSET615
0
1
1
615 
0
0
ELSET616
0
1
1
616 
0
0
ELSET617
0
1
1
617 
0
0
ELSET618
0
1
1
618 
0
0
ELSET619
0
1
1
619 
0
0
ELSET620
0
1
1
620 
0
0
ELSET621
0
1
1
621 
0
0
ELSET622
0
1
1
622 
0
0
ELSET623
0
1
1
623 
0
0
ELSET624
0
1
1
624 
0
0
ELSET640
0
1
1
640 
0
0
ELSET641
0
1
1
641 
0
0
ELSET642
0
1
1
642 
0
0
ELSET643
0
1
1
643 
0
0
ELSET644
0
1
1
644 
0
0
ELSET645
0
1
1
645 
0
0
ELSET646
0
1
1
646 
0
0
ELSET647
0
1
1
647 
0
0
ELSET648
0
1
1
648 
0
0
ELSET649
0
1
1
649 
0
0
ELSET650
0
1
1
650 
0
0
ELSET651
0
1
1
651 
0
0
ELSET652
0
1
1
652 
0
0
ELSET653
0
1
1
653 
0
0
ELSET654
0
1
1
654 
0
0
ELSET655
0
1
1
655 
0
0
ELSET656
0
1
1
656 
0
0
ELSET657
0
1
1
657 
0
0
ELSET658
0
1
1
658 
0
0
ELSET659
0
1
1
659 
0
0
ELSET660
0
1
1
660 
0
0
ELSET661
0
1
1
661 
0
0
ELSET662
0
1
1
662 
0
0
ELSET663
0
1
1
663 
0
0
ELSET664
0
1
1
664 
0
0
ELSET665
0
1
1
665 
0
0
ELSET666
0
1
1
666 
0
0
ELSET681
0
1
1
681 
0
0
ELSET682
0
1
1
682 
0
0
ELSET683
0
1
1
683 
0
0
ELSET684
0
1
1
684 
0
0
ELSET685
0
1
1
685 
0
0
ELSET686
0
1
1
686 
0
0
ELSET687
0
1
1
687 
0
0
ELSET688
0
1
1
688 
0
0
ELSET689
0
1
1
689 
0
0
ELSET690
0
1
1
690 
0
0
ELSET691
0
1
1
691 
0
0
ELSET692
0
1
1
692 
0
0
ELSET693
0
1
1
693 
0
0
ELSET694
0
1
1
694 
0
0
ELSET695
0
1
1
695 
0
0
ELSET696
0
1
1
696 
0
0
ELSET697
0
1
1
697 
0
0
ELSET698
0
1
1
698 
0
0
ELSET699
0
1
1
699 
0
0
ELSET700
0
1
1
700 
0
0
ELSET701
0
1
1
701 
0
0
ELSET702
0
1
1
702 
0
0
ELSET703
0
1
1
703 
0
0
ELSET704
0
1
1
704 
0
0
ELSET705
0
1
1
705 
0
0
ELSET706
0
1
1
706 
0
0
ELSET707
0
1
1
707 
0
0
ELSET723
0
1
1
723 
0
0
ELSET724
0
1
1
724 
0
0
ELSET725
0
1
1
725 
0
0
ELSET726
0
1
1
726 
0
0
ELSET727
0
1
1
727 
0
0
ELSET728
0
1
1
728 
0
0
ELSET729
0
1
1
729 
0
0
ELSET730
0
1
1
730 
0
0
ELSET731
0
1
1
731 
0
0
ELSET732
0
1
1
732 
0
0
ELSET733
0
1
1
733 
0
0
ELSET734
0
1
1
734 
0
0
ELSET735
0
1
1
735 
0
0
ELSET736
0
1
1
736 
0
0
ELSET737
0
1
1
737 
0
0
ELSET738
0
1
1
738 
0
0
ELSET739
0
1
1
739 
0
0
ELSET740
0
1
1
740 
0
0
ELSET741
0
1
1
741 
0
0
ELSET742
0
1
1
742 
0
0
ELSET743
0
1
1
743 
0
0
ELSET744
0
1
1
744 
0
0
ELSET745
0
1
1
745 
0
0
ELSET746
0
1
1
746 
0
0
ELSET747
0
1
1
747 
0
0
ELSET748
0
1
1
748 
0
0
ELSET749
0
1
1
749 
0
0
ELSET765
0
1
1
765 
0
0
ELSET766
0
1
1
766 
0
0
ELSET767
0
1
1
767 
0
0
ELSET768
0
1
1
768 
0
0
ELSET769
0
1
1
769 
0
0
ELSET770
0
1
1
770 
0
0
ELSET771
0
1
1
771 
0
0
ELSET772
0
1
1
772 
0
0
ELSET773
0
1
1
773 
0
0
ELSET774
0
1
1
774 
0
0
ELSET775
0
1
1
775 
0
0
ELSET776
0
1
1
776 
0
0
ELSET777
0
1
1
777 
0
0
ELSET778
0
1
1
778 
0
0
ELSET779
0
1
1
779 
0
0
ELSET780
0
1
1
780 
0
0
ELSET781
0
1
1
781 
0
0
ELSET782
0
1
1
782 
0
0
ELSET783
0
1
1
783 
0
0
ELSET784
0
1
1
784 
0
0
ELSET785
0
1
1
785 
0
0
ELSET786
0
1
1
786 
0
0
ELSET787
0
1
1
787 
0
0
ELSET788
0
1
1
788 
0
0
ELSET789
0
1
1
789 
0
0
ELSET790
0
1
1
790 
0
0
ELSET791
0
1
1
791 
0
0
ELSET806
0
1
1
806 
0
0
ELSET807
0
1
1
807 
0
0
ELSET808
0
1
1
808 
0
0
ELSET809
0
1
1
809 
0
0
ELSET810
0
1
1
810 
0
0
ELSET811
0
1
1
811 
0
0
ELSET812
0
1
1
812 
0
0
ELSET813
0
1
1
813 
0
0
ELSET814
0
1
1
814 
0
0
ELSET815
0
1
1
815 
0
0
ELSET816
0
1
1
816 
0
0
ELSET817
0
1
1
817 
0
0
ELSET818
0
1
1
818 
0
0
ELSET819
0
1
1
819 
0
0
ELSET820
0
1
1
820 
0
0
ELSET821
0
1
1
821 
0
0
ELSET822
0
1
1
822 
0
0
ELSET823
0
1
1
823 
0
0
ELSET824
0
1
1
824 
0
0
ELSET825
0
1
1
825 
0
0
ELSET826
0
1
1
826 
0
0
ELSET827
0
1
1
827 
0
0
ELSET828
0
1
1
828 
0
0
ELSET829
0
1
1
829 
0
0
ELSET830
0
1
1
830 
0
0
ELSET831
0
1
1
831 
0
0
ELSET832
0
1
1
832 
0
0
ELSET833
0
1
1
833 
0
0
ELSET848
0
1
1
848 
0
0
ELSET849
0
1
1
849 
0
0
ELSET850
0
1
1
850 
0
0
ELSET851
0
1
1
851 
0
0
ELSET852
0
1
1
852 
0
0
ELSET853
0
1
1
853 
0
0
ELSET854
0
1
1
854 
0
0
ELSET855
0
1
1
855 
0
0
ELSET856
0
1
1
856 
0
0
ELSET857
0
1
1
857 
0
0
ELSET858
0
1
1
858 
0
0
ELSET859
0
1
1
859 
0
0
ELSET860
0
1
1
860 
0
0
ELSET861
0
1
1
861 
0
0
ELSET862
0
1
1
862 
0
0
ELSET863
0
1
1
863 
0
0
ELSET864
0
1
1
864 
0
0
ELSET865
0
1
1
865 
0
0
ELSET866
0
1
1
866 
0
0
ELSET867
0
1
1
867 
0
0
ELSET868
0
1
1
868 
0
0
ELSET869
0
1
1
869 
0
0
ELSET870
0
1
1
870 
0
0
ELSET871
0
1
1
871 
0
0
ELSET872
0
1
1
872 
0
0
ELSET873
0
1
1
873 
0
0
ELSET874
0
1
1
874 
0
0
ELSET875
0
1
1
875 
0
0
ELSET890
0
1
1
890 
0
0
ELSET891
0
1
1
891 
0
0
ELSET892
0
1
1
892 
0
0
ELSET893
0
1
1
893 
0
0
ELSET894
0
1
1
894 
0
0
ELSET895
0
1
1
895 
0
0
ELSET896
0
1
1
896 
0
0
ELSET897
0
1
1
897 
0
0
ELSET898
0
1
1
898 
0
0
ELSET899
0
1
1
899 
0
0
ELSET900
0
1
1
900 
0
0
ELSET901
0
1
1
901 
0
0
ELSET902
0
1
1
902 
0
0
ELSET903
0
1
1
903 
0
0
ELSET904
0
1
1
904 
0
0
ELSET905
0
1
1
905 
0
0
ELSET906
0
1
1
906 
0
0
ELSET907
0
1
1
907 
0
0
ELSET908
0
1
1
908 
0
0
ELSET909
0
1
1
909 
0
0
ELSET910
0
1
1
910 
0
0
ELSET911
0
1
1
911 
0
0
ELSET912
0
1
1
912 
0
0
ELSET913
0
1
1
913 
0
0
ELSET914
0
1
1
914 
0
0
ELSET915
0
1
1
915 
0
0
ELSET916
0
1
1
916 
0
0
ELSET917
0
1
1
917 
0
0
ELSET932
0
1
1
932 
0
0
ELSET933
0
1
1
933 
0
0
ELSET934
0
1
1
934 
0
0
ELSET935
0
1
1
935 
0
0
ELSET936
0
1
1
936 
0
0
ELSET937
0
1
1
937 
0
0
ELSET938
0
1
1
938 
0
0
ELSET939
0
1
1
939 
0
0
ELSET940
0
1
1
940 
0
0
ELSET941
0
1
1
941 
0
0
ELSET942
0
1
1
942 
0
0
ELSET943
0
1
1
943 
0
0
ELSET944
0
1
1
944 
0
0
ELSET945
0
1
1
945 
0
0
ELSET946
0
1
1
946 
0
0
ELSET947
0
1
1
947 
0
0
ELSET948
0
1
1
948 
0
0
ELSET949
0
1
1
949 
0
0
ELSET950
0
1
1
950 
0
0
ELSET951
0
1
1
951 
0
0
ELSET952
0
1
1
952 
0
0
ELSET953
0
1
1
953 
0
0
ELSET954
0
1
1
954 
0
0
ELSET955
0
1
1
955 
0
0
ELSET956
0
1
1
956 
0
0
ELSET957
0
1
1
957 
0
0
ELSET958
0
1
1
958 
0
0
ELSET974
0
1
1
974 
0
0
ELSET975
0
1
1
975 
0
0
ELSET976
0
1
1
976 
0
0
ELSET977
0
1
1
977 
0
0
ELSET978
0
1
1
978 
0
0
ELSET979
0
1
1
979 
0
0
ELSET980
0
1
1
980 
0
0
ELSET981
0
1
1
981 
0
0
ELSET982
0
1
1
982 
0
0
ELSET983
0
1
1
983 
0
0
ELSET984
0
1
1
984 
0
0
ELSET985
0
1
1
985 
0
0
ELSET986
0
1
1
986 
0
0
ELSET987
0
1
1
987 
0
0
ELSET988
0
1
1
988 
0
0
ELSET989
0
1
1
989 
0
0
ELSET990
0
1
1
990 
0
0
ELSET991
0
1
1
991 
0
0
ELSET992
0
1
1
992 
0
0
ELSET993
0
1
1
993 
0
0
ELSET994
0
1
1
994 
0
0
ELSET995
0
1
1
995 
0
0
ELSET996
0
1
1
996 
0
0
ELSET997
0
1
1
997 
0
0
ELSET998
0
1
1
998 
0
0
ELSET999
0
1
1
999 
0
0
0
0
1
PART-1-1
3
BOTNODES
0
1
471
2172 2173 2174 2175 2176 2177 2178 2179 2180 2181 2182 2183 2184 2185 2186 2211 2212 2213 2214 2215 2216 2217 2218 2219 2220 2221 2222 2223 2224 2225 2226 2227 2228 2229 2250 2251 2252 2253 2254 2255 2256 2257 2258 2259 2260 2261 2262 2263 2264 2265 2266 2267 2268 2269 2270 2271 2272 2292 2293 2294 2295 2296 2297 2298 2299 2300 2301 2302 2303 2304 2305 2306 2307 2308 2309 2310 2311 2312 2313 2314 2315 2334 2335 2336 2337 2338 2339 2340 2341 2342 2343 2344 2345 2346 2347 2348 2349 2350 2351 2352 2353 2354 2355 2356 2357 2358 2376 2377 2378 2379 2380 2381 2382 2383 2384 2385 2386 2387 2388 2389 2390 2391 2392 2393 2394 2395 2396 2397 2398 2399 2400 2401 2419 2420 2421 2422 2423 2424 2425 2426 2427 2428 2429 2430 2431 2432 2433 2434 2435 2436 2437 2438 2439 2440 2441 2442 2443 2444 2461 2462 2463 2464 2465 2466 2467 2468 2469 2470 2471 2472 2473 2474 2475 2476 2477 2478 2479 2480 2481 2482 2483 2484 2485 2486 2487 2488 2504 2505 2506 2507 2508 2509 2510 2511 2512 2513 2514 2515 2516 2517 2518 2519 2520 2521 2522 2523 2524 2525 2526 2527 2528 2529 2530 2531 2546 2547 2548 2549 2550 2551 2552 2553 2554 2555 2556 2557 2558 2559 2560 2561 2562 2563 2564 2565 2566 2567 2568 2569 2570 2571 2572 2573 2574 2589 2590 2591 2592 2593 2594 2595 2596 2597 2598 2599 2600 2601 2602 2603 2604 2605 2606 2607 2608 2609 2610 2611 2612 2613 2614 2615 2616 2632 2633 2634 2635 2636 2637 2638 2639 2640 2641 2642 2643 2644 2645 2646 2647 2648 2649 2650 2651 2652 2653 2654 2655 2656 2657 2658 2659 2674 2675 2676 2677 2678 2679 2680 2681 2682 2683 2684 2685 2686 2687 2688 2689 2690 2691 2692 2693 2694 2695 2696 2697 2698 2699 2700 2701 2702 2717 2718 2719 2720 2721 2722 2723 2724 2725 2726 2727 2728 2729 2730 2731 2732 2733 2734 2735 2736 2737 2738 2739 2740 2741 2742 2743 2744 2745 2760 2761 2762 2763 2764 2765 2766 2767 2768 2769 2770 2771 2772 2773 2774 2775 2776 2777 2778 2779 2780 2781 2782 2783 2784 2785 2786 2787 2788 2803 2804 2805 2806 2807 2808 2809 2810 2811 2812 2813 2814 2815 2816 2817 2818 2819 2820 2821 2822 2823 2824 2825 2826 2827 2828 2829 2830 2831 2846 2847 2848 2849 2850 2851 2852 2853 2854 2855 2856 2857 2858 2859 2860 2861 2862 2863 2864 2865 2866 2867 2868 2869 2870 2871 2872 2873 2889 2890 2891 2892 2893 2894 2895 2896 2897 2898 2899 2900 2901 2902 2903 2904 2905 2906 2907 2908 2909 2910 2911 2912 2913 2914 2915 2916 
0
0
REF_NODE
0
1
1
10000000 
0
0
TOPNODES
0
1
471
323 324 325 326 327 328 329 330 331 332 333 334 335 336 337 362 363 364 365 366 367 368 369 370 371 372 373 374 375 376 377 378 379 380 401 402 403 404 405 406 407 408 409 410 411 412 413 414 415 416 417 418 419 420 421 422 423 443 444 445 446 447 448 449 450 451 452 453 454 455 456 457 458 459 460 461 462 463 464 465 466 485 486 487 488 489 490 491 492 493 494 495 496 497 498 499 500 501 502 503 504 505 506 507 508 509 527 528 529 530 531 532 533 534 535 536 537 538 539 540 541 542 543 544 545 546 547 548 549 550 551 552 570 571 572 573 574 575 576 577 578 579 580 581 582 583 584 585 586 587 588 589 590 591 592 593 594 595 612 613 614 615 616 617 618 619 620 621 622 623 624 625 626 627 628 629 630 631 632 633 634 635 636 637 638 639 655 656 657 658 659 660 661 662 663 664 665 666 667 668 669 670 671 672 673 674 675 676 677 678 679 680 681 682 697 698 699 700 701 702 703 704 705 706 707 708 709 710 711 712 713 714 715 716 717 718 719 720 721 722 723 724 725 740 741 742 743 744 745 746 747 748 749 750 751 752 753 754 755 756 757 758 759 760 761 762 763 764 765 766 767 783 784 785 786 787 788 789 790 791 792 793 794 795 796 797 798 799 800 801 802 803 804 805 806 807 808 809 810 825 826 827 828 829 830 831 832 833 834 835 836 837 838 839 840 841 842 843 844 845 846 847 848 849 850 851 852 853 868 869 870 871 872 873 874 875 876 877 878 879 880 881 882 883 884 885 886 887 888 889 890 891 892 893 894 895 896 911 912 913 914 915 916 917 918 919 920 921 922 923 924 925 926 927 928 929 930 931 932 933 934 935 936 937 938 939 954 955 956 957 958 959 960 961 962 963 964 965 966 967 968 969 970 971 972 973 974 975 976 977 978 979 980 981 982 997 998 999 1000 1001 1002 1003 1004 1005 1006 1007 1008 1009 1010 1011 1012 1013 1014 1015 1016 1017 1018 1019 1020 1021 1022 1023 1024 1040 1041 1042 1043 1044 1045 1046 1047 1048 1049 1050 1051 1052 1053 1054 1055 1056 1057 1058 1059 1060 1061 1062 1063 1064 1065 1066 1067 
0
0
0
0
0
