0
1
0
Assembly-1
1
PART-1-1
PART-1
1
PART-1-1
823
264
265
266
267
268
269
270
271
272
273
298
299
300
301
302
303
304
305
306
307
308
309
310
311
312
333
334
335
336
337
338
339
340
341
342
343
344
345
346
347
348
349
350
351
369
370
371
372
373
374
375
376
377
378
379
380
381
382
383
384
385
386
387
388
405
406
407
408
409
410
411
412
413
414
415
416
417
418
419
420
421
422
423
424
425
441
442
443
444
445
446
447
448
449
450
451
452
453
454
455
456
457
458
459
460
461
462
477
478
479
480
481
482
483
484
485
486
487
488
489
490
491
492
493
494
495
496
497
498
513
514
515
516
517
518
519
520
521
522
523
524
525
526
527
528
529
530
531
532
533
534
549
550
551
552
553
554
555
556
557
558
559
560
561
562
563
564
565
566
567
568
569
570
585
586
587
588
589
590
591
592
593
594
595
596
597
598
599
600
601
602
603
604
605
606
621
622
623
624
625
626
627
628
629
630
631
632
633
634
635
636
637
638
639
640
641
642
657
658
659
660
661
662
663
664
665
666
667
668
669
670
671
672
673
674
675
676
677
678
693
694
695
696
697
698
699
700
701
702
703
704
705
706
707
708
709
710
711
712
713
729
730
731
732
733
734
735
736
737
738
739
740
741
742
743
744
745
746
747
748
749
765
766
767
768
769
770
771
772
773
774
775
776
777
778
779
780
781
782
783
784
801
802
803
804
805
806
807
808
809
810
811
812
813
814
815
816
817
818
819
820
838
839
840
841
842
843
844
845
846
847
848
849
850
851
852
853
854
855
874
875
876
877
878
879
880
881
882
883
884
885
886
887
888
889
890
911
912
913
914
915
916
917
918
919
920
921
922
923
924
925
926
948
949
950
951
952
953
954
955
956
957
958
959
960
961
985
986
987
988
989
990
991
992
993
994
995
996
1023
1024
1025
1026
1027
1028
1029
1030
1031
1061
1062
1063
1064
1560
1561
1562
1563
1564
1565
1566
1567
1568
1569
1594
1595
1596
1597
1598
1599
1600
1601
1602
1603
1604
1605
1606
1607
1608
1629
1630
1631
1632
1633
1634
1635
1636
1637
1638
1639
1640
1641
1642
1643
1644
1645
1646
1647
1665
1666
1667
1668
1669
1670
1671
1672
1673
1674
1675
1676
1677
1678
1679
1680
1681
1682
1683
1684
1701
1702
1703
1704
1705
1706
1707
1708
1709
1710
1711
1712
1713
1714
1715
1716
1717
1718
1719
1720
1721
1737
1738
1739
1740
1741
1742
1743
1744
1745
1746
1747
1748
1749
1750
1751
1752
1753
1754
1755
1756
1757
1758
1773
1774
1775
1776
1777
1778
1779
1780
1781
1782
1783
1784
1785
1786
1787
1788
1789
1790
1791
1792
1793
1794
1809
1810
1811
1812
1813
1814
1815
1816
1817
1818
1819
1820
1821
1822
1823
1824
1825
1826
1827
1828
1829
1830
1845
1846
1847
1848
1849
1850
1851
1852
1853
1854
1855
1856
1857
1858
1859
1860
1861
1862
1863
1864
1865
1866
1881
1882
1883
1884
1885
1886
1887
1888
1889
1890
1891
1892
1893
1894
1895
1896
1897
1898
1899
1900
1901
1902
1917
1918
1919
1920
1921
1922
1923
1924
1925
1926
1927
1928
1929
1930
1931
1932
1933
1934
1935
1936
1937
1938
1953
1954
1955
1956
1957
1958
1959
1960
1961
1962
1963
1964
1965
1966
1967
1968
1969
1970
1971
1972
1973
1974
1989
1990
1991
1992
1993
1994
1995
1996
1997
1998
1999
2000
2001
2002
2003
2004
2005
2006
2007
2008
2009
2025
2026
2027
2028
2029
2030
2031
2032
2033
2034
2035
2036
2037
2038
2039
2040
2041
2042
2043
2044
2045
2061
2062
2063
2064
2065
2066
2067
2068
2069
2070
2071
2072
2073
2074
2075
2076
2077
2078
2079
2080
2097
2098
2099
2100
2101
2102
2103
2104
2105
2106
2107
2108
2109
2110
2111
2112
2113
2114
2115
2116
2134
2135
2136
2137
2138
2139
2140
2141
2142
2143
2144
2145
2146
2147
2148
2149
2150
2151
2170
2171
2172
2173
2174
2175
2176
2177
2178
2179
2180
2181
2182
2183
2184
2185
2186
2207
2208
2209
2210
2211
2212
2213
2214
2215
2216
2217
2218
2219
2220
2221
2222
2244
2245
2246
2247
2248
2249
2250
2251
2252
2253
2254
2255
2256
2257
2281
2282
2283
2284
2285
2286
2287
2288
2289
2290
2291
2292
2319
2320
2321
2322
2323
2324
2325
2326
2327
2357
2358
2359
2360
10000000
0
1
PART-1-1
367
257
258
259
260
261
262
263
264
265
290
291
292
293
294
295
296
297
298
299
300
301
302
303
324
325
326
327
328
329
330
331
332
333
334
335
336
337
338
339
340
341
359
360
361
362
363
364
365
366
367
368
369
370
371
372
373
374
375
376
377
394
395
396
397
398
399
400
401
402
403
404
405
406
407
408
409
410
411
412
413
429
430
431
432
433
434
435
436
437
438
439
440
441
442
443
444
445
446
447
448
449
464
465
466
467
468
469
470
471
472
473
474
475
476
477
478
479
480
481
482
483
484
499
500
501
502
503
504
505
506
507
508
509
510
511
512
513
514
515
516
517
518
519
534
535
536
537
538
539
540
541
542
543
544
545
546
547
548
549
550
551
552
553
554
569
570
571
572
573
574
575
576
577
578
579
580
581
582
583
584
585
586
587
588
589
604
605
606
607
608
609
610
611
612
613
614
615
616
617
618
619
620
621
622
623
624
639
640
641
642
643
644
645
646
647
648
649
650
651
652
653
654
655
656
657
658
674
675
676
677
678
679
680
681
682
683
684
685
686
687
688
689
690
691
692
693
709
710
711
712
713
714
715
716
717
718
719
720
721
722
723
724
725
726
727
744
745
746
747
748
749
750
751
752
753
754
755
756
757
758
759
760
761
762
780
781
782
783
784
785
786
787
788
789
790
791
792
793
794
795
796
815
816
817
818
819
820
821
822
823
824
825
826
827
828
829
830
851
852
853
854
855
856
857
858
859
860
861
862
863
864
865
887
888
889
890
891
892
893
894
895
896
897
898
899
923
924
925
926
927
928
929
930
931
932
933
960
961
962
963
964
965
966
967
997
998
999
0
0
1
PART-1-1
368
BONE
0
1
367
257 258 259 260 261 262 263 264 265 290 291 292 293 294 295 296 297 298 299 300 301 302 303 324 325 326 327 328 329 330 331 332 333 334 335 336 337 338 339 340 341 359 360 361 362 363 364 365 366 367 368 369 370 371 372 373 374 375 376 377 394 395 396 397 398 399 400 401 402 403 404 405 406 407 408 409 410 411 412 413 429 430 431 432 433 434 435 436 437 438 439 440 441 442 443 444 445 446 447 448 449 464 465 466 467 468 469 470 471 472 473 474 475 476 477 478 479 480 481 482 483 484 499 500 501 502 503 504 505 506 507 508 509 510 511 512 513 514 515 516 517 518 519 534 535 536 537 538 539 540 541 542 543 544 545 546 547 548 549 550 551 552 553 554 569 570 571 572 573 574 575 576 577 578 579 580 581 582 583 584 585 586 587 588 589 604 605 606 607 608 609 610 611 612 613 614 615 616 617 618 619 620 621 622 623 624 639 640 641 642 643 644 645 646 647 648 649 650 651 652 653 654 655 656 657 658 674 675 676 677 678 679 680 681 682 683 684 685 686 687 688 689 690 691 692 693 709 710 711 712 713 714 715 716 717 718 719 720 721 722 723 724 725 726 727 744 745 746 747 748 749 750 751 752 753 754 755 756 757 758 759 760 761 762 780 781 782 783 784 785 786 787 788 789 790 791 792 793 794 795 796 815 816 817 818 819 820 821 822 823 824 825 826 827 828 829 830 851 852 853 854 855 856 857 858 859 860 861 862 863 864 865 887 888 889 890 891 892 893 894 895 896 897 898 899 923 924 925 926 927 928 929 930 931 932 933 960 961 962 963 964 965 966 967 997 998 999 
0
0
ELSET257
0
1
1
257 
0
0
ELSET258
0
1
1
258 
0
0
ELSET259
0
1
1
259 
0
0
ELSET260
0
1
1
260 
0
0
ELSET261
0
1
1
261 
0
0
ELSET262
0
1
1
262 
0
0
ELSET263
0
1
1
263 
0
0
ELSET264
0
1
1
264 
0
0
ELSET265
0
1
1
265 
0
0
ELSET290
0
1
1
290 
0
0
ELSET291
0
1
1
291 
0
0
ELSET292
0
1
1
292 
0
0
ELSET293
0
1
1
293 
0
0
ELSET294
0
1
1
294 
0
0
ELSET295
0
1
1
295 
0
0
ELSET296
0
1
1
296 
0
0
ELSET297
0
1
1
297 
0
0
ELSET298
0
1
1
298 
0
0
ELSET299
0
1
1
299 
0
0
ELSET300
0
1
1
300 
0
0
ELSET301
0
1
1
301 
0
0
ELSET302
0
1
1
302 
0
0
ELSET303
0
1
1
303 
0
0
ELSET324
0
1
1
324 
0
0
ELSET325
0
1
1
325 
0
0
ELSET326
0
1
1
326 
0
0
ELSET327
0
1
1
327 
0
0
ELSET328
0
1
1
328 
0
0
ELSET329
0
1
1
329 
0
0
ELSET330
0
1
1
330 
0
0
ELSET331
0
1
1
331 
0
0
ELSET332
0
1
1
332 
0
0
ELSET333
0
1
1
333 
0
0
ELSET334
0
1
1
334 
0
0
ELSET335
0
1
1
335 
0
0
ELSET336
0
1
1
336 
0
0
ELSET337
0
1
1
337 
0
0
ELSET338
0
1
1
338 
0
0
ELSET339
0
1
1
339 
0
0
ELSET340
0
1
1
340 
0
0
ELSET341
0
1
1
341 
0
0
ELSET359
0
1
1
359 
0
0
ELSET360
0
1
1
360 
0
0
ELSET361
0
1
1
361 
0
0
ELSET362
0
1
1
362 
0
0
ELSET363
0
1
1
363 
0
0
ELSET364
0
1
1
364 
0
0
ELSET365
0
1
1
365 
0
0
ELSET366
0
1
1
366 
0
0
ELSET367
0
1
1
367 
0
0
ELSET368
0
1
1
368 
0
0
ELSET369
0
1
1
369 
0
0
ELSET370
0
1
1
370 
0
0
ELSET371
0
1
1
371 
0
0
ELSET372
0
1
1
372 
0
0
ELSET373
0
1
1
373 
0
0
ELSET374
0
1
1
374 
0
0
ELSET375
0
1
1
375 
0
0
ELSET376
0
1
1
376 
0
0
ELSET377
0
1
1
377 
0
0
ELSET394
0
1
1
394 
0
0
ELSET395
0
1
1
395 
0
0
ELSET396
0
1
1
396 
0
0
ELSET397
0
1
1
397 
0
0
ELSET398
0
1
1
398 
0
0
ELSET399
0
1
1
399 
0
0
ELSET400
0
1
1
400 
0
0
ELSET401
0
1
1
401 
0
0
ELSET402
0
1
1
402 
0
0
ELSET403
0
1
1
403 
0
0
ELSET404
0
1
1
404 
0
0
ELSET405
0
1
1
405 
0
0
ELSET406
0
1
1
406 
0
0
ELSET407
0
1
1
407 
0
0
ELSET408
0
1
1
408 
0
0
ELSET409
0
1
1
409 
0
0
ELSET410
0
1
1
410 
0
0
ELSET411
0
1
1
411 
0
0
ELSET412
0
1
1
412 
0
0
ELSET413
0
1
1
413 
0
0
ELSET429
0
1
1
429 
0
0
ELSET430
0
1
1
430 
0
0
ELSET431
0
1
1
431 
0
0
ELSET432
0
1
1
432 
0
0
ELSET433
0
1
1
433 
0
0
ELSET434
0
1
1
434 
0
0
ELSET435
0
1
1
435 
0
0
ELSET436
0
1
1
436 
0
0
ELSET437
0
1
1
437 
0
0
ELSET438
0
1
1
438 
0
0
ELSET439
0
1
1
439 
0
0
ELSET440
0
1
1
440 
0
0
ELSET441
0
1
1
441 
0
0
ELSET442
0
1
1
442 
0
0
ELSET443
0
1
1
443 
0
0
ELSET444
0
1
1
444 
0
0
ELSET445
0
1
1
445 
0
0
ELSET446
0
1
1
446 
0
0
ELSET447
0
1
1
447 
0
0
ELSET448
0
1
1
448 
0
0
ELSET449
0
1
1
449 
0
0
ELSET464
0
1
1
464 
0
0
ELSET465
0
1
1
465 
0
0
ELSET466
0
1
1
466 
0
0
ELSET467
0
1
1
467 
0
0
ELSET468
0
1
1
468 
0
0
ELSET469
0
1
1
469 
0
0
ELSET470
0
1
1
470 
0
0
ELSET471
0
1
1
471 
0
0
ELSET472
0
1
1
472 
0
0
ELSET473
0
1
1
473 
0
0
ELSET474
0
1
1
474 
0
0
ELSET475
0
1
1
475 
0
0
ELSET476
0
1
1
476 
0
0
ELSET477
0
1
1
477 
0
0
ELSET478
0
1
1
478 
0
0
ELSET479
0
1
1
479 
0
0
ELSET480
0
1
1
480 
0
0
ELSET481
0
1
1
481 
0
0
ELSET482
0
1
1
482 
0
0
ELSET483
0
1
1
483 
0
0
ELSET484
0
1
1
484 
0
0
ELSET499
0
1
1
499 
0
0
ELSET500
0
1
1
500 
0
0
ELSET501
0
1
1
501 
0
0
ELSET502
0
1
1
502 
0
0
ELSET503
0
1
1
503 
0
0
ELSET504
0
1
1
504 
0
0
ELSET505
0
1
1
505 
0
0
ELSET506
0
1
1
506 
0
0
ELSET507
0
1
1
507 
0
0
ELSET508
0
1
1
508 
0
0
ELSET509
0
1
1
509 
0
0
ELSET510
0
1
1
510 
0
0
ELSET511
0
1
1
511 
0
0
ELSET512
0
1
1
512 
0
0
ELSET513
0
1
1
513 
0
0
ELSET514
0
1
1
514 
0
0
ELSET515
0
1
1
515 
0
0
ELSET516
0
1
1
516 
0
0
ELSET517
0
1
1
517 
0
0
ELSET518
0
1
1
518 
0
0
ELSET519
0
1
1
519 
0
0
ELSET534
0
1
1
534 
0
0
ELSET535
0
1
1
535 
0
0
ELSET536
0
1
1
536 
0
0
ELSET537
0
1
1
537 
0
0
ELSET538
0
1
1
538 
0
0
ELSET539
0
1
1
539 
0
0
ELSET540
0
1
1
540 
0
0
ELSET541
0
1
1
541 
0
0
ELSET542
0
1
1
542 
0
0
ELSET543
0
1
1
543 
0
0
ELSET544
0
1
1
544 
0
0
ELSET545
0
1
1
545 
0
0
ELSET546
0
1
1
546 
0
0
ELSET547
0
1
1
547 
0
0
ELSET548
0
1
1
548 
0
0
ELSET549
0
1
1
549 
0
0
ELSET550
0
1
1
550 
0
0
ELSET551
0
1
1
551 
0
0
ELSET552
0
1
1
552 
0
0
ELSET553
0
1
1
553 
0
0
ELSET554
0
1
1
554 
0
0
ELSET569
0
1
1
569 
0
0
ELSET570
0
1
1
570 
0
0
ELSET571
0
1
1
571 
0
0
ELSET572
0
1
1
572 
0
0
ELSET573
0
1
1
573 
0
0
ELSET574
0
1
1
574 
0
0
ELSET575
0
1
1
575 
0
0
ELSET576
0
1
1
576 
0
0
ELSET577
0
1
1
577 
0
0
ELSET578
0
1
1
578 
0
0
ELSET579
0
1
1
579 
0
0
ELSET580
0
1
1
580 
0
0
ELSET581
0
1
1
581 
0
0
ELSET582
0
1
1
582 
0
0
ELSET583
0
1
1
583 
0
0
ELSET584
0
1
1
584 
0
0
ELSET585
0
1
1
585 
0
0
ELSET586
0
1
1
586 
0
0
ELSET587
0
1
1
587 
0
0
ELSET588
0
1
1
588 
0
0
ELSET589
0
1
1
589 
0
0
ELSET604
0
1
1
604 
0
0
ELSET605
0
1
1
605 
0
0
ELSET606
0
1
1
606 
0
0
ELSET607
0
1
1
607 
0
0
ELSET608
0
1
1
608 
0
0
ELSET609
0
1
1
609 
0
0
ELSET610
0
1
1
610 
0
0
ELSET611
0
1
1
611 
0
0
ELSET612
0
1
1
612 
0
0
ELSET613
0
1
1
613 
0
0
ELSET614
0
1
1
614 
0
0
ELSET615
0
1
1
615 
0
0
ELSET616
0
1
1
616 
0
0
ELSET617
0
1
1
617 
0
0
ELSET618
0
1
1
618 
0
0
ELSET619
0
1
1
619 
0
0
ELSET620
0
1
1
620 
0
0
ELSET621
0
1
1
621 
0
0
ELSET622
0
1
1
622 
0
0
ELSET623
0
1
1
623 
0
0
ELSET624
0
1
1
624 
0
0
ELSET639
0
1
1
639 
0
0
ELSET640
0
1
1
640 
0
0
ELSET641
0
1
1
641 
0
0
ELSET642
0
1
1
642 
0
0
ELSET643
0
1
1
643 
0
0
ELSET644
0
1
1
644 
0
0
ELSET645
0
1
1
645 
0
0
ELSET646
0
1
1
646 
0
0
ELSET647
0
1
1
647 
0
0
ELSET648
0
1
1
648 
0
0
ELSET649
0
1
1
649 
0
0
ELSET650
0
1
1
650 
0
0
ELSET651
0
1
1
651 
0
0
ELSET652
0
1
1
652 
0
0
ELSET653
0
1
1
653 
0
0
ELSET654
0
1
1
654 
0
0
ELSET655
0
1
1
655 
0
0
ELSET656
0
1
1
656 
0
0
ELSET657
0
1
1
657 
0
0
ELSET658
0
1
1
658 
0
0
ELSET674
0
1
1
674 
0
0
ELSET675
0
1
1
675 
0
0
ELSET676
0
1
1
676 
0
0
ELSET677
0
1
1
677 
0
0
ELSET678
0
1
1
678 
0
0
ELSET679
0
1
1
679 
0
0
ELSET680
0
1
1
680 
0
0
ELSET681
0
1
1
681 
0
0
ELSET682
0
1
1
682 
0
0
ELSET683
0
1
1
683 
0
0
ELSET684
0
1
1
684 
0
0
ELSET685
0
1
1
685 
0
0
ELSET686
0
1
1
686 
0
0
ELSET687
0
1
1
687 
0
0
ELSET688
0
1
1
688 
0
0
ELSET689
0
1
1
689 
0
0
ELSET690
0
1
1
690 
0
0
ELSET691
0
1
1
691 
0
0
ELSET692
0
1
1
692 
0
0
ELSET693
0
1
1
693 
0
0
ELSET709
0
1
1
709 
0
0
ELSET710
0
1
1
710 
0
0
ELSET711
0
1
1
711 
0
0
ELSET712
0
1
1
712 
0
0
ELSET713
0
1
1
713 
0
0
ELSET714
0
1
1
714 
0
0
ELSET715
0
1
1
715 
0
0
ELSET716
0
1
1
716 
0
0
ELSET717
0
1
1
717 
0
0
ELSET718
0
1
1
718 
0
0
ELSET719
0
1
1
719 
0
0
ELSET720
0
1
1
720 
0
0
ELSET721
0
1
1
721 
0
0
ELSET722
0
1
1
722 
0
0
ELSET723
0
1
1
723 
0
0
ELSET724
0
1
1
724 
0
0
ELSET725
0
1
1
725 
0
0
ELSET726
0
1
1
726 
0
0
ELSET727
0
1
1
727 
0
0
ELSET744
0
1
1
744 
0
0
ELSET745
0
1
1
745 
0
0
ELSET746
0
1
1
746 
0
0
ELSET747
0
1
1
747 
0
0
ELSET748
0
1
1
748 
0
0
ELSET749
0
1
1
749 
0
0
ELSET750
0
1
1
750 
0
0
ELSET751
0
1
1
751 
0
0
ELSET752
0
1
1
752 
0
0
ELSET753
0
1
1
753 
0
0
ELSET754
0
1
1
754 
0
0
ELSET755
0
1
1
755 
0
0
ELSET756
0
1
1
756 
0
0
ELSET757
0
1
1
757 
0
0
ELSET758
0
1
1
758 
0
0
ELSET759
0
1
1
759 
0
0
ELSET760
0
1
1
760 
0
0
ELSET761
0
1
1
761 
0
0
ELSET762
0
1
1
762 
0
0
ELSET780
0
1
1
780 
0
0
ELSET781
0
1
1
781 
0
0
ELSET782
0
1
1
782 
0
0
ELSET783
0
1
1
783 
0
0
ELSET784
0
1
1
784 
0
0
ELSET785
0
1
1
785 
0
0
ELSET786
0
1
1
786 
0
0
ELSET787
0
1
1
787 
0
0
ELSET788
0
1
1
788 
0
0
ELSET789
0
1
1
789 
0
0
ELSET790
0
1
1
790 
0
0
ELSET791
0
1
1
791 
0
0
ELSET792
0
1
1
792 
0
0
ELSET793
0
1
1
793 
0
0
ELSET794
0
1
1
794 
0
0
ELSET795
0
1
1
795 
0
0
ELSET796
0
1
1
796 
0
0
ELSET815
0
1
1
815 
0
0
ELSET816
0
1
1
816 
0
0
ELSET817
0
1
1
817 
0
0
ELSET818
0
1
1
818 
0
0
ELSET819
0
1
1
819 
0
0
ELSET820
0
1
1
820 
0
0
ELSET821
0
1
1
821 
0
0
ELSET822
0
1
1
822 
0
0
ELSET823
0
1
1
823 
0
0
ELSET824
0
1
1
824 
0
0
ELSET825
0
1
1
825 
0
0
ELSET826
0
1
1
826 
0
0
ELSET827
0
1
1
827 
0
0
ELSET828
0
1
1
828 
0
0
ELSET829
0
1
1
829 
0
0
ELSET830
0
1
1
830 
0
0
ELSET851
0
1
1
851 
0
0
ELSET852
0
1
1
852 
0
0
ELSET853
0
1
1
853 
0
0
ELSET854
0
1
1
854 
0
0
ELSET855
0
1
1
855 
0
0
ELSET856
0
1
1
856 
0
0
ELSET857
0
1
1
857 
0
0
ELSET858
0
1
1
858 
0
0
ELSET859
0
1
1
859 
0
0
ELSET860
0
1
1
860 
0
0
ELSET861
0
1
1
861 
0
0
ELSET862
0
1
1
862 
0
0
ELSET863
0
1
1
863 
0
0
ELSET864
0
1
1
864 
0
0
ELSET865
0
1
1
865 
0
0
ELSET887
0
1
1
887 
0
0
ELSET888
0
1
1
888 
0
0
ELSET889
0
1
1
889 
0
0
ELSET890
0
1
1
890 
0
0
ELSET891
0
1
1
891 
0
0
ELSET892
0
1
1
892 
0
0
ELSET893
0
1
1
893 
0
0
ELSET894
0
1
1
894 
0
0
ELSET895
0
1
1
895 
0
0
ELSET896
0
1
1
896 
0
0
ELSET897
0
1
1
897 
0
0
ELSET898
0
1
1
898 
0
0
ELSET899
0
1
1
899 
0
0
ELSET923
0
1
1
923 
0
0
ELSET924
0
1
1
924 
0
0
ELSET925
0
1
1
925 
0
0
ELSET926
0
1
1
926 
0
0
ELSET927
0
1
1
927 
0
0
ELSET928
0
1
1
928 
0
0
ELSET929
0
1
1
929 
0
0
ELSET930
0
1
1
930 
0
0
ELSET931
0
1
1
931 
0
0
ELSET932
0
1
1
932 
0
0
ELSET933
0
1
1
933 
0
0
ELSET960
0
1
1
960 
0
0
ELSET961
0
1
1
961 
0
0
ELSET962
0
1
1
962 
0
0
ELSET963
0
1
1
963 
0
0
ELSET964
0
1
1
964 
0
0
ELSET965
0
1
1
965 
0
0
ELSET966
0
1
1
966 
0
0
ELSET967
0
1
1
967 
0
0
ELSET997
0
1
1
997 
0
0
ELSET998
0
1
1
998 
0
0
ELSET999
0
1
1
999 
0
0
0
0
1
PART-1-1
3
BOTNODES
0
1
411
1560 1561 1562 1563 1564 1565 1566 1567 1568 1569 1594 1595 1596 1597 1598 1599 1600 1601 1602 1603 1604 1605 1606 1607 1608 1629 1630 1631 1632 1633 1634 1635 1636 1637 1638 1639 1640 1641 1642 1643 1644 1645 1646 1647 1665 1666 1667 1668 1669 1670 1671 1672 1673 1674 1675 1676 1677 1678 1679 1680 1681 1682 1683 1684 1701 1702 1703 1704 1705 1706 1707 1708 1709 1710 1711 1712 1713 1714 1715 1716 1717 1718 1719 1720 1721 1737 1738 1739 1740 1741 1742 1743 1744 1745 1746 1747 1748 1749 1750 1751 1752 1753 1754 1755 1756 1757 1758 1773 1774 1775 1776 1777 1778 1779 1780 1781 1782 1783 1784 1785 1786 1787 1788 1789 1790 1791 1792 1793 1794 1809 1810 1811 1812 1813 1814 1815 1816 1817 1818 1819 1820 1821 1822 1823 1824 1825 1826 1827 1828 1829 1830 1845 1846 1847 1848 1849 1850 1851 1852 1853 1854 1855 1856 1857 1858 1859 1860 1861 1862 1863 1864 1865 1866 1881 1882 1883 1884 1885 1886 1887 1888 1889 1890 1891 1892 1893 1894 1895 1896 1897 1898 1899 1900 1901 1902 1917 1918 1919 1920 1921 1922 1923 1924 1925 1926 1927 1928 1929 1930 1931 1932 1933 1934 1935 1936 1937 1938 1953 1954 1955 1956 1957 1958 1959 1960 1961 1962 1963 1964 1965 1966 1967 1968 1969 1970 1971 1972 1973 1974 1989 1990 1991 1992 1993 1994 1995 1996 1997 1998 1999 2000 2001 2002 2003 2004 2005 2006 2007 2008 2009 2025 2026 2027 2028 2029 2030 2031 2032 2033 2034 2035 2036 2037 2038 2039 2040 2041 2042 2043 2044 2045 2061 2062 2063 2064 2065 2066 2067 2068 2069 2070 2071 2072 2073 2074 2075 2076 2077 2078 2079 2080 2097 2098 2099 2100 2101 2102 2103 2104 2105 2106 2107 2108 2109 2110 2111 2112 2113 2114 2115 2116 2134 2135 2136 2137 2138 2139 2140 2141 2142 2143 2144 2145 2146 2147 2148 2149 2150 2151 2170 2171 2172 2173 2174 2175 2176 2177 2178 2179 2180 2181 2182 2183 2184 2185 2186 2207 2208 2209 2210 2211 2212 2213 2214 2215 2216 2217 2218 2219 2220 2221 2222 2244 2245 2246 2247 2248 2249 2250 2251 2252 2253 2254 2255 2256 2257 2281 2282 2283 2284 2285 2286 2287 2288 2289 2290 2291 2292 2319 2320 2321 2322 2323 2324 2325 2326 2327 2357 2358 2359 2360 
0
0
REF_NODE
0
1
1
10000000 
0
0
TOPNODES
0
1
411
264 265 266 267 268 269 270 271 272 273 298 299 300 301 302 303 304 305 306 307 308 309 310 311 312 333 334 335 336 337 338 339 340 341 342 343 344 345 346 347 348 349 350 351 369 370 371 372 373 374 375 376 377 378 379 380 381 382 383 384 385 386 387 388 405 406 407 408 409 410 411 412 413 414 415 416 417 418 419 420 421 422 423 424 425 441 442 443 444 445 446 447 448 449 450 451 452 453 454 455 456 457 458 459 460 461 462 477 478 479 480 481 482 483 484 485 486 487 488 489 490 491 492 493 494 495 496 497 498 513 514 515 516 517 518 519 520 521 522 523 524 525 526 527 528 529 530 531 532 533 534 549 550 551 552 553 554 555 556 557 558 559 560 561 562 563 564 565 566 567 568 569 570 585 586 587 588 589 590 591 592 593 594 595 596 597 598 599 600 601 602 603 604 605 606 621 622 623 624 625 626 627 628 629 630 631 632 633 634 635 636 637 638 639 640 641 642 657 658 659 660 661 662 663 664 665 666 667 668 669 670 671 672 673 674 675 676 677 678 693 694 695 696 697 698 699 700 701 702 703 704 705 706 707 708 709 710 711 712 713 729 730 731 732 733 734 735 736 737 738 739 740 741 742 743 744 745 746 747 748 749 765 766 767 768 769 770 771 772 773 774 775 776 777 778 779 780 781 782 783 784 801 802 803 804 805 806 807 808 809 810 811 812 813 814 815 816 817 818 819 820 838 839 840 841 842 843 844 845 846 847 848 849 850 851 852 853 854 855 874 875 876 877 878 879 880 881 882 883 884 885 886 887 888 889 890 911 912 913 914 915 916 917 918 919 920 921 922 923 924 925 926 948 949 950 951 952 953 954 955 956 957 958 959 960 961 985 986 987 988 989 990 991 992 993 994 995 996 1023 1024 1025 1026 1027 1028 1029 1030 1031 1061 1062 1063 1064 
0
0
0
0
0
