0
1
0
Assembly-1
1
PART-1-1
PART-1
1
PART-1-1
987
202
203
204
205
206
207
208
209
210
245
246
247
248
249
250
251
252
253
254
255
256
257
258
259
260
289
290
291
292
293
294
295
296
297
298
299
300
301
302
303
304
305
306
307
334
335
336
337
338
339
340
341
342
343
344
345
346
347
348
349
350
351
352
353
354
355
379
380
381
382
383
384
385
386
387
388
389
390
391
392
393
394
395
396
397
398
399
400
401
402
425
426
427
428
429
430
431
432
433
434
435
436
437
438
439
440
441
442
443
444
445
446
447
448
449
471
472
473
474
475
476
477
478
479
480
481
482
483
484
485
486
487
488
489
490
491
492
493
494
495
496
517
518
519
520
521
522
523
524
525
526
527
528
529
530
531
532
533
534
535
536
537
538
539
540
541
542
543
562
563
564
565
566
567
568
569
570
571
572
573
574
575
576
577
578
579
580
581
582
583
584
585
586
587
588
589
608
609
610
611
612
613
614
615
616
617
618
619
620
621
622
623
624
625
626
627
628
629
630
631
632
633
634
635
636
654
655
656
657
658
659
660
661
662
663
664
665
666
667
668
669
670
671
672
673
674
675
676
677
678
679
680
681
682
683
700
701
702
703
704
705
706
707
708
709
710
711
712
713
714
715
716
717
718
719
720
721
722
723
724
725
726
727
728
729
746
747
748
749
750
751
752
753
754
755
756
757
758
759
760
761
762
763
764
765
766
767
768
769
770
771
772
773
774
775
792
793
794
795
796
797
798
799
800
801
802
803
804
805
806
807
808
809
810
811
812
813
814
815
816
817
818
819
820
821
838
839
840
841
842
843
844
845
846
847
848
849
850
851
852
853
854
855
856
857
858
859
860
861
862
863
864
865
866
867
884
885
886
887
888
889
890
891
892
893
894
895
896
897
898
899
900
901
902
903
904
905
906
907
908
909
910
911
912
913
930
931
932
933
934
935
936
937
938
939
940
941
942
943
944
945
946
947
948
949
950
951
952
953
954
955
956
957
958
959
977
978
979
980
981
982
983
984
985
986
987
988
989
990
991
992
993
994
995
996
997
998
999
1000
1001
1002
1003
1004
1023
1024
1025
1026
1027
1028
1029
1030
1031
1032
1033
1034
1035
1036
1037
1038
1039
1040
1041
1042
1043
1044
1045
1046
1047
1048
1049
1050
1069
1070
1904
1905
1906
1907
1908
1909
1910
1911
1912
1947
1948
1949
1950
1951
1952
1953
1954
1955
1956
1957
1958
1959
1960
1961
1962
1991
1992
1993
1994
1995
1996
1997
1998
1999
2000
2001
2002
2003
2004
2005
2006
2007
2008
2009
2036
2037
2038
2039
2040
2041
2042
2043
2044
2045
2046
2047
2048
2049
2050
2051
2052
2053
2054
2055
2056
2057
2081
2082
2083
2084
2085
2086
2087
2088
2089
2090
2091
2092
2093
2094
2095
2096
2097
2098
2099
2100
2101
2102
2103
2104
2127
2128
2129
2130
2131
2132
2133
2134
2135
2136
2137
2138
2139
2140
2141
2142
2143
2144
2145
2146
2147
2148
2149
2150
2151
2173
2174
2175
2176
2177
2178
2179
2180
2181
2182
2183
2184
2185
2186
2187
2188
2189
2190
2191
2192
2193
2194
2195
2196
2197
2198
2219
2220
2221
2222
2223
2224
2225
2226
2227
2228
2229
2230
2231
2232
2233
2234
2235
2236
2237
2238
2239
2240
2241
2242
2243
2244
2245
2264
2265
2266
2267
2268
2269
2270
2271
2272
2273
2274
2275
2276
2277
2278
2279
2280
2281
2282
2283
2284
2285
2286
2287
2288
2289
2290
2291
2310
2311
2312
2313
2314
2315
2316
2317
2318
2319
2320
2321
2322
2323
2324
2325
2326
2327
2328
2329
2330
2331
2332
2333
2334
2335
2336
2337
2338
2356
2357
2358
2359
2360
2361
2362
2363
2364
2365
2366
2367
2368
2369
2370
2371
2372
2373
2374
2375
2376
2377
2378
2379
2380
2381
2382
2383
2384
2385
2402
2403
2404
2405
2406
2407
2408
2409
2410
2411
2412
2413
2414
2415
2416
2417
2418
2419
2420
2421
2422
2423
2424
2425
2426
2427
2428
2429
2430
2431
2448
2449
2450
2451
2452
2453
2454
2455
2456
2457
2458
2459
2460
2461
2462
2463
2464
2465
2466
2467
2468
2469
2470
2471
2472
2473
2474
2475
2476
2477
2494
2495
2496
2497
2498
2499
2500
2501
2502
2503
2504
2505
2506
2507
2508
2509
2510
2511
2512
2513
2514
2515
2516
2517
2518
2519
2520
2521
2522
2523
2540
2541
2542
2543
2544
2545
2546
2547
2548
2549
2550
2551
2552
2553
2554
2555
2556
2557
2558
2559
2560
2561
2562
2563
2564
2565
2566
2567
2568
2569
2586
2587
2588
2589
2590
2591
2592
2593
2594
2595
2596
2597
2598
2599
2600
2601
2602
2603
2604
2605
2606
2607
2608
2609
2610
2611
2612
2613
2614
2615
2632
2633
2634
2635
2636
2637
2638
2639
2640
2641
2642
2643
2644
2645
2646
2647
2648
2649
2650
2651
2652
2653
2654
2655
2656
2657
2658
2659
2660
2661
2679
2680
2681
2682
2683
2684
2685
2686
2687
2688
2689
2690
2691
2692
2693
2694
2695
2696
2697
2698
2699
2700
2701
2702
2703
2704
2705
2706
2725
2726
2727
2728
2729
2730
2731
2732
2733
2734
2735
2736
2737
2738
2739
2740
2741
2742
2743
2744
2745
2746
2747
2748
2749
2750
2751
2752
2771
2772
10000000
0
1
PART-1-1
444
198
199
200
201
202
203
204
205
240
241
242
243
244
245
246
247
248
249
250
251
252
253
254
283
284
285
286
287
288
289
290
291
292
293
294
295
296
297
298
299
300
327
328
329
330
331
332
333
334
335
336
337
338
339
340
341
342
343
344
345
346
347
371
372
373
374
375
376
377
378
379
380
381
382
383
384
385
386
387
388
389
390
391
392
393
416
417
418
419
420
421
422
423
424
425
426
427
428
429
430
431
432
433
434
435
436
437
438
439
461
462
463
464
465
466
467
468
469
470
471
472
473
474
475
476
477
478
479
480
481
482
483
484
485
506
507
508
509
510
511
512
513
514
515
516
517
518
519
520
521
522
523
524
525
526
527
528
529
530
531
550
551
552
553
554
555
556
557
558
559
560
561
562
563
564
565
566
567
568
569
570
571
572
573
574
575
576
595
596
597
598
599
600
601
602
603
604
605
606
607
608
609
610
611
612
613
614
615
616
617
618
619
620
621
622
640
641
642
643
644
645
646
647
648
649
650
651
652
653
654
655
656
657
658
659
660
661
662
663
664
665
666
667
668
685
686
687
688
689
690
691
692
693
694
695
696
697
698
699
700
701
702
703
704
705
706
707
708
709
710
711
712
713
730
731
732
733
734
735
736
737
738
739
740
741
742
743
744
745
746
747
748
749
750
751
752
753
754
755
756
757
758
775
776
777
778
779
780
781
782
783
784
785
786
787
788
789
790
791
792
793
794
795
796
797
798
799
800
801
802
803
820
821
822
823
824
825
826
827
828
829
830
831
832
833
834
835
836
837
838
839
840
841
842
843
844
845
846
847
848
865
866
867
868
869
870
871
872
873
874
875
876
877
878
879
880
881
882
883
884
885
886
887
888
889
890
891
892
893
911
912
913
914
915
916
917
918
919
920
921
922
923
924
925
926
927
928
929
930
931
932
933
934
935
936
937
956
957
958
959
960
961
962
963
964
965
966
967
968
969
970
971
972
973
974
975
976
977
978
979
980
981
982
1001
0
0
1
PART-1-1
445
BONE
0
1
444
198 199 200 201 202 203 204 205 240 241 242 243 244 245 246 247 248 249 250 251 252 253 254 283 284 285 286 287 288 289 290 291 292 293 294 295 296 297 298 299 300 327 328 329 330 331 332 333 334 335 336 337 338 339 340 341 342 343 344 345 346 347 371 372 373 374 375 376 377 378 379 380 381 382 383 384 385 386 387 388 389 390 391 392 393 416 417 418 419 420 421 422 423 424 425 426 427 428 429 430 431 432 433 434 435 436 437 438 439 461 462 463 464 465 466 467 468 469 470 471 472 473 474 475 476 477 478 479 480 481 482 483 484 485 506 507 508 509 510 511 512 513 514 515 516 517 518 519 520 521 522 523 524 525 526 527 528 529 530 531 550 551 552 553 554 555 556 557 558 559 560 561 562 563 564 565 566 567 568 569 570 571 572 573 574 575 576 595 596 597 598 599 600 601 602 603 604 605 606 607 608 609 610 611 612 613 614 615 616 617 618 619 620 621 622 640 641 642 643 644 645 646 647 648 649 650 651 652 653 654 655 656 657 658 659 660 661 662 663 664 665 666 667 668 685 686 687 688 689 690 691 692 693 694 695 696 697 698 699 700 701 702 703 704 705 706 707 708 709 710 711 712 713 730 731 732 733 734 735 736 737 738 739 740 741 742 743 744 745 746 747 748 749 750 751 752 753 754 755 756 757 758 775 776 777 778 779 780 781 782 783 784 785 786 787 788 789 790 791 792 793 794 795 796 797 798 799 800 801 802 803 820 821 822 823 824 825 826 827 828 829 830 831 832 833 834 835 836 837 838 839 840 841 842 843 844 845 846 847 848 865 866 867 868 869 870 871 872 873 874 875 876 877 878 879 880 881 882 883 884 885 886 887 888 889 890 891 892 893 911 912 913 914 915 916 917 918 919 920 921 922 923 924 925 926 927 928 929 930 931 932 933 934 935 936 937 956 957 958 959 960 961 962 963 964 965 966 967 968 969 970 971 972 973 974 975 976 977 978 979 980 981 982 1001 
0
0
ELSET1001
0
1
1
1001 
0
0
ELSET198
0
1
1
198 
0
0
ELSET199
0
1
1
199 
0
0
ELSET200
0
1
1
200 
0
0
ELSET201
0
1
1
201 
0
0
ELSET202
0
1
1
202 
0
0
ELSET203
0
1
1
203 
0
0
ELSET204
0
1
1
204 
0
0
ELSET205
0
1
1
205 
0
0
ELSET240
0
1
1
240 
0
0
ELSET241
0
1
1
241 
0
0
ELSET242
0
1
1
242 
0
0
ELSET243
0
1
1
243 
0
0
ELSET244
0
1
1
244 
0
0
ELSET245
0
1
1
245 
0
0
ELSET246
0
1
1
246 
0
0
ELSET247
0
1
1
247 
0
0
ELSET248
0
1
1
248 
0
0
ELSET249
0
1
1
249 
0
0
ELSET250
0
1
1
250 
0
0
ELSET251
0
1
1
251 
0
0
ELSET252
0
1
1
252 
0
0
ELSET253
0
1
1
253 
0
0
ELSET254
0
1
1
254 
0
0
ELSET283
0
1
1
283 
0
0
ELSET284
0
1
1
284 
0
0
ELSET285
0
1
1
285 
0
0
ELSET286
0
1
1
286 
0
0
ELSET287
0
1
1
287 
0
0
ELSET288
0
1
1
288 
0
0
ELSET289
0
1
1
289 
0
0
ELSET290
0
1
1
290 
0
0
ELSET291
0
1
1
291 
0
0
ELSET292
0
1
1
292 
0
0
ELSET293
0
1
1
293 
0
0
ELSET294
0
1
1
294 
0
0
ELSET295
0
1
1
295 
0
0
ELSET296
0
1
1
296 
0
0
ELSET297
0
1
1
297 
0
0
ELSET298
0
1
1
298 
0
0
ELSET299
0
1
1
299 
0
0
ELSET300
0
1
1
300 
0
0
ELSET327
0
1
1
327 
0
0
ELSET328
0
1
1
328 
0
0
ELSET329
0
1
1
329 
0
0
ELSET330
0
1
1
330 
0
0
ELSET331
0
1
1
331 
0
0
ELSET332
0
1
1
332 
0
0
ELSET333
0
1
1
333 
0
0
ELSET334
0
1
1
334 
0
0
ELSET335
0
1
1
335 
0
0
ELSET336
0
1
1
336 
0
0
ELSET337
0
1
1
337 
0
0
ELSET338
0
1
1
338 
0
0
ELSET339
0
1
1
339 
0
0
ELSET340
0
1
1
340 
0
0
ELSET341
0
1
1
341 
0
0
ELSET342
0
1
1
342 
0
0
ELSET343
0
1
1
343 
0
0
ELSET344
0
1
1
344 
0
0
ELSET345
0
1
1
345 
0
0
ELSET346
0
1
1
346 
0
0
ELSET347
0
1
1
347 
0
0
ELSET371
0
1
1
371 
0
0
ELSET372
0
1
1
372 
0
0
ELSET373
0
1
1
373 
0
0
ELSET374
0
1
1
374 
0
0
ELSET375
0
1
1
375 
0
0
ELSET376
0
1
1
376 
0
0
ELSET377
0
1
1
377 
0
0
ELSET378
0
1
1
378 
0
0
ELSET379
0
1
1
379 
0
0
ELSET380
0
1
1
380 
0
0
ELSET381
0
1
1
381 
0
0
ELSET382
0
1
1
382 
0
0
ELSET383
0
1
1
383 
0
0
ELSET384
0
1
1
384 
0
0
ELSET385
0
1
1
385 
0
0
ELSET386
0
1
1
386 
0
0
ELSET387
0
1
1
387 
0
0
ELSET388
0
1
1
388 
0
0
ELSET389
0
1
1
389 
0
0
ELSET390
0
1
1
390 
0
0
ELSET391
0
1
1
391 
0
0
ELSET392
0
1
1
392 
0
0
ELSET393
0
1
1
393 
0
0
ELSET416
0
1
1
416 
0
0
ELSET417
0
1
1
417 
0
0
ELSET418
0
1
1
418 
0
0
ELSET419
0
1
1
419 
0
0
ELSET420
0
1
1
420 
0
0
ELSET421
0
1
1
421 
0
0
ELSET422
0
1
1
422 
0
0
ELSET423
0
1
1
423 
0
0
ELSET424
0
1
1
424 
0
0
ELSET425
0
1
1
425 
0
0
ELSET426
0
1
1
426 
0
0
ELSET427
0
1
1
427 
0
0
ELSET428
0
1
1
428 
0
0
ELSET429
0
1
1
429 
0
0
ELSET430
0
1
1
430 
0
0
ELSET431
0
1
1
431 
0
0
ELSET432
0
1
1
432 
0
0
ELSET433
0
1
1
433 
0
0
ELSET434
0
1
1
434 
0
0
ELSET435
0
1
1
435 
0
0
ELSET436
0
1
1
436 
0
0
ELSET437
0
1
1
437 
0
0
ELSET438
0
1
1
438 
0
0
ELSET439
0
1
1
439 
0
0
ELSET461
0
1
1
461 
0
0
ELSET462
0
1
1
462 
0
0
ELSET463
0
1
1
463 
0
0
ELSET464
0
1
1
464 
0
0
ELSET465
0
1
1
465 
0
0
ELSET466
0
1
1
466 
0
0
ELSET467
0
1
1
467 
0
0
ELSET468
0
1
1
468 
0
0
ELSET469
0
1
1
469 
0
0
ELSET470
0
1
1
470 
0
0
ELSET471
0
1
1
471 
0
0
ELSET472
0
1
1
472 
0
0
ELSET473
0
1
1
473 
0
0
ELSET474
0
1
1
474 
0
0
ELSET475
0
1
1
475 
0
0
ELSET476
0
1
1
476 
0
0
ELSET477
0
1
1
477 
0
0
ELSET478
0
1
1
478 
0
0
ELSET479
0
1
1
479 
0
0
ELSET480
0
1
1
480 
0
0
ELSET481
0
1
1
481 
0
0
ELSET482
0
1
1
482 
0
0
ELSET483
0
1
1
483 
0
0
ELSET484
0
1
1
484 
0
0
ELSET485
0
1
1
485 
0
0
ELSET506
0
1
1
506 
0
0
ELSET507
0
1
1
507 
0
0
ELSET508
0
1
1
508 
0
0
ELSET509
0
1
1
509 
0
0
ELSET510
0
1
1
510 
0
0
ELSET511
0
1
1
511 
0
0
ELSET512
0
1
1
512 
0
0
ELSET513
0
1
1
513 
0
0
ELSET514
0
1
1
514 
0
0
ELSET515
0
1
1
515 
0
0
ELSET516
0
1
1
516 
0
0
ELSET517
0
1
1
517 
0
0
ELSET518
0
1
1
518 
0
0
ELSET519
0
1
1
519 
0
0
ELSET520
0
1
1
520 
0
0
ELSET521
0
1
1
521 
0
0
ELSET522
0
1
1
522 
0
0
ELSET523
0
1
1
523 
0
0
ELSET524
0
1
1
524 
0
0
ELSET525
0
1
1
525 
0
0
ELSET526
0
1
1
526 
0
0
ELSET527
0
1
1
527 
0
0
ELSET528
0
1
1
528 
0
0
ELSET529
0
1
1
529 
0
0
ELSET530
0
1
1
530 
0
0
ELSET531
0
1
1
531 
0
0
ELSET550
0
1
1
550 
0
0
ELSET551
0
1
1
551 
0
0
ELSET552
0
1
1
552 
0
0
ELSET553
0
1
1
553 
0
0
ELSET554
0
1
1
554 
0
0
ELSET555
0
1
1
555 
0
0
ELSET556
0
1
1
556 
0
0
ELSET557
0
1
1
557 
0
0
ELSET558
0
1
1
558 
0
0
ELSET559
0
1
1
559 
0
0
ELSET560
0
1
1
560 
0
0
ELSET561
0
1
1
561 
0
0
ELSET562
0
1
1
562 
0
0
ELSET563
0
1
1
563 
0
0
ELSET564
0
1
1
564 
0
0
ELSET565
0
1
1
565 
0
0
ELSET566
0
1
1
566 
0
0
ELSET567
0
1
1
567 
0
0
ELSET568
0
1
1
568 
0
0
ELSET569
0
1
1
569 
0
0
ELSET570
0
1
1
570 
0
0
ELSET571
0
1
1
571 
0
0
ELSET572
0
1
1
572 
0
0
ELSET573
0
1
1
573 
0
0
ELSET574
0
1
1
574 
0
0
ELSET575
0
1
1
575 
0
0
ELSET576
0
1
1
576 
0
0
ELSET595
0
1
1
595 
0
0
ELSET596
0
1
1
596 
0
0
ELSET597
0
1
1
597 
0
0
ELSET598
0
1
1
598 
0
0
ELSET599
0
1
1
599 
0
0
ELSET600
0
1
1
600 
0
0
ELSET601
0
1
1
601 
0
0
ELSET602
0
1
1
602 
0
0
ELSET603
0
1
1
603 
0
0
ELSET604
0
1
1
604 
0
0
ELSET605
0
1
1
605 
0
0
ELSET606
0
1
1
606 
0
0
ELSET607
0
1
1
607 
0
0
ELSET608
0
1
1
608 
0
0
ELSET609
0
1
1
609 
0
0
ELSET610
0
1
1
610 
0
0
ELSET611
0
1
1
611 
0
0
ELSET612
0
1
1
612 
0
0
ELSET613
0
1
1
613 
0
0
ELSET614
0
1
1
614 
0
0
ELSET615
0
1
1
615 
0
0
ELSET616
0
1
1
616 
0
0
ELSET617
0
1
1
617 
0
0
ELSET618
0
1
1
618 
0
0
ELSET619
0
1
1
619 
0
0
ELSET620
0
1
1
620 
0
0
ELSET621
0
1
1
621 
0
0
ELSET622
0
1
1
622 
0
0
ELSET640
0
1
1
640 
0
0
ELSET641
0
1
1
641 
0
0
ELSET642
0
1
1
642 
0
0
ELSET643
0
1
1
643 
0
0
ELSET644
0
1
1
644 
0
0
ELSET645
0
1
1
645 
0
0
ELSET646
0
1
1
646 
0
0
ELSET647
0
1
1
647 
0
0
ELSET648
0
1
1
648 
0
0
ELSET649
0
1
1
649 
0
0
ELSET650
0
1
1
650 
0
0
ELSET651
0
1
1
651 
0
0
ELSET652
0
1
1
652 
0
0
ELSET653
0
1
1
653 
0
0
ELSET654
0
1
1
654 
0
0
ELSET655
0
1
1
655 
0
0
ELSET656
0
1
1
656 
0
0
ELSET657
0
1
1
657 
0
0
ELSET658
0
1
1
658 
0
0
ELSET659
0
1
1
659 
0
0
ELSET660
0
1
1
660 
0
0
ELSET661
0
1
1
661 
0
0
ELSET662
0
1
1
662 
0
0
ELSET663
0
1
1
663 
0
0
ELSET664
0
1
1
664 
0
0
ELSET665
0
1
1
665 
0
0
ELSET666
0
1
1
666 
0
0
ELSET667
0
1
1
667 
0
0
ELSET668
0
1
1
668 
0
0
ELSET685
0
1
1
685 
0
0
ELSET686
0
1
1
686 
0
0
ELSET687
0
1
1
687 
0
0
ELSET688
0
1
1
688 
0
0
ELSET689
0
1
1
689 
0
0
ELSET690
0
1
1
690 
0
0
ELSET691
0
1
1
691 
0
0
ELSET692
0
1
1
692 
0
0
ELSET693
0
1
1
693 
0
0
ELSET694
0
1
1
694 
0
0
ELSET695
0
1
1
695 
0
0
ELSET696
0
1
1
696 
0
0
ELSET697
0
1
1
697 
0
0
ELSET698
0
1
1
698 
0
0
ELSET699
0
1
1
699 
0
0
ELSET700
0
1
1
700 
0
0
ELSET701
0
1
1
701 
0
0
ELSET702
0
1
1
702 
0
0
ELSET703
0
1
1
703 
0
0
ELSET704
0
1
1
704 
0
0
ELSET705
0
1
1
705 
0
0
ELSET706
0
1
1
706 
0
0
ELSET707
0
1
1
707 
0
0
ELSET708
0
1
1
708 
0
0
ELSET709
0
1
1
709 
0
0
ELSET710
0
1
1
710 
0
0
ELSET711
0
1
1
711 
0
0
ELSET712
0
1
1
712 
0
0
ELSET713
0
1
1
713 
0
0
ELSET730
0
1
1
730 
0
0
ELSET731
0
1
1
731 
0
0
ELSET732
0
1
1
732 
0
0
ELSET733
0
1
1
733 
0
0
ELSET734
0
1
1
734 
0
0
ELSET735
0
1
1
735 
0
0
ELSET736
0
1
1
736 
0
0
ELSET737
0
1
1
737 
0
0
ELSET738
0
1
1
738 
0
0
ELSET739
0
1
1
739 
0
0
ELSET740
0
1
1
740 
0
0
ELSET741
0
1
1
741 
0
0
ELSET742
0
1
1
742 
0
0
ELSET743
0
1
1
743 
0
0
ELSET744
0
1
1
744 
0
0
ELSET745
0
1
1
745 
0
0
ELSET746
0
1
1
746 
0
0
ELSET747
0
1
1
747 
0
0
ELSET748
0
1
1
748 
0
0
ELSET749
0
1
1
749 
0
0
ELSET750
0
1
1
750 
0
0
ELSET751
0
1
1
751 
0
0
ELSET752
0
1
1
752 
0
0
ELSET753
0
1
1
753 
0
0
ELSET754
0
1
1
754 
0
0
ELSET755
0
1
1
755 
0
0
ELSET756
0
1
1
756 
0
0
ELSET757
0
1
1
757 
0
0
ELSET758
0
1
1
758 
0
0
ELSET775
0
1
1
775 
0
0
ELSET776
0
1
1
776 
0
0
ELSET777
0
1
1
777 
0
0
ELSET778
0
1
1
778 
0
0
ELSET779
0
1
1
779 
0
0
ELSET780
0
1
1
780 
0
0
ELSET781
0
1
1
781 
0
0
ELSET782
0
1
1
782 
0
0
ELSET783
0
1
1
783 
0
0
ELSET784
0
1
1
784 
0
0
ELSET785
0
1
1
785 
0
0
ELSET786
0
1
1
786 
0
0
ELSET787
0
1
1
787 
0
0
ELSET788
0
1
1
788 
0
0
ELSET789
0
1
1
789 
0
0
ELSET790
0
1
1
790 
0
0
ELSET791
0
1
1
791 
0
0
ELSET792
0
1
1
792 
0
0
ELSET793
0
1
1
793 
0
0
ELSET794
0
1
1
794 
0
0
ELSET795
0
1
1
795 
0
0
ELSET796
0
1
1
796 
0
0
ELSET797
0
1
1
797 
0
0
ELSET798
0
1
1
798 
0
0
ELSET799
0
1
1
799 
0
0
ELSET800
0
1
1
800 
0
0
ELSET801
0
1
1
801 
0
0
ELSET802
0
1
1
802 
0
0
ELSET803
0
1
1
803 
0
0
ELSET820
0
1
1
820 
0
0
ELSET821
0
1
1
821 
0
0
ELSET822
0
1
1
822 
0
0
ELSET823
0
1
1
823 
0
0
ELSET824
0
1
1
824 
0
0
ELSET825
0
1
1
825 
0
0
ELSET826
0
1
1
826 
0
0
ELSET827
0
1
1
827 
0
0
ELSET828
0
1
1
828 
0
0
ELSET829
0
1
1
829 
0
0
ELSET830
0
1
1
830 
0
0
ELSET831
0
1
1
831 
0
0
ELSET832
0
1
1
832 
0
0
ELSET833
0
1
1
833 
0
0
ELSET834
0
1
1
834 
0
0
ELSET835
0
1
1
835 
0
0
ELSET836
0
1
1
836 
0
0
ELSET837
0
1
1
837 
0
0
ELSET838
0
1
1
838 
0
0
ELSET839
0
1
1
839 
0
0
ELSET840
0
1
1
840 
0
0
ELSET841
0
1
1
841 
0
0
ELSET842
0
1
1
842 
0
0
ELSET843
0
1
1
843 
0
0
ELSET844
0
1
1
844 
0
0
ELSET845
0
1
1
845 
0
0
ELSET846
0
1
1
846 
0
0
ELSET847
0
1
1
847 
0
0
ELSET848
0
1
1
848 
0
0
ELSET865
0
1
1
865 
0
0
ELSET866
0
1
1
866 
0
0
ELSET867
0
1
1
867 
0
0
ELSET868
0
1
1
868 
0
0
ELSET869
0
1
1
869 
0
0
ELSET870
0
1
1
870 
0
0
ELSET871
0
1
1
871 
0
0
ELSET872
0
1
1
872 
0
0
ELSET873
0
1
1
873 
0
0
ELSET874
0
1
1
874 
0
0
ELSET875
0
1
1
875 
0
0
ELSET876
0
1
1
876 
0
0
ELSET877
0
1
1
877 
0
0
ELSET878
0
1
1
878 
0
0
ELSET879
0
1
1
879 
0
0
ELSET880
0
1
1
880 
0
0
ELSET881
0
1
1
881 
0
0
ELSET882
0
1
1
882 
0
0
ELSET883
0
1
1
883 
0
0
ELSET884
0
1
1
884 
0
0
ELSET885
0
1
1
885 
0
0
ELSET886
0
1
1
886 
0
0
ELSET887
0
1
1
887 
0
0
ELSET888
0
1
1
888 
0
0
ELSET889
0
1
1
889 
0
0
ELSET890
0
1
1
890 
0
0
ELSET891
0
1
1
891 
0
0
ELSET892
0
1
1
892 
0
0
ELSET893
0
1
1
893 
0
0
ELSET911
0
1
1
911 
0
0
ELSET912
0
1
1
912 
0
0
ELSET913
0
1
1
913 
0
0
ELSET914
0
1
1
914 
0
0
ELSET915
0
1
1
915 
0
0
ELSET916
0
1
1
916 
0
0
ELSET917
0
1
1
917 
0
0
ELSET918
0
1
1
918 
0
0
ELSET919
0
1
1
919 
0
0
ELSET920
0
1
1
920 
0
0
ELSET921
0
1
1
921 
0
0
ELSET922
0
1
1
922 
0
0
ELSET923
0
1
1
923 
0
0
ELSET924
0
1
1
924 
0
0
ELSET925
0
1
1
925 
0
0
ELSET926
0
1
1
926 
0
0
ELSET927
0
1
1
927 
0
0
ELSET928
0
1
1
928 
0
0
ELSET929
0
1
1
929 
0
0
ELSET930
0
1
1
930 
0
0
ELSET931
0
1
1
931 
0
0
ELSET932
0
1
1
932 
0
0
ELSET933
0
1
1
933 
0
0
ELSET934
0
1
1
934 
0
0
ELSET935
0
1
1
935 
0
0
ELSET936
0
1
1
936 
0
0
ELSET937
0
1
1
937 
0
0
ELSET956
0
1
1
956 
0
0
ELSET957
0
1
1
957 
0
0
ELSET958
0
1
1
958 
0
0
ELSET959
0
1
1
959 
0
0
ELSET960
0
1
1
960 
0
0
ELSET961
0
1
1
961 
0
0
ELSET962
0
1
1
962 
0
0
ELSET963
0
1
1
963 
0
0
ELSET964
0
1
1
964 
0
0
ELSET965
0
1
1
965 
0
0
ELSET966
0
1
1
966 
0
0
ELSET967
0
1
1
967 
0
0
ELSET968
0
1
1
968 
0
0
ELSET969
0
1
1
969 
0
0
ELSET970
0
1
1
970 
0
0
ELSET971
0
1
1
971 
0
0
ELSET972
0
1
1
972 
0
0
ELSET973
0
1
1
973 
0
0
ELSET974
0
1
1
974 
0
0
ELSET975
0
1
1
975 
0
0
ELSET976
0
1
1
976 
0
0
ELSET977
0
1
1
977 
0
0
ELSET978
0
1
1
978 
0
0
ELSET979
0
1
1
979 
0
0
ELSET980
0
1
1
980 
0
0
ELSET981
0
1
1
981 
0
0
ELSET982
0
1
1
982 
0
0
0
0
1
PART-1-1
3
BOTNODES
0
1
493
1904 1905 1906 1907 1908 1909 1910 1911 1912 1947 1948 1949 1950 1951 1952 1953 1954 1955 1956 1957 1958 1959 1960 1961 1962 1991 1992 1993 1994 1995 1996 1997 1998 1999 2000 2001 2002 2003 2004 2005 2006 2007 2008 2009 2036 2037 2038 2039 2040 2041 2042 2043 2044 2045 2046 2047 2048 2049 2050 2051 2052 2053 2054 2055 2056 2057 2081 2082 2083 2084 2085 2086 2087 2088 2089 2090 2091 2092 2093 2094 2095 2096 2097 2098 2099 2100 2101 2102 2103 2104 2127 2128 2129 2130 2131 2132 2133 2134 2135 2136 2137 2138 2139 2140 2141 2142 2143 2144 2145 2146 2147 2148 2149 2150 2151 2173 2174 2175 2176 2177 2178 2179 2180 2181 2182 2183 2184 2185 2186 2187 2188 2189 2190 2191 2192 2193 2194 2195 2196 2197 2198 2219 2220 2221 2222 2223 2224 2225 2226 2227 2228 2229 2230 2231 2232 2233 2234 2235 2236 2237 2238 2239 2240 2241 2242 2243 2244 2245 2264 2265 2266 2267 2268 2269 2270 2271 2272 2273 2274 2275 2276 2277 2278 2279 2280 2281 2282 2283 2284 2285 2286 2287 2288 2289 2290 2291 2310 2311 2312 2313 2314 2315 2316 2317 2318 2319 2320 2321 2322 2323 2324 2325 2326 2327 2328 2329 2330 2331 2332 2333 2334 2335 2336 2337 2338 2356 2357 2358 2359 2360 2361 2362 2363 2364 2365 2366 2367 2368 2369 2370 2371 2372 2373 2374 2375 2376 2377 2378 2379 2380 2381 2382 2383 2384 2385 2402 2403 2404 2405 2406 2407 2408 2409 2410 2411 2412 2413 2414 2415 2416 2417 2418 2419 2420 2421 2422 2423 2424 2425 2426 2427 2428 2429 2430 2431 2448 2449 2450 2451 2452 2453 2454 2455 2456 2457 2458 2459 2460 2461 2462 2463 2464 2465 2466 2467 2468 2469 2470 2471 2472 2473 2474 2475 2476 2477 2494 2495 2496 2497 2498 2499 2500 2501 2502 2503 2504 2505 2506 2507 2508 2509 2510 2511 2512 2513 2514 2515 2516 2517 2518 2519 2520 2521 2522 2523 2540 2541 2542 2543 2544 2545 2546 2547 2548 2549 2550 2551 2552 2553 2554 2555 2556 2557 2558 2559 2560 2561 2562 2563 2564 2565 2566 2567 2568 2569 2586 2587 2588 2589 2590 2591 2592 2593 2594 2595 2596 2597 2598 2599 2600 2601 2602 2603 2604 2605 2606 2607 2608 2609 2610 2611 2612 2613 2614 2615 2632 2633 2634 2635 2636 2637 2638 2639 2640 2641 2642 2643 2644 2645 2646 2647 2648 2649 2650 2651 2652 2653 2654 2655 2656 2657 2658 2659 2660 2661 2679 2680 2681 2682 2683 2684 2685 2686 2687 2688 2689 2690 2691 2692 2693 2694 2695 2696 2697 2698 2699 2700 2701 2702 2703 2704 2705 2706 2725 2726 2727 2728 2729 2730 2731 2732 2733 2734 2735 2736 2737 2738 2739 2740 2741 2742 2743 2744 2745 2746 2747 2748 2749 2750 2751 2752 2771 2772 
0
0
REF_NODE
0
1
1
10000000 
0
0
TOPNODES
0
1
493
202 203 204 205 206 207 208 209 210 245 246 247 248 249 250 251 252 253 254 255 256 257 258 259 260 289 290 291 292 293 294 295 296 297 298 299 300 301 302 303 304 305 306 307 334 335 336 337 338 339 340 341 342 343 344 345 346 347 348 349 350 351 352 353 354 355 379 380 381 382 383 384 385 386 387 388 389 390 391 392 393 394 395 396 397 398 399 400 401 402 425 426 427 428 429 430 431 432 433 434 435 436 437 438 439 440 441 442 443 444 445 446 447 448 449 471 472 473 474 475 476 477 478 479 480 481 482 483 484 485 486 487 488 489 490 491 492 493 494 495 496 517 518 519 520 521 522 523 524 525 526 527 528 529 530 531 532 533 534 535 536 537 538 539 540 541 542 543 562 563 564 565 566 567 568 569 570 571 572 573 574 575 576 577 578 579 580 581 582 583 584 585 586 587 588 589 608 609 610 611 612 613 614 615 616 617 618 619 620 621 622 623 624 625 626 627 628 629 630 631 632 633 634 635 636 654 655 656 657 658 659 660 661 662 663 664 665 666 667 668 669 670 671 672 673 674 675 676 677 678 679 680 681 682 683 700 701 702 703 704 705 706 707 708 709 710 711 712 713 714 715 716 717 718 719 720 721 722 723 724 725 726 727 728 729 746 747 748 749 750 751 752 753 754 755 756 757 758 759 760 761 762 763 764 765 766 767 768 769 770 771 772 773 774 775 792 793 794 795 796 797 798 799 800 801 802 803 804 805 806 807 808 809 810 811 812 813 814 815 816 817 818 819 820 821 838 839 840 841 842 843 844 845 846 847 848 849 850 851 852 853 854 855 856 857 858 859 860 861 862 863 864 865 866 867 884 885 886 887 888 889 890 891 892 893 894 895 896 897 898 899 900 901 902 903 904 905 906 907 908 909 910 911 912 913 930 931 932 933 934 935 936 937 938 939 940 941 942 943 944 945 946 947 948 949 950 951 952 953 954 955 956 957 958 959 977 978 979 980 981 982 983 984 985 986 987 988 989 990 991 992 993 994 995 996 997 998 999 1000 1001 1002 1003 1004 1023 1024 1025 1026 1027 1028 1029 1030 1031 1032 1033 1034 1035 1036 1037 1038 1039 1040 1041 1042 1043 1044 1045 1046 1047 1048 1049 1050 1069 1070 
0
0
0
0
0
