ELASTIX version: 5.000
Command line options from ElastixBase:
-fMask    unspecified, so no fixed mask used
-mMask    unspecified, so no moving mask used
-out      c:\Users\mathi\OneDrive\Documents\FRACTIB\03_Scripts\03_Registration\..\..\04_Results/03_Registration\452_L_75_F/
-priority unspecified, so NORMAL process priority
-threads  unspecified, so all available threads are used
WARNING: The parameter "UseDirectionCosines", requested at entry number 0, does not exist at all.
  The default value "true" is used instead.

WARNING: The option "UseDirectionCosines" was not found in your parameter file.
  From elastix 4.8 it defaults to true!
This may change the behavior of your registrations considerably.

Command line options from TransformBase:
-t0       unspecified, so no initial transform used

Reading images...
Reading images took 0 ms.

WARNING: the fixed pyramid schedule is not fully specified!
  A default pyramid schedule is used.
WARNING: the moving pyramid schedule is not fully specified!
  A default pyramid schedule is used.
WARNING: The parameter "AutomaticTransformInitialization", requested at entry number 0, does not exist at all.
  The default value "false" is used instead.
WARNING: The parameter "AutomaticTransformInitializationMethod", requested at entry number 0, does not exist at all.
  The default value "GeometricalCenter" is used instead.
Transform parameters are initialized as: [0, 0, 0, 0, 0, 0]
Scales are estimated automatically.
Scales for transform parameters are: [348.2402396666751, 348.2402396666727, 522.9426019999867, 1, 1, 1]
