0
1
0
Assembly-1
1
PART-1-1
PART-1
1
PART-1-1
943
134
135
136
137
138
139
140
169
170
171
172
173
174
175
176
177
178
179
180
181
182
207
208
209
210
211
212
213
214
215
216
217
218
219
220
221
222
223
246
247
248
249
250
251
252
253
254
255
256
257
258
259
260
261
262
263
264
285
286
287
288
289
290
291
292
293
294
295
296
297
298
299
300
301
302
303
304
323
324
325
326
327
328
329
330
331
332
333
334
335
336
337
338
339
340
341
342
343
344
362
363
364
365
366
367
368
369
370
371
372
373
374
375
376
377
378
379
380
381
382
383
384
401
402
403
404
405
406
407
408
409
410
411
412
413
414
415
416
417
418
419
420
421
422
423
440
441
442
443
444
445
446
447
448
449
450
451
452
453
454
455
456
457
458
459
460
461
462
463
478
479
480
481
482
483
484
485
486
487
488
489
490
491
492
493
494
495
496
497
498
499
500
501
502
517
518
519
520
521
522
523
524
525
526
527
528
529
530
531
532
533
534
535
536
537
538
539
540
541
556
557
558
559
560
561
562
563
564
565
566
567
568
569
570
571
572
573
574
575
576
577
578
579
580
595
596
597
598
599
600
601
602
603
604
605
606
607
608
609
610
611
612
613
614
615
616
617
618
634
635
636
637
638
639
640
641
642
643
644
645
646
647
648
649
650
651
652
653
654
655
656
657
673
674
675
676
677
678
679
680
681
682
683
684
685
686
687
688
689
690
691
692
693
694
695
696
712
713
714
715
716
717
718
719
720
721
722
723
724
725
726
727
728
729
730
731
732
733
734
735
752
753
754
755
756
757
758
759
760
761
762
763
764
765
766
767
768
769
770
771
772
773
791
792
793
794
795
796
797
798
799
800
801
802
803
804
805
806
807
808
809
810
811
812
830
831
832
833
834
835
836
837
838
839
840
841
842
843
844
845
846
847
848
849
850
851
870
871
872
873
874
875
876
877
878
879
880
881
882
883
884
885
886
887
888
889
909
910
911
912
913
914
915
916
917
918
919
920
921
922
923
924
925
926
949
950
951
952
953
954
955
956
957
958
959
960
961
962
963
989
990
991
992
993
994
995
996
997
998
999
1000
1343
1344
1345
1346
1347
1348
1349
1378
1379
1380
1381
1382
1383
1384
1385
1386
1387
1388
1389
1390
1391
1416
1417
1418
1419
1420
1421
1422
1423
1424
1425
1426
1427
1428
1429
1430
1431
1432
1455
1456
1457
1458
1459
1460
1461
1462
1463
1464
1465
1466
1467
1468
1469
1470
1471
1472
1473
1494
1495
1496
1497
1498
1499
1500
1501
1502
1503
1504
1505
1506
1507
1508
1509
1510
1511
1512
1513
1532
1533
1534
1535
1536
1537
1538
1539
1540
1541
1542
1543
1544
1545
1546
1547
1548
1549
1550
1551
1552
1553
1571
1572
1573
1574
1575
1576
1577
1578
1579
1580
1581
1582
1583
1584
1585
1586
1587
1588
1589
1590
1591
1592
1593
1610
1611
1612
1613
1614
1615
1616
1617
1618
1619
1620
1621
1622
1623
1624
1625
1626
1627
1628
1629
1630
1631
1632
1649
1650
1651
1652
1653
1654
1655
1656
1657
1658
1659
1660
1661
1662
1663
1664
1665
1666
1667
1668
1669
1670
1671
1672
1687
1688
1689
1690
1691
1692
1693
1694
1695
1696
1697
1698
1699
1700
1701
1702
1703
1704
1705
1706
1707
1708
1709
1710
1711
1726
1727
1728
1729
1730
1731
1732
1733
1734
1735
1736
1737
1738
1739
1740
1741
1742
1743
1744
1745
1746
1747
1748
1749
1750
1765
1766
1767
1768
1769
1770
1771
1772
1773
1774
1775
1776
1777
1778
1779
1780
1781
1782
1783
1784
1785
1786
1787
1788
1789
1804
1805
1806
1807
1808
1809
1810
1811
1812
1813
1814
1815
1816
1817
1818
1819
1820
1821
1822
1823
1824
1825
1826
1827
1843
1844
1845
1846
1847
1848
1849
1850
1851
1852
1853
1854
1855
1856
1857
1858
1859
1860
1861
1862
1863
1864
1865
1866
1882
1883
1884
1885
1886
1887
1888
1889
1890
1891
1892
1893
1894
1895
1896
1897
1898
1899
1900
1901
1902
1903
1904
1905
1921
1922
1923
1924
1925
1926
1927
1928
1929
1930
1931
1932
1933
1934
1935
1936
1937
1938
1939
1940
1941
1942
1943
1944
1961
1962
1963
1964
1965
1966
1967
1968
1969
1970
1971
1972
1973
1974
1975
1976
1977
1978
1979
1980
1981
1982
2000
2001
2002
2003
2004
2005
2006
2007
2008
2009
2010
2011
2012
2013
2014
2015
2016
2017
2018
2019
2020
2021
2039
2040
2041
2042
2043
2044
2045
2046
2047
2048
2049
2050
2051
2052
2053
2054
2055
2056
2057
2058
2059
2060
2079
2080
2081
2082
2083
2084
2085
2086
2087
2088
2089
2090
2091
2092
2093
2094
2095
2096
2097
2098
2118
2119
2120
2121
2122
2123
2124
2125
2126
2127
2128
2129
2130
2131
2132
2133
2134
2135
2158
2159
2160
2161
2162
2163
2164
2165
2166
2167
2168
2169
2170
2171
2172
2198
2199
2200
2201
2202
2203
2204
2205
2206
2207
2208
2209
10000000
0
1
PART-1-1
424
131
132
133
134
135
136
165
166
167
168
169
170
171
172
173
174
175
176
177
202
203
204
205
206
207
208
209
210
211
212
213
214
215
216
217
240
241
242
243
244
245
246
247
248
249
250
251
252
253
254
255
256
257
278
279
280
281
282
283
284
285
286
287
288
289
290
291
292
293
294
295
296
315
316
317
318
319
320
321
322
323
324
325
326
327
328
329
330
331
332
333
334
335
353
354
355
356
357
358
359
360
361
362
363
364
365
366
367
368
369
370
371
372
373
374
391
392
393
394
395
396
397
398
399
400
401
402
403
404
405
406
407
408
409
410
411
412
429
430
431
432
433
434
435
436
437
438
439
440
441
442
443
444
445
446
447
448
449
450
451
466
467
468
469
470
471
472
473
474
475
476
477
478
479
480
481
482
483
484
485
486
487
488
489
504
505
506
507
508
509
510
511
512
513
514
515
516
517
518
519
520
521
522
523
524
525
526
527
542
543
544
545
546
547
548
549
550
551
552
553
554
555
556
557
558
559
560
561
562
563
564
580
581
582
583
584
585
586
587
588
589
590
591
592
593
594
595
596
597
598
599
600
601
602
618
619
620
621
622
623
624
625
626
627
628
629
630
631
632
633
634
635
636
637
638
639
640
656
657
658
659
660
661
662
663
664
665
666
667
668
669
670
671
672
673
674
675
676
677
678
695
696
697
698
699
700
701
702
703
704
705
706
707
708
709
710
711
712
713
714
715
733
734
735
736
737
738
739
740
741
742
743
744
745
746
747
748
749
750
751
752
753
771
772
773
774
775
776
777
778
779
780
781
782
783
784
785
786
787
788
789
790
791
810
811
812
813
814
815
816
817
818
819
820
821
822
823
824
825
826
827
828
848
849
850
851
852
853
854
855
856
857
858
859
860
861
862
863
864
887
888
889
890
891
892
893
894
895
896
897
898
899
900
926
927
928
929
930
931
932
933
934
935
936
0
0
1
PART-1-1
425
BONE
0
1
424
131 132 133 134 135 136 165 166 167 168 169 170 171 172 173 174 175 176 177 202 203 204 205 206 207 208 209 210 211 212 213 214 215 216 217 240 241 242 243 244 245 246 247 248 249 250 251 252 253 254 255 256 257 278 279 280 281 282 283 284 285 286 287 288 289 290 291 292 293 294 295 296 315 316 317 318 319 320 321 322 323 324 325 326 327 328 329 330 331 332 333 334 335 353 354 355 356 357 358 359 360 361 362 363 364 365 366 367 368 369 370 371 372 373 374 391 392 393 394 395 396 397 398 399 400 401 402 403 404 405 406 407 408 409 410 411 412 429 430 431 432 433 434 435 436 437 438 439 440 441 442 443 444 445 446 447 448 449 450 451 466 467 468 469 470 471 472 473 474 475 476 477 478 479 480 481 482 483 484 485 486 487 488 489 504 505 506 507 508 509 510 511 512 513 514 515 516 517 518 519 520 521 522 523 524 525 526 527 542 543 544 545 546 547 548 549 550 551 552 553 554 555 556 557 558 559 560 561 562 563 564 580 581 582 583 584 585 586 587 588 589 590 591 592 593 594 595 596 597 598 599 600 601 602 618 619 620 621 622 623 624 625 626 627 628 629 630 631 632 633 634 635 636 637 638 639 640 656 657 658 659 660 661 662 663 664 665 666 667 668 669 670 671 672 673 674 675 676 677 678 695 696 697 698 699 700 701 702 703 704 705 706 707 708 709 710 711 712 713 714 715 733 734 735 736 737 738 739 740 741 742 743 744 745 746 747 748 749 750 751 752 753 771 772 773 774 775 776 777 778 779 780 781 782 783 784 785 786 787 788 789 790 791 810 811 812 813 814 815 816 817 818 819 820 821 822 823 824 825 826 827 828 848 849 850 851 852 853 854 855 856 857 858 859 860 861 862 863 864 887 888 889 890 891 892 893 894 895 896 897 898 899 900 926 927 928 929 930 931 932 933 934 935 936 
0
0
ELSET131
0
1
1
131 
0
0
ELSET132
0
1
1
132 
0
0
ELSET133
0
1
1
133 
0
0
ELSET134
0
1
1
134 
0
0
ELSET135
0
1
1
135 
0
0
ELSET136
0
1
1
136 
0
0
ELSET165
0
1
1
165 
0
0
ELSET166
0
1
1
166 
0
0
ELSET167
0
1
1
167 
0
0
ELSET168
0
1
1
168 
0
0
ELSET169
0
1
1
169 
0
0
ELSET170
0
1
1
170 
0
0
ELSET171
0
1
1
171 
0
0
ELSET172
0
1
1
172 
0
0
ELSET173
0
1
1
173 
0
0
ELSET174
0
1
1
174 
0
0
ELSET175
0
1
1
175 
0
0
ELSET176
0
1
1
176 
0
0
ELSET177
0
1
1
177 
0
0
ELSET202
0
1
1
202 
0
0
ELSET203
0
1
1
203 
0
0
ELSET204
0
1
1
204 
0
0
ELSET205
0
1
1
205 
0
0
ELSET206
0
1
1
206 
0
0
ELSET207
0
1
1
207 
0
0
ELSET208
0
1
1
208 
0
0
ELSET209
0
1
1
209 
0
0
ELSET210
0
1
1
210 
0
0
ELSET211
0
1
1
211 
0
0
ELSET212
0
1
1
212 
0
0
ELSET213
0
1
1
213 
0
0
ELSET214
0
1
1
214 
0
0
ELSET215
0
1
1
215 
0
0
ELSET216
0
1
1
216 
0
0
ELSET217
0
1
1
217 
0
0
ELSET240
0
1
1
240 
0
0
ELSET241
0
1
1
241 
0
0
ELSET242
0
1
1
242 
0
0
ELSET243
0
1
1
243 
0
0
ELSET244
0
1
1
244 
0
0
ELSET245
0
1
1
245 
0
0
ELSET246
0
1
1
246 
0
0
ELSET247
0
1
1
247 
0
0
ELSET248
0
1
1
248 
0
0
ELSET249
0
1
1
249 
0
0
ELSET250
0
1
1
250 
0
0
ELSET251
0
1
1
251 
0
0
ELSET252
0
1
1
252 
0
0
ELSET253
0
1
1
253 
0
0
ELSET254
0
1
1
254 
0
0
ELSET255
0
1
1
255 
0
0
ELSET256
0
1
1
256 
0
0
ELSET257
0
1
1
257 
0
0
ELSET278
0
1
1
278 
0
0
ELSET279
0
1
1
279 
0
0
ELSET280
0
1
1
280 
0
0
ELSET281
0
1
1
281 
0
0
ELSET282
0
1
1
282 
0
0
ELSET283
0
1
1
283 
0
0
ELSET284
0
1
1
284 
0
0
ELSET285
0
1
1
285 
0
0
ELSET286
0
1
1
286 
0
0
ELSET287
0
1
1
287 
0
0
ELSET288
0
1
1
288 
0
0
ELSET289
0
1
1
289 
0
0
ELSET290
0
1
1
290 
0
0
ELSET291
0
1
1
291 
0
0
ELSET292
0
1
1
292 
0
0
ELSET293
0
1
1
293 
0
0
ELSET294
0
1
1
294 
0
0
ELSET295
0
1
1
295 
0
0
ELSET296
0
1
1
296 
0
0
ELSET315
0
1
1
315 
0
0
ELSET316
0
1
1
316 
0
0
ELSET317
0
1
1
317 
0
0
ELSET318
0
1
1
318 
0
0
ELSET319
0
1
1
319 
0
0
ELSET320
0
1
1
320 
0
0
ELSET321
0
1
1
321 
0
0
ELSET322
0
1
1
322 
0
0
ELSET323
0
1
1
323 
0
0
ELSET324
0
1
1
324 
0
0
ELSET325
0
1
1
325 
0
0
ELSET326
0
1
1
326 
0
0
ELSET327
0
1
1
327 
0
0
ELSET328
0
1
1
328 
0
0
ELSET329
0
1
1
329 
0
0
ELSET330
0
1
1
330 
0
0
ELSET331
0
1
1
331 
0
0
ELSET332
0
1
1
332 
0
0
ELSET333
0
1
1
333 
0
0
ELSET334
0
1
1
334 
0
0
ELSET335
0
1
1
335 
0
0
ELSET353
0
1
1
353 
0
0
ELSET354
0
1
1
354 
0
0
ELSET355
0
1
1
355 
0
0
ELSET356
0
1
1
356 
0
0
ELSET357
0
1
1
357 
0
0
ELSET358
0
1
1
358 
0
0
ELSET359
0
1
1
359 
0
0
ELSET360
0
1
1
360 
0
0
ELSET361
0
1
1
361 
0
0
ELSET362
0
1
1
362 
0
0
ELSET363
0
1
1
363 
0
0
ELSET364
0
1
1
364 
0
0
ELSET365
0
1
1
365 
0
0
ELSET366
0
1
1
366 
0
0
ELSET367
0
1
1
367 
0
0
ELSET368
0
1
1
368 
0
0
ELSET369
0
1
1
369 
0
0
ELSET370
0
1
1
370 
0
0
ELSET371
0
1
1
371 
0
0
ELSET372
0
1
1
372 
0
0
ELSET373
0
1
1
373 
0
0
ELSET374
0
1
1
374 
0
0
ELSET391
0
1
1
391 
0
0
ELSET392
0
1
1
392 
0
0
ELSET393
0
1
1
393 
0
0
ELSET394
0
1
1
394 
0
0
ELSET395
0
1
1
395 
0
0
ELSET396
0
1
1
396 
0
0
ELSET397
0
1
1
397 
0
0
ELSET398
0
1
1
398 
0
0
ELSET399
0
1
1
399 
0
0
ELSET400
0
1
1
400 
0
0
ELSET401
0
1
1
401 
0
0
ELSET402
0
1
1
402 
0
0
ELSET403
0
1
1
403 
0
0
ELSET404
0
1
1
404 
0
0
ELSET405
0
1
1
405 
0
0
ELSET406
0
1
1
406 
0
0
ELSET407
0
1
1
407 
0
0
ELSET408
0
1
1
408 
0
0
ELSET409
0
1
1
409 
0
0
ELSET410
0
1
1
410 
0
0
ELSET411
0
1
1
411 
0
0
ELSET412
0
1
1
412 
0
0
ELSET429
0
1
1
429 
0
0
ELSET430
0
1
1
430 
0
0
ELSET431
0
1
1
431 
0
0
ELSET432
0
1
1
432 
0
0
ELSET433
0
1
1
433 
0
0
ELSET434
0
1
1
434 
0
0
ELSET435
0
1
1
435 
0
0
ELSET436
0
1
1
436 
0
0
ELSET437
0
1
1
437 
0
0
ELSET438
0
1
1
438 
0
0
ELSET439
0
1
1
439 
0
0
ELSET440
0
1
1
440 
0
0
ELSET441
0
1
1
441 
0
0
ELSET442
0
1
1
442 
0
0
ELSET443
0
1
1
443 
0
0
ELSET444
0
1
1
444 
0
0
ELSET445
0
1
1
445 
0
0
ELSET446
0
1
1
446 
0
0
ELSET447
0
1
1
447 
0
0
ELSET448
0
1
1
448 
0
0
ELSET449
0
1
1
449 
0
0
ELSET450
0
1
1
450 
0
0
ELSET451
0
1
1
451 
0
0
ELSET466
0
1
1
466 
0
0
ELSET467
0
1
1
467 
0
0
ELSET468
0
1
1
468 
0
0
ELSET469
0
1
1
469 
0
0
ELSET470
0
1
1
470 
0
0
ELSET471
0
1
1
471 
0
0
ELSET472
0
1
1
472 
0
0
ELSET473
0
1
1
473 
0
0
ELSET474
0
1
1
474 
0
0
ELSET475
0
1
1
475 
0
0
ELSET476
0
1
1
476 
0
0
ELSET477
0
1
1
477 
0
0
ELSET478
0
1
1
478 
0
0
ELSET479
0
1
1
479 
0
0
ELSET480
0
1
1
480 
0
0
ELSET481
0
1
1
481 
0
0
ELSET482
0
1
1
482 
0
0
ELSET483
0
1
1
483 
0
0
ELSET484
0
1
1
484 
0
0
ELSET485
0
1
1
485 
0
0
ELSET486
0
1
1
486 
0
0
ELSET487
0
1
1
487 
0
0
ELSET488
0
1
1
488 
0
0
ELSET489
0
1
1
489 
0
0
ELSET504
0
1
1
504 
0
0
ELSET505
0
1
1
505 
0
0
ELSET506
0
1
1
506 
0
0
ELSET507
0
1
1
507 
0
0
ELSET508
0
1
1
508 
0
0
ELSET509
0
1
1
509 
0
0
ELSET510
0
1
1
510 
0
0
ELSET511
0
1
1
511 
0
0
ELSET512
0
1
1
512 
0
0
ELSET513
0
1
1
513 
0
0
ELSET514
0
1
1
514 
0
0
ELSET515
0
1
1
515 
0
0
ELSET516
0
1
1
516 
0
0
ELSET517
0
1
1
517 
0
0
ELSET518
0
1
1
518 
0
0
ELSET519
0
1
1
519 
0
0
ELSET520
0
1
1
520 
0
0
ELSET521
0
1
1
521 
0
0
ELSET522
0
1
1
522 
0
0
ELSET523
0
1
1
523 
0
0
ELSET524
0
1
1
524 
0
0
ELSET525
0
1
1
525 
0
0
ELSET526
0
1
1
526 
0
0
ELSET527
0
1
1
527 
0
0
ELSET542
0
1
1
542 
0
0
ELSET543
0
1
1
543 
0
0
ELSET544
0
1
1
544 
0
0
ELSET545
0
1
1
545 
0
0
ELSET546
0
1
1
546 
0
0
ELSET547
0
1
1
547 
0
0
ELSET548
0
1
1
548 
0
0
ELSET549
0
1
1
549 
0
0
ELSET550
0
1
1
550 
0
0
ELSET551
0
1
1
551 
0
0
ELSET552
0
1
1
552 
0
0
ELSET553
0
1
1
553 
0
0
ELSET554
0
1
1
554 
0
0
ELSET555
0
1
1
555 
0
0
ELSET556
0
1
1
556 
0
0
ELSET557
0
1
1
557 
0
0
ELSET558
0
1
1
558 
0
0
ELSET559
0
1
1
559 
0
0
ELSET560
0
1
1
560 
0
0
ELSET561
0
1
1
561 
0
0
ELSET562
0
1
1
562 
0
0
ELSET563
0
1
1
563 
0
0
ELSET564
0
1
1
564 
0
0
ELSET580
0
1
1
580 
0
0
ELSET581
0
1
1
581 
0
0
ELSET582
0
1
1
582 
0
0
ELSET583
0
1
1
583 
0
0
ELSET584
0
1
1
584 
0
0
ELSET585
0
1
1
585 
0
0
ELSET586
0
1
1
586 
0
0
ELSET587
0
1
1
587 
0
0
ELSET588
0
1
1
588 
0
0
ELSET589
0
1
1
589 
0
0
ELSET590
0
1
1
590 
0
0
ELSET591
0
1
1
591 
0
0
ELSET592
0
1
1
592 
0
0
ELSET593
0
1
1
593 
0
0
ELSET594
0
1
1
594 
0
0
ELSET595
0
1
1
595 
0
0
ELSET596
0
1
1
596 
0
0
ELSET597
0
1
1
597 
0
0
ELSET598
0
1
1
598 
0
0
ELSET599
0
1
1
599 
0
0
ELSET600
0
1
1
600 
0
0
ELSET601
0
1
1
601 
0
0
ELSET602
0
1
1
602 
0
0
ELSET618
0
1
1
618 
0
0
ELSET619
0
1
1
619 
0
0
ELSET620
0
1
1
620 
0
0
ELSET621
0
1
1
621 
0
0
ELSET622
0
1
1
622 
0
0
ELSET623
0
1
1
623 
0
0
ELSET624
0
1
1
624 
0
0
ELSET625
0
1
1
625 
0
0
ELSET626
0
1
1
626 
0
0
ELSET627
0
1
1
627 
0
0
ELSET628
0
1
1
628 
0
0
ELSET629
0
1
1
629 
0
0
ELSET630
0
1
1
630 
0
0
ELSET631
0
1
1
631 
0
0
ELSET632
0
1
1
632 
0
0
ELSET633
0
1
1
633 
0
0
ELSET634
0
1
1
634 
0
0
ELSET635
0
1
1
635 
0
0
ELSET636
0
1
1
636 
0
0
ELSET637
0
1
1
637 
0
0
ELSET638
0
1
1
638 
0
0
ELSET639
0
1
1
639 
0
0
ELSET640
0
1
1
640 
0
0
ELSET656
0
1
1
656 
0
0
ELSET657
0
1
1
657 
0
0
ELSET658
0
1
1
658 
0
0
ELSET659
0
1
1
659 
0
0
ELSET660
0
1
1
660 
0
0
ELSET661
0
1
1
661 
0
0
ELSET662
0
1
1
662 
0
0
ELSET663
0
1
1
663 
0
0
ELSET664
0
1
1
664 
0
0
ELSET665
0
1
1
665 
0
0
ELSET666
0
1
1
666 
0
0
ELSET667
0
1
1
667 
0
0
ELSET668
0
1
1
668 
0
0
ELSET669
0
1
1
669 
0
0
ELSET670
0
1
1
670 
0
0
ELSET671
0
1
1
671 
0
0
ELSET672
0
1
1
672 
0
0
ELSET673
0
1
1
673 
0
0
ELSET674
0
1
1
674 
0
0
ELSET675
0
1
1
675 
0
0
ELSET676
0
1
1
676 
0
0
ELSET677
0
1
1
677 
0
0
ELSET678
0
1
1
678 
0
0
ELSET695
0
1
1
695 
0
0
ELSET696
0
1
1
696 
0
0
ELSET697
0
1
1
697 
0
0
ELSET698
0
1
1
698 
0
0
ELSET699
0
1
1
699 
0
0
ELSET700
0
1
1
700 
0
0
ELSET701
0
1
1
701 
0
0
ELSET702
0
1
1
702 
0
0
ELSET703
0
1
1
703 
0
0
ELSET704
0
1
1
704 
0
0
ELSET705
0
1
1
705 
0
0
ELSET706
0
1
1
706 
0
0
ELSET707
0
1
1
707 
0
0
ELSET708
0
1
1
708 
0
0
ELSET709
0
1
1
709 
0
0
ELSET710
0
1
1
710 
0
0
ELSET711
0
1
1
711 
0
0
ELSET712
0
1
1
712 
0
0
ELSET713
0
1
1
713 
0
0
ELSET714
0
1
1
714 
0
0
ELSET715
0
1
1
715 
0
0
ELSET733
0
1
1
733 
0
0
ELSET734
0
1
1
734 
0
0
ELSET735
0
1
1
735 
0
0
ELSET736
0
1
1
736 
0
0
ELSET737
0
1
1
737 
0
0
ELSET738
0
1
1
738 
0
0
ELSET739
0
1
1
739 
0
0
ELSET740
0
1
1
740 
0
0
ELSET741
0
1
1
741 
0
0
ELSET742
0
1
1
742 
0
0
ELSET743
0
1
1
743 
0
0
ELSET744
0
1
1
744 
0
0
ELSET745
0
1
1
745 
0
0
ELSET746
0
1
1
746 
0
0
ELSET747
0
1
1
747 
0
0
ELSET748
0
1
1
748 
0
0
ELSET749
0
1
1
749 
0
0
ELSET750
0
1
1
750 
0
0
ELSET751
0
1
1
751 
0
0
ELSET752
0
1
1
752 
0
0
ELSET753
0
1
1
753 
0
0
ELSET771
0
1
1
771 
0
0
ELSET772
0
1
1
772 
0
0
ELSET773
0
1
1
773 
0
0
ELSET774
0
1
1
774 
0
0
ELSET775
0
1
1
775 
0
0
ELSET776
0
1
1
776 
0
0
ELSET777
0
1
1
777 
0
0
ELSET778
0
1
1
778 
0
0
ELSET779
0
1
1
779 
0
0
ELSET780
0
1
1
780 
0
0
ELSET781
0
1
1
781 
0
0
ELSET782
0
1
1
782 
0
0
ELSET783
0
1
1
783 
0
0
ELSET784
0
1
1
784 
0
0
ELSET785
0
1
1
785 
0
0
ELSET786
0
1
1
786 
0
0
ELSET787
0
1
1
787 
0
0
ELSET788
0
1
1
788 
0
0
ELSET789
0
1
1
789 
0
0
ELSET790
0
1
1
790 
0
0
ELSET791
0
1
1
791 
0
0
ELSET810
0
1
1
810 
0
0
ELSET811
0
1
1
811 
0
0
ELSET812
0
1
1
812 
0
0
ELSET813
0
1
1
813 
0
0
ELSET814
0
1
1
814 
0
0
ELSET815
0
1
1
815 
0
0
ELSET816
0
1
1
816 
0
0
ELSET817
0
1
1
817 
0
0
ELSET818
0
1
1
818 
0
0
ELSET819
0
1
1
819 
0
0
ELSET820
0
1
1
820 
0
0
ELSET821
0
1
1
821 
0
0
ELSET822
0
1
1
822 
0
0
ELSET823
0
1
1
823 
0
0
ELSET824
0
1
1
824 
0
0
ELSET825
0
1
1
825 
0
0
ELSET826
0
1
1
826 
0
0
ELSET827
0
1
1
827 
0
0
ELSET828
0
1
1
828 
0
0
ELSET848
0
1
1
848 
0
0
ELSET849
0
1
1
849 
0
0
ELSET850
0
1
1
850 
0
0
ELSET851
0
1
1
851 
0
0
ELSET852
0
1
1
852 
0
0
ELSET853
0
1
1
853 
0
0
ELSET854
0
1
1
854 
0
0
ELSET855
0
1
1
855 
0
0
ELSET856
0
1
1
856 
0
0
ELSET857
0
1
1
857 
0
0
ELSET858
0
1
1
858 
0
0
ELSET859
0
1
1
859 
0
0
ELSET860
0
1
1
860 
0
0
ELSET861
0
1
1
861 
0
0
ELSET862
0
1
1
862 
0
0
ELSET863
0
1
1
863 
0
0
ELSET864
0
1
1
864 
0
0
ELSET887
0
1
1
887 
0
0
ELSET888
0
1
1
888 
0
0
ELSET889
0
1
1
889 
0
0
ELSET890
0
1
1
890 
0
0
ELSET891
0
1
1
891 
0
0
ELSET892
0
1
1
892 
0
0
ELSET893
0
1
1
893 
0
0
ELSET894
0
1
1
894 
0
0
ELSET895
0
1
1
895 
0
0
ELSET896
0
1
1
896 
0
0
ELSET897
0
1
1
897 
0
0
ELSET898
0
1
1
898 
0
0
ELSET899
0
1
1
899 
0
0
ELSET900
0
1
1
900 
0
0
ELSET926
0
1
1
926 
0
0
ELSET927
0
1
1
927 
0
0
ELSET928
0
1
1
928 
0
0
ELSET929
0
1
1
929 
0
0
ELSET930
0
1
1
930 
0
0
ELSET931
0
1
1
931 
0
0
ELSET932
0
1
1
932 
0
0
ELSET933
0
1
1
933 
0
0
ELSET934
0
1
1
934 
0
0
ELSET935
0
1
1
935 
0
0
ELSET936
0
1
1
936 
0
0
0
0
1
PART-1-1
3
BOTNODES
0
1
471
1343 1344 1345 1346 1347 1348 1349 1378 1379 1380 1381 1382 1383 1384 1385 1386 1387 1388 1389 1390 1391 1416 1417 1418 1419 1420 1421 1422 1423 1424 1425 1426 1427 1428 1429 1430 1431 1432 1455 1456 1457 1458 1459 1460 1461 1462 1463 1464 1465 1466 1467 1468 1469 1470 1471 1472 1473 1494 1495 1496 1497 1498 1499 1500 1501 1502 1503 1504 1505 1506 1507 1508 1509 1510 1511 1512 1513 1532 1533 1534 1535 1536 1537 1538 1539 1540 1541 1542 1543 1544 1545 1546 1547 1548 1549 1550 1551 1552 1553 1571 1572 1573 1574 1575 1576 1577 1578 1579 1580 1581 1582 1583 1584 1585 1586 1587 1588 1589 1590 1591 1592 1593 1610 1611 1612 1613 1614 1615 1616 1617 1618 1619 1620 1621 1622 1623 1624 1625 1626 1627 1628 1629 1630 1631 1632 1649 1650 1651 1652 1653 1654 1655 1656 1657 1658 1659 1660 1661 1662 1663 1664 1665 1666 1667 1668 1669 1670 1671 1672 1687 1688 1689 1690 1691 1692 1693 1694 1695 1696 1697 1698 1699 1700 1701 1702 1703 1704 1705 1706 1707 1708 1709 1710 1711 1726 1727 1728 1729 1730 1731 1732 1733 1734 1735 1736 1737 1738 1739 1740 1741 1742 1743 1744 1745 1746 1747 1748 1749 1750 1765 1766 1767 1768 1769 1770 1771 1772 1773 1774 1775 1776 1777 1778 1779 1780 1781 1782 1783 1784 1785 1786 1787 1788 1789 1804 1805 1806 1807 1808 1809 1810 1811 1812 1813 1814 1815 1816 1817 1818 1819 1820 1821 1822 1823 1824 1825 1826 1827 1843 1844 1845 1846 1847 1848 1849 1850 1851 1852 1853 1854 1855 1856 1857 1858 1859 1860 1861 1862 1863 1864 1865 1866 1882 1883 1884 1885 1886 1887 1888 1889 1890 1891 1892 1893 1894 1895 1896 1897 1898 1899 1900 1901 1902 1903 1904 1905 1921 1922 1923 1924 1925 1926 1927 1928 1929 1930 1931 1932 1933 1934 1935 1936 1937 1938 1939 1940 1941 1942 1943 1944 1961 1962 1963 1964 1965 1966 1967 1968 1969 1970 1971 1972 1973 1974 1975 1976 1977 1978 1979 1980 1981 1982 2000 2001 2002 2003 2004 2005 2006 2007 2008 2009 2010 2011 2012 2013 2014 2015 2016 2017 2018 2019 2020 2021 2039 2040 2041 2042 2043 2044 2045 2046 2047 2048 2049 2050 2051 2052 2053 2054 2055 2056 2057 2058 2059 2060 2079 2080 2081 2082 2083 2084 2085 2086 2087 2088 2089 2090 2091 2092 2093 2094 2095 2096 2097 2098 2118 2119 2120 2121 2122 2123 2124 2125 2126 2127 2128 2129 2130 2131 2132 2133 2134 2135 2158 2159 2160 2161 2162 2163 2164 2165 2166 2167 2168 2169 2170 2171 2172 2198 2199 2200 2201 2202 2203 2204 2205 2206 2207 2208 2209 
0
0
REF_NODE
0
1
1
10000000 
0
0
TOPNODES
0
1
471
134 135 136 137 138 139 140 169 170 171 172 173 174 175 176 177 178 179 180 181 182 207 208 209 210 211 212 213 214 215 216 217 218 219 220 221 222 223 246 247 248 249 250 251 252 253 254 255 256 257 258 259 260 261 262 263 264 285 286 287 288 289 290 291 292 293 294 295 296 297 298 299 300 301 302 303 304 323 324 325 326 327 328 329 330 331 332 333 334 335 336 337 338 339 340 341 342 343 344 362 363 364 365 366 367 368 369 370 371 372 373 374 375 376 377 378 379 380 381 382 383 384 401 402 403 404 405 406 407 408 409 410 411 412 413 414 415 416 417 418 419 420 421 422 423 440 441 442 443 444 445 446 447 448 449 450 451 452 453 454 455 456 457 458 459 460 461 462 463 478 479 480 481 482 483 484 485 486 487 488 489 490 491 492 493 494 495 496 497 498 499 500 501 502 517 518 519 520 521 522 523 524 525 526 527 528 529 530 531 532 533 534 535 536 537 538 539 540 541 556 557 558 559 560 561 562 563 564 565 566 567 568 569 570 571 572 573 574 575 576 577 578 579 580 595 596 597 598 599 600 601 602 603 604 605 606 607 608 609 610 611 612 613 614 615 616 617 618 634 635 636 637 638 639 640 641 642 643 644 645 646 647 648 649 650 651 652 653 654 655 656 657 673 674 675 676 677 678 679 680 681 682 683 684 685 686 687 688 689 690 691 692 693 694 695 696 712 713 714 715 716 717 718 719 720 721 722 723 724 725 726 727 728 729 730 731 732 733 734 735 752 753 754 755 756 757 758 759 760 761 762 763 764 765 766 767 768 769 770 771 772 773 791 792 793 794 795 796 797 798 799 800 801 802 803 804 805 806 807 808 809 810 811 812 830 831 832 833 834 835 836 837 838 839 840 841 842 843 844 845 846 847 848 849 850 851 870 871 872 873 874 875 876 877 878 879 880 881 882 883 884 885 886 887 888 889 909 910 911 912 913 914 915 916 917 918 919 920 921 922 923 924 925 926 949 950 951 952 953 954 955 956 957 958 959 960 961 962 963 989 990 991 992 993 994 995 996 997 998 999 1000 
0
0
0
0
0
