Installing all components.
InstallingComponents was successful.

ELASTIX version: 5.000
Command line options from ElastixBase:
-fMask    unspecified, so no fixed mask used
-mMask    unspecified, so no moving mask used
-out      c:\Users\mathi\OneDrive\Documents\FRACTIB\04_Results\04_Registration\432_L_77_F/
-priority unspecified, so NORMAL process priority
-threads  unspecified, so all available threads are used
WARNING: The parameter "UseDirectionCosines", requested at entry number 0, does not exist at all.
  The default value "true" is used instead.

WARNING: The option "UseDirectionCosines" was not found in your parameter file.
  From elastix 4.8 it defaults to true!
This may change the behavior of your registrations considerably.

Command line options from TransformBase:
-t0       unspecified, so no initial transform used

Reading images...
Reading images took 0 ms.

WARNING: the fixed pyramid schedule is not fully specified!
  A default pyramid schedule is used.
WARNING: the moving pyramid schedule is not fully specified!
  A default pyramid schedule is used.
WARNING: The parameter "AutomaticTransformInitialization", requested at entry number 0, does not exist at all.
  The default value "false" is used instead.
WARNING: The parameter "AutomaticTransformInitializationMethod", requested at entry number 0, does not exist at all.
  The default value "GeometricalCenter" is used instead.
Transform parameters are initialized as: [0, 0, 0]
Scales are estimated automatically.
Scales for transform parameters are: [509.1080399999705, 1, 1]
Initialization of all components (before registration) took: 9 ms.
Preparation of the image pyramids took: 96 ms.

Resolution: 0
WARNING: The parameter "ShowExactMetricValue", requested at entry number 0, does not exist at all.
  The default value "false" is used instead.
WARNING: The parameter "UseMultiThreadingForMetrics", requested at entry number 0, does not exist at all.
  The default value "true" is used instead.
Setting the fixed masks took: 0 ms.
Setting the moving masks took: 0 ms.
WARNING: The parameter "FixedImageBSplineInterpolationOrder", requested at entry number 0, does not exist at all.
  The default value "1" is used instead.
WARNING: The parameter "UseRandomSampleRegion", requested at entry number 0, does not exist at all.
  The default value "false" is used instead.
WARNING: The parameter "NumberOfHistogramBins", requested at entry number 0, does not exist at all.
  The default value "32" is used instead.
WARNING: The parameter "NumberOfFixedHistogramBins", requested at entry number 0, does not exist at all.
  The default value "32" is used instead.
WARNING: The parameter "NumberOfMovingHistogramBins", requested at entry number 0, does not exist at all.
  The default value "32" is used instead.
WARNING: The parameter "FixedLimitRangeRatio", requested at entry number 0, does not exist at all.
  The default value "0.01" is used instead.
WARNING: The parameter "MovingLimitRangeRatio", requested at entry number 0, does not exist at all.
  The default value "0.01" is used instead.
WARNING: The parameter "FixedKernelBSplineOrder", requested at entry number 0, does not exist at all.
  The default value "0" is used instead.
WARNING: The parameter "MovingKernelBSplineOrder", requested at entry number 0, does not exist at all.
  The default value "3" is used instead.
WARNING: The parameter "UseFastAndLowMemoryVersion", requested at entry number 0, does not exist at all.
  The default value "true" is used instead.
WARNING: The parameter "UseJacobianPreconditioning", requested at entry number 0, does not exist at all.
  The default value "false" is used instead.
WARNING: The parameter "FiniteDifferenceDerivative", requested at entry number 0, does not exist at all.
  The default value "false" is used instead.

WARNING: You have set MaximumNumberOfSamplingAttempts to 8.
  This functionality is known to cause problems (stack overflow) for large values.
  If elastix stops or segfaults for no obvious reason, reduce this value.
  You may select the RandomSparseMask image sampler to fix mask-related problems.

WARNING: The parameter "SigmoidInitialTime", requested at entry number 0, does not exist at all.
  The default value "0" is used instead.
WARNING: The parameter "MaxBandCovSize", requested at entry number 0, does not exist at all.
  The default value "192" is used instead.
WARNING: The parameter "NumberOfBandStructureSamples", requested at entry number 0, does not exist at all.
  The default value "10" is used instead.
WARNING: The parameter "UseAdaptiveStepSizes", requested at entry number 0, does not exist at all.
  The default value "true" is used instead.
WARNING: The parameter "UseConstantStep", requested at entry number 0, does not exist at all.
  The default value "false" is used instead.
WARNING: The parameter "MaximumStepLengthRatio", requested at entry number 0, does not exist at all.
  The default value "1" is used instead.
WARNING: The parameter "MaximumStepLength", requested at entry number 0, does not exist at all.
  The default value "0.098" is used instead.
WARNING: The parameter "NumberOfGradientMeasurements", requested at entry number 0, does not exist at all.
  The default value "0" is used instead.
WARNING: The parameter "NumberOfJacobianMeasurements", requested at entry number 0, does not exist at all.
  The default value "1000" is used instead.
WARNING: The parameter "SigmoidScaleFactor", requested at entry number 0, does not exist at all.
  The default value "0.1" is used instead.
Elastix initialization of all components (for this resolution) took: 2 ms.
  Computing the fixed image extrema took 1 ms.
  Computing the moving image extrema took 1 ms.
Initialization of AdvancedMattesMutualInformation metric took: 4 ms.
Starting automatic parameter estimation for AdaptiveStochasticGradientDescent ...
WARNING: The parameter "ASGDParameterEstimationMethod", requested at entry number 0, does not exist at all.
  The default value "Original" is used instead.
  Computing JacobianTerms ...
  Computing the Jacobian terms took 0.000926s
  NumberOfGradientMeasurements to estimate sigma_i: 11
  Sampling gradients ...
  Sampling the gradients took 0.052631s
Automatic parameter estimation took 0.05s
1:ItNr	2:Metric	3a:Time	3b:StepSize	4:||Gradient||	Time[ms]
0	-0.585490	0.000000	0.126667	0.152509	59.8
1	-0.610337	0.000000	0.126667	0.175426	1.7
2	-0.608440	0.000000	0.126667	0.172242	2.1
3	-0.620610	0.000000	0.126667	0.233651	1.9
4	-0.629814	0.000000	0.126667	0.204761	1.6
5	-0.630550	0.000000	0.126667	0.223083	1.5
6	-0.619373	0.000000	0.126667	0.175628	1.7
7	-0.660709	0.000000	0.126667	0.217423	1.7
8	-0.609900	0.000000	0.126667	0.160244	1.6
9	-0.602082	0.000000	0.126667	0.118509	1.5
10	-0.675522	0.000000	0.126667	0.184235	1.5
11	-0.607127	0.000000	0.126667	0.228207	2.0
12	-0.673494	0.000000	0.126667	0.202157	2.1
13	-0.634675	0.000000	0.126667	0.239701	1.6
14	-0.651463	0.000000	0.126667	0.164603	1.6
15	-0.668664	0.000000	0.126667	0.224203	1.9
16	-0.662039	0.000000	0.126667	0.195281	1.8
17	-0.662093	0.000000	0.126667	0.156796	2.0
18	-0.671282	0.000000	0.126667	0.183678	1.8
19	-0.660601	0.000000	0.126667	0.176651	1.8
20	-0.673545	0.000000	0.126667	0.161507	2.4
21	-0.694960	0.000000	0.126667	0.194262	1.9
22	-0.689836	0.000000	0.126667	0.131131	1.6
23	-0.712678	0.000000	0.126667	0.189827	1.6
24	-0.688217	0.000000	0.126667	0.194528	1.7
25	-0.716767	0.000000	0.126667	0.138990	1.6
26	-0.700231	0.000000	0.126667	0.105805	1.6
27	-0.707882	0.000000	0.126667	0.171074	1.6
28	-0.683732	0.000000	0.126667	0.138764	1.7
29	-0.714772	0.000000	0.126667	0.183263	1.8
30	-0.723886	0.000000	0.126667	0.163647	2.1
31	-0.708779	0.000000	0.126667	0.136593	1.6
32	-0.700767	0.000000	0.126667	0.151862	1.7
33	-0.700747	0.000000	0.126667	0.095911	1.7
34	-0.708304	0.000000	0.126667	0.113624	2.2
35	-0.685488	0.000000	0.126667	0.141549	1.8
36	-0.733765	0.000000	0.126667	0.067555	1.9
37	-0.731662	0.000000	0.126667	0.092116	2.0
38	-0.718442	0.000000	0.126667	0.145653	2.2
39	-0.710500	0.000000	0.126667	0.060996	2.1
40	-0.746958	0.000000	0.126667	0.157488	1.8
41	-0.719190	0.000000	0.126667	0.100392	1.5
42	-0.708252	0.000000	0.126667	0.081405	1.7
43	-0.720882	0.000000	0.126667	0.091930	1.7
44	-0.744549	0.000000	0.126667	0.122329	1.7
45	-0.748178	0.000000	0.126667	0.082824	2.1
46	-0.702472	0.000000	0.126667	0.119733	1.9
47	-0.711681	0.000000	0.126667	0.152454	1.8
48	-0.746216	0.000000	0.126667	0.129097	1.8
49	-0.767565	0.000000	0.126667	0.105778	1.8
50	-0.728959	0.000000	0.126667	0.148336	1.9
51	-0.729097	0.000000	0.126667	0.104119	1.7
52	-0.760386	0.000000	0.126667	0.111546	1.9
53	-0.745979	0.000000	0.126667	0.143088	1.8
54	-0.761011	0.000000	0.126667	0.068989	2.0
55	-0.737577	0.000000	0.126667	0.063481	1.8
56	-0.779630	0.000000	0.126667	0.110359	1.7
57	-0.750357	0.000000	0.126667	0.066959	1.6
58	-0.750112	0.000000	0.126667	0.081363	1.6
59	-0.713762	0.000000	0.126667	0.054445	1.9
60	-0.747124	0.000000	0.126667	0.079290	1.7
61	-0.756252	0.000000	0.126667	0.106016	1.8
62	-0.738316	0.000000	0.126667	0.051094	2.2
63	-0.776594	0.000000	0.126667	0.093831	2.2
64	-0.717097	0.000000	0.126667	0.087542	1.9
65	-0.773093	0.000000	0.126667	0.076126	1.7
66	-0.757988	0.000000	0.126667	0.068530	1.8
67	-0.754892	0.000000	0.126667	0.084480	1.9
68	-0.738030	0.000000	0.126667	0.057033	2.1
69	-0.787294	0.000000	0.126667	0.079301	2.3
70	-0.772178	0.000000	0.126667	0.089436	2.3
71	-0.789041	0.000000	0.126667	0.075298	2.2
72	-0.746257	0.000000	0.126667	0.067610	2.2
73	-0.731428	0.000000	0.126667	0.053556	2.4
74	-0.748061	0.000000	0.126667	0.066793	2.2
75	-0.798881	0.000000	0.126667	0.075412	2.2
76	-0.749965	0.000000	0.126667	0.059248	2.3
77	-0.756820	0.000000	0.126667	0.094906	2.5
78	-0.780010	0.564030	0.126596	0.036572	2.4
79	-0.756209	0.540631	0.126599	0.046661	2.0
80	-0.779656	0.689343	0.126580	0.051677	2.0
81	-0.769787	0.831525	0.126562	0.068518	1.9
82	-0.769354	0.533798	0.126600	0.051229	2.1
83	-0.765332	0.928381	0.126550	0.019686	2.4
84	-0.782835	1.161511	0.126520	0.042377	2.8
85	-0.769022	1.029748	0.126537	0.043228	3.0
86	-0.783232	0.751961	0.126572	0.034487	2.2
87	-0.727274	0.467654	0.126608	0.075928	2.2
88	-0.762242	0.172979	0.126645	0.081687	2.2
89	-0.768940	0.000000	0.126667	0.016152	2.3
90	-0.747526	0.000000	0.126667	0.035786	2.2
91	-0.732940	0.000000	0.126667	0.042133	2.9
92	-0.748871	0.000000	0.126667	0.116749	3.5
93	-0.768318	0.000000	0.126667	0.051887	2.5
94	-0.743178	0.000000	0.126667	0.070229	2.1
95	-0.715591	0.000000	0.126667	0.093148	2.4
96	-0.743487	0.000000	0.126667	0.032126	2.2
97	-0.748954	0.000000	0.126667	0.081485	3.1
98	-0.754129	0.000000	0.126667	0.036844	2.4
99	-0.772200	0.000000	0.126667	0.025518	2.3
100	-0.772560	0.000000	0.126667	0.029442	2.2
101	-0.777293	0.000000	0.126667	0.056604	2.5
102	-0.762409	0.000000	0.126667	0.024933	2.3
103	-0.769830	0.000000	0.126667	0.048034	2.3
104	-0.769143	0.000000	0.126667	0.061610	3.5
105	-0.750096	0.000000	0.126667	0.010339	2.4
106	-0.763239	0.000000	0.126667	0.043581	2.4
107	-0.719987	0.057431	0.126660	0.022533	2.4
108	-0.776807	0.000000	0.126667	0.072762	2.6
109	-0.749191	0.000000	0.126667	0.031231	2.6
110	-0.757534	0.000000	0.126667	0.044944	2.9
111	-0.731963	0.000000	0.126667	0.054476	2.4
112	-0.770372	0.000000	0.126667	0.041049	2.5
113	-0.782589	0.000000	0.126667	0.019208	2.3
114	-0.736604	0.000000	0.126667	0.029940	2.3
115	-0.777927	0.000000	0.126667	0.034218	2.2
116	-0.738941	0.000000	0.126667	0.103334	2.7
117	-0.780023	0.000000	0.126667	0.064636	2.5
118	-0.752496	0.187311	0.126644	0.068442	2.3
119	-0.768001	1.048673	0.126535	0.043266	2.2
120	-0.770866	1.728399	0.126449	0.020291	2.7
121	-0.781007	1.917071	0.126425	0.028404	2.1
122	-0.757330	1.815673	0.126438	0.052454	2.7
123	-0.747410	1.619721	0.126463	0.022455	2.7
124	-0.779481	1.622003	0.126462	0.029358	2.4
125	-0.759077	1.670906	0.126456	0.039523	2.1
126	-0.808997	1.643059	0.126460	0.023298	2.5
127	-0.766849	1.698417	0.126453	0.030918	2.4
128	-0.785110	1.717982	0.126450	0.040639	2.3
129	-0.743311	1.494180	0.126479	0.062728	3.3
130	-0.779727	2.011815	0.126413	0.040710	3.2
131	-0.777028	1.638767	0.126460	0.013609	2.7
132	-0.731460	1.512332	0.126476	0.036568	2.6
133	-0.758230	1.605793	0.126464	0.039579	2.7
134	-0.758696	1.359657	0.126495	0.026309	3.2
135	-0.770932	1.355186	0.126496	0.028673	2.8
136	-0.763878	1.367498	0.126494	0.042955	2.9
137	-0.765563	1.279844	0.126506	0.052622	2.8
138	-0.753922	1.392171	0.126491	0.055378	2.3
139	-0.771123	1.034160	0.126537	0.035509	2.7
140	-0.792408	0.811816	0.126565	0.085996	2.8
141	-0.787192	1.467173	0.126482	0.029763	2.4
142	-0.777667	1.745576	0.126447	0.050807	2.5
143	-0.744532	1.699614	0.126453	0.031452	1.8
144	-0.740890	1.676330	0.126456	0.022499	1.9
145	-0.754816	1.765367	0.126444	0.034603	1.9
146	-0.797867	1.713342	0.126451	0.041629	2.1
147	-0.727878	1.930179	0.126424	0.054896	2.1
148	-0.773678	2.480322	0.126354	0.031625	1.9
149	-0.772174	2.505997	0.126351	0.031629	1.8
150	-0.765463	2.719087	0.126324	0.034030	2.1
151	-0.749086	2.869043	0.126305	0.024277	2.0
152	-0.754653	2.702374	0.126326	0.037850	1.8
153	-0.740284	2.834507	0.126310	0.022225	2.0
154	-0.774247	3.023930	0.126286	0.052050	1.7
155	-0.752101	2.785104	0.126316	0.039963	1.7
156	-0.742344	3.261825	0.126256	0.036006	1.7
157	-0.775719	3.174707	0.126267	0.038138	1.7
158	-0.773874	3.312118	0.126250	0.041589	1.8
159	-0.729348	3.674915	0.126204	0.044722	1.8
160	-0.767283	3.726488	0.126197	0.027342	1.8
161	-0.795246	3.919818	0.126173	0.021145	2.0
162	-0.749652	3.921003	0.126173	0.025572	1.7
163	-0.756107	3.864111	0.126180	0.030441	1.8
164	-0.751765	4.023000	0.126160	0.074637	1.8
165	-0.712496	3.625457	0.126210	0.073891	1.8
166	-0.755304	4.077508	0.126153	0.022461	1.8
167	-0.768806	3.980661	0.126166	0.038708	1.7
168	-0.810776	4.086348	0.126152	0.069221	1.6
169	-0.773227	4.380066	0.126115	0.032716	1.7
170	-0.760182	4.087675	0.126152	0.022949	1.7
171	-0.775238	4.201555	0.126138	0.015839	1.6
172	-0.771709	4.165497	0.126142	0.040053	2.1
173	-0.740004	4.086910	0.126152	0.042828	2.7
174	-0.741989	3.915824	0.126174	0.038990	2.3
175	-0.775628	4.146320	0.126145	0.017300	2.0
176	-0.738908	4.107440	0.126150	0.022707	2.0
177	-0.759162	4.128375	0.126147	0.048069	1.8
178	-0.732765	4.341146	0.126120	0.025012	1.8
179	-0.773665	4.280557	0.126128	0.031534	1.8
180	-0.732707	4.130284	0.126147	0.035549	1.8
181	-0.744156	3.994474	0.126164	0.029666	2.0
182	-0.773050	3.860376	0.126181	0.011666	2.5
183	-0.746883	3.862487	0.126180	0.012915	2.8
184	-0.783151	3.880535	0.126178	0.031363	2.6
185	-0.799078	3.830490	0.126184	0.048064	2.3
186	-0.772191	3.792489	0.126189	0.044393	2.4
187	-0.699404	3.509641	0.126225	0.022342	2.5
188	-0.760841	3.425709	0.126235	0.045136	2.4
189	-0.765097	3.223595	0.126261	0.070557	2.7
190	-0.798419	3.461908	0.126231	0.030399	3.2
191	-0.765644	3.956783	0.126169	0.050165	3.0
192	-0.788655	3.813862	0.126187	0.009765	2.5
193	-0.773034	3.834980	0.126184	0.023076	2.6
194	-0.773901	3.857968	0.126181	0.041117	3.1
195	-0.752733	3.774626	0.126191	0.040628	2.8
196	-0.733053	3.846754	0.126182	0.024844	2.9
197	-0.767923	4.020864	0.126161	0.053463	2.4
198	-0.758303	3.928099	0.126172	0.007691	2.4
199	-0.774525	3.902746	0.126175	0.023735	2.5
200	-0.785815	3.946036	0.126170	0.012629	3.7
201	-0.774970	3.958421	0.126168	0.049301	2.9
202	-0.727139	4.102370	0.126150	0.039661	2.4
203	-0.761598	3.764595	0.126193	0.024185	2.5
204	-0.773866	3.891606	0.126177	0.067830	2.8
205	-0.814409	4.078551	0.126153	0.085465	2.4
206	-0.779183	4.379622	0.126116	0.045049	3.0
207	-0.766444	5.164174	0.126017	0.020451	3.0
208	-0.754349	5.350460	0.125994	0.032693	3.0
209	-0.750283	5.511322	0.125974	0.013809	2.2
210	-0.770389	5.591635	0.125964	0.046924	2.6
211	-0.807150	5.745805	0.125944	0.071591	2.7
212	-0.729796	5.911859	0.125924	0.031640	3.0
213	-0.780235	5.695011	0.125951	0.060118	3.0
214	-0.782439	5.736066	0.125946	0.059301	2.7
215	-0.721818	5.993998	0.125913	0.034981	2.3
216	-0.760055	5.731155	0.125946	0.083337	2.3
217	-0.768687	6.353726	0.125868	0.027049	2.4
218	-0.767276	6.637927	0.125833	0.056257	2.9
219	-0.768811	6.715260	0.125823	0.024902	2.5
220	-0.766187	6.862826	0.125805	0.042457	2.4
221	-0.755242	6.658276	0.125830	0.037602	2.8
222	-0.722131	6.549512	0.125844	0.039715	2.6
223	-0.763313	6.739211	0.125820	0.070196	2.5
224	-0.762414	6.878049	0.125803	0.035121	2.6
225	-0.782137	6.592960	0.125838	0.028234	2.6
226	-0.750703	6.824128	0.125810	0.022814	2.5
227	-0.746833	6.775847	0.125816	0.043723	2.3
228	-0.730727	6.722257	0.125822	0.058265	2.6
229	-0.782666	6.448772	0.125856	0.024501	2.4
230	-0.755292	6.747972	0.125819	0.052643	2.9
231	-0.752596	6.568088	0.125842	0.054431	2.7
232	-0.750254	6.470182	0.125854	0.033675	2.6
233	-0.748124	6.598055	0.125838	0.025140	2.6
234	-0.780650	6.663867	0.125830	0.030242	2.7
235	-0.792481	6.757433	0.125818	0.042445	2.4
236	-0.783728	6.868960	0.125804	0.025160	3.0
237	-0.806239	6.777232	0.125815	0.014981	2.5
238	-0.779747	6.824572	0.125810	0.021768	2.1
239	-0.726172	6.832604	0.125809	0.068563	2.3
240	-0.776282	7.065445	0.125779	0.037482	2.3
241	-0.761297	6.632338	0.125834	0.027383	2.1
242	-0.778583	6.733349	0.125821	0.088375	2.4
243	-0.754335	6.370523	0.125866	0.023408	2.7
244	-0.774118	6.202021	0.125887	0.034743	2.3
245	-0.799097	6.038789	0.125908	0.052152	2.4
246	-0.791041	6.444351	0.125857	0.053416	2.2
247	-0.755797	6.833453	0.125808	0.063700	2.2
248	-0.764217	7.562999	0.125717	0.032840	2.3
249	-0.756639	7.936031	0.125671	0.024120	2.9
250	-0.779399	8.021036	0.125660	0.043677	2.9
251	-0.765539	7.813833	0.125686	0.030639	2.8
252	-0.768254	7.652405	0.125706	0.027223	2.4
253	-0.773663	7.494965	0.125726	0.055692	2.4
254	-0.797193	7.844592	0.125682	0.032190	2.1
255	-0.737498	7.499960	0.125725	0.046242	2.7
Time spent in resolution 0 (ITK initialization and iterating): 0.678 s.
Stopping condition: Maximum number of iterations has been reached.
Settings of AdaptiveStochasticGradientDescent in resolution 0:
( SP_a 126.793967 )
( SP_A 1000.000000 )
( SP_alpha 1.000000 )
( SigmoidMax 1.000000 )
( SigmoidMin -0.585775 )
( SigmoidScale 0.001506 )


Resolution: 1
WARNING: The parameter "ShowExactMetricValue", requested at entry number 1, does not exist at all.
  The default value "false" is used instead.
WARNING: The parameter "UseMultiThreadingForMetrics", requested at entry number 1, does not exist at all.
  The default value "true" is used instead.
Setting the fixed masks took: 0 ms.
Setting the moving masks took: 0 ms.
WARNING: The parameter "FixedImageBSplineInterpolationOrder", requested at entry number 1, does not exist at all.
  The default value "1" is used instead.
WARNING: The parameter "UseRandomSampleRegion", requested at entry number 1, does not exist at all.
  The default value "false" is used instead.
WARNING: The parameter "NumberOfHistogramBins", requested at entry number 1, does not exist at all.
  The default value "32" is used instead.
WARNING: The parameter "NumberOfFixedHistogramBins", requested at entry number 1, does not exist at all.
  The default value "32" is used instead.
WARNING: The parameter "NumberOfMovingHistogramBins", requested at entry number 1, does not exist at all.
  The default value "32" is used instead.
WARNING: The parameter "FixedLimitRangeRatio", requested at entry number 1, does not exist at all.
  The default value "0.01" is used instead.
WARNING: The parameter "MovingLimitRangeRatio", requested at entry number 1, does not exist at all.
  The default value "0.01" is used instead.
WARNING: The parameter "FixedKernelBSplineOrder", requested at entry number 1, does not exist at all.
  The default value "0" is used instead.
WARNING: The parameter "MovingKernelBSplineOrder", requested at entry number 1, does not exist at all.
  The default value "3" is used instead.
WARNING: The parameter "UseFastAndLowMemoryVersion", requested at entry number 1, does not exist at all.
  The default value "true" is used instead.
WARNING: The parameter "UseJacobianPreconditioning", requested at entry number 1, does not exist at all.
  The default value "false" is used instead.
WARNING: The parameter "FiniteDifferenceDerivative", requested at entry number 1, does not exist at all.
  The default value "false" is used instead.

WARNING: You have set MaximumNumberOfSamplingAttempts to 8.
  This functionality is known to cause problems (stack overflow) for large values.
  If elastix stops or segfaults for no obvious reason, reduce this value.
  You may select the RandomSparseMask image sampler to fix mask-related problems.

WARNING: The parameter "SigmoidInitialTime", requested at entry number 1, does not exist at all.
  The default value "0" is used instead.
WARNING: The parameter "MaxBandCovSize", requested at entry number 1, does not exist at all.
  The default value "192" is used instead.
WARNING: The parameter "NumberOfBandStructureSamples", requested at entry number 1, does not exist at all.
  The default value "10" is used instead.
WARNING: The parameter "UseAdaptiveStepSizes", requested at entry number 1, does not exist at all.
  The default value "true" is used instead.
WARNING: The parameter "UseConstantStep", requested at entry number 1, does not exist at all.
  The default value "false" is used instead.
WARNING: The parameter "MaximumStepLengthRatio", requested at entry number 1, does not exist at all.
  The default value "1" is used instead.
WARNING: The parameter "MaximumStepLength", requested at entry number 1, does not exist at all.
  The default value "0.098" is used instead.
WARNING: The parameter "NumberOfGradientMeasurements", requested at entry number 1, does not exist at all.
  The default value "0" is used instead.
WARNING: The parameter "NumberOfJacobianMeasurements", requested at entry number 1, does not exist at all.
  The default value "1000" is used instead.
WARNING: The parameter "SigmoidScaleFactor", requested at entry number 1, does not exist at all.
  The default value "0.1" is used instead.
Elastix initialization of all components (for this resolution) took: 1 ms.
  Computing the fixed image extrema took 1 ms.
  Computing the moving image extrema took 2 ms.
Initialization of AdvancedMattesMutualInformation metric took: 3 ms.
Starting automatic parameter estimation for AdaptiveStochasticGradientDescent ...
WARNING: The parameter "ASGDParameterEstimationMethod", requested at entry number 0, does not exist at all.
  The default value "Original" is used instead.
  Computing JacobianTerms ...
  Computing the Jacobian terms took 0.001186s
  NumberOfGradientMeasurements to estimate sigma_i: 11
  Sampling gradients ...
  Sampling the gradients took 0.057347s
Automatic parameter estimation took 0.06s
1:ItNr	2:Metric	3a:Time	3b:StepSize	4:||Gradient||	Time[ms]
0	-0.554856	0.000000	0.180467	0.016436	65.5
1	-0.546559	0.000000	0.180467	0.058446	2.4
2	-0.543281	0.000000	0.180467	0.013342	2.1
3	-0.533896	0.000000	0.180467	0.076800	2.1
4	-0.537330	0.000000	0.180467	0.084538	1.9
5	-0.539951	0.000000	0.180467	0.035820	2.0
6	-0.524426	0.532758	0.180371	0.105364	2.2
7	-0.520272	0.815985	0.180320	0.111714	2.1
8	-0.536251	1.815981	0.180140	0.108301	2.6
9	-0.545276	2.815810	0.179961	0.098014	2.2
10	-0.541447	3.782391	0.179788	0.039891	2.1
11	-0.541313	3.390373	0.179858	0.070269	2.2
12	-0.526291	3.949360	0.179758	0.043647	2.2
13	-0.557800	4.839691	0.179599	0.040750	2.1
14	-0.528062	4.410399	0.179675	0.062717	2.2
15	-0.551924	5.173796	0.179539	0.046202	3.0
16	-0.551596	5.905543	0.179409	0.056883	2.7
17	-0.553554	5.553526	0.179471	0.053220	2.3
18	-0.551568	5.074684	0.179557	0.096876	2.4
19	-0.551832	4.559299	0.179649	0.047598	1.9
20	-0.562649	4.058922	0.179738	0.046672	1.9
21	-0.526598	4.111398	0.179729	0.052523	2.5
22	-0.528626	3.892790	0.179768	0.065737	3.0
23	-0.564568	4.183099	0.179716	0.062776	2.6
24	-0.516179	3.686764	0.179805	0.046936	2.3
25	-0.566424	4.265961	0.179701	0.137698	2.4
26	-0.525877	5.265185	0.179523	0.021599	2.1
27	-0.549239	4.791378	0.179607	0.020420	1.9
28	-0.548432	4.884447	0.179591	0.017025	2.2
29	-0.562531	4.837130	0.179599	0.088326	2.1
30	-0.538000	5.193847	0.179536	0.049358	1.9
31	-0.527977	4.680696	0.179627	0.060639	1.9
32	-0.582542	5.606867	0.179462	0.045204	1.8
33	-0.564495	6.407375	0.179319	0.062129	2.3
34	-0.531866	6.158442	0.179364	0.022676	2.2
35	-0.535003	6.442847	0.179313	0.067226	2.5
36	-0.500618	6.285771	0.179341	0.053189	2.6
37	-0.504273	6.583625	0.179288	0.046019	2.2
38	-0.538685	6.278418	0.179342	0.083690	2.2
39	-0.554299	5.786747	0.179430	0.067164	2.4
40	-0.535647	6.023752	0.179388	0.050430	2.2
41	-0.563834	6.056512	0.179382	0.099459	2.1
42	-0.509944	5.814296	0.179425	0.090438	2.3
43	-0.545131	6.734743	0.179261	0.046990	2.9
44	-0.560414	7.643259	0.179100	0.065839	2.4
45	-0.526346	7.403333	0.179142	0.049606	2.2
46	-0.502788	8.050551	0.179027	0.033515	2.1
47	-0.533792	7.618599	0.179104	0.084378	2.0
48	-0.523493	8.521921	0.178944	0.095467	2.3
49	-0.536817	8.005893	0.179035	0.094336	2.6
50	-0.551744	7.489518	0.179127	0.037969	3.0
51	-0.525161	8.357205	0.178973	0.080419	2.2
52	-0.555395	7.857185	0.179062	0.083431	2.3
53	-0.529754	8.822221	0.178890	0.053260	2.4
54	-0.559910	9.637278	0.178746	0.037515	2.3
55	-0.566286	10.388572	0.178613	0.067039	2.5
56	-0.544443	11.190860	0.178472	0.064476	3.3
57	-0.564127	12.041849	0.178322	0.111032	2.9
58	-0.559466	12.485792	0.178244	0.080625	2.7
59	-0.559292	11.970076	0.178335	0.085199	2.7
60	-0.549495	11.723481	0.178378	0.022153	2.4
61	-0.498819	11.439991	0.178428	0.052395	3.3
62	-0.563053	11.504627	0.178417	0.050525	2.7
63	-0.535538	11.547397	0.178409	0.073278	2.3
64	-0.550751	11.420644	0.178431	0.102507	2.5
65	-0.509638	11.389966	0.178437	0.030740	2.3
66	-0.539043	11.957136	0.178337	0.093362	1.9
67	-0.521562	12.824109	0.178184	0.086204	2.4
68	-0.533430	12.307762	0.178275	0.129940	2.5
69	-0.544934	11.791360	0.178366	0.097453	2.4
70	-0.560119	12.351960	0.178267	0.125814	2.6
71	-0.514420	13.351940	0.178092	0.094071	2.2
72	-0.530230	12.835580	0.178182	0.044399	2.1
73	-0.559029	12.421180	0.178255	0.053373	2.0
74	-0.556374	12.357538	0.178266	0.021597	2.7
75	-0.546268	12.400864	0.178259	0.069129	2.6
76	-0.557656	12.473567	0.178246	0.079616	3.0
77	-0.554474	13.178782	0.178122	0.081572	2.2
78	-0.554516	12.762181	0.178195	0.040923	2.3
79	-0.509547	13.686482	0.178033	0.042862	2.1
80	-0.522272	13.462122	0.178072	0.057503	2.3
81	-0.531983	13.340978	0.178094	0.081298	3.0
82	-0.569983	14.313225	0.177923	0.062772	2.8
83	-0.573997	15.024322	0.177798	0.056780	3.1
84	-0.536544	14.539040	0.177883	0.059952	2.4
85	-0.576204	14.132010	0.177955	0.060122	2.6
86	-0.519292	14.965257	0.177809	0.090429	2.8
87	-0.530517	14.458019	0.177898	0.107947	2.7
88	-0.520268	15.457944	0.177723	0.054217	3.7
89	-0.525646	16.454867	0.177548	0.062314	2.7
90	-0.547736	16.099633	0.177611	0.028623	3.1
91	-0.560031	16.840754	0.177481	0.056471	3.3
92	-0.553739	16.488888	0.177543	0.156196	3.3
93	-0.568373	17.486611	0.177369	0.079702	2.8
94	-0.534283	17.171906	0.177423	0.011135	2.5
95	-0.539941	17.072520	0.177441	0.145925	2.7
96	-0.528517	17.165170	0.177425	0.060752	3.5
97	-0.533566	18.156920	0.177252	0.043779	2.6
98	-0.535016	18.805681	0.177139	0.066704	2.3
99	-0.535978	18.632157	0.177169	0.032550	2.3
100	-0.571316	18.834879	0.177134	0.123837	3.0
101	-0.530232	18.363970	0.177216	0.114097	9.1
102	-0.550101	19.363916	0.177042	0.009832	2.1
103	-0.560667	19.020563	0.177102	0.055370	1.8
104	-0.539855	19.071566	0.177093	0.120415	1.8
105	-0.532510	18.585409	0.177177	0.067214	2.0
106	-0.523862	19.326471	0.177049	0.093558	1.7
107	-0.545701	18.810973	0.177138	0.113412	3.1
108	-0.573750	18.488106	0.177194	0.064345	2.8
109	-0.533376	17.972897	0.177284	0.069166	2.4
110	-0.517664	18.959040	0.177113	0.083763	2.2
111	-0.544350	18.479923	0.177196	0.018426	1.9
112	-0.510553	19.020161	0.177102	0.061484	2.1
113	-0.557606	19.393836	0.177037	0.057021	2.0
114	-0.533792	19.016787	0.177103	0.082136	3.8
115	-0.528045	19.258838	0.177061	0.084053	3.3
116	-0.539398	18.751631	0.177149	0.054070	2.5
117	-0.547254	18.238462	0.177238	0.027002	3.0
118	-0.535780	18.384871	0.177212	0.067319	2.4
119	-0.551120	18.783218	0.177143	0.077981	2.8
120	-0.557102	19.645949	0.176993	0.074619	2.4
121	-0.525763	19.136980	0.177082	0.063133	2.3
122	-0.554485	20.097783	0.176915	0.058765	3.6
123	-0.554973	19.718105	0.176981	0.029439	2.0
124	-0.556393	19.598126	0.177002	0.041027	2.0
125	-0.538319	19.812092	0.176965	0.043420	2.5
126	-0.533780	19.748063	0.176976	0.043437	2.9
127	-0.512148	20.373038	0.176867	0.044869	2.8
128	-0.540677	21.003885	0.176758	0.024212	2.1
129	-0.534246	21.072315	0.176746	0.071589	2.1
130	-0.538174	21.696137	0.176639	0.075026	2.1
131	-0.553442	22.443131	0.176510	0.078704	2.1
132	-0.540733	23.439914	0.176338	0.071881	2.7
133	-0.543455	23.612554	0.176308	0.042125	3.3
134	-0.530596	23.273002	0.176367	0.042411	2.6
135	-0.542826	22.919785	0.176427	0.112955	2.9
136	-0.521306	22.462752	0.176506	0.089435	2.0
137	-0.533043	23.462744	0.176334	0.023895	2.1
138	-0.529853	23.621142	0.176307	0.123455	2.3
139	-0.541849	23.124747	0.176392	0.088505	2.5
140	-0.546490	24.123821	0.176220	0.094137	2.1
141	-0.509495	25.123453	0.176049	0.092281	2.1
142	-0.511542	24.607084	0.176137	0.061924	2.6
143	-0.518226	25.591109	0.175968	0.078908	2.4
144	-0.536958	25.157276	0.176043	0.046379	2.3
145	-0.528856	24.795368	0.176105	0.084320	2.3
146	-0.544459	25.697458	0.175950	0.074394	2.5
147	-0.548067	25.182664	0.176038	0.078071	2.1
148	-0.505660	26.034753	0.175892	0.033218	1.9
149	-0.500082	25.820907	0.175929	0.070724	2.5
150	-0.571668	26.409090	0.175828	0.073882	2.0
151	-0.549249	27.272036	0.175681	0.082777	2.3
152	-0.558400	26.761632	0.175768	0.076484	2.6
153	-0.535577	26.638040	0.175789	0.042398	3.8
154	-0.545084	26.671528	0.175783	0.084449	2.5
155	-0.518205	27.642570	0.175617	0.131338	2.2
156	-0.533436	27.166745	0.175699	0.036769	2.6
157	-0.535747	26.662911	0.175785	0.120654	2.6
158	-0.556168	26.152427	0.175872	0.084811	2.5
159	-0.544207	27.146176	0.175702	0.093989	2.1
160	-0.533400	26.648765	0.175787	0.057317	2.1
161	-0.536043	26.134181	0.175875	0.027135	2.0
162	-0.560774	26.826002	0.175757	0.094880	2.1
163	-0.559381	27.492831	0.175643	0.088543	1.7
164	-0.544025	28.492534	0.175472	0.078957	2.6
165	-0.543089	28.006587	0.175555	0.098370	2.4
166	-0.548540	27.837660	0.175584	0.115587	2.2
167	-0.523715	28.837637	0.175414	0.043763	2.2
168	-0.524186	29.816777	0.175247	0.066747	2.0
169	-0.494772	30.741854	0.175090	0.062492	1.7
170	-0.535801	30.236091	0.175176	0.062998	1.9
171	-0.534133	30.651260	0.175105	0.020430	1.7
172	-0.578769	30.354962	0.175156	0.093981	2.4
173	-0.531622	30.511658	0.175129	0.107006	2.1
174	-0.552230	30.167320	0.175187	0.027678	2.1
175	-0.563797	29.955217	0.175224	0.020478	2.0
176	-0.560329	30.207190	0.175181	0.058433	2.1
177	-0.523672	30.403908	0.175147	0.045136	1.6
178	-0.546232	30.217460	0.175179	0.065860	1.7
179	-0.555668	30.986483	0.175048	0.047287	1.4
180	-0.498840	31.868873	0.174899	0.030134	1.9
181	-0.522817	31.539707	0.174955	0.054939	2.4
182	-0.551191	31.683903	0.174930	0.091828	2.1
183	-0.531914	32.610834	0.174773	0.108136	1.9
184	-0.516498	33.610559	0.174604	0.062914	1.5
185	-0.537335	34.577081	0.174441	0.068905	1.4
186	-0.524131	34.063682	0.174528	0.061266	1.9
187	-0.544547	35.004681	0.174369	0.038321	1.5
188	-0.524296	34.847981	0.174396	0.093514	1.6
189	-0.567905	35.757182	0.174243	0.096907	2.0
190	-0.559482	35.241005	0.174330	0.074091	1.9
191	-0.512814	36.103580	0.174185	0.097211	2.1
192	-0.556172	37.028989	0.174029	0.091817	1.7
193	-0.532798	36.512598	0.174116	0.081983	1.8
194	-0.558477	36.855701	0.174058	0.035323	1.8
195	-0.565981	36.435858	0.174129	0.044032	1.7
196	-0.523045	36.951559	0.174042	0.040383	1.6
197	-0.508638	36.679953	0.174088	0.006609	1.4
198	-0.516930	36.678133	0.174088	0.093075	2.0
199	-0.545788	36.852797	0.174059	0.080490	2.0
200	-0.548432	37.824044	0.173896	0.077155	1.8
201	-0.520097	38.809733	0.173731	0.058474	1.6
202	-0.554302	39.797939	0.173566	0.100175	1.8
203	-0.534378	40.788725	0.173401	0.116669	1.3
204	-0.532880	41.729614	0.173245	0.090179	1.2
205	-0.536836	42.729610	0.173079	0.075663	1.2
206	-0.597452	42.727965	0.173079	0.091929	1.3
207	-0.543065	42.304929	0.173149	0.062458	1.2
208	-0.547802	43.243235	0.172994	0.148335	2.2
209	-0.561056	42.990460	0.173036	0.086646	1.6
210	-0.555091	42.474067	0.173121	0.071196	1.4
211	-0.528325	41.959722	0.173207	0.068389	1.5
212	-0.547996	41.444813	0.173292	0.062678	1.5
213	-0.537500	40.944951	0.173375	0.105376	1.3
214	-0.545953	41.944199	0.173209	0.143376	1.3
215	-0.521027	41.427793	0.173295	0.080282	1.4
216	-0.546214	40.934756	0.173377	0.054962	1.3
217	-0.535237	41.857562	0.173224	0.133016	1.3
218	-0.526940	42.769756	0.173072	0.083227	1.3
219	-0.544486	42.919286	0.173047	0.073152	1.9
220	-0.537535	43.695234	0.172919	0.025273	1.8
221	-0.521692	44.008700	0.172867	0.058183	1.8
222	-0.525441	44.136097	0.172846	0.090120	1.6
223	-0.536427	43.906454	0.172884	0.066945	1.5
224	-0.564043	43.410332	0.172966	0.040453	1.4
225	-0.537887	42.979710	0.173037	0.064020	1.5
226	-0.496398	43.628627	0.172930	0.075017	1.4
227	-0.568935	44.610949	0.172767	0.083117	1.4
228	-0.527257	45.179043	0.172674	0.061478	1.5
229	-0.552934	45.890193	0.172556	0.106591	2.0
230	-0.535998	45.678879	0.172591	0.046475	1.7
231	-0.544526	46.619030	0.172436	0.047684	1.6
232	-0.542213	46.230063	0.172500	0.082180	1.6
233	-0.563965	45.768489	0.172576	0.054623	1.8
234	-0.524520	45.331340	0.172649	0.135072	1.6
235	-0.521065	44.927305	0.172715	0.053923	1.5
236	-0.511279	45.836593	0.172565	0.064021	1.4
237	-0.521310	45.365836	0.172643	0.075289	1.5
238	-0.528573	44.980989	0.172706	0.055019	1.6
239	-0.530185	44.503613	0.172785	0.080319	1.8
240	-0.528647	45.485888	0.172623	0.039827	1.8
241	-0.529359	44.990323	0.172705	0.053688	1.6
242	-0.553702	45.727284	0.172583	0.094287	1.8
243	-0.545195	45.214085	0.172668	0.065169	1.5
244	-0.538411	46.212176	0.172503	0.107202	1.6
245	-0.521625	45.717954	0.172585	0.122130	1.4
246	-0.549151	46.717953	0.172420	0.074377	1.5
247	-0.558662	47.644033	0.172268	0.051589	1.8
248	-0.582958	48.595696	0.172112	0.087443	2.2
249	-0.554436	49.548021	0.171956	0.059250	1.9
250	-0.577179	50.306059	0.171832	0.094274	1.8
251	-0.517750	49.793320	0.171915	0.088929	1.6
252	-0.525011	50.709747	0.171766	0.091766	1.8
253	-0.535339	51.654838	0.171611	0.037566	2.4
254	-0.540266	51.343863	0.171662	0.063201	1.5
255	-0.580651	51.447990	0.171645	0.051144	1.5
Time spent in resolution 1 (ITK initialization and iterating): 0.663 s.
Stopping condition: Maximum number of iterations has been reached.
Settings of AdaptiveStochasticGradientDescent in resolution 1:
( SP_a 180.647584 )
( SP_A 1000.000000 )
( SP_alpha 1.000000 )
( SigmoidMax 1.000000 )
( SigmoidMin -0.516406 )
( SigmoidScale 0.000764 )


Resolution: 2
WARNING: The parameter "ShowExactMetricValue", requested at entry number 2, does not exist at all.
  The default value "false" is used instead.
WARNING: The parameter "UseMultiThreadingForMetrics", requested at entry number 2, does not exist at all.
  The default value "true" is used instead.
Setting the fixed masks took: 0 ms.
Setting the moving masks took: 0 ms.
WARNING: The parameter "FixedImageBSplineInterpolationOrder", requested at entry number 2, does not exist at all.
  The default value "1" is used instead.
WARNING: The parameter "UseRandomSampleRegion", requested at entry number 2, does not exist at all.
  The default value "false" is used instead.
WARNING: The parameter "NumberOfHistogramBins", requested at entry number 2, does not exist at all.
  The default value "32" is used instead.
WARNING: The parameter "NumberOfFixedHistogramBins", requested at entry number 2, does not exist at all.
  The default value "32" is used instead.
WARNING: The parameter "NumberOfMovingHistogramBins", requested at entry number 2, does not exist at all.
  The default value "32" is used instead.
WARNING: The parameter "FixedLimitRangeRatio", requested at entry number 2, does not exist at all.
  The default value "0.01" is used instead.
WARNING: The parameter "MovingLimitRangeRatio", requested at entry number 2, does not exist at all.
  The default value "0.01" is used instead.
WARNING: The parameter "FixedKernelBSplineOrder", requested at entry number 2, does not exist at all.
  The default value "0" is used instead.
WARNING: The parameter "MovingKernelBSplineOrder", requested at entry number 2, does not exist at all.
  The default value "3" is used instead.
WARNING: The parameter "UseFastAndLowMemoryVersion", requested at entry number 2, does not exist at all.
  The default value "true" is used instead.
WARNING: The parameter "UseJacobianPreconditioning", requested at entry number 2, does not exist at all.
  The default value "false" is used instead.
WARNING: The parameter "FiniteDifferenceDerivative", requested at entry number 2, does not exist at all.
  The default value "false" is used instead.

WARNING: You have set MaximumNumberOfSamplingAttempts to 8.
  This functionality is known to cause problems (stack overflow) for large values.
  If elastix stops or segfaults for no obvious reason, reduce this value.
  You may select the RandomSparseMask image sampler to fix mask-related problems.

WARNING: The parameter "SigmoidInitialTime", requested at entry number 2, does not exist at all.
  The default value "0" is used instead.
WARNING: The parameter "MaxBandCovSize", requested at entry number 2, does not exist at all.
  The default value "192" is used instead.
WARNING: The parameter "NumberOfBandStructureSamples", requested at entry number 2, does not exist at all.
  The default value "10" is used instead.
WARNING: The parameter "UseAdaptiveStepSizes", requested at entry number 2, does not exist at all.
  The default value "true" is used instead.
WARNING: The parameter "UseConstantStep", requested at entry number 2, does not exist at all.
  The default value "false" is used instead.
WARNING: The parameter "MaximumStepLengthRatio", requested at entry number 2, does not exist at all.
  The default value "1" is used instead.
WARNING: The parameter "MaximumStepLength", requested at entry number 2, does not exist at all.
  The default value "0.098" is used instead.
WARNING: The parameter "NumberOfGradientMeasurements", requested at entry number 2, does not exist at all.
  The default value "0" is used instead.
WARNING: The parameter "NumberOfJacobianMeasurements", requested at entry number 2, does not exist at all.
  The default value "1000" is used instead.
WARNING: The parameter "SigmoidScaleFactor", requested at entry number 2, does not exist at all.
  The default value "0.1" is used instead.
Elastix initialization of all components (for this resolution) took: 2 ms.
  Computing the fixed image extrema took 1 ms.
  Computing the moving image extrema took 1 ms.
Initialization of AdvancedMattesMutualInformation metric took: 3 ms.
Starting automatic parameter estimation for AdaptiveStochasticGradientDescent ...
WARNING: The parameter "ASGDParameterEstimationMethod", requested at entry number 0, does not exist at all.
  The default value "Original" is used instead.
  Computing JacobianTerms ...
  Computing the Jacobian terms took 0.000875s
  NumberOfGradientMeasurements to estimate sigma_i: 11
  Sampling gradients ...
  Sampling the gradients took 0.052482s
Automatic parameter estimation took 0.05s
1:ItNr	2:Metric	3a:Time	3b:StepSize	4:||Gradient||	Time[ms]
0	-0.347491	0.000000	0.055841	0.258826	58.6
1	-0.314907	0.000000	0.055841	0.165909	2.1
2	-0.317631	0.965954	0.055787	0.117359	1.5
3	-0.306613	1.016559	0.055785	0.143980	1.5
4	-0.352238	0.748744	0.055799	0.172085	1.4
5	-0.337308	0.298461	0.055825	0.142240	1.7
6	-0.318711	0.526934	0.055812	0.045455	1.9
7	-0.337010	0.405473	0.055819	0.083250	1.7
8	-0.345003	0.581445	0.055809	0.125458	1.6
9	-0.309847	0.523047	0.055812	0.058160	1.5
10	-0.362662	0.322776	0.055823	0.383274	1.5
11	-0.322803	0.000000	0.055841	0.087555	1.4
12	-0.332426	0.000000	0.055841	0.065345	1.4
13	-0.311284	0.136983	0.055834	0.094366	1.3
14	-0.333133	0.150906	0.055833	0.140963	1.3
15	-0.327424	0.247167	0.055827	0.059195	1.6
16	-0.319562	0.012161	0.055840	0.097960	1.8
17	-0.323037	0.000000	0.055841	0.142082	1.7
18	-0.322305	0.000000	0.055841	0.131554	1.7
19	-0.340275	0.519690	0.055812	0.081298	1.4
20	-0.337683	0.997601	0.055786	0.080511	1.4
21	-0.320891	0.896464	0.055791	0.173678	1.6
22	-0.364786	0.711402	0.055802	0.149388	1.6
23	-0.318311	1.461581	0.055760	0.142690	1.5
24	-0.323498	2.214827	0.055718	0.120543	1.5
25	-0.317440	1.873894	0.055737	0.102211	1.7
26	-0.302810	1.995091	0.055730	0.148578	2.1
27	-0.332758	1.797441	0.055741	0.119748	1.9
28	-0.296542	2.410773	0.055707	0.167276	2.3
29	-0.339460	1.982748	0.055731	0.053123	2.3
30	-0.313317	2.247348	0.055716	0.197509	1.4
31	-0.341411	2.134441	0.055722	0.151786	1.7
32	-0.330706	1.671203	0.055748	0.046604	2.0
33	-0.322889	1.741967	0.055744	0.129415	2.5
34	-0.335504	2.020756	0.055729	0.139790	2.0
35	-0.347270	2.344480	0.055711	0.058800	2.0
36	-0.326755	2.692569	0.055691	0.043233	2.1
37	-0.363130	2.693844	0.055691	0.147080	1.8
38	-0.320467	2.654407	0.055693	0.190330	1.8
39	-0.342993	3.532549	0.055645	0.163225	1.8
40	-0.330401	3.175666	0.055665	0.126601	1.9
41	-0.304769	2.897769	0.055680	0.149544	2.2
42	-0.331822	2.447563	0.055705	0.204822	2.1
43	-0.320911	1.985401	0.055731	0.108187	2.0
44	-0.302083	2.792988	0.055686	0.095999	1.8
45	-0.332268	2.920135	0.055679	0.053271	2.0
46	-0.356434	2.848666	0.055683	0.015905	1.9
47	-0.328233	2.818390	0.055684	0.052452	1.8
48	-0.324777	2.803897	0.055685	0.059932	1.7
49	-0.324015	2.779749	0.055687	0.091265	2.3
50	-0.310425	2.651142	0.055694	0.116934	2.4
51	-0.311759	2.767042	0.055687	0.158050	2.0
52	-0.329057	2.509274	0.055702	0.153055	2.1
53	-0.326875	2.431257	0.055706	0.089285	2.1
54	-0.331654	2.096985	0.055724	0.080178	2.0
55	-0.320846	2.029529	0.055728	0.094325	2.0
56	-0.335617	1.938779	0.055733	0.076813	2.1
57	-0.326386	2.104733	0.055724	0.067272	2.8
58	-0.339303	2.252441	0.055716	0.133697	2.8
59	-0.341460	2.074052	0.055726	0.059963	2.1
60	-0.315661	2.431388	0.055706	0.061612	2.2
61	-0.323641	2.547328	0.055699	0.241786	2.1
62	-0.335943	3.189807	0.055664	0.218963	2.1
63	-0.324823	2.984493	0.055675	0.037865	2.9
64	-0.320711	2.764556	0.055687	0.116595	2.4
65	-0.311499	2.586977	0.055697	0.085467	2.2
66	-0.313814	2.317741	0.055712	0.046638	2.1
67	-0.310635	2.393041	0.055708	0.078317	2.3
68	-0.374087	2.366953	0.055709	0.071788	2.2
69	-0.335085	2.466341	0.055704	0.079422	2.3
70	-0.328971	2.342370	0.055711	0.013451	2.6
71	-0.319335	2.377386	0.055709	0.076260	2.6
72	-0.333602	2.357124	0.055710	0.068127	2.4
73	-0.321168	2.251592	0.055716	0.064531	2.5
74	-0.336120	2.317556	0.055712	0.199525	2.4
75	-0.343921	1.951055	0.055733	0.188585	2.0
76	-0.333869	1.667789	0.055748	0.046260	2.1
77	-0.351997	1.671791	0.055748	0.104078	2.7
78	-0.318328	1.491271	0.055758	0.106405	2.4
79	-0.326856	1.270977	0.055770	0.201761	2.2
80	-0.305415	0.820942	0.055795	0.126367	2.0
81	-0.334977	0.505882	0.055813	0.097521	2.2
82	-0.304471	0.362856	0.055821	0.029191	2.1
83	-0.321505	0.455322	0.055816	0.058058	2.2
84	-0.377104	0.387428	0.055820	0.097094	2.5
85	-0.309211	0.449081	0.055816	0.113065	2.2
86	-0.329381	0.746223	0.055800	0.142011	2.1
87	-0.323630	0.761679	0.055799	0.118695	2.6
88	-0.319942	1.265963	0.055771	0.218526	2.2
89	-0.313865	2.141805	0.055722	0.126566	2.3
90	-0.321897	2.394607	0.055708	0.186877	2.5
91	-0.325254	2.439173	0.055705	0.142807	2.6
92	-0.311275	2.013436	0.055729	0.134531	2.3
93	-0.328781	2.046883	0.055727	0.065505	2.5
94	-0.326394	2.194988	0.055719	0.184698	2.1
95	-0.303588	2.505936	0.055702	0.074336	2.3
96	-0.317673	2.096888	0.055724	0.143592	2.2
97	-0.359287	2.324971	0.055712	0.145607	2.8
98	-0.308652	3.023507	0.055673	0.098135	2.5
99	-0.367198	3.041076	0.055672	0.083585	2.8
100	-0.319863	2.907056	0.055679	0.093184	2.6
101	-0.318326	3.231884	0.055661	0.239573	2.5
102	-0.365298	3.807648	0.055630	0.094212	2.3
103	-0.302934	3.640387	0.055639	0.096115	3.0
104	-0.343315	3.732612	0.055634	0.091182	2.3
105	-0.297075	3.804395	0.055630	0.179131	2.0
106	-0.292271	4.401287	0.055597	0.112743	1.9
107	-0.316655	4.407951	0.055596	0.109092	2.0
108	-0.324508	4.935922	0.055567	0.181646	2.2
109	-0.311708	5.708663	0.055525	0.101044	2.3
110	-0.334116	5.527169	0.055535	0.084775	3.6
111	-0.343644	5.396354	0.055542	0.133531	3.1
112	-0.329613	5.098763	0.055558	0.180397	2.9
113	-0.305502	5.938663	0.055512	0.119939	2.5
114	-0.317117	5.865429	0.055516	0.090383	2.6
115	-0.361434	6.372959	0.055488	0.222902	2.4
116	-0.340908	5.964265	0.055510	0.097185	2.7
117	-0.341496	6.800622	0.055464	0.249668	2.6
118	-0.308512	6.294247	0.055492	0.152738	2.5
119	-0.324559	5.758525	0.055522	0.090302	2.3
120	-0.338879	6.074227	0.055504	0.097230	2.5
121	-0.341691	6.162497	0.055500	0.135858	2.3
122	-0.332574	6.460211	0.055483	0.014287	2.8
123	-0.332699	6.419893	0.055485	0.120238	2.6
124	-0.324986	6.466976	0.055483	0.126799	2.2
125	-0.339233	6.154322	0.055500	0.227372	1.9
126	-0.320444	6.976895	0.055455	0.145297	2.0
127	-0.354661	6.525367	0.055480	0.074715	2.2
128	-0.363781	6.676130	0.055471	0.174520	2.4
129	-0.317495	6.439057	0.055484	0.048241	2.6
130	-0.337092	6.650812	0.055473	0.096800	2.4
131	-0.340240	6.516719	0.055480	0.046376	2.3
132	-0.330655	6.338739	0.055490	0.091837	2.4
133	-0.324051	6.166018	0.055499	0.140154	2.2
134	-0.328874	6.082684	0.055504	0.108989	2.1
135	-0.337976	6.435818	0.055484	0.075739	2.4
136	-0.335979	6.179109	0.055499	0.128274	2.7
137	-0.317462	6.460540	0.055483	0.125422	2.3
138	-0.309586	6.057405	0.055505	0.094816	1.8
139	-0.311849	6.066089	0.055505	0.131503	2.3
140	-0.330451	6.587557	0.055476	0.066856	2.2
141	-0.319166	6.498914	0.055481	0.104559	2.1
142	-0.358816	6.612223	0.055475	0.102463	2.9
143	-0.296644	6.443107	0.055484	0.159252	2.6
144	-0.337092	6.414318	0.055486	0.100348	1.9
145	-0.302450	6.051093	0.055506	0.084597	2.1
146	-0.317953	5.972044	0.055510	0.050829	2.3
147	-0.314706	5.807710	0.055519	0.026129	2.0
148	-0.336166	5.850645	0.055517	0.081070	1.9
149	-0.320919	5.823690	0.055518	0.045751	2.6
150	-0.349247	5.758282	0.055522	0.209416	2.9
151	-0.326154	5.888493	0.055515	0.074066	2.5
152	-0.320947	6.489545	0.055481	0.046873	2.2
153	-0.342021	6.376791	0.055488	0.094019	2.0
154	-0.329229	6.381753	0.055487	0.031509	2.1
155	-0.350228	6.483234	0.055482	0.115551	2.1
156	-0.328076	6.457950	0.055483	0.113922	2.9
157	-0.340404	6.674534	0.055471	0.070626	2.3
158	-0.336726	6.489074	0.055482	0.145669	2.4
159	-0.316681	6.177372	0.055499	0.155647	2.1
160	-0.331280	6.466757	0.055483	0.093682	2.3
161	-0.347643	7.052197	0.055451	0.208541	2.1
162	-0.315040	7.767001	0.055411	0.111455	2.2
163	-0.332706	8.067145	0.055395	0.102323	2.6
164	-0.316306	8.232181	0.055386	0.170447	2.4
165	-0.310073	8.696221	0.055360	0.109336	2.1
166	-0.328358	9.411049	0.055321	0.166257	2.5
167	-0.335420	9.864461	0.055296	0.124793	2.4
168	-0.333534	10.461249	0.055264	0.147323	2.2
169	-0.335772	10.700944	0.055251	0.070940	2.5
170	-0.350156	10.917329	0.055239	0.129355	2.7
171	-0.337978	11.176585	0.055225	0.157497	2.7
172	-0.329345	10.720386	0.055249	0.115248	2.4
173	-0.308528	11.372832	0.055214	0.145987	2.2
174	-0.339492	10.921108	0.055239	0.208469	2.1
175	-0.323492	10.579899	0.055257	0.210056	2.1
176	-0.331851	10.040083	0.055287	0.175776	2.9
177	-0.348617	10.149465	0.055281	0.141911	2.3
178	-0.335893	9.993351	0.055289	0.015846	2.3
179	-0.353973	10.052434	0.055286	0.077976	2.4
180	-0.338078	10.073801	0.055285	0.095019	2.2
181	-0.293751	10.278291	0.055274	0.168458	2.0
182	-0.335650	10.757244	0.055247	0.224165	2.3
183	-0.340966	11.695845	0.055196	0.185684	2.3
184	-0.318537	11.231182	0.055222	0.144494	2.2
185	-0.337587	11.879774	0.055186	0.054456	3.3
186	-0.326616	11.894523	0.055185	0.182912	2.7
187	-0.339640	11.645902	0.055199	0.102925	3.1
188	-0.317980	11.336653	0.055216	0.176443	2.4
189	-0.311573	11.662264	0.055198	0.153124	2.5
190	-0.351554	11.647747	0.055199	0.125311	2.7
191	-0.330423	11.663206	0.055198	0.139275	2.9
192	-0.305324	12.296784	0.055164	0.130869	2.8
193	-0.368339	12.308100	0.055163	0.058215	2.5
194	-0.296868	12.245372	0.055166	0.066494	2.4
195	-0.342176	12.137389	0.055172	0.102558	2.7
196	-0.326832	12.041990	0.055177	0.036898	3.2
197	-0.322919	12.200963	0.055169	0.198887	2.8
198	-0.342352	12.526567	0.055151	0.117784	2.4
199	-0.333010	12.064316	0.055176	0.048890	2.4
200	-0.344865	12.316388	0.055162	0.070813	2.5
201	-0.272340	12.175902	0.055170	0.171117	2.5
202	-0.292107	12.309928	0.055163	0.258003	3.2
203	-0.332090	11.821896	0.055189	0.061355	2.5
204	-0.324304	12.200185	0.055169	0.181582	3.1
205	-0.352348	11.993906	0.055180	0.196632	2.5
206	-0.347061	12.666403	0.055143	0.048185	2.3
207	-0.339285	12.938220	0.055129	0.205099	2.2
208	-0.327168	12.838118	0.055134	0.138222	2.3
209	-0.337696	13.747334	0.055085	0.139943	3.0
210	-0.302806	13.743607	0.055085	0.039862	2.9
211	-0.344918	13.536085	0.055096	0.190523	2.4
212	-0.324891	13.774535	0.055083	0.109739	2.3
213	-0.337233	13.564438	0.055095	0.139886	2.2
214	-0.302372	13.470522	0.055100	0.088057	2.2
215	-0.340817	13.178761	0.055116	0.143487	2.9
216	-0.328342	12.923398	0.055129	0.163414	2.6
217	-0.352422	12.497749	0.055153	0.194529	2.3
218	-0.332326	13.372633	0.055105	0.079227	2.5
219	-0.339591	13.220492	0.055113	0.095590	2.4
220	-0.315193	13.074182	0.055121	0.067432	2.3
221	-0.312661	13.028466	0.055124	0.114152	2.9
222	-0.313304	13.317129	0.055108	0.262685	2.8
223	-0.320372	12.798100	0.055136	0.095303	2.6
224	-0.337721	13.529577	0.055096	0.158244	2.7
225	-0.340849	13.613781	0.055092	0.092042	2.1
226	-0.353462	13.750212	0.055085	0.078825	2.3
227	-0.347015	13.910237	0.055076	0.184837	2.7
228	-0.356182	14.100198	0.055066	0.220042	2.8
229	-0.316184	13.558797	0.055095	0.027020	2.7
230	-0.326351	13.691323	0.055088	0.141913	2.2
231	-0.310654	13.653870	0.055090	0.050290	2.2
232	-0.317317	13.954193	0.055073	0.135205	2.2
233	-0.327795	14.087708	0.055066	0.051983	2.1
234	-0.316783	14.328569	0.055053	0.081463	2.8
235	-0.334734	14.445605	0.055047	0.039125	2.5
236	-0.327125	14.490779	0.055044	0.091575	2.4
237	-0.317722	14.357481	0.055052	0.134198	2.2
238	-0.345898	14.843066	0.055025	0.093590	2.3
239	-0.358038	15.341512	0.054998	0.038425	2.3
240	-0.333756	15.201388	0.055006	0.078431	2.5
241	-0.323754	15.177802	0.055007	0.159315	2.8
242	-0.315323	15.554019	0.054987	0.095583	2.6
243	-0.326201	15.304719	0.055000	0.155318	2.1
244	-0.356933	15.120280	0.055010	0.108251	2.2
245	-0.325547	15.596962	0.054984	0.274473	2.2
246	-0.335497	15.078402	0.055013	0.139523	2.2
247	-0.332873	14.568949	0.055040	0.037428	2.6
248	-0.331231	14.490619	0.055044	0.256065	2.5
249	-0.337535	14.897149	0.055022	0.088125	2.3
250	-0.350566	15.737621	0.054977	0.111060	2.2
251	-0.331303	15.453406	0.054992	0.150017	2.3
252	-0.324618	16.082929	0.054958	0.143002	2.1
253	-0.336356	16.887999	0.054915	0.079715	2.0
254	-0.294954	17.415185	0.054886	0.124014	2.9
255	-0.320871	17.368856	0.054889	0.075226	2.3
Time spent in resolution 2 (ITK initialization and iterating): 0.688 s.
Stopping condition: Maximum number of iterations has been reached.
Settings of AdaptiveStochasticGradientDescent in resolution 2:
( SP_a 55.897015 )
( SP_A 1000.000000 )
( SP_alpha 1.000000 )
( SigmoidMax 1.000000 )
( SigmoidMin -0.548275 )
( SigmoidScale 0.007916 )


Resolution: 3
WARNING: The parameter "ShowExactMetricValue", requested at entry number 3, does not exist at all.
  The default value "false" is used instead.
WARNING: The parameter "UseMultiThreadingForMetrics", requested at entry number 3, does not exist at all.
  The default value "true" is used instead.
Setting the fixed masks took: 0 ms.
Setting the moving masks took: 0 ms.
WARNING: The parameter "FixedImageBSplineInterpolationOrder", requested at entry number 3, does not exist at all.
  The default value "1" is used instead.
WARNING: The parameter "UseRandomSampleRegion", requested at entry number 3, does not exist at all.
  The default value "false" is used instead.
WARNING: The parameter "NumberOfHistogramBins", requested at entry number 3, does not exist at all.
  The default value "32" is used instead.
WARNING: The parameter "NumberOfFixedHistogramBins", requested at entry number 3, does not exist at all.
  The default value "32" is used instead.
WARNING: The parameter "NumberOfMovingHistogramBins", requested at entry number 3, does not exist at all.
  The default value "32" is used instead.
WARNING: The parameter "FixedLimitRangeRatio", requested at entry number 3, does not exist at all.
  The default value "0.01" is used instead.
WARNING: The parameter "MovingLimitRangeRatio", requested at entry number 3, does not exist at all.
  The default value "0.01" is used instead.
WARNING: The parameter "FixedKernelBSplineOrder", requested at entry number 3, does not exist at all.
  The default value "0" is used instead.
WARNING: The parameter "MovingKernelBSplineOrder", requested at entry number 3, does not exist at all.
  The default value "3" is used instead.
WARNING: The parameter "UseFastAndLowMemoryVersion", requested at entry number 3, does not exist at all.
  The default value "true" is used instead.
WARNING: The parameter "UseJacobianPreconditioning", requested at entry number 3, does not exist at all.
  The default value "false" is used instead.
WARNING: The parameter "FiniteDifferenceDerivative", requested at entry number 3, does not exist at all.
  The default value "false" is used instead.

WARNING: You have set MaximumNumberOfSamplingAttempts to 8.
  This functionality is known to cause problems (stack overflow) for large values.
  If elastix stops or segfaults for no obvious reason, reduce this value.
  You may select the RandomSparseMask image sampler to fix mask-related problems.

WARNING: The parameter "SigmoidInitialTime", requested at entry number 3, does not exist at all.
  The default value "0" is used instead.
WARNING: The parameter "MaxBandCovSize", requested at entry number 3, does not exist at all.
  The default value "192" is used instead.
WARNING: The parameter "NumberOfBandStructureSamples", requested at entry number 3, does not exist at all.
  The default value "10" is used instead.
WARNING: The parameter "UseAdaptiveStepSizes", requested at entry number 3, does not exist at all.
  The default value "true" is used instead.
WARNING: The parameter "UseConstantStep", requested at entry number 3, does not exist at all.
  The default value "false" is used instead.
WARNING: The parameter "MaximumStepLengthRatio", requested at entry number 3, does not exist at all.
  The default value "1" is used instead.
WARNING: The parameter "MaximumStepLength", requested at entry number 3, does not exist at all.
  The default value "0.098" is used instead.
WARNING: The parameter "NumberOfGradientMeasurements", requested at entry number 3, does not exist at all.
  The default value "0" is used instead.
WARNING: The parameter "NumberOfJacobianMeasurements", requested at entry number 3, does not exist at all.
  The default value "1000" is used instead.
WARNING: The parameter "SigmoidScaleFactor", requested at entry number 3, does not exist at all.
  The default value "0.1" is used instead.
Elastix initialization of all components (for this resolution) took: 1 ms.
  Computing the fixed image extrema took 1 ms.
  Computing the moving image extrema took 1 ms.
Initialization of AdvancedMattesMutualInformation metric took: 3 ms.
Starting automatic parameter estimation for AdaptiveStochasticGradientDescent ...
WARNING: The parameter "ASGDParameterEstimationMethod", requested at entry number 0, does not exist at all.
  The default value "Original" is used instead.
  Computing JacobianTerms ...
  Computing the Jacobian terms took 0.001197s
  NumberOfGradientMeasurements to estimate sigma_i: 11
  Sampling gradients ...
  Sampling the gradients took 0.060036s
Automatic parameter estimation took 0.06s
1:ItNr	2:Metric	3a:Time	3b:StepSize	4:||Gradient||	Time[ms]
0	-0.236061	0.000000	0.049937	0.130079	66.9
1	-0.231047	0.000000	0.049937	0.182534	1.6
2	-0.247044	0.279076	0.049923	0.150159	1.7
3	-0.241099	1.109896	0.049882	0.146525	1.7
4	-0.215204	1.712867	0.049852	0.083618	1.5
5	-0.238782	2.108284	0.049832	0.199574	1.8
6	-0.268526	1.774467	0.049849	0.096359	1.8
7	-0.256495	1.522089	0.049862	0.143493	2.1
8	-0.246858	1.170056	0.049879	0.123035	1.7
9	-0.237899	1.253491	0.049875	0.174536	1.8
10	-0.265952	1.669478	0.049854	0.036437	2.1
11	-0.239630	1.577415	0.049859	0.256948	1.8
12	-0.243900	1.566972	0.049859	0.124946	1.8
13	-0.201634	1.907953	0.049842	0.094968	2.0
14	-0.278127	1.672030	0.049854	0.294798	2.1
15	-0.244310	2.377072	0.049819	0.062523	2.1
16	-0.230010	2.707331	0.049803	0.187567	1.9
17	-0.248238	2.544132	0.049811	0.060416	1.8
18	-0.261492	2.334183	0.049821	0.360604	1.8
19	-0.245594	3.007560	0.049788	0.272964	2.1
20	-0.242033	3.742642	0.049751	0.260857	1.9
21	-0.253862	4.522714	0.049713	0.348064	1.9
22	-0.260358	4.991431	0.049690	0.199520	2.0
23	-0.244584	5.969544	0.049641	0.150528	2.5
24	-0.223029	5.586633	0.049660	0.264396	2.1
25	-0.254745	6.342788	0.049623	0.328707	2.1
26	-0.254661	6.891119	0.049596	0.235009	2.0
27	-0.249028	7.615865	0.049560	0.291200	1.7
28	-0.244647	7.839458	0.049549	0.100117	1.8
29	-0.185345	7.560232	0.049563	0.020948	1.9
30	-0.231241	7.613188	0.049560	0.086834	2.1
31	-0.251835	7.594097	0.049561	0.120509	2.6
32	-0.248571	7.725824	0.049555	0.221131	2.2
33	-0.234252	7.234093	0.049579	0.201023	2.1
34	-0.244223	7.449225	0.049569	0.263056	2.0
35	-0.237797	7.335416	0.049574	0.171161	2.3
36	-0.212409	6.987378	0.049591	0.117855	2.5
37	-0.240133	7.366661	0.049573	0.148879	2.5
38	-0.259196	7.615400	0.049560	0.223165	2.8
39	-0.259471	7.876936	0.049548	0.391407	2.1
40	-0.250780	8.376808	0.049523	0.394031	2.2
41	-0.236991	7.791198	0.049552	0.190404	2.1
42	-0.244763	7.207941	0.049580	0.065130	2.1
43	-0.248945	7.334969	0.049574	0.167994	2.4
44	-0.261787	7.045351	0.049588	0.197061	2.5
45	-0.239464	6.815786	0.049600	0.334700	2.7
46	-0.248333	7.796674	0.049551	0.069734	2.6
47	-0.248816	7.666370	0.049558	0.150504	2.4
48	-0.256371	7.551956	0.049563	0.203739	1.9
49	-0.238799	7.789114	0.049552	0.322151	1.9
50	-0.233596	7.210566	0.049580	0.179703	2.1
51	-0.230807	8.059902	0.049539	0.073538	2.9
52	-0.292539	7.880938	0.049547	0.171385	2.8
53	-0.214895	7.816435	0.049550	0.076321	2.1
54	-0.226918	8.275889	0.049528	0.213647	1.9
55	-0.240437	8.739995	0.049505	0.174717	2.2
56	-0.248375	9.494043	0.049468	0.100123	2.1
57	-0.248446	10.101711	0.049438	0.529676	2.0
58	-0.248526	9.707210	0.049458	0.255365	2.7
59	-0.230352	9.121597	0.049486	0.145423	2.3
60	-0.247371	8.564962	0.049514	0.330474	2.2
61	-0.260974	8.768254	0.049504	0.108071	2.2
62	-0.238128	8.251266	0.049529	0.199252	2.1
63	-0.238147	7.806177	0.049551	0.133889	2.3
64	-0.242925	7.799498	0.049551	0.085965	2.8
65	-0.241178	7.570583	0.049563	0.026068	2.7
66	-0.265404	7.619661	0.049560	0.262331	2.3
67	-0.253742	7.514937	0.049565	0.140759	2.2
68	-0.221485	6.992567	0.049591	0.253157	2.0
69	-0.245040	6.702997	0.049605	0.181641	2.1
70	-0.227411	6.156153	0.049632	0.195183	2.6
71	-0.270209	5.657024	0.049657	0.116817	3.0
72	-0.213053	5.276660	0.049676	0.167617	2.8
73	-0.253014	4.871471	0.049696	0.158403	2.2
74	-0.244878	4.350551	0.049721	0.218729	2.2
75	-0.241384	4.679624	0.049705	0.150262	2.2
76	-0.248843	4.139202	0.049732	0.279110	2.4
77	-0.243182	4.667521	0.049706	0.191668	2.1
78	-0.258410	5.069806	0.049686	0.332745	2.6
79	-0.231543	4.501131	0.049714	0.220361	2.4
80	-0.225444	4.703143	0.049704	0.087445	2.2
81	-0.254108	4.698387	0.049704	0.096888	2.2
82	-0.238363	4.713093	0.049703	0.246175	2.9
83	-0.236727	4.800708	0.049699	0.287856	2.2
84	-0.241608	4.290767	0.049724	0.211182	2.4
85	-0.278905	5.279213	0.049675	0.267755	3.0
86	-0.257318	6.147001	0.049633	0.194384	2.3
87	-0.278493	6.586986	0.049611	0.160839	2.5
88	-0.255266	6.121994	0.049634	0.249881	2.1
89	-0.255563	6.101464	0.049635	0.164627	2.1
90	-0.243076	7.038853	0.049589	0.167017	2.1
91	-0.256186	6.527212	0.049614	0.097995	2.9
92	-0.217912	6.122377	0.049634	0.271874	2.5
93	-0.245617	5.869239	0.049646	0.261549	2.2
94	-0.255392	5.359110	0.049671	0.241330	2.2
95	-0.246992	4.827901	0.049698	0.146386	2.4
96	-0.259358	5.156395	0.049681	0.181145	2.2
97	-0.242463	5.918494	0.049644	0.075251	2.2
98	-0.231643	5.752620	0.049652	0.125664	2.9
99	-0.224755	5.844518	0.049648	0.213967	2.2
100	-0.206307	5.325982	0.049673	0.176163	2.1
101	-0.230059	4.769623	0.049701	0.244766	2.2
102	-0.240460	4.197934	0.049729	0.133305	2.2
103	-0.247389	4.045812	0.049736	0.264162	2.0
104	-0.208974	3.736035	0.049752	0.165780	2.3
105	-0.236852	3.185177	0.049779	0.125873	3.0
106	-0.249156	2.832486	0.049796	0.048016	2.5
107	-0.216179	2.720155	0.049802	0.047029	2.1
108	-0.248166	2.685724	0.049804	0.161685	2.0
109	-0.267090	2.858551	0.049795	0.240412	2.0
110	-0.248027	3.749894	0.049751	0.307722	1.9
111	-0.241794	4.201074	0.049729	0.209673	2.5
112	-0.207805	3.620915	0.049757	0.164752	2.7
113	-0.248100	4.440302	0.049717	0.126483	2.5
114	-0.242338	4.930476	0.049693	0.119895	2.3
115	-0.231258	4.805818	0.049699	0.220430	2.2
116	-0.229959	4.644109	0.049707	0.287475	2.3
117	-0.241843	5.583518	0.049660	0.201721	2.5
118	-0.243878	6.333860	0.049623	0.097590	3.0
119	-0.242383	5.867706	0.049646	0.178419	2.6
120	-0.242581	6.426261	0.049619	0.106280	2.4
121	-0.247468	6.507741	0.049615	0.227251	2.1
122	-0.255903	7.263668	0.049578	0.149630	2.1
123	-0.254573	8.124103	0.049535	0.128885	2.1
124	-0.224544	7.854875	0.049549	0.158989	2.3
125	-0.258104	7.570446	0.049563	0.188149	3.1
126	-0.269020	7.635603	0.049559	0.212074	2.5
127	-0.236663	7.124401	0.049584	0.148027	2.4
128	-0.223805	7.975389	0.049543	0.182202	2.3
129	-0.242290	7.468913	0.049568	0.196046	2.2
130	-0.258282	6.931306	0.049594	0.073206	2.2
131	-0.250940	6.545422	0.049613	0.121817	2.9
132	-0.268552	6.348604	0.049623	0.334098	2.5
133	-0.226489	6.354391	0.049622	0.193515	2.1
134	-0.231457	5.783014	0.049651	0.061430	2.1
135	-0.238845	5.692544	0.049655	0.333798	2.0
136	-0.243374	6.065777	0.049637	0.062565	2.1
137	-0.239380	5.812110	0.049649	0.170922	2.2
138	-0.234509	5.530872	0.049663	0.102060	2.3
139	-0.258096	5.491063	0.049665	0.132525	2.2
140	-0.246034	5.890573	0.049645	0.209664	2.0
141	-0.209234	6.470886	0.049617	0.221601	2.0
142	-0.257182	6.682499	0.049606	0.359175	2.3
143	-0.250319	7.681618	0.049557	0.093137	1.9
144	-0.249961	7.312152	0.049575	0.139831	2.2
145	-0.244688	7.734954	0.049554	0.172224	2.5
146	-0.242716	7.236241	0.049579	0.236098	2.7
147	-0.218194	6.685251	0.049606	0.157251	2.4
148	-0.225980	7.464369	0.049568	0.312351	2.4
149	-0.234771	6.936443	0.049594	0.216976	2.2
150	-0.241644	7.932897	0.049545	0.376826	2.1
151	-0.227836	8.901094	0.049497	0.184446	2.1
152	-0.218053	9.865200	0.049450	0.200992	2.6
153	-0.257549	10.598142	0.049414	0.292133	3.1
154	-0.255785	11.576516	0.049366	0.282606	2.2
155	-0.224895	12.573682	0.049318	0.137621	2.3
156	-0.267938	12.022655	0.049345	0.417353	2.3
157	-0.255705	12.756822	0.049309	0.312913	2.3
158	-0.248062	13.756817	0.049260	0.147243	2.5
159	-0.261706	13.212329	0.049287	0.251426	2.3
160	-0.248590	13.931730	0.049252	0.036499	2.3
161	-0.248225	13.703721	0.049263	0.254577	2.2
162	-0.259397	13.906446	0.049253	0.112738	2.2
163	-0.227602	14.004701	0.049248	0.157911	2.3
164	-0.247200	14.577127	0.049221	0.202402	2.1
165	-0.238206	14.753177	0.049212	0.068260	2.4
166	-0.243673	14.499253	0.049224	0.213580	2.6
167	-0.226122	14.523053	0.049223	0.213710	2.6
168	-0.245683	14.368395	0.049231	0.207843	2.5
169	-0.233310	15.318320	0.049185	0.101885	2.2
170	-0.231969	15.535378	0.049174	0.236683	2.4
171	-0.226056	15.314468	0.049185	0.343859	2.5
172	-0.223126	14.731827	0.049213	0.299154	2.7
173	-0.237097	14.466128	0.049226	0.128626	2.3
174	-0.264310	13.903862	0.049253	0.232088	2.2
175	-0.243112	14.612195	0.049219	0.250699	2.2
176	-0.257994	14.033163	0.049247	0.241672	2.0
177	-0.240619	13.594517	0.049268	0.193734	2.0
178	-0.266641	13.025366	0.049296	0.205966	2.1
179	-0.231886	13.493132	0.049273	0.243676	2.5
180	-0.255952	13.190097	0.049288	0.218045	2.4
181	-0.246046	14.142498	0.049242	0.183498	2.0
182	-0.249300	14.955209	0.049202	0.217286	2.1
183	-0.256511	14.420655	0.049228	0.303339	2.5
184	-0.274346	14.708784	0.049214	0.181051	2.3
185	-0.235906	15.675439	0.049167	0.144375	2.2
186	-0.236168	15.641298	0.049169	0.110999	2.9
187	-0.245049	16.064789	0.049149	0.099055	2.5
188	-0.256306	16.038433	0.049150	0.201346	2.5
189	-0.240157	16.109083	0.049146	0.110438	2.4
190	-0.235440	16.603699	0.049123	0.300520	2.5
191	-0.250303	16.471070	0.049129	0.221056	2.2
192	-0.256034	17.366237	0.049086	0.182673	2.3
193	-0.234697	16.855716	0.049110	0.052923	2.6
194	-0.260774	16.649521	0.049120	0.185946	2.1
195	-0.248445	16.535205	0.049126	0.098059	2.2
196	-0.259163	16.939161	0.049106	0.112349	2.3
197	-0.239553	16.860251	0.049110	0.164603	2.7
198	-0.232908	17.257036	0.049091	0.041124	2.4
199	-0.250193	17.469346	0.049081	0.111135	2.3
200	-0.231256	17.329325	0.049088	0.044922	2.2
201	-0.237266	17.288211	0.049090	0.107711	2.1
202	-0.247969	17.386576	0.049085	0.108255	2.0
203	-0.232483	17.662534	0.049072	0.105132	2.0
204	-0.236842	18.073091	0.049052	0.222900	2.0
205	-0.259691	17.782898	0.049066	0.163095	1.8
206	-0.242921	17.423839	0.049083	0.194205	2.2
207	-0.261673	16.917216	0.049107	0.300755	2.2
208	-0.238155	16.395811	0.049133	0.161806	1.9
209	-0.228393	17.373149	0.049085	0.171754	2.2
210	-0.241399	16.856368	0.049110	0.111714	1.8
211	-0.259930	16.942160	0.049106	0.250370	1.8
212	-0.232586	16.430015	0.049131	0.186742	1.8
213	-0.243492	16.599026	0.049123	0.047526	1.8
214	-0.224648	16.874013	0.049110	0.320080	2.1
215	-0.254451	17.117394	0.049098	0.241808	1.8
216	-0.220896	16.596763	0.049123	0.123245	1.9
217	-0.250552	16.534630	0.049126	0.062070	1.7
218	-0.246093	16.316861	0.049136	0.226375	1.8
219	-0.256415	16.417016	0.049132	0.149363	1.7
220	-0.264498	15.977687	0.049153	0.075465	1.8
221	-0.221806	15.859691	0.049159	0.128756	1.7
222	-0.239855	15.592067	0.049171	0.093637	2.0
223	-0.246989	15.345365	0.049183	0.220356	2.3
224	-0.234540	14.900935	0.049205	0.201017	2.3
225	-0.263274	14.987957	0.049201	0.186799	1.9
226	-0.249100	15.505637	0.049176	0.178307	1.9
227	-0.228473	15.074221	0.049197	0.104670	2.0
228	-0.240698	15.746438	0.049164	0.252456	2.0
229	-0.242851	16.473731	0.049129	0.150379	2.0
230	-0.258695	17.128689	0.049097	0.197269	2.7
231	-0.233459	17.891991	0.049060	0.081833	2.6
232	-0.207816	17.524382	0.049078	0.221150	2.3
233	-0.238355	17.869977	0.049062	0.175686	2.4
234	-0.220899	17.378278	0.049085	0.137231	2.3
235	-0.269495	18.039837	0.049053	0.184770	2.4
236	-0.239876	17.587271	0.049075	0.271395	2.2
237	-0.227603	17.854062	0.049062	0.297145	2.7
238	-0.228260	17.276542	0.049090	0.068580	2.6
239	-0.250373	17.581456	0.049075	0.142984	2.4
240	-0.268740	17.468631	0.049081	0.162400	2.8
241	-0.241584	18.225335	0.049044	0.213672	2.6
242	-0.232964	17.756107	0.049067	0.157573	2.4
243	-0.231350	18.645554	0.049024	0.115096	3.2
244	-0.244039	18.315491	0.049040	0.107590	2.8
245	-0.243780	18.585923	0.049027	0.092550	2.1
246	-0.236775	18.464148	0.049033	0.369703	2.0
247	-0.259084	19.209198	0.048997	0.161887	2.4
248	-0.242651	20.202403	0.048949	0.123797	2.5
249	-0.244061	20.137961	0.048953	0.154257	2.9
250	-0.254428	20.140987	0.048952	0.161635	3.0
251	-0.264855	20.898965	0.048916	0.073412	3.1
252	-0.252904	20.605595	0.048930	0.060656	2.3
253	-0.230696	20.578019	0.048931	0.148291	2.2
254	-0.267485	20.530267	0.048934	0.187288	2.0
255	-0.215961	20.735773	0.048924	0.233016	2.3
Time spent in resolution 3 (ITK initialization and iterating): 0.678 s.
Stopping condition: Maximum number of iterations has been reached.
Settings of AdaptiveStochasticGradientDescent in resolution 3:
( SP_a 49.987343 )
( SP_A 1000.000000 )
( SP_alpha 1.000000 )
( SigmoidMax 1.000000 )
( SigmoidMin -0.585617 )
( SigmoidScale 0.009690 )



=============== start of TransformParameterFile ===============
(Transform "EulerTransform")
(NumberOfParameters 3)
(TransformParameters 0.000049 0.872735 0.891368)
(InitialTransformParametersFileName "NoInitialTransform")
(UseBinaryFormatForTransformationParameters "false")
(HowToCombineTransforms "Compose")

// Image specific
(FixedImageDimension 2)
(MovingImageDimension 2)
(FixedInternalImagePixelType "float")
(MovingInternalImagePixelType "float")
(Size 559 559)
(Index 0 0)
(Spacing 0.0980000000 0.0980000000)
(Origin 0.0000000000 0.0000000000)
(Direction 1.0000000000 0.0000000000 0.0000000000 1.0000000000)
(UseDirectionCosines "true")

// EulerTransform specific
(CenterOfRotationPoint 27.3420000000 27.3420000000)

// ResampleInterpolator specific
(ResampleInterpolator "FinalBSplineInterpolator")
(FinalBSplineInterpolationOrder 3)

// Resampler specific
(Resampler "DefaultResampler")
(DefaultPixelValue 0.000000)
(ResultImageFormat "nii")
(ResultImagePixelType "float")
(CompressResultImage "false")

=============== end of TransformParameterFile ===============

Creating the TransformParameterFile took 0.00s

Registration result checksum: 2064098585

Final metric value  = -0.215961
Settings of AdaptiveStochasticGradientDescent for all resolutions:
( SP_a 126.793967 180.647584 55.897015 49.987343 )
( SP_A 1000.000000 1000.000000 1000.000000 1000.000000 )
( SP_alpha 1.000000 1.000000 1.000000 1.000000 )
( SigmoidMax 1.000000 1.000000 1.000000 1.000000 )
( SigmoidMin -0.585775 -0.516406 -0.548275 -0.585617 )
( SigmoidScale 0.001506 0.000764 0.007916 0.009690 )

