0
1
0
Assembly-1
1
PART-1-1
PART-1
1
PART-1-1
823
127
128
129
130
131
132
133
134
162
163
164
165
166
167
168
169
170
171
172
173
197
198
199
200
201
202
203
204
205
206
207
208
209
210
211
233
234
235
236
237
238
239
240
241
242
243
244
245
246
247
248
249
269
270
271
272
273
274
275
276
277
278
279
280
281
282
283
284
285
286
287
305
306
307
308
309
310
311
312
313
314
315
316
317
318
319
320
321
322
323
324
341
342
343
344
345
346
347
348
349
350
351
352
353
354
355
356
357
358
359
360
361
377
378
379
380
381
382
383
384
385
386
387
388
389
390
391
392
393
394
395
396
397
398
414
415
416
417
418
419
420
421
422
423
424
425
426
427
428
429
430
431
432
433
434
435
436
451
452
453
454
455
456
457
458
459
460
461
462
463
464
465
466
467
468
469
470
471
472
473
488
489
490
491
492
493
494
495
496
497
498
499
500
501
502
503
504
505
506
507
508
509
510
525
526
527
528
529
530
531
532
533
534
535
536
537
538
539
540
541
542
543
544
545
546
547
562
563
564
565
566
567
568
569
570
571
572
573
574
575
576
577
578
579
580
581
582
583
584
599
600
601
602
603
604
605
606
607
608
609
610
611
612
613
614
615
616
617
618
619
620
621
638
639
640
641
642
643
644
645
646
647
648
649
650
651
652
653
654
655
656
657
658
675
676
677
678
679
680
681
682
683
684
685
686
687
688
689
690
691
692
693
694
695
713
714
715
716
717
718
719
720
721
722
723
724
725
726
727
728
729
730
731
732
750
751
752
753
754
755
756
757
758
759
760
761
762
763
764
765
766
767
768
769
788
789
790
791
792
793
794
795
796
797
798
799
800
801
802
803
804
805
826
827
828
829
830
831
832
833
834
835
836
837
838
839
840
841
842
865
866
867
868
869
870
871
872
873
874
875
876
877
878
904
905
906
907
908
909
910
911
1274
1275
1276
1277
1278
1279
1280
1281
1309
1310
1311
1312
1313
1314
1315
1316
1317
1318
1319
1320
1344
1345
1346
1347
1348
1349
1350
1351
1352
1353
1354
1355
1356
1357
1358
1380
1381
1382
1383
1384
1385
1386
1387
1388
1389
1390
1391
1392
1393
1394
1395
1396
1416
1417
1418
1419
1420
1421
1422
1423
1424
1425
1426
1427
1428
1429
1430
1431
1432
1433
1434
1452
1453
1454
1455
1456
1457
1458
1459
1460
1461
1462
1463
1464
1465
1466
1467
1468
1469
1470
1471
1488
1489
1490
1491
1492
1493
1494
1495
1496
1497
1498
1499
1500
1501
1502
1503
1504
1505
1506
1507
1508
1524
1525
1526
1527
1528
1529
1530
1531
1532
1533
1534
1535
1536
1537
1538
1539
1540
1541
1542
1543
1544
1545
1561
1562
1563
1564
1565
1566
1567
1568
1569
1570
1571
1572
1573
1574
1575
1576
1577
1578
1579
1580
1581
1582
1583
1598
1599
1600
1601
1602
1603
1604
1605
1606
1607
1608
1609
1610
1611
1612
1613
1614
1615
1616
1617
1618
1619
1620
1635
1636
1637
1638
1639
1640
1641
1642
1643
1644
1645
1646
1647
1648
1649
1650
1651
1652
1653
1654
1655
1656
1657
1672
1673
1674
1675
1676
1677
1678
1679
1680
1681
1682
1683
1684
1685
1686
1687
1688
1689
1690
1691
1692
1693
1694
1709
1710
1711
1712
1713
1714
1715
1716
1717
1718
1719
1720
1721
1722
1723
1724
1725
1726
1727
1728
1729
1730
1731
1746
1747
1748
1749
1750
1751
1752
1753
1754
1755
1756
1757
1758
1759
1760
1761
1762
1763
1764
1765
1766
1767
1768
1785
1786
1787
1788
1789
1790
1791
1792
1793
1794
1795
1796
1797
1798
1799
1800
1801
1802
1803
1804
1805
1822
1823
1824
1825
1826
1827
1828
1829
1830
1831
1832
1833
1834
1835
1836
1837
1838
1839
1840
1841
1842
1860
1861
1862
1863
1864
1865
1866
1867
1868
1869
1870
1871
1872
1873
1874
1875
1876
1877
1878
1879
1897
1898
1899
1900
1901
1902
1903
1904
1905
1906
1907
1908
1909
1910
1911
1912
1913
1914
1915
1916
1935
1936
1937
1938
1939
1940
1941
1942
1943
1944
1945
1946
1947
1948
1949
1950
1951
1952
1973
1974
1975
1976
1977
1978
1979
1980
1981
1982
1983
1984
1985
1986
1987
1988
1989
2012
2013
2014
2015
2016
2017
2018
2019
2020
2021
2022
2023
2024
2025
2051
2052
2053
2054
2055
2056
2057
2058
10000000
0
1
PART-1-1
367
124
125
126
127
128
129
130
158
159
160
161
162
163
164
165
166
167
168
192
193
194
195
196
197
198
199
200
201
202
203
204
205
227
228
229
230
231
232
233
234
235
236
237
238
239
240
241
242
262
263
264
265
266
267
268
269
270
271
272
273
274
275
276
277
278
279
297
298
299
300
301
302
303
304
305
306
307
308
309
310
311
312
313
314
315
332
333
334
335
336
337
338
339
340
341
342
343
344
345
346
347
348
349
350
351
367
368
369
370
371
372
373
374
375
376
377
378
379
380
381
382
383
384
385
386
387
403
404
405
406
407
408
409
410
411
412
413
414
415
416
417
418
419
420
421
422
423
424
439
440
441
442
443
444
445
446
447
448
449
450
451
452
453
454
455
456
457
458
459
460
475
476
477
478
479
480
481
482
483
484
485
486
487
488
489
490
491
492
493
494
495
496
511
512
513
514
515
516
517
518
519
520
521
522
523
524
525
526
527
528
529
530
531
532
547
548
549
550
551
552
553
554
555
556
557
558
559
560
561
562
563
564
565
566
567
568
585
586
587
588
589
590
591
592
593
594
595
596
597
598
599
600
601
602
603
604
621
622
623
624
625
626
627
628
629
630
631
632
633
634
635
636
637
638
639
640
658
659
660
661
662
663
664
665
666
667
668
669
670
671
672
673
674
675
676
694
695
696
697
698
699
700
701
702
703
704
705
706
707
708
709
710
711
712
731
732
733
734
735
736
737
738
739
740
741
742
743
744
745
746
747
768
769
770
771
772
773
774
775
776
777
778
779
780
781
782
783
806
807
808
809
810
811
812
813
814
815
816
817
818
844
845
846
847
848
849
850
0
0
1
PART-1-1
368
BONE
0
1
367
124 125 126 127 128 129 130 158 159 160 161 162 163 164 165 166 167 168 192 193 194 195 196 197 198 199 200 201 202 203 204 205 227 228 229 230 231 232 233 234 235 236 237 238 239 240 241 242 262 263 264 265 266 267 268 269 270 271 272 273 274 275 276 277 278 279 297 298 299 300 301 302 303 304 305 306 307 308 309 310 311 312 313 314 315 332 333 334 335 336 337 338 339 340 341 342 343 344 345 346 347 348 349 350 351 367 368 369 370 371 372 373 374 375 376 377 378 379 380 381 382 383 384 385 386 387 403 404 405 406 407 408 409 410 411 412 413 414 415 416 417 418 419 420 421 422 423 424 439 440 441 442 443 444 445 446 447 448 449 450 451 452 453 454 455 456 457 458 459 460 475 476 477 478 479 480 481 482 483 484 485 486 487 488 489 490 491 492 493 494 495 496 511 512 513 514 515 516 517 518 519 520 521 522 523 524 525 526 527 528 529 530 531 532 547 548 549 550 551 552 553 554 555 556 557 558 559 560 561 562 563 564 565 566 567 568 585 586 587 588 589 590 591 592 593 594 595 596 597 598 599 600 601 602 603 604 621 622 623 624 625 626 627 628 629 630 631 632 633 634 635 636 637 638 639 640 658 659 660 661 662 663 664 665 666 667 668 669 670 671 672 673 674 675 676 694 695 696 697 698 699 700 701 702 703 704 705 706 707 708 709 710 711 712 731 732 733 734 735 736 737 738 739 740 741 742 743 744 745 746 747 768 769 770 771 772 773 774 775 776 777 778 779 780 781 782 783 806 807 808 809 810 811 812 813 814 815 816 817 818 844 845 846 847 848 849 850 
0
0
ELSET124
0
1
1
124 
0
0
ELSET125
0
1
1
125 
0
0
ELSET126
0
1
1
126 
0
0
ELSET127
0
1
1
127 
0
0
ELSET128
0
1
1
128 
0
0
ELSET129
0
1
1
129 
0
0
ELSET130
0
1
1
130 
0
0
ELSET158
0
1
1
158 
0
0
ELSET159
0
1
1
159 
0
0
ELSET160
0
1
1
160 
0
0
ELSET161
0
1
1
161 
0
0
ELSET162
0
1
1
162 
0
0
ELSET163
0
1
1
163 
0
0
ELSET164
0
1
1
164 
0
0
ELSET165
0
1
1
165 
0
0
ELSET166
0
1
1
166 
0
0
ELSET167
0
1
1
167 
0
0
ELSET168
0
1
1
168 
0
0
ELSET192
0
1
1
192 
0
0
ELSET193
0
1
1
193 
0
0
ELSET194
0
1
1
194 
0
0
ELSET195
0
1
1
195 
0
0
ELSET196
0
1
1
196 
0
0
ELSET197
0
1
1
197 
0
0
ELSET198
0
1
1
198 
0
0
ELSET199
0
1
1
199 
0
0
ELSET200
0
1
1
200 
0
0
ELSET201
0
1
1
201 
0
0
ELSET202
0
1
1
202 
0
0
ELSET203
0
1
1
203 
0
0
ELSET204
0
1
1
204 
0
0
ELSET205
0
1
1
205 
0
0
ELSET227
0
1
1
227 
0
0
ELSET228
0
1
1
228 
0
0
ELSET229
0
1
1
229 
0
0
ELSET230
0
1
1
230 
0
0
ELSET231
0
1
1
231 
0
0
ELSET232
0
1
1
232 
0
0
ELSET233
0
1
1
233 
0
0
ELSET234
0
1
1
234 
0
0
ELSET235
0
1
1
235 
0
0
ELSET236
0
1
1
236 
0
0
ELSET237
0
1
1
237 
0
0
ELSET238
0
1
1
238 
0
0
ELSET239
0
1
1
239 
0
0
ELSET240
0
1
1
240 
0
0
ELSET241
0
1
1
241 
0
0
ELSET242
0
1
1
242 
0
0
ELSET262
0
1
1
262 
0
0
ELSET263
0
1
1
263 
0
0
ELSET264
0
1
1
264 
0
0
ELSET265
0
1
1
265 
0
0
ELSET266
0
1
1
266 
0
0
ELSET267
0
1
1
267 
0
0
ELSET268
0
1
1
268 
0
0
ELSET269
0
1
1
269 
0
0
ELSET270
0
1
1
270 
0
0
ELSET271
0
1
1
271 
0
0
ELSET272
0
1
1
272 
0
0
ELSET273
0
1
1
273 
0
0
ELSET274
0
1
1
274 
0
0
ELSET275
0
1
1
275 
0
0
ELSET276
0
1
1
276 
0
0
ELSET277
0
1
1
277 
0
0
ELSET278
0
1
1
278 
0
0
ELSET279
0
1
1
279 
0
0
ELSET297
0
1
1
297 
0
0
ELSET298
0
1
1
298 
0
0
ELSET299
0
1
1
299 
0
0
ELSET300
0
1
1
300 
0
0
ELSET301
0
1
1
301 
0
0
ELSET302
0
1
1
302 
0
0
ELSET303
0
1
1
303 
0
0
ELSET304
0
1
1
304 
0
0
ELSET305
0
1
1
305 
0
0
ELSET306
0
1
1
306 
0
0
ELSET307
0
1
1
307 
0
0
ELSET308
0
1
1
308 
0
0
ELSET309
0
1
1
309 
0
0
ELSET310
0
1
1
310 
0
0
ELSET311
0
1
1
311 
0
0
ELSET312
0
1
1
312 
0
0
ELSET313
0
1
1
313 
0
0
ELSET314
0
1
1
314 
0
0
ELSET315
0
1
1
315 
0
0
ELSET332
0
1
1
332 
0
0
ELSET333
0
1
1
333 
0
0
ELSET334
0
1
1
334 
0
0
ELSET335
0
1
1
335 
0
0
ELSET336
0
1
1
336 
0
0
ELSET337
0
1
1
337 
0
0
ELSET338
0
1
1
338 
0
0
ELSET339
0
1
1
339 
0
0
ELSET340
0
1
1
340 
0
0
ELSET341
0
1
1
341 
0
0
ELSET342
0
1
1
342 
0
0
ELSET343
0
1
1
343 
0
0
ELSET344
0
1
1
344 
0
0
ELSET345
0
1
1
345 
0
0
ELSET346
0
1
1
346 
0
0
ELSET347
0
1
1
347 
0
0
ELSET348
0
1
1
348 
0
0
ELSET349
0
1
1
349 
0
0
ELSET350
0
1
1
350 
0
0
ELSET351
0
1
1
351 
0
0
ELSET367
0
1
1
367 
0
0
ELSET368
0
1
1
368 
0
0
ELSET369
0
1
1
369 
0
0
ELSET370
0
1
1
370 
0
0
ELSET371
0
1
1
371 
0
0
ELSET372
0
1
1
372 
0
0
ELSET373
0
1
1
373 
0
0
ELSET374
0
1
1
374 
0
0
ELSET375
0
1
1
375 
0
0
ELSET376
0
1
1
376 
0
0
ELSET377
0
1
1
377 
0
0
ELSET378
0
1
1
378 
0
0
ELSET379
0
1
1
379 
0
0
ELSET380
0
1
1
380 
0
0
ELSET381
0
1
1
381 
0
0
ELSET382
0
1
1
382 
0
0
ELSET383
0
1
1
383 
0
0
ELSET384
0
1
1
384 
0
0
ELSET385
0
1
1
385 
0
0
ELSET386
0
1
1
386 
0
0
ELSET387
0
1
1
387 
0
0
ELSET403
0
1
1
403 
0
0
ELSET404
0
1
1
404 
0
0
ELSET405
0
1
1
405 
0
0
ELSET406
0
1
1
406 
0
0
ELSET407
0
1
1
407 
0
0
ELSET408
0
1
1
408 
0
0
ELSET409
0
1
1
409 
0
0
ELSET410
0
1
1
410 
0
0
ELSET411
0
1
1
411 
0
0
ELSET412
0
1
1
412 
0
0
ELSET413
0
1
1
413 
0
0
ELSET414
0
1
1
414 
0
0
ELSET415
0
1
1
415 
0
0
ELSET416
0
1
1
416 
0
0
ELSET417
0
1
1
417 
0
0
ELSET418
0
1
1
418 
0
0
ELSET419
0
1
1
419 
0
0
ELSET420
0
1
1
420 
0
0
ELSET421
0
1
1
421 
0
0
ELSET422
0
1
1
422 
0
0
ELSET423
0
1
1
423 
0
0
ELSET424
0
1
1
424 
0
0
ELSET439
0
1
1
439 
0
0
ELSET440
0
1
1
440 
0
0
ELSET441
0
1
1
441 
0
0
ELSET442
0
1
1
442 
0
0
ELSET443
0
1
1
443 
0
0
ELSET444
0
1
1
444 
0
0
ELSET445
0
1
1
445 
0
0
ELSET446
0
1
1
446 
0
0
ELSET447
0
1
1
447 
0
0
ELSET448
0
1
1
448 
0
0
ELSET449
0
1
1
449 
0
0
ELSET450
0
1
1
450 
0
0
ELSET451
0
1
1
451 
0
0
ELSET452
0
1
1
452 
0
0
ELSET453
0
1
1
453 
0
0
ELSET454
0
1
1
454 
0
0
ELSET455
0
1
1
455 
0
0
ELSET456
0
1
1
456 
0
0
ELSET457
0
1
1
457 
0
0
ELSET458
0
1
1
458 
0
0
ELSET459
0
1
1
459 
0
0
ELSET460
0
1
1
460 
0
0
ELSET475
0
1
1
475 
0
0
ELSET476
0
1
1
476 
0
0
ELSET477
0
1
1
477 
0
0
ELSET478
0
1
1
478 
0
0
ELSET479
0
1
1
479 
0
0
ELSET480
0
1
1
480 
0
0
ELSET481
0
1
1
481 
0
0
ELSET482
0
1
1
482 
0
0
ELSET483
0
1
1
483 
0
0
ELSET484
0
1
1
484 
0
0
ELSET485
0
1
1
485 
0
0
ELSET486
0
1
1
486 
0
0
ELSET487
0
1
1
487 
0
0
ELSET488
0
1
1
488 
0
0
ELSET489
0
1
1
489 
0
0
ELSET490
0
1
1
490 
0
0
ELSET491
0
1
1
491 
0
0
ELSET492
0
1
1
492 
0
0
ELSET493
0
1
1
493 
0
0
ELSET494
0
1
1
494 
0
0
ELSET495
0
1
1
495 
0
0
ELSET496
0
1
1
496 
0
0
ELSET511
0
1
1
511 
0
0
ELSET512
0
1
1
512 
0
0
ELSET513
0
1
1
513 
0
0
ELSET514
0
1
1
514 
0
0
ELSET515
0
1
1
515 
0
0
ELSET516
0
1
1
516 
0
0
ELSET517
0
1
1
517 
0
0
ELSET518
0
1
1
518 
0
0
ELSET519
0
1
1
519 
0
0
ELSET520
0
1
1
520 
0
0
ELSET521
0
1
1
521 
0
0
ELSET522
0
1
1
522 
0
0
ELSET523
0
1
1
523 
0
0
ELSET524
0
1
1
524 
0
0
ELSET525
0
1
1
525 
0
0
ELSET526
0
1
1
526 
0
0
ELSET527
0
1
1
527 
0
0
ELSET528
0
1
1
528 
0
0
ELSET529
0
1
1
529 
0
0
ELSET530
0
1
1
530 
0
0
ELSET531
0
1
1
531 
0
0
ELSET532
0
1
1
532 
0
0
ELSET547
0
1
1
547 
0
0
ELSET548
0
1
1
548 
0
0
ELSET549
0
1
1
549 
0
0
ELSET550
0
1
1
550 
0
0
ELSET551
0
1
1
551 
0
0
ELSET552
0
1
1
552 
0
0
ELSET553
0
1
1
553 
0
0
ELSET554
0
1
1
554 
0
0
ELSET555
0
1
1
555 
0
0
ELSET556
0
1
1
556 
0
0
ELSET557
0
1
1
557 
0
0
ELSET558
0
1
1
558 
0
0
ELSET559
0
1
1
559 
0
0
ELSET560
0
1
1
560 
0
0
ELSET561
0
1
1
561 
0
0
ELSET562
0
1
1
562 
0
0
ELSET563
0
1
1
563 
0
0
ELSET564
0
1
1
564 
0
0
ELSET565
0
1
1
565 
0
0
ELSET566
0
1
1
566 
0
0
ELSET567
0
1
1
567 
0
0
ELSET568
0
1
1
568 
0
0
ELSET585
0
1
1
585 
0
0
ELSET586
0
1
1
586 
0
0
ELSET587
0
1
1
587 
0
0
ELSET588
0
1
1
588 
0
0
ELSET589
0
1
1
589 
0
0
ELSET590
0
1
1
590 
0
0
ELSET591
0
1
1
591 
0
0
ELSET592
0
1
1
592 
0
0
ELSET593
0
1
1
593 
0
0
ELSET594
0
1
1
594 
0
0
ELSET595
0
1
1
595 
0
0
ELSET596
0
1
1
596 
0
0
ELSET597
0
1
1
597 
0
0
ELSET598
0
1
1
598 
0
0
ELSET599
0
1
1
599 
0
0
ELSET600
0
1
1
600 
0
0
ELSET601
0
1
1
601 
0
0
ELSET602
0
1
1
602 
0
0
ELSET603
0
1
1
603 
0
0
ELSET604
0
1
1
604 
0
0
ELSET621
0
1
1
621 
0
0
ELSET622
0
1
1
622 
0
0
ELSET623
0
1
1
623 
0
0
ELSET624
0
1
1
624 
0
0
ELSET625
0
1
1
625 
0
0
ELSET626
0
1
1
626 
0
0
ELSET627
0
1
1
627 
0
0
ELSET628
0
1
1
628 
0
0
ELSET629
0
1
1
629 
0
0
ELSET630
0
1
1
630 
0
0
ELSET631
0
1
1
631 
0
0
ELSET632
0
1
1
632 
0
0
ELSET633
0
1
1
633 
0
0
ELSET634
0
1
1
634 
0
0
ELSET635
0
1
1
635 
0
0
ELSET636
0
1
1
636 
0
0
ELSET637
0
1
1
637 
0
0
ELSET638
0
1
1
638 
0
0
ELSET639
0
1
1
639 
0
0
ELSET640
0
1
1
640 
0
0
ELSET658
0
1
1
658 
0
0
ELSET659
0
1
1
659 
0
0
ELSET660
0
1
1
660 
0
0
ELSET661
0
1
1
661 
0
0
ELSET662
0
1
1
662 
0
0
ELSET663
0
1
1
663 
0
0
ELSET664
0
1
1
664 
0
0
ELSET665
0
1
1
665 
0
0
ELSET666
0
1
1
666 
0
0
ELSET667
0
1
1
667 
0
0
ELSET668
0
1
1
668 
0
0
ELSET669
0
1
1
669 
0
0
ELSET670
0
1
1
670 
0
0
ELSET671
0
1
1
671 
0
0
ELSET672
0
1
1
672 
0
0
ELSET673
0
1
1
673 
0
0
ELSET674
0
1
1
674 
0
0
ELSET675
0
1
1
675 
0
0
ELSET676
0
1
1
676 
0
0
ELSET694
0
1
1
694 
0
0
ELSET695
0
1
1
695 
0
0
ELSET696
0
1
1
696 
0
0
ELSET697
0
1
1
697 
0
0
ELSET698
0
1
1
698 
0
0
ELSET699
0
1
1
699 
0
0
ELSET700
0
1
1
700 
0
0
ELSET701
0
1
1
701 
0
0
ELSET702
0
1
1
702 
0
0
ELSET703
0
1
1
703 
0
0
ELSET704
0
1
1
704 
0
0
ELSET705
0
1
1
705 
0
0
ELSET706
0
1
1
706 
0
0
ELSET707
0
1
1
707 
0
0
ELSET708
0
1
1
708 
0
0
ELSET709
0
1
1
709 
0
0
ELSET710
0
1
1
710 
0
0
ELSET711
0
1
1
711 
0
0
ELSET712
0
1
1
712 
0
0
ELSET731
0
1
1
731 
0
0
ELSET732
0
1
1
732 
0
0
ELSET733
0
1
1
733 
0
0
ELSET734
0
1
1
734 
0
0
ELSET735
0
1
1
735 
0
0
ELSET736
0
1
1
736 
0
0
ELSET737
0
1
1
737 
0
0
ELSET738
0
1
1
738 
0
0
ELSET739
0
1
1
739 
0
0
ELSET740
0
1
1
740 
0
0
ELSET741
0
1
1
741 
0
0
ELSET742
0
1
1
742 
0
0
ELSET743
0
1
1
743 
0
0
ELSET744
0
1
1
744 
0
0
ELSET745
0
1
1
745 
0
0
ELSET746
0
1
1
746 
0
0
ELSET747
0
1
1
747 
0
0
ELSET768
0
1
1
768 
0
0
ELSET769
0
1
1
769 
0
0
ELSET770
0
1
1
770 
0
0
ELSET771
0
1
1
771 
0
0
ELSET772
0
1
1
772 
0
0
ELSET773
0
1
1
773 
0
0
ELSET774
0
1
1
774 
0
0
ELSET775
0
1
1
775 
0
0
ELSET776
0
1
1
776 
0
0
ELSET777
0
1
1
777 
0
0
ELSET778
0
1
1
778 
0
0
ELSET779
0
1
1
779 
0
0
ELSET780
0
1
1
780 
0
0
ELSET781
0
1
1
781 
0
0
ELSET782
0
1
1
782 
0
0
ELSET783
0
1
1
783 
0
0
ELSET806
0
1
1
806 
0
0
ELSET807
0
1
1
807 
0
0
ELSET808
0
1
1
808 
0
0
ELSET809
0
1
1
809 
0
0
ELSET810
0
1
1
810 
0
0
ELSET811
0
1
1
811 
0
0
ELSET812
0
1
1
812 
0
0
ELSET813
0
1
1
813 
0
0
ELSET814
0
1
1
814 
0
0
ELSET815
0
1
1
815 
0
0
ELSET816
0
1
1
816 
0
0
ELSET817
0
1
1
817 
0
0
ELSET818
0
1
1
818 
0
0
ELSET844
0
1
1
844 
0
0
ELSET845
0
1
1
845 
0
0
ELSET846
0
1
1
846 
0
0
ELSET847
0
1
1
847 
0
0
ELSET848
0
1
1
848 
0
0
ELSET849
0
1
1
849 
0
0
ELSET850
0
1
1
850 
0
0
0
0
1
PART-1-1
3
BOTNODES
0
1
411
1274 1275 1276 1277 1278 1279 1280 1281 1309 1310 1311 1312 1313 1314 1315 1316 1317 1318 1319 1320 1344 1345 1346 1347 1348 1349 1350 1351 1352 1353 1354 1355 1356 1357 1358 1380 1381 1382 1383 1384 1385 1386 1387 1388 1389 1390 1391 1392 1393 1394 1395 1396 1416 1417 1418 1419 1420 1421 1422 1423 1424 1425 1426 1427 1428 1429 1430 1431 1432 1433 1434 1452 1453 1454 1455 1456 1457 1458 1459 1460 1461 1462 1463 1464 1465 1466 1467 1468 1469 1470 1471 1488 1489 1490 1491 1492 1493 1494 1495 1496 1497 1498 1499 1500 1501 1502 1503 1504 1505 1506 1507 1508 1524 1525 1526 1527 1528 1529 1530 1531 1532 1533 1534 1535 1536 1537 1538 1539 1540 1541 1542 1543 1544 1545 1561 1562 1563 1564 1565 1566 1567 1568 1569 1570 1571 1572 1573 1574 1575 1576 1577 1578 1579 1580 1581 1582 1583 1598 1599 1600 1601 1602 1603 1604 1605 1606 1607 1608 1609 1610 1611 1612 1613 1614 1615 1616 1617 1618 1619 1620 1635 1636 1637 1638 1639 1640 1641 1642 1643 1644 1645 1646 1647 1648 1649 1650 1651 1652 1653 1654 1655 1656 1657 1672 1673 1674 1675 1676 1677 1678 1679 1680 1681 1682 1683 1684 1685 1686 1687 1688 1689 1690 1691 1692 1693 1694 1709 1710 1711 1712 1713 1714 1715 1716 1717 1718 1719 1720 1721 1722 1723 1724 1725 1726 1727 1728 1729 1730 1731 1746 1747 1748 1749 1750 1751 1752 1753 1754 1755 1756 1757 1758 1759 1760 1761 1762 1763 1764 1765 1766 1767 1768 1785 1786 1787 1788 1789 1790 1791 1792 1793 1794 1795 1796 1797 1798 1799 1800 1801 1802 1803 1804 1805 1822 1823 1824 1825 1826 1827 1828 1829 1830 1831 1832 1833 1834 1835 1836 1837 1838 1839 1840 1841 1842 1860 1861 1862 1863 1864 1865 1866 1867 1868 1869 1870 1871 1872 1873 1874 1875 1876 1877 1878 1879 1897 1898 1899 1900 1901 1902 1903 1904 1905 1906 1907 1908 1909 1910 1911 1912 1913 1914 1915 1916 1935 1936 1937 1938 1939 1940 1941 1942 1943 1944 1945 1946 1947 1948 1949 1950 1951 1952 1973 1974 1975 1976 1977 1978 1979 1980 1981 1982 1983 1984 1985 1986 1987 1988 1989 2012 2013 2014 2015 2016 2017 2018 2019 2020 2021 2022 2023 2024 2025 2051 2052 2053 2054 2055 2056 2057 2058 
0
0
REF_NODE
0
1
1
10000000 
0
0
TOPNODES
0
1
411
127 128 129 130 131 132 133 134 162 163 164 165 166 167 168 169 170 171 172 173 197 198 199 200 201 202 203 204 205 206 207 208 209 210 211 233 234 235 236 237 238 239 240 241 242 243 244 245 246 247 248 249 269 270 271 272 273 274 275 276 277 278 279 280 281 282 283 284 285 286 287 305 306 307 308 309 310 311 312 313 314 315 316 317 318 319 320 321 322 323 324 341 342 343 344 345 346 347 348 349 350 351 352 353 354 355 356 357 358 359 360 361 377 378 379 380 381 382 383 384 385 386 387 388 389 390 391 392 393 394 395 396 397 398 414 415 416 417 418 419 420 421 422 423 424 425 426 427 428 429 430 431 432 433 434 435 436 451 452 453 454 455 456 457 458 459 460 461 462 463 464 465 466 467 468 469 470 471 472 473 488 489 490 491 492 493 494 495 496 497 498 499 500 501 502 503 504 505 506 507 508 509 510 525 526 527 528 529 530 531 532 533 534 535 536 537 538 539 540 541 542 543 544 545 546 547 562 563 564 565 566 567 568 569 570 571 572 573 574 575 576 577 578 579 580 581 582 583 584 599 600 601 602 603 604 605 606 607 608 609 610 611 612 613 614 615 616 617 618 619 620 621 638 639 640 641 642 643 644 645 646 647 648 649 650 651 652 653 654 655 656 657 658 675 676 677 678 679 680 681 682 683 684 685 686 687 688 689 690 691 692 693 694 695 713 714 715 716 717 718 719 720 721 722 723 724 725 726 727 728 729 730 731 732 750 751 752 753 754 755 756 757 758 759 760 761 762 763 764 765 766 767 768 769 788 789 790 791 792 793 794 795 796 797 798 799 800 801 802 803 804 805 826 827 828 829 830 831 832 833 834 835 836 837 838 839 840 841 842 865 866 867 868 869 870 871 872 873 874 875 876 877 878 904 905 906 907 908 909 910 911 
0
0
0
0
0
