Installing all components.
InstallingComponents was successful.

ELASTIX version: 5.000
Command line options from ElastixBase:
-fMask    unspecified, so no fixed mask used
-mMask    unspecified, so no moving mask used
-out      /home/mathieu/Documents/FRACTIB/04_Results/05_FractureLinePrediction/432_L_77_F/
-threads  unspecified, so all available threads are used
WARNING: The parameter "UseDirectionCosines", requested at entry number 0, does not exist at all.
  The default value "true" is used instead.

WARNING: The option "UseDirectionCosines" was not found in your parameter file.
  From elastix 4.8 it defaults to true!
This may change the behavior of your registrations considerably.

Command line options from TransformBase:
-t0       unspecified, so no initial transform used

Reading images...
Reading images took 0 ms.

WARNING: the fixed pyramid schedule is not fully specified!
  A default pyramid schedule is used.
WARNING: the moving pyramid schedule is not fully specified!
  A default pyramid schedule is used.
WARNING: The parameter "AutomaticTransformInitialization", requested at entry number 0, does not exist at all.
  The default value "false" is used instead.
WARNING: The parameter "AutomaticTransformInitializationMethod", requested at entry number 0, does not exist at all.
  The default value "GeometricalCenter" is used instead.
Transform parameters are initialized as: [0, 0, 0]
Scales are estimated automatically.
Scales for transform parameters are: [487.6767140000073, 1, 1]
Initialization of all components (before registration) took: 1 ms.
Preparation of the image pyramids took: 10 ms.

Resolution: 0
WARNING: The parameter "ShowExactMetricValue", requested at entry number 0, does not exist at all.
  The default value "false" is used instead.
WARNING: The parameter "UseMultiThreadingForMetrics", requested at entry number 0, does not exist at all.
  The default value "true" is used instead.
Setting the fixed masks took: 0 ms.
Setting the moving masks took: 0 ms.
WARNING: The parameter "FixedImageBSplineInterpolationOrder", requested at entry number 0, does not exist at all.
  The default value "1" is used instead.
WARNING: The parameter "UseRandomSampleRegion", requested at entry number 0, does not exist at all.
  The default value "false" is used instead.
WARNING: The parameter "NumberOfHistogramBins", requested at entry number 0, does not exist at all.
  The default value "32" is used instead.
WARNING: The parameter "NumberOfFixedHistogramBins", requested at entry number 0, does not exist at all.
  The default value "32" is used instead.
WARNING: The parameter "NumberOfMovingHistogramBins", requested at entry number 0, does not exist at all.
  The default value "32" is used instead.
WARNING: The parameter "FixedLimitRangeRatio", requested at entry number 0, does not exist at all.
  The default value "0.01" is used instead.
WARNING: The parameter "MovingLimitRangeRatio", requested at entry number 0, does not exist at all.
  The default value "0.01" is used instead.
WARNING: The parameter "FixedKernelBSplineOrder", requested at entry number 0, does not exist at all.
  The default value "0" is used instead.
WARNING: The parameter "MovingKernelBSplineOrder", requested at entry number 0, does not exist at all.
  The default value "3" is used instead.
WARNING: The parameter "UseFastAndLowMemoryVersion", requested at entry number 0, does not exist at all.
  The default value "true" is used instead.
WARNING: The parameter "UseJacobianPreconditioning", requested at entry number 0, does not exist at all.
  The default value "false" is used instead.
WARNING: The parameter "FiniteDifferenceDerivative", requested at entry number 0, does not exist at all.
  The default value "false" is used instead.

WARNING: You have set MaximumNumberOfSamplingAttempts to 8.
  This functionality is known to cause problems (stack overflow) for large values.
  If elastix stops or segfaults for no obvious reason, reduce this value.
  You may select the RandomSparseMask image sampler to fix mask-related problems.

WARNING: The parameter "SigmoidInitialTime", requested at entry number 0, does not exist at all.
  The default value "0" is used instead.
WARNING: The parameter "MaxBandCovSize", requested at entry number 0, does not exist at all.
  The default value "192" is used instead.
WARNING: The parameter "NumberOfBandStructureSamples", requested at entry number 0, does not exist at all.
  The default value "10" is used instead.
WARNING: The parameter "UseAdaptiveStepSizes", requested at entry number 0, does not exist at all.
  The default value "true" is used instead.
WARNING: The parameter "UseConstantStep", requested at entry number 0, does not exist at all.
  The default value "false" is used instead.
WARNING: The parameter "MaximumStepLengthRatio", requested at entry number 0, does not exist at all.
  The default value "1" is used instead.
WARNING: The parameter "MaximumStepLength", requested at entry number 0, does not exist at all.
  The default value "0.098" is used instead.
WARNING: The parameter "NumberOfGradientMeasurements", requested at entry number 0, does not exist at all.
  The default value "0" is used instead.
WARNING: The parameter "NumberOfJacobianMeasurements", requested at entry number 0, does not exist at all.
  The default value "1000" is used instead.
WARNING: The parameter "SigmoidScaleFactor", requested at entry number 0, does not exist at all.
  The default value "0.1" is used instead.
Elastix initialization of all components (for this resolution) took: 0 ms.
  Computing the fixed image extrema took 0 ms.
  Computing the moving image extrema took 0 ms.
Initialization of AdvancedMattesMutualInformation metric took: 0 ms.
Starting automatic parameter estimation for AdaptiveStochasticGradientDescent ...
WARNING: The parameter "ASGDParameterEstimationMethod", requested at entry number 0, does not exist at all.
  The default value "Original" is used instead.
  Computing JacobianTerms ...
  Computing the Jacobian terms took 0.000291s
  NumberOfGradientMeasurements to estimate sigma_i: 11
  Sampling gradients ...
  Sampling the gradients took 0.012177s
Automatic parameter estimation took 0.01s
1:ItNr	2:Metric	3a:Time	3b:StepSize	4:||Gradient||	Time[ms]
0	-0.153117	0.000000	0.477717	0.045018	14.2
1	-0.158470	0.000000	0.477717	0.076076	1.0
2	-0.170677	0.000000	0.477717	0.066399	0.6
3	-0.152823	1.000000	0.477240	0.029990	0.6
4	-0.127630	2.000000	0.476764	0.021897	0.6
5	-0.160206	1.335226	0.477080	0.031532	0.6
6	-0.147948	0.797681	0.477336	0.072006	0.6
7	-0.127764	0.108975	0.477665	0.044735	0.6
8	-0.151335	0.000000	0.477717	0.070665	0.6
9	-0.167225	0.000000	0.477717	0.042761	0.6
10	-0.158190	0.000000	0.477717	0.105738	0.6
11	-0.177765	0.000000	0.477717	0.073655	0.6
12	-0.184793	0.000000	0.477717	0.028648	0.6
13	-0.129117	0.000000	0.477717	0.047086	0.6
14	-0.151029	0.000000	0.477717	0.060401	0.6
15	-0.144983	0.000000	0.477717	0.018115	0.6
16	-0.176394	0.000000	0.477717	0.057498	0.6
17	-0.169532	0.000000	0.477717	0.027062	1.0
18	-0.147632	0.000000	0.477717	0.064135	0.7
19	-0.161138	0.000000	0.477717	0.021752	0.6
20	-0.175821	0.000000	0.477717	0.048571	0.6
21	-0.159651	0.000000	0.477717	0.035277	0.6
22	-0.162512	0.000000	0.477717	0.042732	0.6
23	-0.185491	0.000000	0.477717	0.087618	0.6
24	-0.173749	0.000000	0.477717	0.053608	0.8
25	-0.157532	0.000000	0.477717	0.055643	0.8
26	-0.205787	0.000000	0.477717	0.019909	0.6
27	-0.164014	0.000000	0.477717	0.044610	0.7
28	-0.151805	0.958431	0.477260	0.009539	0.6
29	-0.165388	1.892116	0.476815	0.043535	0.6
30	-0.167481	1.260163	0.477116	0.036370	0.6
31	-0.152196	0.571451	0.477444	0.058165	0.6
32	-0.160645	0.000000	0.477717	0.055201	0.6
33	-0.185149	0.000000	0.477717	0.118826	0.6
34	-0.147890	0.000000	0.477717	0.040703	0.6
35	-0.172293	0.000000	0.477717	0.037918	0.6
36	-0.173369	0.000000	0.477717	0.051721	0.6
37	-0.156344	0.000000	0.477717	0.049534	0.6
38	-0.167799	0.000000	0.477717	0.080424	0.6
39	-0.186223	0.000000	0.477717	0.014607	0.6
40	-0.155422	0.000000	0.477717	0.039705	0.6
41	-0.184126	0.708768	0.477379	0.022914	0.6
42	-0.206411	1.708393	0.476903	0.091155	0.6
43	-0.181991	1.019684	0.477231	0.043760	0.6
44	-0.204507	0.330970	0.477559	0.056221	0.6
45	-0.197979	0.000000	0.477717	0.038179	0.6
46	-0.185059	0.000000	0.477717	0.097436	0.6
47	-0.207718	0.000000	0.477717	0.064069	0.6
48	-0.177563	0.000000	0.477717	0.036014	0.6
49	-0.194763	0.000000	0.477717	0.029128	0.6
50	-0.181435	0.000000	0.477717	0.041196	0.6
51	-0.176742	0.000000	0.477717	0.046376	0.6
52	-0.184645	0.000000	0.477717	0.048175	0.6
53	-0.168413	0.000000	0.477717	0.016567	0.6
54	-0.179821	0.000000	0.477717	0.013089	0.7
55	-0.174872	0.168894	0.477636	0.062397	0.6
56	-0.208325	0.000000	0.477717	0.043004	0.6
57	-0.191499	0.000000	0.477717	0.086479	0.6
58	-0.186887	0.000000	0.477717	0.086694	0.6
59	-0.196069	0.000000	0.477717	0.067417	0.6
60	-0.219768	0.000000	0.477717	0.036047	0.6
61	-0.179048	0.000000	0.477717	0.060101	0.6
62	-0.211996	0.000000	0.477717	0.068713	0.6
63	-0.206651	0.000000	0.477717	0.056311	0.6
64	-0.217669	0.000000	0.477717	0.045540	0.6
65	-0.193512	0.999941	0.477240	0.070520	0.6
66	-0.216875	0.818911	0.477326	0.035942	0.6
67	-0.187345	0.130198	0.477655	0.048321	0.6
68	-0.214514	0.000000	0.477717	0.094003	0.6
69	-0.198043	0.000000	0.477717	0.066045	0.7
70	-0.215098	0.000000	0.477717	0.023238	0.6
71	-0.227606	0.000000	0.477717	0.050108	0.7
72	-0.197587	0.000000	0.477717	0.064844	0.6
73	-0.195563	0.000000	0.477717	0.042459	0.6
74	-0.215749	0.000000	0.477717	0.015262	0.6
75	-0.204336	0.000000	0.477717	0.033635	0.6
76	-0.228836	0.000000	0.477717	0.053647	0.6
77	-0.199770	0.999969	0.477240	0.030624	0.6
78	-0.202975	0.311255	0.477568	0.047524	0.6
79	-0.221128	0.000000	0.477717	0.078460	0.6
80	-0.209094	0.000000	0.477717	0.021249	0.7
81	-0.191756	0.000000	0.477717	0.087367	1.8
82	-0.207939	0.000000	0.477717	0.100961	0.6
83	-0.224113	0.000000	0.477717	0.091162	0.6
84	-0.222853	0.000000	0.477717	0.050399	0.6
85	-0.224894	0.000000	0.477717	0.022010	0.6
86	-0.227519	0.000000	0.477717	0.120436	0.6
87	-0.261680	0.000000	0.477717	0.038810	0.6
88	-0.213989	0.000000	0.477717	0.084042	0.6
89	-0.236994	0.000000	0.477717	0.014962	0.6
90	-0.211676	0.000000	0.477717	0.078577	0.6
91	-0.222490	0.000000	0.477717	0.077222	0.6
92	-0.244017	0.000000	0.477717	0.099199	0.6
93	-0.230848	0.000000	0.477717	0.083777	0.8
94	-0.251274	0.000000	0.477717	0.094254	0.6
95	-0.260718	0.000000	0.477717	0.038362	0.8
96	-0.247421	0.000000	0.477717	0.060656	0.6
97	-0.265000	0.000000	0.477717	0.062116	0.6
98	-0.255249	0.000000	0.477717	0.093306	0.6
99	-0.249623	0.000000	0.477717	0.043889	0.7
100	-0.243120	0.000000	0.477717	0.067089	0.6
101	-0.248291	0.000000	0.477717	0.076979	0.6
102	-0.243929	0.000000	0.477717	0.033112	0.6
103	-0.239685	0.000000	0.477717	0.057334	0.6
104	-0.268241	0.000000	0.477717	0.051235	0.8
105	-0.274981	0.000000	0.477717	0.059889	2.0
106	-0.238369	0.000000	0.477717	0.116406	0.7
107	-0.270695	0.000000	0.477717	0.052373	0.6
108	-0.259990	0.000000	0.477717	0.039764	0.6
109	-0.303697	0.000000	0.477717	0.083092	0.6
110	-0.257654	0.000000	0.477717	0.075765	0.6
111	-0.301428	0.000000	0.477717	0.057238	0.6
112	-0.271380	0.000000	0.477717	0.074341	0.6
113	-0.262836	0.000000	0.477717	0.068912	0.6
114	-0.291160	0.000000	0.477717	0.094846	0.6
115	-0.298497	0.000000	0.477717	0.039330	0.6
116	-0.307622	0.000000	0.477717	0.059625	0.6
117	-0.272141	0.000000	0.477717	0.038112	0.6
118	-0.262138	0.000000	0.477717	0.039363	0.6
119	-0.250442	0.000000	0.477717	0.096832	0.6
120	-0.294667	0.000000	0.477717	0.125486	0.6
121	-0.300323	0.000000	0.477717	0.042400	0.6
122	-0.301142	0.000000	0.477717	0.106572	0.6
123	-0.329495	0.000000	0.477717	0.090672	0.6
124	-0.281493	0.000000	0.477717	0.099690	0.6
125	-0.297192	0.000000	0.477717	0.095722	0.6
126	-0.308049	0.000000	0.477717	0.075472	0.6
127	-0.328851	0.000000	0.477717	0.085050	0.6
128	-0.273842	0.000000	0.477717	0.031729	0.6
129	-0.301234	0.999999	0.477240	0.054421	0.9
130	-0.306478	0.312388	0.477568	0.032269	0.7
131	-0.298125	0.000000	0.477717	0.058666	0.8
132	-0.332881	0.000000	0.477717	0.061215	0.7
133	-0.329268	0.000000	0.477717	0.081692	0.6
134	-0.318433	0.000000	0.477717	0.038456	0.7
135	-0.302163	0.000000	0.477717	0.030808	0.6
136	-0.325905	0.000000	0.477717	0.023907	0.6
137	-0.309385	0.569124	0.477445	0.111264	0.6
138	-0.320182	0.000000	0.477717	0.061104	0.6
139	-0.314622	0.000000	0.477717	0.024921	0.6
140	-0.316944	0.993601	0.477243	0.070465	0.6
141	-0.306320	1.993596	0.476767	0.024508	0.6
142	-0.340644	1.304882	0.477095	0.038741	0.6
143	-0.339750	0.622548	0.477420	0.069341	0.6
144	-0.307179	0.000000	0.477717	0.061990	0.8
145	-0.307018	0.000000	0.477717	0.060581	0.6
146	-0.310052	0.000000	0.477717	0.033662	0.6
147	-0.331343	0.000000	0.477717	0.070556	0.7
148	-0.335109	0.000000	0.477717	0.049584	0.6
149	-0.329982	0.997559	0.477241	0.103033	0.6
150	-0.292410	0.308909	0.477569	0.080956	0.6
151	-0.292662	0.000000	0.477717	0.021845	0.6
152	-0.325667	0.000000	0.477717	0.077184	0.6
153	-0.330099	0.000000	0.477717	0.038689	0.6
154	-0.307277	0.000000	0.477717	0.010543	1.0
155	-0.349003	0.000000	0.477717	0.059973	0.7
156	-0.339030	0.000000	0.477717	0.042481	0.6
157	-0.349203	0.000000	0.477717	0.042508	0.6
158	-0.326444	0.000000	0.477717	0.045263	0.6
159	-0.332815	0.000000	0.477717	0.013060	0.6
160	-0.334499	0.807298	0.477332	0.030240	0.6
161	-0.337803	1.701668	0.476906	0.039076	0.6
162	-0.331763	1.039755	0.477221	0.041088	0.6
163	-0.326625	2.039727	0.476745	0.046748	0.6
164	-0.341853	1.352903	0.477072	0.083882	0.6
165	-0.357321	2.352901	0.476596	0.087089	0.6
166	-0.306067	1.664188	0.476924	0.030181	0.6
167	-0.353392	0.976092	0.477251	0.017248	0.6
168	-0.360287	1.840240	0.476840	0.064132	0.6
169	-0.332708	2.711417	0.476426	0.063096	0.6
170	-0.343368	2.022704	0.476753	0.135277	0.6
171	-0.316296	1.333990	0.477081	0.114577	0.6
172	-0.351819	0.645276	0.477409	0.048693	0.6
173	-0.355154	1.645276	0.476933	0.015099	0.6
174	-0.345584	2.298454	0.476622	0.015576	0.6
175	-0.329741	1.797594	0.476860	0.040904	0.6
176	-0.334730	1.309161	0.477093	0.022666	0.6
177	-0.307805	2.176118	0.476680	0.101509	0.6
178	-0.324745	1.487938	0.477008	0.039088	0.6
179	-0.375472	2.487924	0.476532	0.034026	0.6
180	-0.351328	2.419594	0.476565	0.042390	0.8
181	-0.363252	1.730881	0.476892	0.055971	0.7
182	-0.350312	2.730881	0.476417	0.066592	0.6
183	-0.330782	3.730881	0.475943	0.021026	0.6
184	-0.331449	4.399030	0.475626	0.032873	0.6
185	-0.329655	5.298363	0.475201	0.042128	0.6
186	-0.323082	5.255148	0.475222	0.024208	0.6
187	-0.343048	4.570370	0.475545	0.085021	0.6
188	-0.325548	5.271011	0.475214	0.020791	0.6
189	-0.350185	6.271008	0.474743	0.091504	0.6
190	-0.340234	5.582660	0.475067	0.019892	0.6
191	-0.374827	4.893946	0.475392	0.037168	0.7
192	-0.363337	4.210611	0.475716	0.047996	0.6
193	-0.354592	3.521897	0.476042	0.029805	0.6
194	-0.356109	2.937794	0.476319	0.067709	0.6
195	-0.353294	2.249083	0.476646	0.048753	0.6
196	-0.322832	1.562858	0.476972	0.047769	0.6
197	-0.342214	1.168777	0.477160	0.035072	0.6
198	-0.354722	0.480071	0.477488	0.023941	0.6
199	-0.340070	0.000000	0.477717	0.084103	1.1
200	-0.376094	0.353448	0.477548	0.023537	0.6
201	-0.333281	1.014542	0.477233	0.045994	0.6
202	-0.337806	0.519901	0.477469	0.060756	0.6
203	-0.340955	1.519884	0.476992	0.063605	0.7
204	-0.340782	0.831170	0.477320	0.034503	0.6
205	-0.336858	1.831163	0.476844	0.048961	0.6
206	-0.331252	1.142890	0.477172	0.057662	0.6
207	-0.344203	2.142890	0.476696	0.017668	0.6
208	-0.354023	1.455285	0.477023	0.073823	0.7
209	-0.331106	0.766577	0.477351	0.051317	0.6
210	-0.354814	0.077864	0.477680	0.046187	0.6
211	-0.385449	0.000000	0.477717	0.092969	0.6
212	-0.352296	0.000000	0.477717	0.058874	0.6
213	-0.371756	0.000000	0.477717	0.044747	0.6
214	-0.358108	0.000000	0.477717	0.067929	0.6
215	-0.351919	0.997677	0.477241	0.036191	0.6
216	-0.366854	1.997677	0.476765	0.073674	0.6
217	-0.335239	1.308963	0.477093	0.037149	0.6
218	-0.355495	0.620249	0.477421	0.052987	0.6
219	-0.353547	1.618736	0.476945	0.020214	0.6
220	-0.382894	1.614861	0.476947	0.025987	0.6
221	-0.361393	1.023843	0.477229	0.027049	0.6
222	-0.359226	0.345569	0.477552	0.060052	0.6
223	-0.361731	0.000000	0.477717	0.065607	0.6
224	-0.352835	1.000000	0.477240	0.055950	0.8
225	-0.327712	0.311286	0.477568	0.102783	0.6
226	-0.344839	1.311286	0.477092	0.044104	0.6
227	-0.354062	0.622572	0.477420	0.042392	0.6
228	-0.341963	1.622572	0.476944	0.036321	0.6
229	-0.333305	1.398734	0.477050	0.029713	0.7
230	-0.368557	1.509746	0.476997	0.059661	0.6
231	-0.336332	2.507864	0.476523	0.059613	0.6
232	-0.352260	1.819150	0.476850	0.039096	0.6
233	-0.365412	1.130437	0.477178	0.032304	0.8
234	-0.335978	0.441726	0.477506	0.052145	0.9
235	-0.348317	0.000000	0.477717	0.086726	0.6
236	-0.366261	0.000000	0.477717	0.068713	0.6
237	-0.357428	0.000000	0.477717	0.044931	0.6
238	-0.349411	1.000000	0.477240	0.034407	0.6
239	-0.375454	0.311637	0.477568	0.059543	0.6
240	-0.361264	0.000000	0.477717	0.053671	0.6
241	-0.379666	1.000000	0.477240	0.062439	0.6
242	-0.369695	1.967228	0.476780	0.042267	0.6
243	-0.367371	1.278514	0.477107	0.079731	0.6
244	-0.385177	0.589800	0.477435	0.060867	0.6
245	-0.337268	0.000000	0.477717	0.082142	0.6
246	-0.347545	0.000000	0.477717	0.015245	0.6
247	-0.375667	0.999896	0.477240	0.071573	0.6
248	-0.346493	1.999566	0.476764	0.030661	1.8
249	-0.326089	1.310906	0.477092	0.050038	0.7
250	-0.376384	0.624006	0.477419	0.015101	0.6
251	-0.377619	1.514400	0.476995	0.046389	0.6
252	-0.361884	1.938613	0.476793	0.029593	0.6
253	-0.369813	1.932961	0.476796	0.026230	0.6
254	-0.344829	1.249566	0.477121	0.068011	0.6
255	-0.341335	0.565080	0.477447	0.043550	0.6
Time spent in resolution 0 (ITK initialization and iterating): 0.179 s.
Stopping condition: Maximum number of iterations has been reached.
Settings of AdaptiveStochasticGradientDescent in resolution 0:
( SP_a 478.194406 )
( SP_A 1000.000000 )
( SP_alpha 1.000000 )
( SigmoidMax 1.000000 )
( SigmoidMin -0.688714 )
( SigmoidScale 0.000093 )


Resolution: 1
WARNING: The parameter "ShowExactMetricValue", requested at entry number 1, does not exist at all.
  The default value "false" is used instead.
WARNING: The parameter "UseMultiThreadingForMetrics", requested at entry number 1, does not exist at all.
  The default value "true" is used instead.
Setting the fixed masks took: 0 ms.
Setting the moving masks took: 0 ms.
WARNING: The parameter "FixedImageBSplineInterpolationOrder", requested at entry number 1, does not exist at all.
  The default value "1" is used instead.
WARNING: The parameter "UseRandomSampleRegion", requested at entry number 1, does not exist at all.
  The default value "false" is used instead.
WARNING: The parameter "NumberOfHistogramBins", requested at entry number 1, does not exist at all.
  The default value "32" is used instead.
WARNING: The parameter "NumberOfFixedHistogramBins", requested at entry number 1, does not exist at all.
  The default value "32" is used instead.
WARNING: The parameter "NumberOfMovingHistogramBins", requested at entry number 1, does not exist at all.
  The default value "32" is used instead.
WARNING: The parameter "FixedLimitRangeRatio", requested at entry number 1, does not exist at all.
  The default value "0.01" is used instead.
WARNING: The parameter "MovingLimitRangeRatio", requested at entry number 1, does not exist at all.
  The default value "0.01" is used instead.
WARNING: The parameter "FixedKernelBSplineOrder", requested at entry number 1, does not exist at all.
  The default value "0" is used instead.
WARNING: The parameter "MovingKernelBSplineOrder", requested at entry number 1, does not exist at all.
  The default value "3" is used instead.
WARNING: The parameter "UseFastAndLowMemoryVersion", requested at entry number 1, does not exist at all.
  The default value "true" is used instead.
WARNING: The parameter "UseJacobianPreconditioning", requested at entry number 1, does not exist at all.
  The default value "false" is used instead.
WARNING: The parameter "FiniteDifferenceDerivative", requested at entry number 1, does not exist at all.
  The default value "false" is used instead.

WARNING: You have set MaximumNumberOfSamplingAttempts to 8.
  This functionality is known to cause problems (stack overflow) for large values.
  If elastix stops or segfaults for no obvious reason, reduce this value.
  You may select the RandomSparseMask image sampler to fix mask-related problems.

WARNING: The parameter "SigmoidInitialTime", requested at entry number 1, does not exist at all.
  The default value "0" is used instead.
WARNING: The parameter "MaxBandCovSize", requested at entry number 1, does not exist at all.
  The default value "192" is used instead.
WARNING: The parameter "NumberOfBandStructureSamples", requested at entry number 1, does not exist at all.
  The default value "10" is used instead.
WARNING: The parameter "UseAdaptiveStepSizes", requested at entry number 1, does not exist at all.
  The default value "true" is used instead.
WARNING: The parameter "UseConstantStep", requested at entry number 1, does not exist at all.
  The default value "false" is used instead.
WARNING: The parameter "MaximumStepLengthRatio", requested at entry number 1, does not exist at all.
  The default value "1" is used instead.
WARNING: The parameter "MaximumStepLength", requested at entry number 1, does not exist at all.
  The default value "0.098" is used instead.
WARNING: The parameter "NumberOfGradientMeasurements", requested at entry number 1, does not exist at all.
  The default value "0" is used instead.
WARNING: The parameter "NumberOfJacobianMeasurements", requested at entry number 1, does not exist at all.
  The default value "1000" is used instead.
WARNING: The parameter "SigmoidScaleFactor", requested at entry number 1, does not exist at all.
  The default value "0.1" is used instead.
Elastix initialization of all components (for this resolution) took: 0 ms.
  Computing the fixed image extrema took 0 ms.
  Computing the moving image extrema took 0 ms.
Initialization of AdvancedMattesMutualInformation metric took: 0 ms.
Starting automatic parameter estimation for AdaptiveStochasticGradientDescent ...
WARNING: The parameter "ASGDParameterEstimationMethod", requested at entry number 0, does not exist at all.
  The default value "Original" is used instead.
  Computing JacobianTerms ...
  Computing the Jacobian terms took 0.000407s
  NumberOfGradientMeasurements to estimate sigma_i: 11
  Sampling gradients ...
  Sampling the gradients took 0.014071s
Automatic parameter estimation took 0.01s
1:ItNr	2:Metric	3a:Time	3b:StepSize	4:||Gradient||	Time[ms]
0	-0.312628	0.000000	0.150325	0.115706	15.8
1	-0.321821	0.000000	0.150325	0.054403	0.6
2	-0.340000	0.502044	0.150249	0.045743	0.8
3	-0.323566	0.045549	0.150318	0.055207	0.8
4	-0.307504	0.000000	0.150325	0.133450	0.6
5	-0.316540	0.000000	0.150325	0.026984	1.0
6	-0.310753	0.000000	0.150325	0.038610	0.6
7	-0.322421	0.000000	0.150325	0.088053	0.6
8	-0.321195	0.000000	0.150325	0.051711	0.6
9	-0.328734	0.000000	0.150325	0.062851	0.6
10	-0.330046	0.000000	0.150325	0.074771	0.6
11	-0.304238	0.000000	0.150325	0.088460	0.6
12	-0.335577	0.000000	0.150325	0.095096	0.6
13	-0.302182	0.000000	0.150325	0.062332	0.6
14	-0.325671	0.000000	0.150325	0.112702	0.6
15	-0.325483	0.999942	0.150175	0.094832	0.6
16	-0.341675	1.999923	0.150025	0.060924	0.6
17	-0.313877	1.190345	0.150146	0.047091	0.6
18	-0.311528	0.866620	0.150195	0.052240	0.6
19	-0.311099	1.716173	0.150067	0.035036	0.7
20	-0.310651	2.513713	0.149948	0.053854	0.6
21	-0.297333	1.783112	0.150057	0.066584	0.6
22	-0.309470	2.375578	0.149969	0.098059	0.6
23	-0.347410	3.375249	0.149819	0.098221	0.6
24	-0.305880	4.098541	0.149712	0.061167	0.6
25	-0.311443	3.284921	0.149833	0.085771	0.6
26	-0.321249	4.258568	0.149688	0.105667	0.6
27	-0.314637	3.442236	0.149809	0.047345	0.9
28	-0.307492	2.626724	0.149931	0.066902	0.7
29	-0.316616	3.210467	0.149844	0.059027	0.6
30	-0.314792	2.420794	0.149962	0.052821	0.6
31	-0.294243	3.381928	0.149818	0.034241	0.7
32	-0.336300	2.679554	0.149923	0.054120	0.6
33	-0.323654	2.142167	0.150004	0.015549	0.6
34	-0.326663	1.856917	0.150046	0.091564	0.6
35	-0.295854	1.694816	0.150071	0.053679	0.6
36	-0.310785	1.138836	0.150154	0.102358	0.6
37	-0.334206	0.387102	0.150266	0.048967	0.6
38	-0.338213	0.000000	0.150325	0.059309	0.6
39	-0.318305	0.000000	0.150325	0.098500	0.6
40	-0.329498	0.000000	0.150325	0.073428	0.6
41	-0.334998	0.000000	0.150325	0.037818	0.6
42	-0.321593	0.000000	0.150325	0.012434	0.6
43	-0.340013	0.233034	0.150290	0.066254	0.6
44	-0.311536	0.008531	0.150323	0.143646	0.6
45	-0.314271	0.000000	0.150325	0.111614	1.0
46	-0.320277	0.363321	0.150270	0.080884	0.6
47	-0.316137	0.000000	0.150325	0.078990	0.6
48	-0.323163	0.000000	0.150325	0.087514	0.6
49	-0.308353	0.000000	0.150325	0.100716	0.6
50	-0.303277	0.000000	0.150325	0.078390	0.6
51	-0.301488	0.999970	0.150175	0.056074	0.6
52	-0.322449	0.483922	0.150252	0.104049	0.6
53	-0.325675	1.437808	0.150109	0.019593	0.6
54	-0.320024	1.725943	0.150066	0.053701	0.6
55	-0.327392	1.171592	0.150149	0.101171	0.6
56	-0.331365	0.425680	0.150261	0.115708	0.6
57	-0.315630	0.000000	0.150325	0.061482	0.6
58	-0.326018	0.393934	0.150265	0.117325	0.7
59	-0.332806	0.000000	0.150325	0.085843	0.6
60	-0.301276	0.000000	0.150325	0.057117	0.6
61	-0.318504	0.000000	0.150325	0.035838	0.6
62	-0.289998	0.026094	0.150321	0.070997	0.6
63	-0.289186	0.933300	0.150185	0.066051	0.6
64	-0.318282	1.923073	0.150036	0.077289	0.6
65	-0.300503	2.772296	0.149909	0.069084	0.6
66	-0.327279	1.960262	0.150031	0.051182	0.6
67	-0.330242	1.792060	0.150056	0.095943	0.6
68	-0.318966	2.777235	0.149909	0.064292	0.6
69	-0.337179	1.961274	0.150031	0.090757	0.6
70	-0.318377	1.145246	0.150153	0.103757	0.6
71	-0.329889	0.355909	0.150271	0.042036	0.7
72	-0.318270	1.346461	0.150123	0.044645	0.6
73	-0.318812	0.879142	0.150193	0.036618	0.6
74	-0.327155	0.678604	0.150223	0.074620	0.6
75	-0.312299	1.185433	0.150147	0.078895	0.6
76	-0.327971	0.426083	0.150261	0.078793	0.6
77	-0.320859	1.044377	0.150168	0.044378	0.6
78	-0.322516	1.840244	0.150049	0.110316	0.6
79	-0.313963	1.028915	0.150170	0.074844	0.6
80	-0.320491	0.775313	0.150208	0.054739	0.6
81	-0.331961	0.296779	0.150280	0.069429	0.7
82	-0.302889	0.567562	0.150239	0.068898	0.6
83	-0.313704	0.000000	0.150325	0.032334	0.6
84	-0.315359	0.000000	0.150325	0.037178	0.7
85	-0.336217	0.251300	0.150287	0.070019	0.6
86	-0.323557	0.000000	0.150325	0.060219	0.6
87	-0.296122	0.000000	0.150325	0.053215	0.6
88	-0.339282	0.042825	0.150318	0.071375	0.6
89	-0.298572	1.030023	0.150170	0.066735	0.6
90	-0.329961	1.978314	0.150028	0.086948	0.6
91	-0.339467	2.262177	0.149986	0.095636	0.6
92	-0.314446	3.262091	0.149836	0.068834	0.6
93	-0.314806	2.572587	0.149939	0.058688	0.6
94	-0.313813	1.766349	0.150060	0.064483	0.6
95	-0.327247	0.975697	0.150178	0.053839	0.6
96	-0.306005	1.709297	0.150068	0.106926	0.6
97	-0.365650	0.900095	0.150190	0.091846	0.6
98	-0.336692	0.083757	0.150312	0.136436	0.6
99	-0.348679	0.000000	0.150325	0.052002	0.6
100	-0.322849	0.716665	0.150217	0.078234	0.6
101	-0.361745	1.708915	0.150068	0.027414	0.6
102	-0.334220	0.959110	0.150181	0.061379	0.6
103	-0.328822	0.315461	0.150277	0.052354	0.6
104	-0.320125	0.017029	0.150322	0.130611	0.6
105	-0.333980	0.000000	0.150325	0.034176	0.6
106	-0.301116	0.956248	0.150181	0.032191	0.6
107	-0.344665	0.499485	0.150250	0.063946	0.6
108	-0.337889	0.000000	0.150325	0.108058	0.6
109	-0.346232	0.000000	0.150325	0.093703	0.6
110	-0.301538	0.999991	0.150175	0.056880	0.6
111	-0.293661	1.091370	0.150161	0.029650	0.7
112	-0.304164	0.875732	0.150193	0.134994	0.6
113	-0.328493	0.078550	0.150313	0.078093	0.6
114	-0.307493	0.000000	0.150325	0.130385	0.6
115	-0.324095	0.999478	0.150175	0.060290	0.7
116	-0.326051	1.999120	0.150025	0.049582	0.6
117	-0.339609	1.303763	0.150129	0.048532	0.6
118	-0.326581	1.626490	0.150081	0.059811	0.6
119	-0.344167	1.315815	0.150127	0.079653	0.6
120	-0.295893	0.546199	0.150243	0.089684	0.6
121	-0.316548	0.000000	0.150325	0.026846	0.6
122	-0.295260	0.916493	0.150187	0.056578	0.6
123	-0.333545	1.548577	0.150092	0.072023	0.6
124	-0.319560	2.539244	0.149944	0.032971	0.6
125	-0.313588	1.772534	0.150059	0.076103	0.6
126	-0.333577	2.597289	0.149936	0.064370	0.6
127	-0.304402	3.517331	0.149798	0.039527	0.6
128	-0.307772	2.928575	0.149886	0.098867	0.6
129	-0.308133	2.156051	0.150002	0.085839	0.6
130	-0.297434	3.004223	0.149875	0.107478	0.6
131	-0.306144	4.004217	0.149726	0.177891	0.6
132	-0.335201	3.187876	0.149847	0.036941	0.6
133	-0.315425	3.613189	0.149784	0.029256	0.6
134	-0.330948	3.064011	0.149866	0.033973	0.6
135	-0.318682	2.766304	0.149910	0.047025	0.6
136	-0.311883	2.099987	0.150010	0.053090	0.7
137	-0.343129	1.321813	0.150126	0.051321	0.6
138	-0.310233	1.974067	0.150029	0.038756	3.6
139	-0.334566	2.409499	0.149964	0.088567	0.8
140	-0.338910	3.397057	0.149816	0.099037	0.6
141	-0.324983	2.580786	0.149938	0.093463	0.6
142	-0.306398	1.764510	0.150060	0.032753	0.6
143	-0.329101	1.185016	0.150147	0.056021	0.6
144	-0.315862	1.442482	0.150108	0.059773	0.6
145	-0.323122	2.364194	0.149970	0.071415	0.6
146	-0.315405	1.550956	0.150092	0.058774	0.6
147	-0.344750	2.444743	0.149958	0.055393	0.6
148	-0.295373	1.887120	0.150042	0.031654	0.6
149	-0.315803	1.433792	0.150110	0.087608	0.6
150	-0.328298	0.639020	0.150229	0.031789	0.6
151	-0.314684	0.179100	0.150298	0.054416	0.6
152	-0.292084	0.000000	0.150325	0.033145	0.6
153	-0.317849	0.713113	0.150218	0.019124	0.6
154	-0.374103	0.339223	0.150274	0.035339	0.6
155	-0.331527	0.417133	0.150262	0.011143	0.6
156	-0.352083	0.285534	0.150282	0.053973	0.6
157	-0.317508	0.205316	0.150294	0.077242	0.6
158	-0.330261	1.031637	0.150170	0.081516	0.6
159	-0.341743	2.004406	0.150024	0.062878	0.6
160	-0.340573	1.188876	0.150146	0.106598	0.7
161	-0.331048	0.373799	0.150268	0.023345	0.6
162	-0.307247	0.000000	0.150325	0.052368	0.6
163	-0.307279	0.606931	0.150234	0.066735	0.6
164	-0.329263	0.000000	0.150325	0.073506	0.6
165	-0.305993	0.000000	0.150325	0.080770	0.6
166	-0.327291	0.000000	0.150325	0.070012	0.6
167	-0.303745	0.998940	0.150175	0.115123	0.6
168	-0.321532	1.997978	0.150025	0.040860	0.6
169	-0.321317	2.996085	0.149876	0.052578	0.6
170	-0.304877	3.035303	0.149870	0.048634	0.6
171	-0.325202	3.870231	0.149746	0.100038	0.6
172	-0.331747	4.842133	0.149601	0.061817	0.6
173	-0.294474	4.666140	0.149627	0.043384	0.6
174	-0.333109	5.473928	0.149507	0.030792	0.6
175	-0.302777	4.896460	0.149593	0.064859	0.6
176	-0.356062	5.737427	0.149468	0.040404	0.6
177	-0.336228	6.649464	0.149333	0.151908	0.6
178	-0.326370	7.647836	0.149185	0.078234	0.6
179	-0.328940	8.647833	0.149037	0.077883	0.6
180	-0.305577	7.894733	0.149148	0.059569	0.6
181	-0.305850	7.265567	0.149241	0.047353	0.6
182	-0.349406	6.484502	0.149357	0.041681	0.6
183	-0.296072	6.145444	0.149407	0.104374	0.6
184	-0.311431	7.121552	0.149263	0.019573	0.9
185	-0.295001	7.505937	0.149206	0.042536	0.6
186	-0.310928	7.475243	0.149210	0.058028	0.7
187	-0.322298	7.322257	0.149233	0.067237	0.6
188	-0.303217	6.509984	0.149353	0.020284	0.6
189	-0.335925	5.971921	0.149433	0.069718	0.6
190	-0.329983	5.328006	0.149529	0.094407	0.7
191	-0.300326	4.511767	0.149650	0.105637	0.6
192	-0.312919	5.511765	0.149501	0.062140	0.6
193	-0.309207	6.480939	0.149358	0.065915	0.6
194	-0.311295	5.816929	0.149456	0.087952	0.6
195	-0.347296	5.000984	0.149577	0.063346	0.6
196	-0.320941	5.967250	0.149434	0.043230	0.6
197	-0.298956	5.175787	0.149551	0.092075	0.6
198	-0.310379	4.813169	0.149605	0.061567	0.6
199	-0.311855	3.997876	0.149727	0.051848	0.6
200	-0.315299	4.144045	0.149705	0.067473	0.6
201	-0.319865	4.538114	0.149646	0.026082	0.6
202	-0.342294	3.916812	0.149739	0.053940	0.6
203	-0.318787	4.382431	0.149669	0.143614	0.6
204	-0.345690	5.370098	0.149522	0.137295	0.6
205	-0.350386	4.553758	0.149644	0.056758	0.6
206	-0.325011	5.543021	0.149497	0.036540	0.6
207	-0.341950	5.388755	0.149520	0.131711	0.6
208	-0.339549	4.619233	0.149634	0.106667	0.6
209	-0.307008	5.619233	0.149485	0.035027	0.6
210	-0.328940	6.599747	0.149340	0.062175	0.6
211	-0.335085	7.500937	0.149207	0.172029	0.6
212	-0.309303	7.454027	0.149213	0.101497	0.6
213	-0.303856	6.637687	0.149334	0.106126	0.6
214	-0.331357	5.821346	0.149455	0.073341	0.6
215	-0.322318	6.816748	0.149308	0.076764	0.6
216	-0.318915	6.039838	0.149423	0.099081	0.6
217	-0.309347	7.014223	0.149279	0.017305	1.0
218	-0.332744	6.887478	0.149297	0.024461	0.6
219	-0.332028	7.113644	0.149264	0.081126	0.6
220	-0.329747	6.659385	0.149331	0.105543	0.8
221	-0.308583	5.843060	0.149452	0.043375	0.6
222	-0.294890	6.828420	0.149306	0.123004	0.6
223	-0.325926	6.562414	0.149346	0.171727	0.6
224	-0.320029	7.562414	0.149197	0.141397	0.6
225	-0.332011	8.562414	0.149050	0.137773	0.6
226	-0.315750	9.562414	0.148902	0.044591	0.6
227	-0.369719	8.746246	0.149023	0.063750	0.9
228	-0.320110	7.972021	0.149137	0.045811	0.6
229	-0.306958	8.113819	0.149116	0.138426	0.6
230	-0.340590	7.361131	0.149227	0.051201	0.6
231	-0.334535	8.361090	0.149079	0.074933	0.6
232	-0.340743	9.354450	0.148933	0.031401	0.6
233	-0.310001	8.638696	0.149038	0.100864	0.6
234	-0.331369	9.376243	0.148930	0.029025	0.6
235	-0.339392	9.024507	0.148981	0.071760	0.6
236	-0.342982	9.495442	0.148912	0.081987	0.8
237	-0.330579	8.685971	0.149031	0.046830	0.6
238	-0.345514	7.875982	0.149151	0.106714	0.6
239	-0.316236	8.708216	0.149028	0.062758	0.6
240	-0.322269	7.895922	0.149148	0.124565	0.6
241	-0.297015	8.895902	0.149000	0.071654	0.6
242	-0.338236	8.080210	0.149121	0.037022	0.6
243	-0.314431	7.345628	0.149230	0.051434	0.6
244	-0.338857	7.203276	0.149251	0.040977	0.6
245	-0.333111	8.034855	0.149128	0.149504	0.7
246	-0.310633	9.033619	0.148980	0.106031	0.6
247	-0.330767	10.033619	0.148833	0.090745	0.6
248	-0.334762	9.374237	0.148930	0.064682	0.6
249	-0.324416	10.338129	0.148788	0.027974	0.6
250	-0.356329	10.773261	0.148724	0.130840	0.6
251	-0.319507	10.898540	0.148706	0.130954	0.6
252	-0.353794	11.898540	0.148559	0.102009	0.6
253	-0.325254	12.898471	0.148412	0.054902	0.6
254	-0.326783	12.083555	0.148532	0.053098	0.6
255	-0.287734	11.291028	0.148648	0.046916	0.6
Time spent in resolution 1 (ITK initialization and iterating): 0.179 s.
Stopping condition: Maximum number of iterations has been reached.
Settings of AdaptiveStochasticGradientDescent in resolution 1:
( SP_a 150.474926 )
( SP_A 1000.000000 )
( SP_alpha 1.000000 )
( SigmoidMax 1.000000 )
( SigmoidMin -0.816341 )
( SigmoidScale 0.000646 )


Resolution: 2
WARNING: The parameter "ShowExactMetricValue", requested at entry number 2, does not exist at all.
  The default value "false" is used instead.
WARNING: The parameter "UseMultiThreadingForMetrics", requested at entry number 2, does not exist at all.
  The default value "true" is used instead.
Setting the fixed masks took: 0 ms.
Setting the moving masks took: 0 ms.
WARNING: The parameter "FixedImageBSplineInterpolationOrder", requested at entry number 2, does not exist at all.
  The default value "1" is used instead.
WARNING: The parameter "UseRandomSampleRegion", requested at entry number 2, does not exist at all.
  The default value "false" is used instead.
WARNING: The parameter "NumberOfHistogramBins", requested at entry number 2, does not exist at all.
  The default value "32" is used instead.
WARNING: The parameter "NumberOfFixedHistogramBins", requested at entry number 2, does not exist at all.
  The default value "32" is used instead.
WARNING: The parameter "NumberOfMovingHistogramBins", requested at entry number 2, does not exist at all.
  The default value "32" is used instead.
WARNING: The parameter "FixedLimitRangeRatio", requested at entry number 2, does not exist at all.
  The default value "0.01" is used instead.
WARNING: The parameter "MovingLimitRangeRatio", requested at entry number 2, does not exist at all.
  The default value "0.01" is used instead.
WARNING: The parameter "FixedKernelBSplineOrder", requested at entry number 2, does not exist at all.
  The default value "0" is used instead.
WARNING: The parameter "MovingKernelBSplineOrder", requested at entry number 2, does not exist at all.
  The default value "3" is used instead.
WARNING: The parameter "UseFastAndLowMemoryVersion", requested at entry number 2, does not exist at all.
  The default value "true" is used instead.
WARNING: The parameter "UseJacobianPreconditioning", requested at entry number 2, does not exist at all.
  The default value "false" is used instead.
WARNING: The parameter "FiniteDifferenceDerivative", requested at entry number 2, does not exist at all.
  The default value "false" is used instead.

WARNING: You have set MaximumNumberOfSamplingAttempts to 8.
  This functionality is known to cause problems (stack overflow) for large values.
  If elastix stops or segfaults for no obvious reason, reduce this value.
  You may select the RandomSparseMask image sampler to fix mask-related problems.

WARNING: The parameter "SigmoidInitialTime", requested at entry number 2, does not exist at all.
  The default value "0" is used instead.
WARNING: The parameter "MaxBandCovSize", requested at entry number 2, does not exist at all.
  The default value "192" is used instead.
WARNING: The parameter "NumberOfBandStructureSamples", requested at entry number 2, does not exist at all.
  The default value "10" is used instead.
WARNING: The parameter "UseAdaptiveStepSizes", requested at entry number 2, does not exist at all.
  The default value "true" is used instead.
WARNING: The parameter "UseConstantStep", requested at entry number 2, does not exist at all.
  The default value "false" is used instead.
WARNING: The parameter "MaximumStepLengthRatio", requested at entry number 2, does not exist at all.
  The default value "1" is used instead.
WARNING: The parameter "MaximumStepLength", requested at entry number 2, does not exist at all.
  The default value "0.098" is used instead.
WARNING: The parameter "NumberOfGradientMeasurements", requested at entry number 2, does not exist at all.
  The default value "0" is used instead.
WARNING: The parameter "NumberOfJacobianMeasurements", requested at entry number 2, does not exist at all.
  The default value "1000" is used instead.
WARNING: The parameter "SigmoidScaleFactor", requested at entry number 2, does not exist at all.
  The default value "0.1" is used instead.
Elastix initialization of all components (for this resolution) took: 0 ms.
  Computing the fixed image extrema took 0 ms.
  Computing the moving image extrema took 0 ms.
Initialization of AdvancedMattesMutualInformation metric took: 0 ms.
Starting automatic parameter estimation for AdaptiveStochasticGradientDescent ...
WARNING: The parameter "ASGDParameterEstimationMethod", requested at entry number 0, does not exist at all.
  The default value "Original" is used instead.
  Computing JacobianTerms ...
  Computing the Jacobian terms took 0.000394s
  NumberOfGradientMeasurements to estimate sigma_i: 11
  Sampling gradients ...
  Sampling the gradients took 0.012602s
Automatic parameter estimation took 0.01s
1:ItNr	2:Metric	3a:Time	3b:StepSize	4:||Gradient||	Time[ms]
0	-0.291635	0.000000	0.143381	0.024747	14.3
1	-0.302200	0.000000	0.143381	0.210265	0.8
2	-0.297592	0.000000	0.143381	0.072765	0.6
3	-0.308871	0.000000	0.143381	0.145005	0.6
4	-0.321935	0.000000	0.143381	0.158838	0.6
5	-0.290500	0.000000	0.143381	0.143487	0.6
6	-0.310154	0.000000	0.143381	0.039253	0.6
7	-0.291191	0.000000	0.143381	0.168836	0.6
8	-0.300317	0.000000	0.143381	0.060050	0.6
9	-0.297086	0.000000	0.143381	0.052216	0.6
10	-0.308042	0.000000	0.143381	0.050219	0.9
11	-0.321655	0.000000	0.143381	0.056764	0.7
12	-0.293245	0.000000	0.143381	0.081675	0.8
13	-0.298657	0.952123	0.143245	0.185199	0.7
14	-0.281621	0.112189	0.143365	0.225232	0.6
15	-0.294441	1.112189	0.143222	0.148503	0.6
16	-0.285329	2.112189	0.143079	0.063651	0.8
17	-0.330099	1.272249	0.143199	0.096040	0.7
18	-0.295477	0.539368	0.143304	0.063968	0.6
19	-0.321355	1.163505	0.143215	0.032639	0.6
20	-0.299485	0.491486	0.143311	0.147723	0.6
21	-0.323015	0.975359	0.143241	0.041032	0.6
22	-0.301111	1.974332	0.143099	0.010023	0.6
23	-0.313606	2.150185	0.143074	0.108852	0.7
24	-0.311502	2.375852	0.143042	0.060697	0.6
25	-0.285866	3.375705	0.142899	0.091502	0.6
26	-0.270088	2.787989	0.142983	0.106479	0.8
27	-0.298856	3.787986	0.142841	0.083009	0.6
28	-0.290028	2.956538	0.142959	0.039302	0.6
29	-0.302652	3.778301	0.142842	0.102944	0.7
30	-0.288064	4.756147	0.142703	0.032729	0.6
31	-0.321839	5.342747	0.142620	0.085248	0.6
32	-0.304313	6.298810	0.142484	0.018130	0.6
33	-0.295752	6.943581	0.142393	0.079426	0.6
34	-0.317690	7.229719	0.142353	0.229046	0.6
35	-0.303351	8.216276	0.142214	0.242711	0.8
36	-0.304522	9.216276	0.142073	0.023466	0.6
37	-0.333730	10.183971	0.141937	0.051896	0.6
38	-0.312676	9.849736	0.141984	0.035939	0.6
39	-0.311091	9.233417	0.142071	0.107337	0.6
40	-0.298703	8.900805	0.142117	0.049873	0.6
41	-0.304631	9.181723	0.142078	0.104779	0.6
42	-0.319376	10.081307	0.141951	0.016503	0.8
43	-0.304790	10.674530	0.141868	0.174398	0.6
44	-0.292811	9.893131	0.141978	0.106083	0.6
45	-0.307474	9.053189	0.142096	0.089625	0.6
46	-0.306263	8.213749	0.142214	0.074440	0.6
47	-0.329390	9.213682	0.142073	0.098215	0.6
48	-0.326361	10.190079	0.141936	0.138264	0.6
49	-0.295189	9.924125	0.141973	0.070758	0.6
50	-0.301547	10.924038	0.141833	0.125715	0.6
51	-0.290098	11.923378	0.141693	0.102061	0.6
52	-0.293130	12.922987	0.141554	0.074786	0.9
53	-0.300618	13.876255	0.141421	0.134499	0.6
54	-0.283217	13.036374	0.141538	0.041174	0.6
55	-0.297181	12.203115	0.141654	0.134371	0.6
56	-0.331203	13.168832	0.141519	0.180386	0.6
57	-0.279243	14.168832	0.141380	0.130448	0.6
58	-0.302042	15.168761	0.141241	0.114491	0.6
59	-0.283924	16.168761	0.141102	0.122385	0.6
60	-0.304104	15.328818	0.141218	0.210489	0.6
61	-0.315381	16.328818	0.141080	0.156161	0.9
62	-0.305584	15.488875	0.141196	0.114247	0.6
63	-0.308712	16.488875	0.141057	0.120459	0.6
64	-0.308616	15.648978	0.141174	0.125272	0.6
65	-0.302467	16.648978	0.141035	0.055884	0.6
66	-0.313507	15.809487	0.141152	0.027414	0.6
67	-0.312708	15.473257	0.141198	0.099306	0.6
68	-0.321050	16.371300	0.141074	0.106187	0.6
69	-0.300196	17.371248	0.140935	0.120035	0.7
70	-0.303467	18.371229	0.140797	0.105916	0.6
71	-0.283483	17.574055	0.140907	0.008697	0.6
72	-0.294439	17.284855	0.140947	0.090215	0.6
73	-0.280719	17.447143	0.140925	0.066655	0.6
74	-0.315740	18.156875	0.140827	0.213354	0.6
75	-0.312462	18.712521	0.140750	0.027472	0.6
76	-0.296923	19.710751	0.140612	0.083971	0.6
77	-0.297785	19.111544	0.140695	0.108190	0.6
78	-0.295061	20.092151	0.140560	0.028576	0.6
79	-0.321648	19.378639	0.140658	0.099512	0.6
80	-0.338601	18.609762	0.140764	0.089249	0.6
81	-0.293557	18.702017	0.140751	0.052396	0.6
82	-0.280844	17.866840	0.140867	0.102213	0.6
83	-0.313756	17.028246	0.140983	0.083540	0.6
84	-0.331042	18.028243	0.140844	0.062501	0.6
85	-0.302289	18.131826	0.140830	0.061760	0.6
86	-0.298969	18.351245	0.140800	0.028877	0.6
87	-0.312512	17.905200	0.140861	0.066313	0.8
88	-0.324822	17.179625	0.140962	0.066869	0.8
89	-0.307183	16.395182	0.141070	0.060530	0.6
90	-0.300921	17.254899	0.140951	0.076524	0.7
91	-0.284416	18.253066	0.140813	0.154042	0.6
92	-0.293955	17.413323	0.140929	0.095313	0.6
93	-0.311193	16.573380	0.141046	0.238456	0.6
94	-0.307958	17.554929	0.140910	0.065573	0.6
95	-0.301664	16.725947	0.141025	0.049837	0.6
96	-0.303460	15.899833	0.141139	0.087091	0.6
97	-0.302256	16.894807	0.141001	0.041201	0.6
98	-0.310809	17.370614	0.140935	0.143703	0.6
99	-0.289739	16.537070	0.141051	0.116513	0.6
100	-0.314579	17.513189	0.140916	0.046090	0.6
101	-0.307969	16.712577	0.141026	0.096675	0.6
102	-0.289371	17.708265	0.140889	0.013455	0.6
103	-0.316269	17.074234	0.140976	0.181883	0.6
104	-0.323165	17.779449	0.140879	0.073419	0.6
105	-0.284759	16.939506	0.140995	0.047301	1.1
106	-0.299479	16.521324	0.141053	0.135106	0.6
107	-0.319213	17.507084	0.140916	0.234757	0.6
108	-0.291444	16.667141	0.141033	0.212356	0.6
109	-0.287845	17.667141	0.140894	0.040338	0.6
110	-0.290504	18.250568	0.140814	0.047529	0.6
111	-0.326272	17.607939	0.140903	0.109843	0.6
112	-0.303103	16.782118	0.141017	0.112901	0.6
113	-0.308449	16.303794	0.141083	0.041751	0.8
114	-0.314170	15.471967	0.141199	0.151044	1.0
115	-0.309973	14.828378	0.141288	0.054859	0.9
116	-0.312552	13.999513	0.141403	0.089000	0.6
117	-0.301929	14.987779	0.141266	0.201505	0.6
118	-0.297532	14.147836	0.141383	0.089316	0.6
119	-0.310642	15.147836	0.141244	0.134886	0.6
120	-0.285061	14.307893	0.141360	0.123856	0.6
121	-0.307670	15.307893	0.141221	0.044492	0.7
122	-0.285327	16.306525	0.141083	0.111518	0.6
123	-0.296545	15.472657	0.141199	0.088428	0.6
124	-0.283800	14.633013	0.141315	0.102182	0.6
125	-0.296300	15.552789	0.141187	0.133768	0.6
126	-0.298445	16.552789	0.141049	0.073147	0.6
127	-0.284806	15.713669	0.141165	0.022158	0.6
128	-0.303069	15.376520	0.141212	0.042532	0.6
129	-0.292673	15.855347	0.141145	0.063164	0.6
130	-0.302695	15.189568	0.141238	0.069980	0.6
131	-0.353183	14.372864	0.141351	0.035596	0.6
132	-0.307727	15.318841	0.141220	0.053613	0.6
133	-0.306764	15.630650	0.141177	0.112952	0.6
134	-0.311244	16.627909	0.141038	0.136163	0.7
135	-0.300763	15.927165	0.141135	0.130066	0.6
136	-0.294106	15.087222	0.141252	0.076753	0.6
137	-0.305177	16.087219	0.141113	0.150414	0.6
138	-0.315905	15.247344	0.141230	0.100698	0.6
139	-0.305214	16.247344	0.141091	0.163360	0.6
140	-0.294372	15.407401	0.141208	0.083535	0.9
141	-0.304284	14.567457	0.141324	0.032318	0.6
142	-0.296197	14.100743	0.141389	0.082850	0.6
143	-0.298711	13.435622	0.141482	0.070930	0.6
144	-0.295802	13.660064	0.141451	0.042064	0.6
145	-0.356485	13.120234	0.141526	0.082508	0.6
146	-0.295890	12.434608	0.141622	0.098786	0.6
147	-0.327071	13.434317	0.141482	0.179127	0.6
148	-0.266460	14.434317	0.141343	0.068527	0.6
149	-0.282134	13.594428	0.141460	0.134112	0.6
150	-0.295096	13.723569	0.141442	0.115416	0.6
151	-0.275200	14.723569	0.141303	0.072910	0.6
152	-0.328687	15.723493	0.141164	0.097559	0.6
153	-0.291375	16.722903	0.141025	0.098245	0.7
154	-0.314696	16.740951	0.141023	0.094739	0.6
155	-0.318796	15.908724	0.141138	0.077567	0.6
156	-0.315718	16.114256	0.141109	0.107838	0.6
157	-0.306527	15.316497	0.141220	0.033612	0.6
158	-0.311408	16.217026	0.141095	0.104720	0.6
159	-0.315615	17.204005	0.140958	0.081425	0.6
160	-0.294700	16.364071	0.141075	0.104004	0.6
161	-0.282407	17.343124	0.140939	0.103730	0.6
162	-0.313578	18.343122	0.140801	0.074549	0.6
163	-0.286140	19.342852	0.140663	0.102310	0.6
164	-0.334096	18.503260	0.140779	0.110090	0.6
165	-0.294330	17.663317	0.140895	0.181737	0.9
166	-0.320056	16.823373	0.141011	0.138533	0.7
167	-0.300593	17.823373	0.140873	0.068080	0.6
168	-0.326072	18.823366	0.140735	0.050919	0.6
169	-0.306420	18.075103	0.140838	0.195728	0.6
170	-0.297682	17.235160	0.140954	0.152994	0.6
171	-0.298959	18.235160	0.140816	0.072913	0.6
172	-0.297024	19.235158	0.140678	0.122091	0.7
173	-0.310254	20.235155	0.140540	0.110123	0.6
174	-0.303076	19.395416	0.140656	0.089362	0.6
175	-0.279299	18.566436	0.140770	0.116923	0.6
176	-0.283827	17.726958	0.140886	0.079791	0.6
177	-0.321766	16.887018	0.141002	0.067084	0.6
178	-0.285111	16.789798	0.141016	0.251864	0.6
179	-0.311035	15.952363	0.141132	0.078703	0.6
180	-0.268849	15.112419	0.141249	0.137015	0.6
181	-0.290366	16.112403	0.141110	0.069844	0.6
182	-0.288663	17.112402	0.140971	0.073198	0.6
183	-0.274035	16.313721	0.141082	0.084024	0.7
184	-0.288522	17.306062	0.140944	0.187987	0.6
185	-0.296924	16.466119	0.141061	0.086249	0.6
186	-0.309637	15.626176	0.141177	0.041536	0.6
187	-0.333993	14.861985	0.141283	0.130188	0.6
188	-0.331076	14.383731	0.141350	0.129154	0.6
189	-0.318746	15.076859	0.141254	0.130502	0.6
190	-0.328192	16.076456	0.141115	0.035786	0.6
191	-0.280956	15.499132	0.141195	0.057769	0.9
192	-0.311495	16.004384	0.141125	0.148630	1.0
193	-0.294687	16.877966	0.141004	0.072302	0.6
194	-0.301301	17.733937	0.140885	0.042944	0.6
195	-0.302238	17.870416	0.140866	0.110369	0.6
196	-0.310088	18.865948	0.140729	0.148329	0.6
197	-0.314245	18.026005	0.140845	0.047986	0.6
198	-0.285984	17.186423	0.140961	0.094141	0.6
199	-0.336949	17.204879	0.140958	0.043889	0.6
200	-0.319279	18.196456	0.140821	0.035205	0.6
201	-0.297812	17.771757	0.140880	0.177292	0.6
202	-0.312652	17.239216	0.140954	0.042821	0.6
203	-0.319794	16.399320	0.141070	0.096998	0.7
204	-0.303292	17.000196	0.140987	0.164137	0.6
205	-0.308490	18.000196	0.140848	0.114449	0.6
206	-0.289774	17.160253	0.140964	0.073036	0.6
207	-0.332278	16.339830	0.141078	0.111368	0.8
208	-0.287958	17.339608	0.140940	0.148145	0.6
209	-0.301334	16.499665	0.141056	0.208051	0.6
210	-0.313331	15.659722	0.141173	0.060958	0.6
211	-0.305375	14.819778	0.141289	0.046944	0.6
212	-0.302269	14.005364	0.141403	0.108005	0.6
213	-0.336789	13.166119	0.141520	0.182616	0.6
214	-0.314855	12.326176	0.141637	0.134500	0.6
215	-0.293910	11.486233	0.141754	0.100331	0.6
216	-0.337753	10.646290	0.141872	0.062402	0.6
217	-0.336355	11.645653	0.141732	0.063691	0.7
218	-0.284106	12.257296	0.141647	0.019800	0.8
219	-0.319139	11.846601	0.141704	0.046760	0.6
220	-0.303802	11.891144	0.141698	0.153516	0.8
221	-0.337777	11.055815	0.141815	0.023863	0.6
222	-0.299077	12.044343	0.141676	0.145880	0.6
223	-0.331004	12.991345	0.141544	0.091839	0.6
224	-0.297876	13.991345	0.141405	0.147154	0.6
225	-0.305948	14.975805	0.141268	0.079094	0.6
226	-0.306780	15.975804	0.141129	0.116213	0.6
227	-0.310532	15.135879	0.141245	0.074968	0.6
228	-0.328765	14.536133	0.141329	0.166197	0.6
229	-0.304390	14.644776	0.141314	0.055269	0.6
230	-0.309872	15.644720	0.141175	0.069981	0.6
231	-0.321905	14.922805	0.141275	0.177797	0.6
232	-0.313484	15.922805	0.141136	0.039651	0.6
233	-0.298514	16.756657	0.141020	0.099428	0.6
234	-0.282815	15.922060	0.141136	0.109230	0.6
235	-0.309064	16.908971	0.140999	0.047197	0.6
236	-0.294536	17.772173	0.140880	0.023499	0.6
237	-0.313041	17.282771	0.140948	0.127365	0.6
238	-0.312888	16.473848	0.141060	0.108521	0.6
239	-0.302924	15.633905	0.141176	0.045553	0.6
240	-0.306831	15.658049	0.141173	0.037367	0.6
241	-0.296015	16.010998	0.141124	0.109355	0.7
242	-0.282865	16.979160	0.140990	0.117269	0.6
243	-0.307217	16.142369	0.141106	0.108678	0.8
244	-0.325926	15.302426	0.141222	0.111561	0.8
245	-0.275140	14.462491	0.141339	0.105767	0.7
246	-0.300989	15.427494	0.141205	0.088925	0.8
247	-0.311174	14.591253	0.141321	0.092648	0.6
248	-0.307594	13.754552	0.141438	0.107712	0.6
249	-0.304712	14.675092	0.141309	0.124931	0.6
250	-0.325684	15.675091	0.141170	0.237159	0.6
251	-0.303553	14.835150	0.141287	0.169551	0.6
252	-0.285786	13.995207	0.141404	0.255299	0.6
253	-0.315887	13.155264	0.141521	0.043976	0.6
254	-0.305780	12.315321	0.141638	0.112146	0.6
255	-0.311756	12.354346	0.141633	0.181459	0.6
Time spent in resolution 2 (ITK initialization and iterating): 0.179 s.
Stopping condition: Maximum number of iterations has been reached.
Settings of AdaptiveStochasticGradientDescent in resolution 2:
( SP_a 143.524426 )
( SP_A 1000.000000 )
( SP_alpha 1.000000 )
( SigmoidMax 1.000000 )
( SigmoidMin -0.839943 )
( SigmoidScale 0.000631 )


Resolution: 3
WARNING: The parameter "ShowExactMetricValue", requested at entry number 3, does not exist at all.
  The default value "false" is used instead.
WARNING: The parameter "UseMultiThreadingForMetrics", requested at entry number 3, does not exist at all.
  The default value "true" is used instead.
Setting the fixed masks took: 0 ms.
Setting the moving masks took: 0 ms.
WARNING: The parameter "FixedImageBSplineInterpolationOrder", requested at entry number 3, does not exist at all.
  The default value "1" is used instead.
WARNING: The parameter "UseRandomSampleRegion", requested at entry number 3, does not exist at all.
  The default value "false" is used instead.
WARNING: The parameter "NumberOfHistogramBins", requested at entry number 3, does not exist at all.
  The default value "32" is used instead.
WARNING: The parameter "NumberOfFixedHistogramBins", requested at entry number 3, does not exist at all.
  The default value "32" is used instead.
WARNING: The parameter "NumberOfMovingHistogramBins", requested at entry number 3, does not exist at all.
  The default value "32" is used instead.
WARNING: The parameter "FixedLimitRangeRatio", requested at entry number 3, does not exist at all.
  The default value "0.01" is used instead.
WARNING: The parameter "MovingLimitRangeRatio", requested at entry number 3, does not exist at all.
  The default value "0.01" is used instead.
WARNING: The parameter "FixedKernelBSplineOrder", requested at entry number 3, does not exist at all.
  The default value "0" is used instead.
WARNING: The parameter "MovingKernelBSplineOrder", requested at entry number 3, does not exist at all.
  The default value "3" is used instead.
WARNING: The parameter "UseFastAndLowMemoryVersion", requested at entry number 3, does not exist at all.
  The default value "true" is used instead.
WARNING: The parameter "UseJacobianPreconditioning", requested at entry number 3, does not exist at all.
  The default value "false" is used instead.
WARNING: The parameter "FiniteDifferenceDerivative", requested at entry number 3, does not exist at all.
  The default value "false" is used instead.

WARNING: You have set MaximumNumberOfSamplingAttempts to 8.
  This functionality is known to cause problems (stack overflow) for large values.
  If elastix stops or segfaults for no obvious reason, reduce this value.
  You may select the RandomSparseMask image sampler to fix mask-related problems.

WARNING: The parameter "SigmoidInitialTime", requested at entry number 3, does not exist at all.
  The default value "0" is used instead.
WARNING: The parameter "MaxBandCovSize", requested at entry number 3, does not exist at all.
  The default value "192" is used instead.
WARNING: The parameter "NumberOfBandStructureSamples", requested at entry number 3, does not exist at all.
  The default value "10" is used instead.
WARNING: The parameter "UseAdaptiveStepSizes", requested at entry number 3, does not exist at all.
  The default value "true" is used instead.
WARNING: The parameter "UseConstantStep", requested at entry number 3, does not exist at all.
  The default value "false" is used instead.
WARNING: The parameter "MaximumStepLengthRatio", requested at entry number 3, does not exist at all.
  The default value "1" is used instead.
WARNING: The parameter "MaximumStepLength", requested at entry number 3, does not exist at all.
  The default value "0.098" is used instead.
WARNING: The parameter "NumberOfGradientMeasurements", requested at entry number 3, does not exist at all.
  The default value "0" is used instead.
WARNING: The parameter "NumberOfJacobianMeasurements", requested at entry number 3, does not exist at all.
  The default value "1000" is used instead.
WARNING: The parameter "SigmoidScaleFactor", requested at entry number 3, does not exist at all.
  The default value "0.1" is used instead.
Elastix initialization of all components (for this resolution) took: 0 ms.
  Computing the fixed image extrema took 0 ms.
  Computing the moving image extrema took 0 ms.
Initialization of AdvancedMattesMutualInformation metric took: 0 ms.
Starting automatic parameter estimation for AdaptiveStochasticGradientDescent ...
WARNING: The parameter "ASGDParameterEstimationMethod", requested at entry number 0, does not exist at all.
  The default value "Original" is used instead.
  Computing JacobianTerms ...
  Computing the Jacobian terms took 0.000673s
  NumberOfGradientMeasurements to estimate sigma_i: 11
  Sampling gradients ...
  Sampling the gradients took 0.013213s
Automatic parameter estimation took 0.01s
1:ItNr	2:Metric	3a:Time	3b:StepSize	4:||Gradient||	Time[ms]
0	-0.311122	0.000000	0.114846	0.107344	15.2
1	-0.306485	0.000000	0.114846	0.087838	0.6
2	-0.304778	0.985966	0.114733	0.182915	0.6
3	-0.308112	1.983602	0.114619	0.172618	0.6
4	-0.279904	1.311895	0.114696	0.193303	0.6
5	-0.285596	2.311894	0.114581	0.019950	0.7
6	-0.291303	2.464198	0.114564	0.074992	0.6
7	-0.283052	2.152560	0.114600	0.144186	0.7
8	-0.277101	3.051155	0.114497	0.076555	0.6
9	-0.268515	2.477472	0.114563	0.091218	0.6
10	-0.287883	1.982674	0.114619	0.103668	0.6
11	-0.290607	1.531896	0.114671	0.107217	0.7
12	-0.301994	2.526188	0.114557	0.294923	0.6
13	-0.311295	3.526188	0.114443	0.114752	0.6
14	-0.310566	4.525244	0.114329	0.113434	0.6
15	-0.278037	3.956028	0.114394	0.142457	0.6
16	-0.294583	3.284510	0.114470	0.020753	0.9
17	-0.289110	3.166216	0.114484	0.032144	0.6
18	-0.281749	3.243190	0.114475	0.213562	0.6
19	-0.295404	3.671770	0.114426	0.165014	0.7
20	-0.281498	3.000693	0.114503	0.101066	0.6
21	-0.296184	2.340577	0.114578	0.055019	0.6
22	-0.281247	2.724171	0.114534	0.060200	0.6
23	-0.311463	3.367830	0.114461	0.166274	0.6
24	-0.309808	2.926935	0.114511	0.081514	0.6
25	-0.281060	3.496292	0.114446	0.226059	0.6
26	-0.323887	4.496187	0.114332	0.120791	0.6
27	-0.287114	5.496184	0.114219	0.117155	0.6
28	-0.280667	4.834522	0.114294	0.154889	0.6
29	-0.283451	5.756442	0.114189	0.081565	0.6
30	-0.279742	6.741995	0.114078	0.219294	0.6
31	-0.294945	7.737639	0.113965	0.136981	0.8
32	-0.304032	7.065962	0.114041	0.226767	0.6
33	-0.318399	8.065962	0.113928	0.107444	0.6
34	-0.303381	9.065961	0.113815	0.078073	0.6
35	-0.312295	9.193591	0.113801	0.161255	0.6
36	-0.297214	8.948882	0.113828	0.174502	0.7
37	-0.274810	9.948882	0.113716	0.104352	0.6
38	-0.293918	9.289719	0.113790	0.179332	0.6
39	-0.284546	10.289654	0.113678	0.210066	0.6
40	-0.297715	9.617947	0.113753	0.107135	0.6
41	-0.279163	9.461176	0.113771	0.086238	0.6
42	-0.300237	10.314393	0.113675	0.287160	0.8
43	-0.296865	9.643680	0.113750	0.115945	0.7
44	-0.290394	8.974224	0.113826	0.131380	0.6
45	-0.261134	8.371367	0.113894	0.112396	0.6
46	-0.313901	9.356058	0.113783	0.098337	0.6
47	-0.314282	10.350031	0.113671	0.201592	0.6
48	-0.270251	9.849007	0.113727	0.110691	0.6
49	-0.262553	9.177875	0.113803	0.151290	0.6
50	-0.298388	8.506547	0.113878	0.166495	0.6
51	-0.312156	7.835358	0.113954	0.295466	0.6
52	-0.284541	8.752569	0.113851	0.087156	0.6
53	-0.285569	9.748679	0.113738	0.073810	0.6
54	-0.305198	9.867085	0.113725	0.153203	0.6
55	-0.312649	10.676752	0.113634	0.173679	0.6
56	-0.309154	10.020431	0.113708	0.018688	0.6
57	-0.305447	9.558143	0.113760	0.111844	0.6
58	-0.288041	9.349754	0.113783	0.257706	0.6
59	-0.268531	10.349754	0.113671	0.111610	0.6
60	-0.277658	11.282717	0.113566	0.205935	0.7
61	-0.283858	12.282166	0.113454	0.188250	0.6
62	-0.286873	13.282166	0.113342	0.096223	0.6
63	-0.293324	14.278508	0.113231	0.076868	0.6
64	-0.307627	15.155148	0.113133	0.107506	0.6
65	-0.300811	14.505189	0.113206	0.141614	0.6
66	-0.325502	15.468994	0.113098	0.128233	0.6
67	-0.303233	14.797823	0.113173	0.203854	0.6
68	-0.266299	15.797708	0.113062	0.060699	0.8
69	-0.280931	15.127409	0.113136	0.071037	0.6
70	-0.277853	14.600819	0.113195	0.154249	0.7
71	-0.297029	14.996200	0.113151	0.126275	0.8
72	-0.293746	15.996157	0.113040	0.072879	0.6
73	-0.276287	15.338945	0.113113	0.169265	0.6
74	-0.271459	15.953582	0.113044	0.152303	0.7
75	-0.289139	16.953579	0.112933	0.059397	0.6
76	-0.268616	17.496406	0.112873	0.054527	0.6
77	-0.281287	17.033296	0.112924	0.108135	0.6
78	-0.266946	17.832812	0.112836	0.168148	0.6
79	-0.311149	17.161126	0.112910	0.026745	0.6
80	-0.285038	17.924899	0.112826	0.082460	0.6
81	-0.337330	17.915749	0.112827	0.207535	0.6
82	-0.318755	18.915514	0.112716	0.195306	0.6
83	-0.315290	19.915514	0.112606	0.140457	0.6
84	-0.290301	20.915489	0.112495	0.147047	0.6
85	-0.311342	21.838275	0.112394	0.072375	0.6
86	-0.294061	22.303510	0.112343	0.200442	0.6
87	-0.324869	21.632145	0.112417	0.143474	0.7
88	-0.294930	20.977065	0.112489	0.089077	0.6
89	-0.291184	20.714875	0.112518	0.130200	0.6
90	-0.314960	20.046911	0.112591	0.124939	0.6
91	-0.293384	19.385604	0.112664	0.083272	0.6
92	-0.295477	19.841605	0.112614	0.109234	0.6
93	-0.278272	19.744905	0.112625	0.085956	0.6
94	-0.314419	19.304125	0.112673	0.091805	0.6
95	-0.302993	19.248113	0.112679	0.111295	0.6
96	-0.290730	19.312119	0.112672	0.143686	0.8
97	-0.293946	18.692841	0.112741	0.188231	0.6
98	-0.294666	18.105996	0.112806	0.158345	0.6
99	-0.288182	19.105995	0.112695	0.219621	0.7
100	-0.306930	18.434288	0.112769	0.034815	0.6
101	-0.296007	17.776671	0.112842	0.028914	0.6
102	-0.327408	17.582849	0.112864	0.048963	0.6
103	-0.294058	17.914477	0.112827	0.133974	0.6
104	-0.305371	18.455414	0.112767	0.237669	0.6
105	-0.312333	17.783706	0.112841	0.075943	0.6
106	-0.305154	17.112025	0.112916	0.098658	0.6
107	-0.306433	18.010446	0.112816	0.038404	0.6
108	-0.323004	18.450302	0.112768	0.109883	0.6
109	-0.282839	19.121984	0.112693	0.123166	0.6
110	-0.269038	20.120666	0.112583	0.107016	0.6
111	-0.288120	19.533038	0.112648	0.124485	0.6
112	-0.299359	19.111695	0.112694	0.068229	0.7
113	-0.291876	19.531426	0.112648	0.107121	0.6
114	-0.333879	20.240271	0.112570	0.159682	0.6
115	-0.276007	21.200082	0.112464	0.216642	0.6
116	-0.282001	20.528374	0.112538	0.108373	0.6
117	-0.282963	21.528362	0.112428	0.033775	0.6
118	-0.289995	21.290649	0.112454	0.241553	0.6
119	-0.264796	22.082463	0.112367	0.033039	0.6
120	-0.300119	22.961285	0.112271	0.084555	0.6
121	-0.311724	23.281926	0.112236	0.220215	0.8
122	-0.300000	24.281477	0.112126	0.035243	0.6
123	-0.312295	24.153605	0.112140	0.106659	0.6
124	-0.305668	23.724278	0.112187	0.122367	1.0
125	-0.277121	23.053183	0.112261	0.173979	0.6
126	-0.294180	23.788632	0.112180	0.064882	0.6
127	-0.284047	24.609891	0.112090	0.090289	0.6
128	-0.276883	24.526860	0.112099	0.135684	0.6
129	-0.281005	23.856283	0.112173	0.280805	0.6
130	-0.293570	23.184580	0.112246	0.063625	0.6
131	-0.302715	22.512943	0.112320	0.113673	0.6
132	-0.305553	21.857927	0.112392	0.102632	0.6
133	-0.311929	21.193590	0.112465	0.101280	0.6
134	-0.297210	20.524768	0.112539	0.227194	0.6
135	-0.292105	20.036393	0.112592	0.211421	0.6
136	-0.319031	21.036393	0.112482	0.269500	0.6
137	-0.299661	22.036393	0.112372	0.092484	0.6
138	-0.272896	23.036011	0.112263	0.101569	0.6
139	-0.294705	22.752437	0.112294	0.159979	0.6
140	-0.316718	23.739406	0.112185	0.142676	0.6
141	-0.273660	24.739403	0.112076	0.113595	0.6
142	-0.299321	25.727083	0.111968	0.053529	0.6
143	-0.286861	26.319761	0.111904	0.067829	1.1
144	-0.307413	26.749285	0.111857	0.141495	0.7
145	-0.282541	26.250484	0.111911	0.201825	0.6
146	-0.291748	27.248176	0.111803	0.215343	0.8
147	-0.311731	26.576570	0.111876	0.075062	1.0
148	-0.262613	25.908519	0.111949	0.109488	0.7
149	-0.322447	26.128235	0.111925	0.166701	0.6
150	-0.301804	25.456560	0.111998	0.242362	0.6
151	-0.299125	26.456560	0.111889	0.290307	0.6
152	-0.301170	27.456560	0.111780	0.089581	0.6
153	-0.297475	27.529666	0.111772	0.131543	0.6
154	-0.325051	28.523413	0.111664	0.079348	0.6
155	-0.305896	27.866622	0.111735	0.077224	0.6
156	-0.271581	28.678804	0.111647	0.153544	0.6
157	-0.296256	28.022317	0.111719	0.010910	0.6
158	-0.300050	27.691196	0.111755	0.263375	0.6
159	-0.307841	27.945916	0.111727	0.163836	0.6
160	-0.300022	28.945916	0.111618	0.234149	0.6
161	-0.286267	29.945916	0.111510	0.126770	0.6
162	-0.308925	30.945916	0.111402	0.096563	0.6
163	-0.305532	30.275860	0.111474	0.174896	0.8
164	-0.260781	29.604317	0.111547	0.078251	0.6
165	-0.295631	28.934122	0.111620	0.283269	0.6
166	-0.296915	28.262577	0.111692	0.066195	0.6
167	-0.305380	29.262501	0.111584	0.127121	0.6
168	-0.311805	28.622334	0.111653	0.078167	0.6
169	-0.313225	28.288397	0.111690	0.264140	0.6
170	-0.303538	27.618337	0.111762	0.223904	0.6
171	-0.300547	26.946630	0.111835	0.128504	0.6
172	-0.278946	26.274949	0.111909	0.072882	0.7
173	-0.291509	26.210229	0.111916	0.054446	1.3
174	-0.297861	26.252420	0.111911	0.026508	0.8
175	-0.308246	26.021580	0.111936	0.119061	0.6
176	-0.289131	26.464242	0.111888	0.121956	0.6
177	-0.277054	25.885759	0.111951	0.118011	0.6
178	-0.293946	26.174105	0.111920	0.146904	0.6
179	-0.288814	27.173847	0.111811	0.186365	0.6
180	-0.310143	26.506537	0.111883	0.116800	0.6
181	-0.297463	27.505997	0.111775	0.064115	0.6
182	-0.307498	26.902961	0.111840	0.346272	0.6
183	-0.283813	27.889534	0.111733	0.112991	0.6
184	-0.298700	27.217827	0.111806	0.067265	0.6
185	-0.279085	26.642109	0.111869	0.196397	0.6
186	-0.295953	26.832775	0.111848	0.128574	0.6
187	-0.290565	26.161073	0.111921	0.105375	0.6
188	-0.295702	27.134898	0.111815	0.097511	0.6
189	-0.318610	26.484238	0.111886	0.168937	0.6
190	-0.270800	25.812639	0.111959	0.113176	0.6
191	-0.284102	25.141080	0.112032	0.066190	0.6
192	-0.293752	24.486468	0.112104	0.192295	0.7
193	-0.258283	25.485033	0.111995	0.140912	0.6
194	-0.316256	24.813365	0.112068	0.119780	0.6
195	-0.297108	24.656197	0.112085	0.155248	0.6
196	-0.295848	23.984788	0.112159	0.086012	0.6
197	-0.287599	23.618287	0.112199	0.113296	0.6
198	-0.273166	24.610881	0.112090	0.044334	0.8
199	-0.285940	24.089857	0.112147	0.093486	0.9
200	-0.294272	23.565088	0.112205	0.149521	0.8
201	-0.284785	22.904553	0.112277	0.140404	0.6
202	-0.318706	22.232863	0.112351	0.102509	0.6
203	-0.286675	21.606430	0.112419	0.084920	0.6
204	-0.301912	20.954771	0.112491	0.060357	0.6
205	-0.323140	20.427991	0.112549	0.082326	0.6
206	-0.292710	20.318674	0.112561	0.186238	0.6
207	-0.293729	21.018977	0.112484	0.253762	0.6
208	-0.273757	22.008662	0.112375	0.257980	0.6
209	-0.303819	21.336954	0.112449	0.088053	0.6
210	-0.295446	20.665252	0.112523	0.138109	0.6
211	-0.299332	20.962212	0.112490	0.030696	0.6
212	-0.299171	20.649936	0.112525	0.141167	0.6
213	-0.290486	20.745597	0.112514	0.070876	0.6
214	-0.305260	20.177696	0.112577	0.260815	0.6
215	-0.290959	21.169409	0.112468	0.181918	0.6
216	-0.283835	20.497701	0.112542	0.070816	0.6
217	-0.297287	21.494955	0.112432	0.064886	0.6
218	-0.294144	21.491025	0.112432	0.073149	0.6
219	-0.307747	22.221402	0.112352	0.049633	0.6
220	-0.301491	22.128385	0.112362	0.051462	0.6
221	-0.318459	22.626345	0.112307	0.085450	0.6
222	-0.294037	22.748732	0.112294	0.334497	0.6
223	-0.318800	22.077141	0.112368	0.126482	0.9
224	-0.292962	23.077141	0.112258	0.105636	0.6
225	-0.306909	22.886733	0.112279	0.049636	0.6
226	-0.297008	23.639523	0.112196	0.163491	0.8
227	-0.307635	23.172106	0.112248	0.157909	0.6
228	-0.281974	24.172104	0.112138	0.180627	0.6
229	-0.300956	23.500396	0.112212	0.039367	0.8
230	-0.282332	24.452753	0.112107	0.133502	0.6
231	-0.300495	25.327296	0.112012	0.059885	0.6
232	-0.299920	25.021500	0.112045	0.163915	0.6
233	-0.313393	26.013177	0.111937	0.055220	0.6
234	-0.297539	26.958645	0.111834	0.110468	0.6
235	-0.297208	26.317198	0.111904	0.073419	0.6
236	-0.291645	26.120727	0.111925	0.086208	0.6
237	-0.298775	26.427902	0.111892	0.245131	0.6
238	-0.310576	25.756392	0.111965	0.149784	0.6
239	-0.318530	25.084689	0.112038	0.084368	0.6
240	-0.275056	24.419247	0.112111	0.112099	0.6
241	-0.305041	25.370355	0.112007	0.058176	0.6
242	-0.313557	24.751749	0.112075	0.053791	0.6
243	-0.286278	25.335447	0.112011	0.284722	0.6
244	-0.277151	24.666102	0.112084	0.068858	0.6
245	-0.327149	24.081688	0.112148	0.083475	0.6
246	-0.291884	23.572551	0.112204	0.118774	0.6
247	-0.281445	23.259177	0.112238	0.074271	0.6
248	-0.296091	22.601011	0.112310	0.180491	0.6
249	-0.302930	21.970101	0.112380	0.088538	0.8
250	-0.283446	21.300858	0.112453	0.058217	0.7
251	-0.312758	20.837510	0.112504	0.082467	0.6
252	-0.295020	21.444727	0.112437	0.090609	0.8
253	-0.321238	22.313688	0.112342	0.159670	0.6
254	-0.275731	23.312633	0.112232	0.178208	0.6
255	-0.301493	22.642149	0.112306	0.141273	0.6
Time spent in resolution 3 (ITK initialization and iterating): 0.179 s.
Stopping condition: Maximum number of iterations has been reached.
Settings of AdaptiveStochasticGradientDescent in resolution 3:
( SP_a 114.960891 )
( SP_A 1000.000000 )
( SP_alpha 1.000000 )
( SigmoidMax 1.000000 )
( SigmoidMin -0.671707 )
( SigmoidScale 0.001664 )



=============== start of TransformParameterFile ===============
(Transform "EulerTransform")
(NumberOfParameters 3)
(TransformParameters -0.058140 -0.060882 -5.593271)
(InitialTransformParametersFileName "NoInitialTransform")
(UseBinaryFormatForTransformationParameters "false")
(HowToCombineTransforms "Compose")

// Image specific
(FixedImageDimension 2)
(MovingImageDimension 2)
(FixedInternalImagePixelType "float")
(MovingInternalImagePixelType "float")
(Size 550 550)
(Index 0 0)
(Spacing 0.0980000000 0.0980000000)
(Origin 0.0000000000 0.0000000000)
(Direction 1.0000000000 0.0000000000 0.0000000000 1.0000000000)
(UseDirectionCosines "true")

// EulerTransform specific
(CenterOfRotationPoint 26.9010000000 26.9010000000)

// ResampleInterpolator specific
(ResampleInterpolator "FinalBSplineInterpolator")
(FinalBSplineInterpolationOrder 3)

// Resampler specific
(Resampler "DefaultResampler")
(DefaultPixelValue 0.000000)
(ResultImageFormat "nii")
(ResultImagePixelType "float")
(CompressResultImage "false")

=============== end of TransformParameterFile ===============

Creating the TransformParameterFile took 0.00s

Registration result checksum: 3174493485

Final metric value  = -0.301493
Settings of AdaptiveStochasticGradientDescent for all resolutions:
( SP_a 478.194406 150.474926 143.524426 114.960891 )
( SP_A 1000.000000 1000.000000 1000.000000 1000.000000 )
( SP_alpha 1.000000 1.000000 1.000000 1.000000 )
( SigmoidMax 1.000000 1.000000 1.000000 1.000000 )
( SigmoidMin -0.688714 -0.816341 -0.839943 -0.671707 )
( SigmoidScale 0.000093 0.000646 0.000631 0.001664 )

Time spent on saving the results, applying the final transform etc.: 10 ms.
