This is pdfTeX, Version 3.141592653-2.6-1.40.23 (TeX Live 2021/W32TeX) (preloaded format=pdflatex 2022.1.11)  4 MAY 2023 10:03
entering extended mode
 restricted \write18 enabled.
 file:line:error style messages enabled.
 %&-line parsing enabled.
**c:/Users/mathi/OneDrive/Documents/FRACTIB/06_Problems/07_UMAT/Presentation.tex
(c:/Users/mathi/OneDrive/Documents/FRACTIB/06_Problems/07_UMAT/Presentation.tex
LaTeX2e <2021-11-15> patch level 1
L3 programming layer <2021-11-22> (c:/texlive/2021/texmf-dist/tex/latex/beamer/beamer.cls
Document Class: beamer 2021/10/18 v3.64 A class for typesetting presentations
(c:/texlive/2021/texmf-dist/tex/latex/beamer/beamerbasemodes.sty (c:/texlive/2021/texmf-dist/tex/latex/etoolbox/etoolbox.sty
Package: etoolbox 2020/10/05 v2.5k e-TeX tools for LaTeX (JAW)
\etb@tempcnta=\count183
)
\beamer@tempbox=\box50
\beamer@tempcount=\count184
\c@beamerpauses=\count185
 (c:/texlive/2021/texmf-dist/tex/latex/beamer/beamerbasedecode.sty
\beamer@slideinframe=\count186
\beamer@minimum=\count187
\beamer@decode@box=\box51
)
\beamer@commentbox=\box52
\beamer@modecount=\count188
) (c:/texlive/2021/texmf-dist/tex/generic/iftex/ifpdf.sty
Package: ifpdf 2019/10/25 v3.4 ifpdf legacy package. Use iftex instead.
 (c:/texlive/2021/texmf-dist/tex/generic/iftex/iftex.sty
Package: iftex 2020/03/06 v1.0d TeX engine tests
))
\headdp=\dimen138
\footheight=\dimen139
\sidebarheight=\dimen140
\beamer@tempdim=\dimen141
\beamer@finalheight=\dimen142
\beamer@animht=\dimen143
\beamer@animdp=\dimen144
\beamer@animwd=\dimen145
\beamer@leftmargin=\dimen146
\beamer@rightmargin=\dimen147
\beamer@leftsidebar=\dimen148
\beamer@rightsidebar=\dimen149
\beamer@boxsize=\dimen150
\beamer@vboxoffset=\dimen151
\beamer@descdefault=\dimen152
\beamer@descriptionwidth=\dimen153
\beamer@lastskip=\skip47
\beamer@areabox=\box53
\beamer@animcurrent=\box54
\beamer@animshowbox=\box55
\beamer@sectionbox=\box56
\beamer@logobox=\box57
\beamer@linebox=\box58
\beamer@sectioncount=\count189
\beamer@subsubsectionmax=\count190
\beamer@subsectionmax=\count191
\beamer@sectionmax=\count192
\beamer@totalheads=\count193
\beamer@headcounter=\count194
\beamer@partstartpage=\count195
\beamer@sectionstartpage=\count196
\beamer@subsectionstartpage=\count197
\beamer@animationtempa=\count198
\beamer@animationtempb=\count199
\beamer@xpos=\count266
\beamer@ypos=\count267
\beamer@ypos@offset=\count268
\beamer@showpartnumber=\count269
\beamer@currentsubsection=\count270
\beamer@coveringdepth=\count271
\beamer@sectionadjust=\count272
\beamer@toclastsection=\count273
\beamer@tocsectionnumber=\count274
 (c:/texlive/2021/texmf-dist/tex/latex/beamer/beamerbaseoptions.sty (c:/texlive/2021/texmf-dist/tex/latex/graphics/keyval.sty
Package: keyval 2014/10/28 v1.15 key=value parser (DPC)
\KV@toks@=\toks16
))
\beamer@paperwidth=\skip48
\beamer@paperheight=\skip49
 (c:/texlive/2021/texmf-dist/tex/latex/geometry/geometry.sty
Package: geometry 2020/01/02 v5.9 Page Geometry
 (c:/texlive/2021/texmf-dist/tex/generic/iftex/ifvtex.sty
Package: ifvtex 2019/10/25 v1.7 ifvtex legacy package. Use iftex instead.
)
\Gm@cnth=\count275
\Gm@cntv=\count276
\c@Gm@tempcnt=\count277
\Gm@bindingoffset=\dimen154
\Gm@wd@mp=\dimen155
\Gm@odd@mp=\dimen156
\Gm@even@mp=\dimen157
\Gm@layoutwidth=\dimen158
\Gm@layoutheight=\dimen159
\Gm@layouthoffset=\dimen160
\Gm@layoutvoffset=\dimen161
\Gm@dimlist=\toks17
) (c:/texlive/2021/texmf-dist/tex/latex/base/size11.clo
File: size11.clo 2021/10/04 v1.4n Standard LaTeX file (size option)
) (c:/texlive/2021/texmf-dist/tex/latex/pgf/basiclayer/pgfcore.sty (c:/texlive/2021/texmf-dist/tex/latex/graphics/graphicx.sty
Package: graphicx 2021/09/16 v1.2d Enhanced LaTeX Graphics (DPC,SPQR)
 (c:/texlive/2021/texmf-dist/tex/latex/graphics/graphics.sty
Package: graphics 2021/03/04 v1.4d Standard LaTeX Graphics (DPC,SPQR)
 (c:/texlive/2021/texmf-dist/tex/latex/graphics/trig.sty
Package: trig 2021/08/11 v1.11 sin cos tan (DPC)
) (c:/texlive/2021/texmf-dist/tex/latex/graphics-cfg/graphics.cfg
File: graphics.cfg 2016/06/04 v1.11 sample graphics configuration
)
Package graphics Info: Driver file: pdftex.def on input line 107.
 (c:/texlive/2021/texmf-dist/tex/latex/graphics-def/pdftex.def
File: pdftex.def 2020/10/05 v1.2a Graphics/color driver for pdftex
))
\Gin@req@height=\dimen162
\Gin@req@width=\dimen163
) (c:/texlive/2021/texmf-dist/tex/latex/pgf/systemlayer/pgfsys.sty (c:/texlive/2021/texmf-dist/tex/latex/pgf/utilities/pgfrcs.sty (c:/texlive/2021/texmf-dist/tex/generic/pgf/utilities/pgfutil-common.tex
\pgfutil@everybye=\toks18
\pgfutil@tempdima=\dimen164
\pgfutil@tempdimb=\dimen165
 (c:/texlive/2021/texmf-dist/tex/generic/pgf/utilities/pgfutil-common-lists.tex)) (c:/texlive/2021/texmf-dist/tex/generic/pgf/utilities/pgfutil-latex.def
\pgfutil@abb=\box59
) (c:/texlive/2021/texmf-dist/tex/generic/pgf/utilities/pgfrcs.code.tex (c:/texlive/2021/texmf-dist/tex/generic/pgf/pgf.revision.tex)
Package: pgfrcs 2021/05/15 v3.1.9a (3.1.9a)
)) (c:/texlive/2021/texmf-dist/tex/generic/pgf/systemlayer/pgfsys.code.tex
Package: pgfsys 2021/05/15 v3.1.9a (3.1.9a)
 (c:/texlive/2021/texmf-dist/tex/generic/pgf/utilities/pgfkeys.code.tex
\pgfkeys@pathtoks=\toks19
\pgfkeys@temptoks=\toks20
 (c:/texlive/2021/texmf-dist/tex/generic/pgf/utilities/pgfkeysfiltered.code.tex
\pgfkeys@tmptoks=\toks21
))
\pgf@x=\dimen166
\pgf@y=\dimen167
\pgf@xa=\dimen168
\pgf@ya=\dimen169
\pgf@xb=\dimen170
\pgf@yb=\dimen171
\pgf@xc=\dimen172
\pgf@yc=\dimen173
\pgf@xd=\dimen174
\pgf@yd=\dimen175
\w@pgf@writea=\write3
\r@pgf@reada=\read2
\c@pgf@counta=\count278
\c@pgf@countb=\count279
\c@pgf@countc=\count280
\c@pgf@countd=\count281
\t@pgf@toka=\toks22
\t@pgf@tokb=\toks23
\t@pgf@tokc=\toks24
\pgf@sys@id@count=\count282
 (c:/texlive/2021/texmf-dist/tex/generic/pgf/systemlayer/pgf.cfg
File: pgf.cfg 2021/05/15 v3.1.9a (3.1.9a)
)
Driver file for pgf: pgfsys-pdftex.def
 (c:/texlive/2021/texmf-dist/tex/generic/pgf/systemlayer/pgfsys-pdftex.def
File: pgfsys-pdftex.def 2021/05/15 v3.1.9a (3.1.9a)
 (c:/texlive/2021/texmf-dist/tex/generic/pgf/systemlayer/pgfsys-common-pdf.def
File: pgfsys-common-pdf.def 2021/05/15 v3.1.9a (3.1.9a)
))) (c:/texlive/2021/texmf-dist/tex/generic/pgf/systemlayer/pgfsyssoftpath.code.tex
File: pgfsyssoftpath.code.tex 2021/05/15 v3.1.9a (3.1.9a)
\pgfsyssoftpath@smallbuffer@items=\count283
\pgfsyssoftpath@bigbuffer@items=\count284
) (c:/texlive/2021/texmf-dist/tex/generic/pgf/systemlayer/pgfsysprotocol.code.tex
File: pgfsysprotocol.code.tex 2021/05/15 v3.1.9a (3.1.9a)
)) (c:/texlive/2021/texmf-dist/tex/latex/xcolor/xcolor.sty
Package: xcolor 2021/10/31 v2.13 LaTeX color extensions (UK)
 (c:/texlive/2021/texmf-dist/tex/latex/graphics-cfg/color.cfg
File: color.cfg 2016/01/02 v1.6 sample color configuration
)
Package xcolor Info: Driver file: pdftex.def on input line 227.
 (c:/texlive/2021/texmf-dist/tex/latex/colortbl/colortbl.sty
Package: colortbl 2020/01/04 v1.0e Color table columns (DPC)
 (c:/texlive/2021/texmf-dist/tex/latex/tools/array.sty
Package: array 2021/10/04 v2.5f Tabular extension package (FMi)
\col@sep=\dimen176
\ar@mcellbox=\box60
\extrarowheight=\dimen177
\NC@list=\toks25
\extratabsurround=\skip50
\backup@length=\skip51
\ar@cellbox=\box61
)
\everycr=\toks26
\minrowclearance=\skip52
)
\rownum=\count285
Package xcolor Info: Model `cmy' substituted by `cmy0' on input line 1352.
Package xcolor Info: Model `hsb' substituted by `rgb' on input line 1356.
Package xcolor Info: Model `RGB' extended on input line 1368.
Package xcolor Info: Model `HTML' substituted by `rgb' on input line 1370.
Package xcolor Info: Model `Hsb' substituted by `hsb' on input line 1371.
Package xcolor Info: Model `tHsb' substituted by `hsb' on input line 1372.
Package xcolor Info: Model `HSB' substituted by `hsb' on input line 1373.
Package xcolor Info: Model `Gray' substituted by `gray' on input line 1374.
Package xcolor Info: Model `wave' substituted by `hsb' on input line 1375.
) (c:/texlive/2021/texmf-dist/tex/generic/pgf/basiclayer/pgfcore.code.tex
Package: pgfcore 2021/05/15 v3.1.9a (3.1.9a)
 (c:/texlive/2021/texmf-dist/tex/generic/pgf/math/pgfmath.code.tex (c:/texlive/2021/texmf-dist/tex/generic/pgf/math/pgfmathcalc.code.tex (c:/texlive/2021/texmf-dist/tex/generic/pgf/math/pgfmathutil.code.tex) (c:/texlive/2021/texmf-dist/tex/generic/pgf/math/pgfmathparser.code.tex
\pgfmath@dimen=\dimen178
\pgfmath@count=\count286
\pgfmath@box=\box62
\pgfmath@toks=\toks27
\pgfmath@stack@operand=\toks28
\pgfmath@stack@operation=\toks29
) (c:/texlive/2021/texmf-dist/tex/generic/pgf/math/pgfmathfunctions.code.tex (c:/texlive/2021/texmf-dist/tex/generic/pgf/math/pgfmathfunctions.basic.code.tex) (c:/texlive/2021/texmf-dist/tex/generic/pgf/math/pgfmathfunctions.trigonometric.code.tex) (c:/texlive/2021/texmf-dist/tex/generic/pgf/math/pgfmathfunctions.random.code.tex) (c:/texlive/2021/texmf-dist/tex/generic/pgf/math/pgfmathfunctions.comparison.code.tex) (c:/texlive/2021/texmf-dist/tex/generic/pgf/math/pgfmathfunctions.base.code.tex) (c:/texlive/2021/texmf-dist/tex/generic/pgf/math/pgfmathfunctions.round.code.tex) (c:/texlive/2021/texmf-dist/tex/generic/pgf/math/pgfmathfunctions.misc.code.tex) (c:/texlive/2021/texmf-dist/tex/generic/pgf/math/pgfmathfunctions.integerarithmetics.code.tex))) (c:/texlive/2021/texmf-dist/tex/generic/pgf/math/pgfmathfloat.code.tex
\c@pgfmathroundto@lastzeros=\count287
)) (c:/texlive/2021/texmf-dist/tex/generic/pgf/math/pgfint.code.tex) (c:/texlive/2021/texmf-dist/tex/generic/pgf/basiclayer/pgfcorepoints.code.tex
File: pgfcorepoints.code.tex 2021/05/15 v3.1.9a (3.1.9a)
\pgf@picminx=\dimen179
\pgf@picmaxx=\dimen180
\pgf@picminy=\dimen181
\pgf@picmaxy=\dimen182
\pgf@pathminx=\dimen183
\pgf@pathmaxx=\dimen184
\pgf@pathminy=\dimen185
\pgf@pathmaxy=\dimen186
\pgf@xx=\dimen187
\pgf@xy=\dimen188
\pgf@yx=\dimen189
\pgf@yy=\dimen190
\pgf@zx=\dimen191
\pgf@zy=\dimen192
) (c:/texlive/2021/texmf-dist/tex/generic/pgf/basiclayer/pgfcorepathconstruct.code.tex
File: pgfcorepathconstruct.code.tex 2021/05/15 v3.1.9a (3.1.9a)
\pgf@path@lastx=\dimen193
\pgf@path@lasty=\dimen194
) (c:/texlive/2021/texmf-dist/tex/generic/pgf/basiclayer/pgfcorepathusage.code.tex
File: pgfcorepathusage.code.tex 2021/05/15 v3.1.9a (3.1.9a)
\pgf@shorten@end@additional=\dimen195
\pgf@shorten@start@additional=\dimen196
) (c:/texlive/2021/texmf-dist/tex/generic/pgf/basiclayer/pgfcorescopes.code.tex
File: pgfcorescopes.code.tex 2021/05/15 v3.1.9a (3.1.9a)
\pgfpic=\box63
\pgf@hbox=\box64
\pgf@layerbox@main=\box65
\pgf@picture@serial@count=\count288
) (c:/texlive/2021/texmf-dist/tex/generic/pgf/basiclayer/pgfcoregraphicstate.code.tex
File: pgfcoregraphicstate.code.tex 2021/05/15 v3.1.9a (3.1.9a)
\pgflinewidth=\dimen197
) (c:/texlive/2021/texmf-dist/tex/generic/pgf/basiclayer/pgfcoretransformations.code.tex
File: pgfcoretransformations.code.tex 2021/05/15 v3.1.9a (3.1.9a)
\pgf@pt@x=\dimen198
\pgf@pt@y=\dimen199
\pgf@pt@temp=\dimen256
) (c:/texlive/2021/texmf-dist/tex/generic/pgf/basiclayer/pgfcorequick.code.tex
File: pgfcorequick.code.tex 2021/05/15 v3.1.9a (3.1.9a)
) (c:/texlive/2021/texmf-dist/tex/generic/pgf/basiclayer/pgfcoreobjects.code.tex
File: pgfcoreobjects.code.tex 2021/05/15 v3.1.9a (3.1.9a)
) (c:/texlive/2021/texmf-dist/tex/generic/pgf/basiclayer/pgfcorepathprocessing.code.tex
File: pgfcorepathprocessing.code.tex 2021/05/15 v3.1.9a (3.1.9a)
) (c:/texlive/2021/texmf-dist/tex/generic/pgf/basiclayer/pgfcorearrows.code.tex
File: pgfcorearrows.code.tex 2021/05/15 v3.1.9a (3.1.9a)
\pgfarrowsep=\dimen257
) (c:/texlive/2021/texmf-dist/tex/generic/pgf/basiclayer/pgfcoreshade.code.tex
File: pgfcoreshade.code.tex 2021/05/15 v3.1.9a (3.1.9a)
\pgf@max=\dimen258
\pgf@sys@shading@range@num=\count289
\pgf@shadingcount=\count290
) (c:/texlive/2021/texmf-dist/tex/generic/pgf/basiclayer/pgfcoreimage.code.tex
File: pgfcoreimage.code.tex 2021/05/15 v3.1.9a (3.1.9a)
 (c:/texlive/2021/texmf-dist/tex/generic/pgf/basiclayer/pgfcoreexternal.code.tex
File: pgfcoreexternal.code.tex 2021/05/15 v3.1.9a (3.1.9a)
\pgfexternal@startupbox=\box66
)) (c:/texlive/2021/texmf-dist/tex/generic/pgf/basiclayer/pgfcorelayers.code.tex
File: pgfcorelayers.code.tex 2021/05/15 v3.1.9a (3.1.9a)
) (c:/texlive/2021/texmf-dist/tex/generic/pgf/basiclayer/pgfcoretransparency.code.tex
File: pgfcoretransparency.code.tex 2021/05/15 v3.1.9a (3.1.9a)
) (c:/texlive/2021/texmf-dist/tex/generic/pgf/basiclayer/pgfcorepatterns.code.tex
File: pgfcorepatterns.code.tex 2021/05/15 v3.1.9a (3.1.9a)
) (c:/texlive/2021/texmf-dist/tex/generic/pgf/basiclayer/pgfcorerdf.code.tex
File: pgfcorerdf.code.tex 2021/05/15 v3.1.9a (3.1.9a)
))) (c:/texlive/2021/texmf-dist/tex/latex/pgf/utilities/xxcolor.sty
Package: xxcolor 2003/10/24 ver 0.1
\XC@nummixins=\count291
\XC@countmixins=\count292
) (c:/texlive/2021/texmf-dist/tex/latex/base/atbegshi-ltx.sty
Package: atbegshi-ltx 2021/01/10 v1.0c Emulation of the original atbegshi
package with kernel methods
) (c:/texlive/2021/texmf-dist/tex/latex/hyperref/hyperref.sty
Package: hyperref 2021-06-07 v7.00m Hypertext links for LaTeX
 (c:/texlive/2021/texmf-dist/tex/generic/ltxcmds/ltxcmds.sty
Package: ltxcmds 2020-05-10 v1.25 LaTeX kernel commands for general use (HO)
) (c:/texlive/2021/texmf-dist/tex/generic/pdftexcmds/pdftexcmds.sty
Package: pdftexcmds 2020-06-27 v0.33 Utility functions of pdfTeX for LuaTeX (HO)
 (c:/texlive/2021/texmf-dist/tex/generic/infwarerr/infwarerr.sty
Package: infwarerr 2019/12/03 v1.5 Providing info/warning/error messages (HO)
)
Package pdftexcmds Info: \pdf@primitive is available.
Package pdftexcmds Info: \pdf@ifprimitive is available.
Package pdftexcmds Info: \pdfdraftmode found.
) (c:/texlive/2021/texmf-dist/tex/generic/kvsetkeys/kvsetkeys.sty
Package: kvsetkeys 2019/12/15 v1.18 Key value parser (HO)
) (c:/texlive/2021/texmf-dist/tex/generic/kvdefinekeys/kvdefinekeys.sty
Package: kvdefinekeys 2019-12-19 v1.6 Define keys (HO)
) (c:/texlive/2021/texmf-dist/tex/generic/pdfescape/pdfescape.sty
Package: pdfescape 2019/12/09 v1.15 Implements pdfTeX's escape features (HO)
) (c:/texlive/2021/texmf-dist/tex/latex/hycolor/hycolor.sty
Package: hycolor 2020-01-27 v1.10 Color options for hyperref/bookmark (HO)
) (c:/texlive/2021/texmf-dist/tex/latex/letltxmacro/letltxmacro.sty
Package: letltxmacro 2019/12/03 v1.6 Let assignment for LaTeX macros (HO)
) (c:/texlive/2021/texmf-dist/tex/latex/auxhook/auxhook.sty
Package: auxhook 2019-12-17 v1.6 Hooks for auxiliary files (HO)
) (c:/texlive/2021/texmf-dist/tex/latex/kvoptions/kvoptions.sty
Package: kvoptions 2020-10-07 v3.14 Key value format for package options (HO)
)
\@linkdim=\dimen259
\Hy@linkcounter=\count293
\Hy@pagecounter=\count294
 (c:/texlive/2021/texmf-dist/tex/latex/hyperref/pd1enc.def
File: pd1enc.def 2021-06-07 v7.00m Hyperref: PDFDocEncoding definition (HO)
Now handling font encoding PD1 ...
... no UTF-8 mapping file for font encoding PD1
) (c:/texlive/2021/texmf-dist/tex/latex/hyperref/hyperref-langpatches.def
File: hyperref-langpatches.def 2021-06-07 v7.00m Hyperref: patches for babel languages
) (c:/texlive/2021/texmf-dist/tex/generic/intcalc/intcalc.sty
Package: intcalc 2019/12/15 v1.3 Expandable calculations with integers (HO)
) (c:/texlive/2021/texmf-dist/tex/generic/etexcmds/etexcmds.sty
Package: etexcmds 2019/12/15 v1.7 Avoid name clashes with e-TeX commands (HO)
)
\Hy@SavedSpaceFactor=\count295
 (c:/texlive/2021/texmf-dist/tex/latex/hyperref/puenc.def
File: puenc.def 2021-06-07 v7.00m Hyperref: PDF Unicode definition (HO)
Now handling font encoding PU ...
... no UTF-8 mapping file for font encoding PU
)
Package hyperref Info: Option `bookmarks' set `true' on input line 4073.
Package hyperref Info: Option `bookmarksopen' set `true' on input line 4073.
Package hyperref Info: Option `implicit' set `false' on input line 4073.
Package hyperref Info: Hyper figures OFF on input line 4192.
Package hyperref Info: Link nesting OFF on input line 4197.
Package hyperref Info: Hyper index ON on input line 4200.
Package hyperref Info: Plain pages OFF on input line 4207.
Package hyperref Info: Backreferencing OFF on input line 4212.
Package hyperref Info: Implicit mode OFF; no redefinition of LaTeX internals.
Package hyperref Info: Bookmarks ON on input line 4445.
\c@Hy@tempcnt=\count296
 (c:/texlive/2021/texmf-dist/tex/latex/url/url.sty
\Urlmuskip=\muskip16
Package: url 2013/09/16  ver 3.4  Verb mode for urls, etc.
)
LaTeX Info: Redefining \url on input line 4804.
\XeTeXLinkMargin=\dimen260
 (c:/texlive/2021/texmf-dist/tex/generic/bitset/bitset.sty
Package: bitset 2019/12/09 v1.3 Handle bit-vector datatype (HO)
 (c:/texlive/2021/texmf-dist/tex/generic/bigintcalc/bigintcalc.sty
Package: bigintcalc 2019/12/15 v1.5 Expandable calculations on big integers (HO)
))
\Fld@menulength=\count297
\Field@Width=\dimen261
\Fld@charsize=\dimen262
Package hyperref Info: Hyper figures OFF on input line 6076.
Package hyperref Info: Link nesting OFF on input line 6081.
Package hyperref Info: Hyper index ON on input line 6084.
Package hyperref Info: backreferencing OFF on input line 6091.
Package hyperref Info: Link coloring OFF on input line 6096.
Package hyperref Info: Link coloring with OCG OFF on input line 6101.
Package hyperref Info: PDF/A mode OFF on input line 6106.
LaTeX Info: Redefining \ref on input line 6146.
LaTeX Info: Redefining \pageref on input line 6150.
\Hy@abspage=\count298


Package hyperref Message: Stopped early.

)
Package hyperref Info: Driver (autodetected): hpdftex.
 (c:/texlive/2021/texmf-dist/tex/latex/hyperref/hpdftex.def
File: hpdftex.def 2021-06-07 v7.00m Hyperref driver for pdfTeX
 (c:/texlive/2021/texmf-dist/tex/latex/base/atveryend-ltx.sty
Package: atveryend-ltx 2020/08/19 v1.0a Emulation of the original atveryend package
with kernel methods
)
\Fld@listcount=\count299
\c@bookmark@seq@number=\count300
 (c:/texlive/2021/texmf-dist/tex/latex/rerunfilecheck/rerunfilecheck.sty
Package: rerunfilecheck 2019/12/05 v1.9 Rerun checks for auxiliary files (HO)
 (c:/texlive/2021/texmf-dist/tex/generic/uniquecounter/uniquecounter.sty
Package: uniquecounter 2019/12/15 v1.4 Provide unlimited unique counter (HO)
)
Package uniquecounter Info: New unique counter `rerunfilecheck' on input line 286.
)) (c:/texlive/2021/texmf-dist/tex/latex/beamer/beamerbaserequires.sty (c:/texlive/2021/texmf-dist/tex/latex/beamer/beamerbasecompatibility.sty) (c:/texlive/2021/texmf-dist/tex/latex/beamer/beamerbasefont.sty (c:/texlive/2021/texmf-dist/tex/latex/amsfonts/amssymb.sty
Package: amssymb 2013/01/14 v3.01 AMS font symbols
 (c:/texlive/2021/texmf-dist/tex/latex/amsfonts/amsfonts.sty
Package: amsfonts 2013/01/14 v3.01 Basic AMSFonts support
\@emptytoks=\toks30
\symAMSa=\mathgroup4
\symAMSb=\mathgroup5
LaTeX Font Info:    Redeclaring math symbol \hbar on input line 98.
LaTeX Font Info:    Overwriting math alphabet `\mathfrak' in version `bold'
(Font)                  U/euf/m/n --> U/euf/b/n on input line 106.
)) (c:/texlive/2021/texmf-dist/tex/latex/sansmathaccent/sansmathaccent.sty
Package: sansmathaccent 2020/01/31
 (c:/texlive/2021/texmf-dist/tex/latex/koma-script/scrlfile.sty
Package: scrlfile 2021/11/13 v3.35 KOMA-Script package (file load hooks)
 (c:/texlive/2021/texmf-dist/tex/latex/koma-script/scrlfile-hook.sty
Package: scrlfile-hook 2021/11/13 v3.35 KOMA-Script package (using LaTeX hooks)
 (c:/texlive/2021/texmf-dist/tex/latex/koma-script/scrlogo.sty
Package: scrlogo 2021/11/13 v3.35 KOMA-Script package (logo)
))))) (c:/texlive/2021/texmf-dist/tex/latex/beamer/beamerbasetranslator.sty (c:/texlive/2021/texmf-dist/tex/latex/translator/translator.sty
Package: translator 2021-05-31 v1.12d Easy translation of strings in LaTeX
)) (c:/texlive/2021/texmf-dist/tex/latex/beamer/beamerbasemisc.sty) (c:/texlive/2021/texmf-dist/tex/latex/beamer/beamerbasetwoscreens.sty) (c:/texlive/2021/texmf-dist/tex/latex/beamer/beamerbaseoverlay.sty
\beamer@argscount=\count301
\beamer@lastskipcover=\skip53
\beamer@trivlistdepth=\count302
) (c:/texlive/2021/texmf-dist/tex/latex/beamer/beamerbasetitle.sty) (c:/texlive/2021/texmf-dist/tex/latex/beamer/beamerbasesection.sty
\c@lecture=\count303
\c@part=\count304
\c@section=\count305
\c@subsection=\count306
\c@subsubsection=\count307
) (c:/texlive/2021/texmf-dist/tex/latex/beamer/beamerbaseframe.sty
\beamer@framebox=\box67
\beamer@frametitlebox=\box68
\beamer@zoombox=\box69
\beamer@zoomcount=\count308
\beamer@zoomframecount=\count309
\beamer@frametextheight=\dimen263
\c@subsectionslide=\count310
\beamer@frametopskip=\skip54
\beamer@framebottomskip=\skip55
\beamer@frametopskipautobreak=\skip56
\beamer@framebottomskipautobreak=\skip57
\beamer@envbody=\toks31
\framewidth=\dimen264
\c@framenumber=\count311
) (c:/texlive/2021/texmf-dist/tex/latex/beamer/beamerbaseverbatim.sty
\beamer@verbatimfileout=\write4
) (c:/texlive/2021/texmf-dist/tex/latex/beamer/beamerbaseframesize.sty
\beamer@splitbox=\box70
\beamer@autobreakcount=\count312
\beamer@autobreaklastheight=\dimen265
\beamer@frametitletoks=\toks32
\beamer@framesubtitletoks=\toks33
) (c:/texlive/2021/texmf-dist/tex/latex/beamer/beamerbaseframecomponents.sty
\beamer@footins=\box71
) (c:/texlive/2021/texmf-dist/tex/latex/beamer/beamerbasecolor.sty) (c:/texlive/2021/texmf-dist/tex/latex/beamer/beamerbasenotes.sty
\beamer@frameboxcopy=\box72
) (c:/texlive/2021/texmf-dist/tex/latex/beamer/beamerbasetoc.sty) (c:/texlive/2021/texmf-dist/tex/latex/beamer/beamerbasetemplates.sty
\beamer@sbttoks=\toks34
 (c:/texlive/2021/texmf-dist/tex/latex/beamer/beamerbaseauxtemplates.sty (c:/texlive/2021/texmf-dist/tex/latex/beamer/beamerbaseboxes.sty
\bmb@box=\box73
\bmb@colorbox=\box74
\bmb@boxwidth=\dimen266
\bmb@boxheight=\dimen267
\bmb@prevheight=\dimen268
\bmb@temp=\dimen269
\bmb@dima=\dimen270
\bmb@dimb=\dimen271
\bmb@prevheight=\dimen272
)
\beamer@blockheadheight=\dimen273
)) (c:/texlive/2021/texmf-dist/tex/latex/beamer/beamerbaselocalstructure.sty (c:/texlive/2021/texmf-dist/tex/latex/tools/enumerate.sty
Package: enumerate 2015/07/23 v3.00 enumerate extensions (DPC)
\@enLab=\toks35
)
\beamer@bibiconwidth=\skip58
\c@figure=\count313
\c@table=\count314
\abovecaptionskip=\skip59
\belowcaptionskip=\skip60
) (c:/texlive/2021/texmf-dist/tex/latex/beamer/beamerbasenavigation.sty
\beamer@section@min@dim=\dimen274
) (c:/texlive/2021/texmf-dist/tex/latex/beamer/beamerbasetheorems.sty (c:/texlive/2021/texmf-dist/tex/latex/amsmath/amsmath.sty
Package: amsmath 2021/10/15 v2.17l AMS math features
\@mathmargin=\skip61

For additional information on amsmath, use the `?' option.
(c:/texlive/2021/texmf-dist/tex/latex/amsmath/amstext.sty
Package: amstext 2021/08/26 v2.01 AMS text
 (c:/texlive/2021/texmf-dist/tex/latex/amsmath/amsgen.sty
File: amsgen.sty 1999/11/30 v2.0 generic functions
\@emptytoks=\toks36
\ex@=\dimen275
)) (c:/texlive/2021/texmf-dist/tex/latex/amsmath/amsbsy.sty
Package: amsbsy 1999/11/29 v1.2d Bold Symbols
\pmbraise@=\dimen276
) (c:/texlive/2021/texmf-dist/tex/latex/amsmath/amsopn.sty
Package: amsopn 2021/08/26 v2.02 operator names
)
\inf@bad=\count315
LaTeX Info: Redefining \frac on input line 234.
\uproot@=\count316
\leftroot@=\count317
LaTeX Info: Redefining \overline on input line 399.
\classnum@=\count318
\DOTSCASE@=\count319
LaTeX Info: Redefining \ldots on input line 496.
LaTeX Info: Redefining \dots on input line 499.
LaTeX Info: Redefining \cdots on input line 620.
\Mathstrutbox@=\box75
\strutbox@=\box76
\big@size=\dimen277
LaTeX Font Info:    Redeclaring font encoding OML on input line 743.
LaTeX Font Info:    Redeclaring font encoding OMS on input line 744.
\macc@depth=\count320
\c@MaxMatrixCols=\count321
\dotsspace@=\muskip17
\c@parentequation=\count322
\dspbrk@lvl=\count323
\tag@help=\toks37
\row@=\count324
\column@=\count325
\maxfields@=\count326
\andhelp@=\toks38
\eqnshift@=\dimen278
\alignsep@=\dimen279
\tagshift@=\dimen280
\tagwidth@=\dimen281
\totwidth@=\dimen282
\lineht@=\dimen283
\@envbody=\toks39
\multlinegap=\skip62
\multlinetaggap=\skip63
\mathdisplay@stack=\toks40
LaTeX Info: Redefining \[ on input line 2938.
LaTeX Info: Redefining \] on input line 2939.
) (c:/texlive/2021/texmf-dist/tex/latex/amscls/amsthm.sty
Package: amsthm 2020/05/29 v2.20.6
\thm@style=\toks41
\thm@bodyfont=\toks42
\thm@headfont=\toks43
\thm@notefont=\toks44
\thm@headpunct=\toks45
\thm@preskip=\skip64
\thm@postskip=\skip65
\thm@headsep=\skip66
\dth@everypar=\toks46
)
\c@theorem=\count327
) (c:/texlive/2021/texmf-dist/tex/latex/beamer/beamerbasethemes.sty)) (c:/texlive/2021/texmf-dist/tex/latex/beamer/beamerthemedefault.sty (c:/texlive/2021/texmf-dist/tex/latex/beamer/beamerfontthemedefault.sty) (c:/texlive/2021/texmf-dist/tex/latex/beamer/beamercolorthemedefault.sty) (c:/texlive/2021/texmf-dist/tex/latex/beamer/beamerinnerthemedefault.sty
\beamer@dima=\dimen284
\beamer@dimb=\dimen285
) (c:/texlive/2021/texmf-dist/tex/latex/beamer/beamerouterthemedefault.sty))) (c:/texlive/2021/texmf-dist/tex/latex/beamer/beamerthemeFrankfurt.sty (c:/texlive/2021/texmf-dist/tex/latex/beamer/beamerouterthemesmoothbars.sty) (c:/texlive/2021/texmf-dist/tex/latex/beamer/beamerinnerthemerounded.sty) (c:/texlive/2021/texmf-dist/tex/latex/beamer/beamercolorthemeorchid.sty) (c:/texlive/2021/texmf-dist/tex/latex/beamer/beamercolorthemewhale.sty)) (c:/texlive/2021/texmf-dist/tex/latex/beamer/beamercolorthemedove.sty) (c:/texlive/2021/texmf-dist/tex/latex/beamer/beamerfontthemeserif.sty) (c:/texlive/2021/texmf-dist/tex/latex/newtx/newtxtext.sty
Package: newtxtext 2022/01/09 v1.704(Michael Sharpe) latex and unicode latex support for TeXGyreTermesX
 `newtxtext' v1.704, 2022/01/09 Text macros taking advantage of TeXGyre Termes and its extensions (msharpe) (c:/texlive/2021/texmf-dist/tex/latex/base/fontenc.sty
Package: fontenc 2021/04/29 v2.0v Standard LaTeX package
) (c:/texlive/2021/texmf-dist/tex/generic/iftex/ifxetex.sty
Package: ifxetex 2019/10/25 v0.7 ifxetex legacy package. Use iftex instead.
) (c:/texlive/2021/texmf-dist/tex/generic/iftex/ifluatex.sty
Package: ifluatex 2019/10/25 v1.5 ifluatex legacy package. Use iftex instead.
) (c:/texlive/2021/texmf-dist/tex/latex/xkeyval/xkeyval.sty
Package: xkeyval 2020/11/20 v2.8 package option processing (HA)
 (c:/texlive/2021/texmf-dist/tex/generic/xkeyval/xkeyval.tex (c:/texlive/2021/texmf-dist/tex/generic/xkeyval/xkvutils.tex
\XKV@toks=\toks47
\XKV@tempa@toks=\toks48
)
\XKV@depth=\count328
File: xkeyval.tex 2014/12/03 v2.7a key=value parser (HA)
)) (c:/texlive/2021/texmf-dist/tex/latex/base/textcomp.sty
Package: textcomp 2020/02/02 v2.0n Standard LaTeX package
) (c:/texlive/2021/texmf-dist/tex/generic/xstring/xstring.sty (c:/texlive/2021/texmf-dist/tex/generic/xstring/xstring.tex
\integerpart=\count329
\decimalpart=\count330
)
Package: xstring 2021/07/21 v1.84 String manipulations (CT)
) (c:/texlive/2021/texmf-dist/tex/latex/base/ifthen.sty
Package: ifthen 2020/11/24 v1.1c Standard LaTeX ifthen package (DPC)
) (c:/texlive/2021/texmf-dist/tex/latex/carlisle/scalefnt.sty)
LaTeX Font Info:    Setting ntxLF sub-encoding to TS1/0 on input line 27.
LaTeX Font Info:    Setting ntxTLF sub-encoding to TS1/0 on input line 27.
LaTeX Font Info:    Setting ntxOsF sub-encoding to TS1/0 on input line 27.
LaTeX Font Info:    Setting ntxTOsF sub-encoding to TS1/0 on input line 27.
 (c:/texlive/2021/texmf-dist/tex/generic/kastrup/binhex.tex)
\ntx@tmpcnta=\count331
\ntx@cnt=\count332
 (c:/texlive/2021/texmf-dist/tex/latex/fontaxes/fontaxes.sty
Package: fontaxes 2020/07/21 v1.0e Font selection axes
LaTeX Info: Redefining \upshape on input line 29.
LaTeX Info: Redefining \itshape on input line 31.
LaTeX Info: Redefining \slshape on input line 33.
LaTeX Info: Redefining \swshape on input line 35.
LaTeX Info: Redefining \scshape on input line 37.
LaTeX Info: Redefining \sscshape on input line 39.
LaTeX Info: Redefining \ulcshape on input line 41.
LaTeX Info: Redefining \textsw on input line 47.
LaTeX Info: Redefining \textssc on input line 48.
LaTeX Info: Redefining \textulc on input line 49.
)
LaTeX Info: Redefining \textsu on input line 546.
LaTeX Info: Redefining \oldstylenums on input line 633.
) (c:/texlive/2021/texmf-dist/tex/latex/newtx/newtxmath.sty
Package: newtxmath 2021/12/18 v1.7
 `newtxmath' v1.7, 2021/12/18 Math macros based originally on txfonts (msharpe) (c:/texlive/2021/texmf-dist/tex/latex/oberdiek/centernot.sty
Package: centernot 2016/05/16 v1.4 Centers the not symbol horizontally (HO)
)
\tx@cntz=\count333
 (c:/texlive/2021/texmf-dist/tex/generic/kastrup/binhex.tex)
\tx@Isdigit=\count334
\tx@IsAlNum=\count335
\tx@tA=\toks49
\tx@tB=\toks50
\tx@su=\read3

amsthm NOT loaded
LaTeX Font Info:    Redeclaring symbol font `operators' on input line 373.
LaTeX Font Info:    Overwriting symbol font `operators' in version `normal'
(Font)                  OT1/cmr/m/n --> OT1/ntxtlf/m/n on input line 373.
LaTeX Font Info:    Overwriting symbol font `operators' in version `bold'
(Font)                  OT1/cmr/bx/n --> OT1/ntxtlf/m/n on input line 373.
LaTeX Font Info:    Overwriting symbol font `operators' in version `bold'
(Font)                  OT1/ntxtlf/m/n --> OT1/ntxtlf/b/n on input line 374.
LaTeX Font Info:    Redeclaring math alphabet \mathsf on input line 380.
LaTeX Font Info:    Overwriting math alphabet `\mathsf' in version `normal'
(Font)                  OT1/cmss/m/n --> T1/qhv/m/n on input line 380.
LaTeX Font Info:    Overwriting math alphabet `\mathsf' in version `bold'
(Font)                  OT1/cmss/bx/n --> T1/qhv/m/n on input line 380.
LaTeX Font Info:    Redeclaring math alphabet \mathit on input line 381.
LaTeX Font Info:    Overwriting math alphabet `\mathit' in version `normal'
(Font)                  OT1/cmr/m/it --> OT1/ntxtlf/m/it on input line 381.
LaTeX Font Info:    Overwriting math alphabet `\mathit' in version `bold'
(Font)                  OT1/cmr/bx/it --> OT1/ntxtlf/m/it on input line 381.
LaTeX Font Info:    Redeclaring math alphabet \mathtt on input line 382.
LaTeX Font Info:    Overwriting math alphabet `\mathtt' in version `normal'
(Font)                  OT1/cmtt/m/n --> T1/ntxtt/m/n on input line 382.
LaTeX Font Info:    Overwriting math alphabet `\mathtt' in version `bold'
(Font)                  OT1/cmtt/m/n --> T1/ntxtt/m/n on input line 382.
LaTeX Font Info:    Redeclaring math alphabet \mathbf on input line 384.
LaTeX Font Info:    Overwriting math alphabet `\mathbf' in version `normal'
(Font)                  OT1/cmr/bx/n --> OT1/ntxtlf/b/n on input line 384.
LaTeX Font Info:    Overwriting math alphabet `\mathbf' in version `bold'
(Font)                  OT1/cmr/bx/n --> OT1/ntxtlf/b/n on input line 384.
LaTeX Font Info:    Overwriting math alphabet `\mathit' in version `bold'
(Font)                  OT1/ntxtlf/m/it --> OT1/ntxtlf/b/it on input line 385.
LaTeX Font Info:    Overwriting math alphabet `\mathsf' in version `bold'
(Font)                  T1/qhv/m/n --> T1/qhv/b/n on input line 386.
LaTeX Font Info:    Overwriting math alphabet `\mathtt' in version `bold'
(Font)                  T1/ntxtt/m/n --> T1/ntxtt/b/n on input line 387.
LaTeX Font Info:    Redeclaring symbol font `letters' on input line 488.
LaTeX Font Info:    Overwriting symbol font `letters' in version `normal'
(Font)                  OML/cmm/m/it --> OML/ntxmi/m/it on input line 488.
LaTeX Font Info:    Overwriting symbol font `letters' in version `bold'
(Font)                  OML/cmm/b/it --> OML/ntxmi/m/it on input line 488.
LaTeX Font Info:    Overwriting symbol font `letters' in version `bold'
(Font)                  OML/ntxmi/m/it --> OML/ntxmi/b/it on input line 489.
\symlettersA=\mathgroup6
LaTeX Font Info:    Overwriting symbol font `lettersA' in version `bold'
(Font)                  U/ntxmia/m/it --> U/ntxmia/b/it on input line 544.
LaTeX Font Info:    Redeclaring math alphabet \mathfrak on input line 546.
Now handling font encoding LMS ...
... no UTF-8 mapping file for font encoding LMS
LaTeX Font Info:    Redeclaring symbol font `symbols' on input line 565.
LaTeX Font Info:    Encoding `OMS' has changed to `LMS' for symbol font
(Font)              `symbols' in the math version `normal' on input line 565.
LaTeX Font Info:    Overwriting symbol font `symbols' in version `normal'
(Font)                  OMS/cmsy/m/n --> LMS/ntxsy/m/n on input line 565.
LaTeX Font Info:    Encoding `OMS' has changed to `LMS' for symbol font
(Font)              `symbols' in the math version `bold' on input line 565.
LaTeX Font Info:    Overwriting symbol font `symbols' in version `bold'
(Font)                  OMS/cmsy/b/n --> LMS/ntxsy/m/n on input line 565.
LaTeX Font Info:    Overwriting symbol font `symbols' in version `bold'
(Font)                  LMS/ntxsy/m/n --> LMS/ntxsy/b/n on input line 566.
\symAMSm=\mathgroup7
LaTeX Font Info:    Overwriting symbol font `AMSm' in version `bold'
(Font)                  U/ntxsym/m/n --> U/ntxsym/b/n on input line 591.
\symsymbolsC=\mathgroup8
LaTeX Font Info:    Overwriting symbol font `symbolsC' in version `bold'
(Font)                  U/ntxsyc/m/n --> U/ntxsyc/b/n on input line 612.
Now handling font encoding LMX ...
... no UTF-8 mapping file for font encoding LMX
LaTeX Font Info:    Redeclaring symbol font `largesymbols' on input line 625.
LaTeX Font Info:    Encoding `OMX' has changed to `LMX' for symbol font
(Font)              `largesymbols' in the math version `normal' on input line 625.
LaTeX Font Info:    Overwriting symbol font `largesymbols' in version `normal'
(Font)                  OMX/cmex/m/n --> LMX/ntxexx/m/n on input line 625.
LaTeX Font Info:    Encoding `OMX' has changed to `LMX' for symbol font
(Font)              `largesymbols' in the math version `bold' on input line 625.
LaTeX Font Info:    Overwriting symbol font `largesymbols' in version `bold'
(Font)                  OMX/cmex/m/n --> LMX/ntxexx/m/n on input line 625.
LaTeX Font Info:    Overwriting symbol font `largesymbols' in version `bold'
(Font)                  LMX/ntxexx/m/n --> LMX/ntxexx/b/n on input line 626.
\symlargesymbolsTXA=\mathgroup9
LaTeX Font Info:    Overwriting symbol font `largesymbolsTXA' in version `bold'
(Font)                  U/ntxexa/m/n --> U/ntxexa/b/n on input line 640.
\tx@sbptoks=\toks51
LaTeX Font Info:    Redeclaring math delimiter \lfloor on input line 863.
LaTeX Font Info:    Redeclaring math delimiter \rfloor on input line 864.
LaTeX Font Info:    Redeclaring math delimiter \lceil on input line 865.
LaTeX Font Info:    Redeclaring math delimiter \rceil on input line 866.
LaTeX Font Info:    Redeclaring math delimiter \lbrace on input line 867.
LaTeX Font Info:    Redeclaring math delimiter \rbrace on input line 868.
LaTeX Font Info:    Redeclaring math delimiter \langle on input line 869.
LaTeX Font Info:    Redeclaring math delimiter \rangle on input line 871.
LaTeX Font Info:    Redeclaring math delimiter \arrowvert on input line 875.
LaTeX Font Info:    Redeclaring math delimiter \vert on input line 876.
LaTeX Font Info:    Redeclaring math accent \dot on input line 947.
LaTeX Font Info:    Redeclaring math accent \ddot on input line 948.
LaTeX Font Info:    Redeclaring math accent \vec on input line 2017.
LaTeX Info: Redefining \Bbbk on input line 2807.
LaTeX Info: Redefining \not on input line 2956.
LaTeX Info: Redefining \textsquare on input line 2986.
LaTeX Info: Redefining \openbox on input line 2988.
) (c:/texlive/2021/texmf-dist/tex/latex/booktabs/booktabs.sty
Package: booktabs 2020/01/12 v1.61803398 Publication quality tables
\heavyrulewidth=\dimen286
\lightrulewidth=\dimen287
\cmidrulewidth=\dimen288
\belowrulesep=\dimen289
\belowbottomsep=\dimen290
\aboverulesep=\dimen291
\abovetopsep=\dimen292
\cmidrulesep=\dimen293
\cmidrulekern=\dimen294
\defaultaddspace=\dimen295
\@cmidla=\count336
\@cmidlb=\count337
\@aboverulesep=\dimen296
\@belowrulesep=\dimen297
\@thisruleclass=\count338
\@lastruleclass=\count339
\@thisrulewidth=\dimen298
) (c:/texlive/2021/texmf-dist/tex/latex/subfig/subfig.sty
Package: subfig 2005/06/28 ver: 1.3 subfig package
 (c:/texlive/2021/texmf-dist/tex/latex/caption/caption.sty
Package: caption 2020/10/26 v3.5g Customizing captions (AR)
 (c:/texlive/2021/texmf-dist/tex/latex/caption/caption3.sty
Package: caption3 2020/10/21 v2.2e caption3 kernel (AR)
\captionmargin=\dimen299
\captionmargin@=\dimen300
\captionwidth=\dimen301
\caption@tempdima=\dimen302
\caption@indent=\dimen303
\caption@parindent=\dimen304
\caption@hangindent=\dimen305
Package caption Info: beamer document class detected.
 (c:/texlive/2021/texmf-dist/tex/latex/caption/caption-beamer.sto
File: caption-beamer.sto 2020/08/22 v2.0 Adaption of the caption package to the beamer document classes (AR)
))
\c@caption@flags=\count340
\c@continuedfloat=\count341
Package caption Info: hyperref package is loaded.
Package caption Info: Hyperref support is turned off
(caption)             because hyperref has stopped early.
)
\c@KVtest=\count342
\sf@farskip=\skip67
\sf@captopadj=\dimen306
\sf@capskip=\skip68
\sf@nearskip=\skip69
\c@subfigure=\count343
\c@subfigure@save=\count344
\c@depth=\count345
\c@subtable=\count346
\c@subtable@save=\count347
\sf@top=\skip70
\sf@bottom=\skip71
) (c:/texlive/2021/texmf-dist/tex/latex/pgf/basiclayer/pgf.sty
Package: pgf 2021/05/15 v3.1.9a (3.1.9a)
 (c:/texlive/2021/texmf-dist/tex/generic/pgf/modules/pgfmoduleshapes.code.tex
File: pgfmoduleshapes.code.tex 2021/05/15 v3.1.9a (3.1.9a)
\pgfnodeparttextbox=\box77
) (c:/texlive/2021/texmf-dist/tex/generic/pgf/modules/pgfmoduleplot.code.tex
File: pgfmoduleplot.code.tex 2021/05/15 v3.1.9a (3.1.9a)
) (c:/texlive/2021/texmf-dist/tex/latex/pgf/compatibility/pgfcomp-version-0-65.sty
Package: pgfcomp-version-0-65 2021/05/15 v3.1.9a (3.1.9a)
\pgf@nodesepstart=\dimen307
\pgf@nodesepend=\dimen308
) (c:/texlive/2021/texmf-dist/tex/latex/pgf/compatibility/pgfcomp-version-1-18.sty
Package: pgfcomp-version-1-18 2021/05/15 v3.1.9a (3.1.9a)
)) (c:/texlive/2021/texmf-dist/tex/latex/multirow/multirow.sty
Package: multirow 2021/03/15 v2.8 Span multiple rows of a table
\multirow@colwidth=\skip72
\multirow@cntb=\count348
\multirow@dima=\skip73
\bigstrutjot=\dimen309
) (c:/texlive/2021/texmf-dist/tex/latex/appendixnumberbeamer/appendixnumberbeamer.sty) (c:/texlive/2021/texmf-dist/tex/latex/bookmark/bookmark.sty
Package: bookmark 2020-11-06 v1.29 PDF bookmarks (HO)
 (c:/texlive/2021/texmf-dist/tex/latex/bookmark/bkm-pdftex.def
File: bkm-pdftex.def 2020-11-06 v1.29 bookmark driver for pdfTeX (HO)
\BKM@id=\count349
)) (c:/texlive/2021/texmf-dist/tex/latex/siunitx/siunitx.sty
Package: siunitx 2022-01-05 v3.0.39 A comprehensive (SI) units package
\l__siunitx_angle_tmp_dim=\dimen310
\l__siunitx_angle_marker_box=\box78
\l__siunitx_angle_unit_box=\box79
\l__siunitx_compound_count_int=\count350
 (c:/texlive/2021/texmf-dist/tex/latex/translations/translations.sty
Package: translations 2022/01/04 v1.11 internationalization of LaTeX2e packages (CN)
)
\l__siunitx_number_exponent_fixed_int=\count351
\l__siunitx_number_min_decimal_int=\count352
\l__siunitx_number_min_integer_int=\count353
\l__siunitx_number_round_precision_int=\count354
\l__siunitx_number_group_minimum_int=\count355
\l__siunitx_table_tmp_box=\box80
\l__siunitx_table_tmp_dim=\dimen311
\l__siunitx_table_column_width_dim=\dimen312
\l__siunitx_table_integer_box=\box81
\l__siunitx_table_decimal_box=\box82
\l__siunitx_table_before_box=\box83
\l__siunitx_table_after_box=\box84
\l__siunitx_table_before_dim=\dimen313
\l__siunitx_table_carry_dim=\dimen314
\l__siunitx_unit_tmp_int=\count356
\l__siunitx_unit_position_int=\count357
\l__siunitx_unit_total_int=\count358
 (c:/texlive/2021/texmf-dist/tex/latex/l3packages/l3keys2e/l3keys2e.sty (c:/texlive/2021/texmf-dist/tex/latex/l3kernel/expl3.sty
Package: expl3 2021-11-22 L3 programming layer (loader) 
 (c:/texlive/2021/texmf-dist/tex/latex/l3backend/l3backend-pdftex.def
File: l3backend-pdftex.def 2021-12-14 L3 backend support: PDF output (pdfTeX)
\l__color_backend_stack_int=\count359
\l__pdf_internal_box=\box85
))
Package: l3keys2e 2021-11-12 LaTeX2e option processing using LaTeX3 keys
)) (c:/texlive/2021/texmf-dist/tex/latex/animate/animate.sty
Package: animate 2021/11/09 PDF & SVG animations from files and inline graphics
 (c:/texlive/2021/texmf-dist/tex/latex/oberdiek/ifdraft.sty
Package: ifdraft 2016/05/16 v1.4 Detect class options draft and final (HO)
) (c:/texlive/2021/texmf-dist/tex/latex/tools/calc.sty
Package: calc 2017/05/25 v4.3 Infix arithmetic (KKT,FJ)
\calc@Acount=\count360
\calc@Bcount=\count361
\calc@Adimen=\dimen315
\calc@Bdimen=\dimen316
\calc@Askip=\skip74
\calc@Bskip=\skip75
LaTeX Info: Redefining \setlength on input line 80.
LaTeX Info: Redefining \addtolength on input line 81.
\calc@Ccount=\count362
\calc@Cskip=\skip76
) (c:/texlive/2021/texmf-dist/tex/latex/zref/zref-abspage.sty
Package: zref-abspage 2020-07-03 v2.32 Module abspage for zref (HO)
 (c:/texlive/2021/texmf-dist/tex/latex/zref/zref-base.sty
Package: zref-base 2020-07-03 v2.32 Module base for zref (HO)
Package zref Info: New property list: main on input line 764.
Package zref Info: New property: default on input line 765.
Package zref Info: New property: page on input line 766.
)
\c@abspage=\count363
Package zref Info: New property: abspage on input line 66.
) (c:/texlive/2021/texmf-dist/tex/latex/media9/pdfbase.sty
Package: pdfbase 2021/09/12 v0.53 driver independent access to low-level PDF features
\g_pbs_page_int=\count364
\g_pbs_oc_int=\count365
) (c:/texlive/2021/texmf-dist/tex/latex/ocgx2/ocgbase.sty
Package: ocgbase 2021/06/11 v0.20 support package for ocgx2.sty
\g_ocgbase_nd_int=\count366
)
\@anim@box=\box86
\@anim@measbox=\box87
\@anim@tmpdima=\dimen317
\@anim@tmpdimb=\dimen318
\@anim@num=\count367
\@anim@curframe=\count368
\@anim@curframe@zb=\count369
\@anim@resizeflags=\count370
\@anim@skipfram=\count371
\@anim@mulframecnt=\count372
\@anim@@tmlnfile=\read4
\@anim@tmpcnt=\count373
\c@@anim@ltxcnt=\count374
\@anim@curlayer=\count375
\@anim@lineno=\count376
\@anim@curfield=\count377
\@anim@@resizeflags=\count378
) (c:/texlive/2021/texmf-dist/tex/generic/soul/soul.sty
Package: soul 2003/11/17 v2.4 letterspacing/underlining (mf)
\SOUL@word=\toks52
\SOUL@lasttoken=\toks53
\SOUL@cmds=\toks54
\SOUL@buffer=\toks55
\SOUL@token=\toks56
\SOUL@spaceskip=\skip77
\SOUL@ttwidth=\dimen319
\SOUL@uldp=\dimen320
\SOUL@ulht=\dimen321
) (c:/texlive/2021/texmf-dist/tex/latex/psnfss/pifont.sty
Package: pifont 2020/03/25 PSNFSS-v9.3 Pi font support (SPQR) 
LaTeX Font Info:    Trying to load font information for U+pzd on input line 63.
 (c:/texlive/2021/texmf-dist/tex/latex/psnfss/upzd.fd
File: upzd.fd 2001/06/04 font definitions for U/pzd.
)
LaTeX Font Info:    Trying to load font information for U+psy on input line 64.
 (c:/texlive/2021/texmf-dist/tex/latex/psnfss/upsy.fd
File: upsy.fd 2001/06/04 font definitions for U/psy.
))
LaTeX Font Info:    Trying to load font information for T1+ntxtlf on input line 133.
 (c:/texlive/2021/texmf-dist/tex/latex/newtx/t1ntxtlf.fd
File: t1ntxtlf.fd 2021/05/24 v1.1 font definition file for T1/ntx/tlf
)
LaTeX Font Info:    Font shape `T1/ntxtlf/m/n' will be
(Font)              scaled to size 10.95pt on input line 133.
Package translations Info: No language package found. I am going to use `english' as default language. on input line 133.
 (./Presentation.aux)
\openout1 = `Presentation.aux'.

LaTeX Font Info:    Checking defaults for OML/ntxmi/m/it on input line 133.
LaTeX Font Info:    Trying to load font information for OML+ntxmi on input line 133.
 (c:/texlive/2021/texmf-dist/tex/latex/newtx/omlntxmi.fd
File: omlntxmi.fd 2015/08/25 Fontinst v1.933 font definitions for OML/ntxmi.
)
LaTeX Font Info:    ... okay on input line 133.
LaTeX Font Info:    Checking defaults for OMS/cmsy/m/n on input line 133.
LaTeX Font Info:    ... okay on input line 133.
LaTeX Font Info:    Checking defaults for OT1/cmr/m/n on input line 133.
LaTeX Font Info:    ... okay on input line 133.
LaTeX Font Info:    Checking defaults for T1/cmr/m/n on input line 133.
LaTeX Font Info:    ... okay on input line 133.
LaTeX Font Info:    Checking defaults for TS1/cmr/m/n on input line 133.
LaTeX Font Info:    ... okay on input line 133.
LaTeX Font Info:    Checking defaults for OMX/cmex/m/n on input line 133.
LaTeX Font Info:    ... okay on input line 133.
LaTeX Font Info:    Checking defaults for U/ntxexa/m/n on input line 133.
LaTeX Font Info:    Trying to load font information for U+ntxexa on input line 133.
 (c:/texlive/2021/texmf-dist/tex/latex/newtx/untxexa.fd
File: untxexa.fd 2012/04/16 Fontinst v1.933 font definitions for U/ntxexa.
)
LaTeX Font Info:    ... okay on input line 133.
LaTeX Font Info:    Checking defaults for PD1/pdf/m/n on input line 133.
LaTeX Font Info:    ... okay on input line 133.
LaTeX Font Info:    Checking defaults for PU/pdf/m/n on input line 133.
LaTeX Font Info:    ... okay on input line 133.
LaTeX Font Info:    Checking defaults for LMS/ntxsy/m/n on input line 133.
LaTeX Font Info:    Trying to load font information for LMS+ntxsy on input line 133.
 (c:/texlive/2021/texmf-dist/tex/latex/newtx/lmsntxsy.fd
File: lmsntxsy.fd 2016/07/02 Fontinst v1.933 font definitions for LMS/ntxsy.
)
LaTeX Font Info:    ... okay on input line 133.
LaTeX Font Info:    Checking defaults for LMX/ntxexx/m/n on input line 133.
LaTeX Font Info:    Trying to load font information for LMX+ntxexx on input line 133.
 (c:/texlive/2021/texmf-dist/tex/latex/newtx/lmxntxexx.fd
File: lmxntxexx.fd 2016/07/03 Fontinst v1.933 font definitions for LMX/ntxexx.
)
LaTeX Font Info:    ... okay on input line 133.

*geometry* driver: auto-detecting
*geometry* detected driver: pdftex
*geometry* verbose mode - [ preamble ] result:
* driver: pdftex
* paper: custom
* layout: <same size as paper>
* layoutoffset:(h,v)=(0.0pt,0.0pt)
* modes: includehead includefoot 
* h-part:(L,W,R)=(28.45274pt, 307.28987pt, 28.45274pt)
* v-part:(T,H,B)=(0.0pt, 273.14662pt, 0.0pt)
* \paperwidth=364.19536pt
* \paperheight=273.14662pt
* \textwidth=307.28987pt
* \textheight=244.6939pt
* \oddsidemargin=-43.81725pt
* \evensidemargin=-43.81725pt
* \topmargin=-72.26999pt
* \headheight=14.22636pt
* \headsep=0.0pt
* \topskip=11.0pt
* \footskip=14.22636pt
* \marginparwidth=4.0pt
* \marginparsep=10.0pt
* \columnsep=10.0pt
* \skip\footins=10.0pt plus 4.0pt minus 2.0pt
* \hoffset=0.0pt
* \voffset=0.0pt
* \mag=1000
* \@twocolumnfalse
* \@twosidefalse
* \@mparswitchfalse
* \@reversemarginfalse
* (1in=72.27pt=25.4mm, 1cm=28.453pt)

(c:/texlive/2021/texmf-dist/tex/context/base/mkii/supp-pdf.mkii
[Loading MPS to PDF converter (version 2006.09.02).]
\scratchcounter=\count379
\scratchdimen=\dimen322
\scratchbox=\box88
\nofMPsegments=\count380
\nofMParguments=\count381
\everyMPshowfont=\toks57
\MPscratchCnt=\count382
\MPscratchDim=\dimen323
\MPnumerator=\count383
\makeMPintoPDFobject=\count384
\everyMPtoPDFconversion=\toks58
) (c:/texlive/2021/texmf-dist/tex/latex/epstopdf-pkg/epstopdf-base.sty
Package: epstopdf-base 2020-01-24 v2.11 Base part for package epstopdf
Package epstopdf-base Info: Redefining graphics rule for `.eps' on input line 485.
 (c:/texlive/2021/texmf-dist/tex/latex/latexconfig/epstopdf-sys.cfg
File: epstopdf-sys.cfg 2010/07/13 v1.3 Configuration of (r)epstopdf for TeX Live
))
Package hyperref Info: Link coloring OFF on input line 133.
 (c:/texlive/2021/texmf-dist/tex/latex/hyperref/nameref.sty
Package: nameref 2021-04-02 v2.47 Cross-referencing by name of section
 (c:/texlive/2021/texmf-dist/tex/latex/refcount/refcount.sty
Package: refcount 2019/12/15 v3.6 Data extraction from label references (HO)
) (c:/texlive/2021/texmf-dist/tex/generic/gettitlestring/gettitlestring.sty
Package: gettitlestring 2019/12/15 v1.6 Cleanup title references (HO)
)
\c@section@level=\count385
)
LaTeX Info: Redefining \ref on input line 133.
LaTeX Info: Redefining \pageref on input line 133.
LaTeX Info: Redefining \nameref on input line 133.
\symnumbers=\mathgroup10
\sympureletters=\mathgroup11
LaTeX Font Info:    Overwriting math alphabet `\mathrm' in version `normal'
(Font)                  OT1/ntxtlf/m/n --> T1/ntxtlf/m/n on input line 133.
LaTeX Font Info:    Redeclaring math alphabet \mathbf on input line 133.
LaTeX Font Info:    Overwriting math alphabet `\mathbf' in version `normal'
(Font)                  OT1/ntxtlf/b/n --> T1/ntxtlf/b/n on input line 133.
LaTeX Font Info:    Overwriting math alphabet `\mathbf' in version `bold'
(Font)                  OT1/ntxtlf/b/n --> T1/ntxtlf/b/n on input line 133.
LaTeX Font Info:    Redeclaring math alphabet \mathsf on input line 133.
LaTeX Font Info:    Overwriting math alphabet `\mathsf' in version `normal'
(Font)                  T1/qhv/m/n --> T1/qhv/m/n on input line 133.
LaTeX Font Info:    Overwriting math alphabet `\mathsf' in version `bold'
(Font)                  T1/qhv/b/n --> T1/qhv/m/n on input line 133.
LaTeX Font Info:    Redeclaring math alphabet \mathit on input line 133.
LaTeX Font Info:    Overwriting math alphabet `\mathit' in version `normal'
(Font)                  OT1/ntxtlf/m/it --> T1/ntxtlf/m/it on input line 133.
LaTeX Font Info:    Overwriting math alphabet `\mathit' in version `bold'
(Font)                  OT1/ntxtlf/b/it --> T1/ntxtlf/m/it on input line 133.
LaTeX Font Info:    Redeclaring math alphabet \mathtt on input line 133.
LaTeX Font Info:    Overwriting math alphabet `\mathtt' in version `normal'
(Font)                  T1/ntxtt/m/n --> T1/ntxtt/m/n on input line 133.
LaTeX Font Info:    Overwriting math alphabet `\mathtt' in version `bold'
(Font)                  T1/ntxtt/b/n --> T1/ntxtt/m/n on input line 133.
LaTeX Font Info:    Overwriting symbol font `numbers' in version `bold'
(Font)                  T1/ntxtlf/m/n --> T1/ntxtlf/b/n on input line 133.
LaTeX Font Info:    Overwriting symbol font `pureletters' in version `bold'
(Font)                  T1/ntxtlf/m/it --> T1/ntxtlf/b/it on input line 133.
LaTeX Font Info:    Overwriting math alphabet `\mathrm' in version `bold'
(Font)                  OT1/ntxtlf/b/n --> T1/ntxtlf/b/n on input line 133.
LaTeX Font Info:    Overwriting math alphabet `\mathbf' in version `bold'
(Font)                  T1/ntxtlf/b/n --> T1/ntxtlf/b/n on input line 133.
LaTeX Font Info:    Overwriting math alphabet `\mathsf' in version `bold'
(Font)                  T1/qhv/m/n --> T1/qhv/b/n on input line 133.
LaTeX Font Info:    Overwriting math alphabet `\mathit' in version `bold'
(Font)                  T1/ntxtlf/m/it --> T1/ntxtlf/b/it on input line 133.
LaTeX Font Info:    Overwriting math alphabet `\mathtt' in version `bold'
(Font)                  T1/ntxtt/m/n --> T1/ntxtt/b/n on input line 133.
 (c:/texlive/2021/texmf-dist/tex/latex/translator/translator-basic-dictionary-English.dict
Dictionary: translator-basic-dictionary, Language: English 
) (c:/texlive/2021/texmf-dist/tex/latex/translator/translator-bibliography-dictionary-English.dict
Dictionary: translator-bibliography-dictionary, Language: English 
) (c:/texlive/2021/texmf-dist/tex/latex/translator/translator-environment-dictionary-English.dict
Dictionary: translator-environment-dictionary, Language: English 
) (c:/texlive/2021/texmf-dist/tex/latex/translator/translator-months-dictionary-English.dict
Dictionary: translator-months-dictionary, Language: English 
) (c:/texlive/2021/texmf-dist/tex/latex/translator/translator-numbers-dictionary-English.dict
Dictionary: translator-numbers-dictionary, Language: English 
) (c:/texlive/2021/texmf-dist/tex/latex/translator/translator-theorem-dictionary-English.dict
Dictionary: translator-theorem-dictionary, Language: English 
)
LaTeX Font Info:    Font shape `T1/ntxtlf/m/n' will be
(Font)              scaled to size 6.0pt on input line 133.
\c@mv@tabular=\count386
\c@mv@boldtabular=\count387
Package caption Info: Begin \AtBeginDocument code.
Package caption Info: subfig package v1.3 is loaded.
Package caption Info: End \AtBeginDocument code.
 (c:/texlive/2021/texmf-dist/tex/latex/translations/translations-basic-dictionary-english.trsl
File: translations-basic-dictionary-english.trsl (english translation file `translations-basic-dictionary')
)
Package translations Info: loading dictionary `translations-basic-dictionary' for `english'. on input line 133.
 (./Presentation.nav)
LaTeX Font Info:    Font shape `T1/ntxtlf/m/n' will be
(Font)              scaled to size 14.4pt on input line 137.
LaTeX Font Info:    Font shape `T1/ntxtlf/m/n' will be
(Font)              scaled to size 8.0pt on input line 137.
LaTeX Font Info:    Font shape `T1/ntxtlf/m/n' will be
(Font)              scaled to size 4.0pt on input line 137.
<Pictures/00_Unibe_Logo.png, id=22, 770.88pt x 770.88pt>
File: Pictures/00_Unibe_Logo.png Graphic file (type png)
<use Pictures/00_Unibe_Logo.png>
Package pdftex.def Info: Pictures/00_Unibe_Logo.png  used on input line 137.
(pdftex.def)             Requested size: 36.42175pt x 36.4172pt.
 [1{c:/texlive/2021/texmf-var/fonts/map/pdftex/updmap/pdftex.map}

 <./Pictures/00_Unibe_Logo.png>]
<PP/UMAT-000.png, id=54, 1284.8pt x 481.8pt>
File: PP/UMAT-000.png Graphic file (type png)
<use PP/UMAT-000.png>
Package pdftex.def Info: PP/UMAT-000.png  used on input line 151.
(pdftex.def)             Requested size: 1284.79688pt x 481.79881pt.
 <./PP/UMAT-000.png> <a0,fr0>
<PP/UMAT-001.png, id=64, 1284.8pt x 481.8pt>
File: PP/UMAT-001.png Graphic file (type png)
<use PP/UMAT-001.png>
Package pdftex.def Info: PP/UMAT-001.png  used on input line 151.
(pdftex.def)             Requested size: 1284.79688pt x 481.79881pt.
 <./PP/UMAT-001.png> <a0,fr1>
<PP/UMAT-002.png, id=73, 1284.8pt x 481.8pt>
File: PP/UMAT-002.png Graphic file (type png)
<use PP/UMAT-002.png>
Package pdftex.def Info: PP/UMAT-002.png  used on input line 151.
(pdftex.def)             Requested size: 1284.79688pt x 481.79881pt.
 <./PP/UMAT-002.png> <a0,fr2>
<PP/UMAT-003.png, id=82, 1284.8pt x 481.8pt>
File: PP/UMAT-003.png Graphic file (type png)
<use PP/UMAT-003.png>
Package pdftex.def Info: PP/UMAT-003.png  used on input line 151.
(pdftex.def)             Requested size: 1284.79688pt x 481.79881pt.
 <./PP/UMAT-003.png> <a0,fr3>
<PP/UMAT-004.png, id=91, 1284.8pt x 481.8pt>
File: PP/UMAT-004.png Graphic file (type png)
<use PP/UMAT-004.png>
Package pdftex.def Info: PP/UMAT-004.png  used on input line 151.
(pdftex.def)             Requested size: 1284.79688pt x 481.79881pt.
 <./PP/UMAT-004.png> <a0,fr4>
<PP/UMAT-005.png, id=100, 1284.8pt x 481.8pt>
File: PP/UMAT-005.png Graphic file (type png)
<use PP/UMAT-005.png>
Package pdftex.def Info: PP/UMAT-005.png  used on input line 151.
(pdftex.def)             Requested size: 1284.79688pt x 481.79881pt.
 <./PP/UMAT-005.png> <a0,fr5>
<PP/UMAT-006.png, id=109, 1284.8pt x 481.8pt>
File: PP/UMAT-006.png Graphic file (type png)
<use PP/UMAT-006.png>
Package pdftex.def Info: PP/UMAT-006.png  used on input line 151.
(pdftex.def)             Requested size: 1284.79688pt x 481.79881pt.
 <./PP/UMAT-006.png> <a0,fr6>
<PP/UMAT-007.png, id=118, 1284.8pt x 481.8pt>
File: PP/UMAT-007.png Graphic file (type png)
<use PP/UMAT-007.png>
Package pdftex.def Info: PP/UMAT-007.png  used on input line 151.
(pdftex.def)             Requested size: 1284.79688pt x 481.79881pt.
 <./PP/UMAT-007.png> <a0,fr7>
<PP/UMAT-008.png, id=127, 1284.8pt x 481.8pt>
File: PP/UMAT-008.png Graphic file (type png)
<use PP/UMAT-008.png>
Package pdftex.def Info: PP/UMAT-008.png  used on input line 151.
(pdftex.def)             Requested size: 1284.79688pt x 481.79881pt.
 <./PP/UMAT-008.png> <a0,fr8>
<PP/UMAT-009.png, id=136, 1284.8pt x 481.8pt>
File: PP/UMAT-009.png Graphic file (type png)
<use PP/UMAT-009.png>
Package pdftex.def Info: PP/UMAT-009.png  used on input line 151.
(pdftex.def)             Requested size: 1284.79688pt x 481.79881pt.
 <./PP/UMAT-009.png> <a0,fr9>
<PP/UMAT-010.png, id=145, 1284.8pt x 481.8pt>
File: PP/UMAT-010.png Graphic file (type png)
<use PP/UMAT-010.png>
Package pdftex.def Info: PP/UMAT-010.png  used on input line 151.
(pdftex.def)             Requested size: 1284.79688pt x 481.79881pt.
 <./PP/UMAT-010.png> <a0,fr10>
<PP/UMAT-011.png, id=154, 1284.8pt x 481.8pt>
File: PP/UMAT-011.png Graphic file (type png)
<use PP/UMAT-011.png>
Package pdftex.def Info: PP/UMAT-011.png  used on input line 151.
(pdftex.def)             Requested size: 1284.79688pt x 481.79881pt.
 <./PP/UMAT-011.png> <a0,fr11>
<PP/UMAT-012.png, id=163, 1284.8pt x 481.8pt>
File: PP/UMAT-012.png Graphic file (type png)
<use PP/UMAT-012.png>
Package pdftex.def Info: PP/UMAT-012.png  used on input line 151.
(pdftex.def)             Requested size: 1284.79688pt x 481.79881pt.
 <./PP/UMAT-012.png> <a0,fr12>
<PP/UMAT-013.png, id=172, 1284.8pt x 481.8pt>
File: PP/UMAT-013.png Graphic file (type png)
<use PP/UMAT-013.png>
Package pdftex.def Info: PP/UMAT-013.png  used on input line 151.
(pdftex.def)             Requested size: 1284.79688pt x 481.79881pt.
 <./PP/UMAT-013.png> <a0,fr13>
<PP/UMAT-014.png, id=181, 1284.8pt x 481.8pt>
File: PP/UMAT-014.png Graphic file (type png)
<use PP/UMAT-014.png>
Package pdftex.def Info: PP/UMAT-014.png  used on input line 151.
(pdftex.def)             Requested size: 1284.79688pt x 481.79881pt.
 <./PP/UMAT-014.png> <a0,fr14>
<PP/UMAT-015.png, id=190, 1284.8pt x 481.8pt>
File: PP/UMAT-015.png Graphic file (type png)
<use PP/UMAT-015.png>
Package pdftex.def Info: PP/UMAT-015.png  used on input line 151.
(pdftex.def)             Requested size: 1284.79688pt x 481.79881pt.
 <./PP/UMAT-015.png> <a0,fr15>
<PP/UMAT-016.png, id=199, 1284.8pt x 481.8pt>
File: PP/UMAT-016.png Graphic file (type png)
<use PP/UMAT-016.png>
Package pdftex.def Info: PP/UMAT-016.png  used on input line 151.
(pdftex.def)             Requested size: 1284.79688pt x 481.79881pt.
 <./PP/UMAT-016.png> <a0,fr16>
<PP/UMAT-017.png, id=208, 1284.8pt x 481.8pt>
File: PP/UMAT-017.png Graphic file (type png)
<use PP/UMAT-017.png>
Package pdftex.def Info: PP/UMAT-017.png  used on input line 151.
(pdftex.def)             Requested size: 1284.79688pt x 481.79881pt.
 <./PP/UMAT-017.png> <a0,fr17>
<PP/UMAT-018.png, id=217, 1284.8pt x 481.8pt>
File: PP/UMAT-018.png Graphic file (type png)
<use PP/UMAT-018.png>
Package pdftex.def Info: PP/UMAT-018.png  used on input line 151.
(pdftex.def)             Requested size: 1284.79688pt x 481.79881pt.
 <./PP/UMAT-018.png> <a0,fr18>
<PP/UMAT-019.png, id=226, 1284.8pt x 481.8pt>
File: PP/UMAT-019.png Graphic file (type png)
<use PP/UMAT-019.png>
Package pdftex.def Info: PP/UMAT-019.png  used on input line 151.
(pdftex.def)             Requested size: 1284.79688pt x 481.79881pt.
 <./PP/UMAT-019.png> <a0,fr19>
<PP/UMAT-020.png, id=235, 1284.8pt x 481.8pt>
File: PP/UMAT-020.png Graphic file (type png)
<use PP/UMAT-020.png>
Package pdftex.def Info: PP/UMAT-020.png  used on input line 151.
(pdftex.def)             Requested size: 1284.79688pt x 481.79881pt.
 <./PP/UMAT-020.png> <a0,fr20>
<PP/UMAT-021.png, id=244, 1284.8pt x 481.8pt>
File: PP/UMAT-021.png Graphic file (type png)
<use PP/UMAT-021.png>
Package pdftex.def Info: PP/UMAT-021.png  used on input line 151.
(pdftex.def)             Requested size: 1284.79688pt x 481.79881pt.
 <./PP/UMAT-021.png> <a0,fr21>
<PP/UMAT-022.png, id=253, 1284.8pt x 481.8pt>
File: PP/UMAT-022.png Graphic file (type png)
<use PP/UMAT-022.png>
Package pdftex.def Info: PP/UMAT-022.png  used on input line 151.
(pdftex.def)             Requested size: 1284.79688pt x 481.79881pt.
 <./PP/UMAT-022.png> <a0,fr22>
<PP/UMAT-023.png, id=263, 1284.8pt x 481.8pt>
File: PP/UMAT-023.png Graphic file (type png)
<use PP/UMAT-023.png>
Package pdftex.def Info: PP/UMAT-023.png  used on input line 151.
(pdftex.def)             Requested size: 1284.79688pt x 481.79881pt.
 <./PP/UMAT-023.png> <a0,fr23>
<PP/UMAT-024.png, id=272, 1284.8pt x 481.8pt>
File: PP/UMAT-024.png Graphic file (type png)
<use PP/UMAT-024.png>
Package pdftex.def Info: PP/UMAT-024.png  used on input line 151.
(pdftex.def)             Requested size: 1284.79688pt x 481.79881pt.
 <./PP/UMAT-024.png> <a0,fr24>
<PP/UMAT-025.png, id=281, 1284.8pt x 481.8pt>
File: PP/UMAT-025.png Graphic file (type png)
<use PP/UMAT-025.png>
Package pdftex.def Info: PP/UMAT-025.png  used on input line 151.
(pdftex.def)             Requested size: 1284.79688pt x 481.79881pt.
 <./PP/UMAT-025.png> <a0,fr25>
<PP/UMAT-026.png, id=290, 1284.8pt x 481.8pt>
File: PP/UMAT-026.png Graphic file (type png)
<use PP/UMAT-026.png>
Package pdftex.def Info: PP/UMAT-026.png  used on input line 151.
(pdftex.def)             Requested size: 1284.79688pt x 481.79881pt.
 <./PP/UMAT-026.png> <a0,fr26>
<PP/UMAT-027.png, id=299, 1284.8pt x 481.8pt>
File: PP/UMAT-027.png Graphic file (type png)
<use PP/UMAT-027.png>
Package pdftex.def Info: PP/UMAT-027.png  used on input line 151.
(pdftex.def)             Requested size: 1284.79688pt x 481.79881pt.
 <./PP/UMAT-027.png> <a0,fr27>
<PP/UMAT-028.png, id=308, 1284.8pt x 481.8pt>
File: PP/UMAT-028.png Graphic file (type png)
<use PP/UMAT-028.png>
Package pdftex.def Info: PP/UMAT-028.png  used on input line 151.
(pdftex.def)             Requested size: 1284.79688pt x 481.79881pt.
 <./PP/UMAT-028.png> <a0,fr28>
<PP/UMAT-029.png, id=317, 1284.8pt x 481.8pt>
File: PP/UMAT-029.png Graphic file (type png)
<use PP/UMAT-029.png>
Package pdftex.def Info: PP/UMAT-029.png  used on input line 151.
(pdftex.def)             Requested size: 1284.79688pt x 481.79881pt.
 <./PP/UMAT-029.png> <a0,fr29>
<PP/UMAT-030.png, id=326, 1284.8pt x 481.8pt>
File: PP/UMAT-030.png Graphic file (type png)
<use PP/UMAT-030.png>
Package pdftex.def Info: PP/UMAT-030.png  used on input line 151.
(pdftex.def)             Requested size: 1284.79688pt x 481.79881pt.
 <./PP/UMAT-030.png> <a0,fr30>
<PP/UMAT-031.png, id=335, 1284.8pt x 481.8pt>
File: PP/UMAT-031.png Graphic file (type png)
<use PP/UMAT-031.png>
Package pdftex.def Info: PP/UMAT-031.png  used on input line 151.
(pdftex.def)             Requested size: 1284.79688pt x 481.79881pt.
 <./PP/UMAT-031.png> <a0,fr31>
<PP/UMAT-032.png, id=344, 1284.8pt x 481.8pt>
File: PP/UMAT-032.png Graphic file (type png)
<use PP/UMAT-032.png>
Package pdftex.def Info: PP/UMAT-032.png  used on input line 151.
(pdftex.def)             Requested size: 1284.79688pt x 481.79881pt.
 <./PP/UMAT-032.png> <a0,fr32>
<PP/UMAT-033.png, id=353, 1284.8pt x 481.8pt>
File: PP/UMAT-033.png Graphic file (type png)
<use PP/UMAT-033.png>
Package pdftex.def Info: PP/UMAT-033.png  used on input line 151.
(pdftex.def)             Requested size: 1284.79688pt x 481.79881pt.
 <./PP/UMAT-033.png> <a0,fr33>
<PP/UMAT-034.png, id=362, 1284.8pt x 481.8pt>
File: PP/UMAT-034.png Graphic file (type png)
<use PP/UMAT-034.png>
Package pdftex.def Info: PP/UMAT-034.png  used on input line 151.
(pdftex.def)             Requested size: 1284.79688pt x 481.79881pt.
 <./PP/UMAT-034.png> <a0,fr34>
<PP/UMAT-035.png, id=371, 1284.8pt x 481.8pt>
File: PP/UMAT-035.png Graphic file (type png)
<use PP/UMAT-035.png>
Package pdftex.def Info: PP/UMAT-035.png  used on input line 151.
(pdftex.def)             Requested size: 1284.79688pt x 481.79881pt.
 <./PP/UMAT-035.png> <a0,fr35>
<PP/UMAT-036.png, id=380, 1284.8pt x 481.8pt>
File: PP/UMAT-036.png Graphic file (type png)
<use PP/UMAT-036.png>
Package pdftex.def Info: PP/UMAT-036.png  used on input line 151.
(pdftex.def)             Requested size: 1284.79688pt x 481.79881pt.
 <./PP/UMAT-036.png> <a0,fr36>
<PP/UMAT-037.png, id=389, 1284.8pt x 481.8pt>
File: PP/UMAT-037.png Graphic file (type png)
<use PP/UMAT-037.png>
Package pdftex.def Info: PP/UMAT-037.png  used on input line 151.
(pdftex.def)             Requested size: 1284.79688pt x 481.79881pt.
 <./PP/UMAT-037.png> <a0,fr37>
<PP/UMAT-038.png, id=398, 1284.8pt x 481.8pt>
File: PP/UMAT-038.png Graphic file (type png)
<use PP/UMAT-038.png>
Package pdftex.def Info: PP/UMAT-038.png  used on input line 151.
(pdftex.def)             Requested size: 1284.79688pt x 481.79881pt.
 <./PP/UMAT-038.png> <a0,fr38>
<PP/UMAT-039.png, id=407, 1284.8pt x 481.8pt>
File: PP/UMAT-039.png Graphic file (type png)
<use PP/UMAT-039.png>
Package pdftex.def Info: PP/UMAT-039.png  used on input line 151.
(pdftex.def)             Requested size: 1284.79688pt x 481.79881pt.
 <./PP/UMAT-039.png> <a0,fr39>
<PP/UMAT-040.png, id=416, 1284.8pt x 481.8pt>
File: PP/UMAT-040.png Graphic file (type png)
<use PP/UMAT-040.png>
Package pdftex.def Info: PP/UMAT-040.png  used on input line 151.
(pdftex.def)             Requested size: 1284.79688pt x 481.79881pt.
 <./PP/UMAT-040.png> <a0,fr40>
<PP/UMAT-041.png, id=425, 1284.8pt x 481.8pt>
File: PP/UMAT-041.png Graphic file (type png)
<use PP/UMAT-041.png>
Package pdftex.def Info: PP/UMAT-041.png  used on input line 151.
(pdftex.def)             Requested size: 1284.79688pt x 481.79881pt.
 <./PP/UMAT-041.png> <a0,fr41>
<PP/UMAT-042.png, id=434, 1284.8pt x 481.8pt>
File: PP/UMAT-042.png Graphic file (type png)
<use PP/UMAT-042.png>
Package pdftex.def Info: PP/UMAT-042.png  used on input line 151.
(pdftex.def)             Requested size: 1284.79688pt x 481.79881pt.
 <./PP/UMAT-042.png> <a0,fr42>
<PP/UMAT-043.png, id=443, 1284.8pt x 481.8pt>
File: PP/UMAT-043.png Graphic file (type png)
<use PP/UMAT-043.png>
Package pdftex.def Info: PP/UMAT-043.png  used on input line 151.
(pdftex.def)             Requested size: 1284.79688pt x 481.79881pt.
 <./PP/UMAT-043.png> <a0,fr43>
<PP/UMAT-044.png, id=452, 1284.8pt x 481.8pt>
File: PP/UMAT-044.png Graphic file (type png)
<use PP/UMAT-044.png>
Package pdftex.def Info: PP/UMAT-044.png  used on input line 151.
(pdftex.def)             Requested size: 1284.79688pt x 481.79881pt.
 <./PP/UMAT-044.png> <a0,fr44>
<PP/UMAT-045.png, id=461, 1284.8pt x 481.8pt>
File: PP/UMAT-045.png Graphic file (type png)
<use PP/UMAT-045.png>
Package pdftex.def Info: PP/UMAT-045.png  used on input line 151.
(pdftex.def)             Requested size: 1284.79688pt x 481.79881pt.
 <./PP/UMAT-045.png> <a0,fr45>
<PP/UMAT-046.png, id=470, 1284.8pt x 481.8pt>
File: PP/UMAT-046.png Graphic file (type png)
<use PP/UMAT-046.png>
Package pdftex.def Info: PP/UMAT-046.png  used on input line 151.
(pdftex.def)             Requested size: 1284.79688pt x 481.79881pt.
 <./PP/UMAT-046.png> <a0,fr46>
<PP/UMAT-047.png, id=479, 1284.8pt x 481.8pt>
File: PP/UMAT-047.png Graphic file (type png)
<use PP/UMAT-047.png>
Package pdftex.def Info: PP/UMAT-047.png  used on input line 151.
(pdftex.def)             Requested size: 1284.79688pt x 481.79881pt.
 <./PP/UMAT-047.png> <a0,fr47>
<PP/UMAT-048.png, id=488, 1284.8pt x 481.8pt>
File: PP/UMAT-048.png Graphic file (type png)
<use PP/UMAT-048.png>
Package pdftex.def Info: PP/UMAT-048.png  used on input line 151.
(pdftex.def)             Requested size: 1284.79688pt x 481.79881pt.
 <./PP/UMAT-048.png> <a0,fr48>
<PP/UMAT-049.png, id=497, 1284.8pt x 481.8pt>
File: PP/UMAT-049.png Graphic file (type png)
<use PP/UMAT-049.png>
Package pdftex.def Info: PP/UMAT-049.png  used on input line 151.
(pdftex.def)             Requested size: 1284.79688pt x 481.79881pt.
 <./PP/UMAT-049.png> <a0,fr49>
<PP/UMAT-050.png, id=506, 1284.8pt x 481.8pt>
File: PP/UMAT-050.png Graphic file (type png)
<use PP/UMAT-050.png>
Package pdftex.def Info: PP/UMAT-050.png  used on input line 151.
(pdftex.def)             Requested size: 1284.79688pt x 481.79881pt.
 <./PP/UMAT-050.png> <a0,fr50>
<PP/UMAT-051.png, id=515, 1284.8pt x 481.8pt>
File: PP/UMAT-051.png Graphic file (type png)
<use PP/UMAT-051.png>
Package pdftex.def Info: PP/UMAT-051.png  used on input line 151.
(pdftex.def)             Requested size: 1284.79688pt x 481.79881pt.
 <./PP/UMAT-051.png> <a0,fr51>
<PP/UMAT-052.png, id=524, 1284.8pt x 481.8pt>
File: PP/UMAT-052.png Graphic file (type png)
<use PP/UMAT-052.png>
Package pdftex.def Info: PP/UMAT-052.png  used on input line 151.
(pdftex.def)             Requested size: 1284.79688pt x 481.79881pt.
 <./PP/UMAT-052.png> <a0,fr52>
<PP/UMAT-053.png, id=533, 1284.8pt x 481.8pt>
File: PP/UMAT-053.png Graphic file (type png)
<use PP/UMAT-053.png>
Package pdftex.def Info: PP/UMAT-053.png  used on input line 151.
(pdftex.def)             Requested size: 1284.79688pt x 481.79881pt.
 <./PP/UMAT-053.png> <a0,fr53>
<PP/UMAT-054.png, id=542, 1284.8pt x 481.8pt>
File: PP/UMAT-054.png Graphic file (type png)
<use PP/UMAT-054.png>
Package pdftex.def Info: PP/UMAT-054.png  used on input line 151.
(pdftex.def)             Requested size: 1284.79688pt x 481.79881pt.
 <./PP/UMAT-054.png> <a0,fr54>
<PP/UMAT-055.png, id=551, 1284.8pt x 481.8pt>
File: PP/UMAT-055.png Graphic file (type png)
<use PP/UMAT-055.png>
Package pdftex.def Info: PP/UMAT-055.png  used on input line 151.
(pdftex.def)             Requested size: 1284.79688pt x 481.79881pt.
 <./PP/UMAT-055.png> <a0,fr55>
<PP/UMAT-056.png, id=561, 1284.8pt x 481.8pt>
File: PP/UMAT-056.png Graphic file (type png)
<use PP/UMAT-056.png>
Package pdftex.def Info: PP/UMAT-056.png  used on input line 151.
(pdftex.def)             Requested size: 1284.79688pt x 481.79881pt.
 <./PP/UMAT-056.png> <a0,fr56>
<PP/UMAT-057.png, id=570, 1284.8pt x 481.8pt>
File: PP/UMAT-057.png Graphic file (type png)
<use PP/UMAT-057.png>
Package pdftex.def Info: PP/UMAT-057.png  used on input line 151.
(pdftex.def)             Requested size: 1284.79688pt x 481.79881pt.
 <./PP/UMAT-057.png> <a0,fr57>
<PP/UMAT-058.png, id=579, 1284.8pt x 481.8pt>
File: PP/UMAT-058.png Graphic file (type png)
<use PP/UMAT-058.png>
Package pdftex.def Info: PP/UMAT-058.png  used on input line 151.
(pdftex.def)             Requested size: 1284.79688pt x 481.79881pt.
 <./PP/UMAT-058.png> <a0,fr58>
<PP/UMAT-059.png, id=588, 1284.8pt x 481.8pt>
File: PP/UMAT-059.png Graphic file (type png)
<use PP/UMAT-059.png>
Package pdftex.def Info: PP/UMAT-059.png  used on input line 151.
(pdftex.def)             Requested size: 1284.79688pt x 481.79881pt.
 <./PP/UMAT-059.png> <a0,fr59>
<PP/UMAT-060.png, id=597, 1284.8pt x 481.8pt>
File: PP/UMAT-060.png Graphic file (type png)
<use PP/UMAT-060.png>
Package pdftex.def Info: PP/UMAT-060.png  used on input line 151.
(pdftex.def)             Requested size: 1284.79688pt x 481.79881pt.
 <./PP/UMAT-060.png> <a0,fr60>
<PP/UMAT-061.png, id=606, 1284.8pt x 481.8pt>
File: PP/UMAT-061.png Graphic file (type png)
<use PP/UMAT-061.png>
Package pdftex.def Info: PP/UMAT-061.png  used on input line 151.
(pdftex.def)             Requested size: 1284.79688pt x 481.79881pt.
 <./PP/UMAT-061.png> <a0,fr61>
<PP/UMAT-062.png, id=615, 1284.8pt x 481.8pt>
File: PP/UMAT-062.png Graphic file (type png)
<use PP/UMAT-062.png>
Package pdftex.def Info: PP/UMAT-062.png  used on input line 151.
(pdftex.def)             Requested size: 1284.79688pt x 481.79881pt.
 <./PP/UMAT-062.png> <a0,fr62>
<PP/UMAT-063.png, id=624, 1284.8pt x 481.8pt>
File: PP/UMAT-063.png Graphic file (type png)
<use PP/UMAT-063.png>
Package pdftex.def Info: PP/UMAT-063.png  used on input line 151.
(pdftex.def)             Requested size: 1284.79688pt x 481.79881pt.
 <./PP/UMAT-063.png> <a0,fr63>
<PP/UMAT-064.png, id=633, 1284.8pt x 481.8pt>
File: PP/UMAT-064.png Graphic file (type png)
<use PP/UMAT-064.png>
Package pdftex.def Info: PP/UMAT-064.png  used on input line 151.
(pdftex.def)             Requested size: 1284.79688pt x 481.79881pt.
 <./PP/UMAT-064.png> <a0,fr64>
<PP/UMAT-065.png, id=642, 1284.8pt x 481.8pt>
File: PP/UMAT-065.png Graphic file (type png)
<use PP/UMAT-065.png>
Package pdftex.def Info: PP/UMAT-065.png  used on input line 151.
(pdftex.def)             Requested size: 1284.79688pt x 481.79881pt.
 <./PP/UMAT-065.png> <a0,fr65>
<PP/UMAT-066.png, id=651, 1284.8pt x 481.8pt>
File: PP/UMAT-066.png Graphic file (type png)
<use PP/UMAT-066.png>
Package pdftex.def Info: PP/UMAT-066.png  used on input line 151.
(pdftex.def)             Requested size: 1284.79688pt x 481.79881pt.
 <./PP/UMAT-066.png> <a0,fr66>
<PP/UMAT-067.png, id=660, 1284.8pt x 481.8pt>
File: PP/UMAT-067.png Graphic file (type png)
<use PP/UMAT-067.png>
Package pdftex.def Info: PP/UMAT-067.png  used on input line 151.
(pdftex.def)             Requested size: 1284.79688pt x 481.79881pt.
 <./PP/UMAT-067.png> <a0,fr67>
<PP/UMAT-068.png, id=669, 1284.8pt x 481.8pt>
File: PP/UMAT-068.png Graphic file (type png)
<use PP/UMAT-068.png>
Package pdftex.def Info: PP/UMAT-068.png  used on input line 151.
(pdftex.def)             Requested size: 1284.79688pt x 481.79881pt.
 <./PP/UMAT-068.png> <a0,fr68>
<PP/UMAT-069.png, id=678, 1284.8pt x 481.8pt>
File: PP/UMAT-069.png Graphic file (type png)
<use PP/UMAT-069.png>
Package pdftex.def Info: PP/UMAT-069.png  used on input line 151.
(pdftex.def)             Requested size: 1284.79688pt x 481.79881pt.
 <./PP/UMAT-069.png> <a0,fr69>
<PP/UMAT-070.png, id=687, 1284.8pt x 481.8pt>
File: PP/UMAT-070.png Graphic file (type png)
<use PP/UMAT-070.png>
Package pdftex.def Info: PP/UMAT-070.png  used on input line 151.
(pdftex.def)             Requested size: 1284.79688pt x 481.79881pt.
 <./PP/UMAT-070.png> <a0,fr70>
<PP/UMAT-071.png, id=696, 1284.8pt x 481.8pt>
File: PP/UMAT-071.png Graphic file (type png)
<use PP/UMAT-071.png>
Package pdftex.def Info: PP/UMAT-071.png  used on input line 151.
(pdftex.def)             Requested size: 1284.79688pt x 481.79881pt.
 <./PP/UMAT-071.png> <a0,fr71>
<PP/UMAT-072.png, id=705, 1284.8pt x 481.8pt>
File: PP/UMAT-072.png Graphic file (type png)
<use PP/UMAT-072.png>
Package pdftex.def Info: PP/UMAT-072.png  used on input line 151.
(pdftex.def)             Requested size: 1284.79688pt x 481.79881pt.
 <./PP/UMAT-072.png> <a0,fr72>
<PP/UMAT-073.png, id=714, 1284.8pt x 481.8pt>
File: PP/UMAT-073.png Graphic file (type png)
<use PP/UMAT-073.png>
Package pdftex.def Info: PP/UMAT-073.png  used on input line 151.
(pdftex.def)             Requested size: 1284.79688pt x 481.79881pt.
 <./PP/UMAT-073.png> <a0,fr73>
<PP/UMAT-074.png, id=723, 1284.8pt x 481.8pt>
File: PP/UMAT-074.png Graphic file (type png)
<use PP/UMAT-074.png>
Package pdftex.def Info: PP/UMAT-074.png  used on input line 151.
(pdftex.def)             Requested size: 1284.79688pt x 481.79881pt.
 <./PP/UMAT-074.png> <a0,fr74>
<PP/UMAT-075.png, id=732, 1284.8pt x 481.8pt>
File: PP/UMAT-075.png Graphic file (type png)
<use PP/UMAT-075.png>
Package pdftex.def Info: PP/UMAT-075.png  used on input line 151.
(pdftex.def)             Requested size: 1284.79688pt x 481.79881pt.
 <./PP/UMAT-075.png> <a0,fr75>
<PP/UMAT-076.png, id=741, 1284.8pt x 481.8pt>
File: PP/UMAT-076.png Graphic file (type png)
<use PP/UMAT-076.png>
Package pdftex.def Info: PP/UMAT-076.png  used on input line 151.
(pdftex.def)             Requested size: 1284.79688pt x 481.79881pt.
 <./PP/UMAT-076.png> <a0,fr76>
<PP/UMAT-077.png, id=750, 1284.8pt x 481.8pt>
File: PP/UMAT-077.png Graphic file (type png)
<use PP/UMAT-077.png>
Package pdftex.def Info: PP/UMAT-077.png  used on input line 151.
(pdftex.def)             Requested size: 1284.79688pt x 481.79881pt.
 <./PP/UMAT-077.png> <a0,fr77>
<PP/UMAT-078.png, id=759, 1284.8pt x 481.8pt>
File: PP/UMAT-078.png Graphic file (type png)
<use PP/UMAT-078.png>
Package pdftex.def Info: PP/UMAT-078.png  used on input line 151.
(pdftex.def)             Requested size: 1284.79688pt x 481.79881pt.
 <./PP/UMAT-078.png> <a0,fr78>
<PP/UMAT-079.png, id=768, 1284.8pt x 481.8pt>
File: PP/UMAT-079.png Graphic file (type png)
<use PP/UMAT-079.png>
Package pdftex.def Info: PP/UMAT-079.png  used on input line 151.
(pdftex.def)             Requested size: 1284.79688pt x 481.79881pt.
 <./PP/UMAT-079.png> <a0,fr79>
<PP/UMAT-080.png, id=777, 1284.8pt x 481.8pt>
File: PP/UMAT-080.png Graphic file (type png)
<use PP/UMAT-080.png>
Package pdftex.def Info: PP/UMAT-080.png  used on input line 151.
(pdftex.def)             Requested size: 1284.79688pt x 481.79881pt.
 <./PP/UMAT-080.png> <a0,fr80>
<PP/UMAT-081.png, id=786, 1284.8pt x 481.8pt>
File: PP/UMAT-081.png Graphic file (type png)
<use PP/UMAT-081.png>
Package pdftex.def Info: PP/UMAT-081.png  used on input line 151.
(pdftex.def)             Requested size: 1284.79688pt x 481.79881pt.
 <./PP/UMAT-081.png> <a0,fr81>
<PP/UMAT-082.png, id=795, 1284.8pt x 481.8pt>
File: PP/UMAT-082.png Graphic file (type png)
<use PP/UMAT-082.png>
Package pdftex.def Info: PP/UMAT-082.png  used on input line 151.
(pdftex.def)             Requested size: 1284.79688pt x 481.79881pt.
 <./PP/UMAT-082.png> <a0,fr82>
<PP/UMAT-083.png, id=804, 1284.8pt x 481.8pt>
File: PP/UMAT-083.png Graphic file (type png)
<use PP/UMAT-083.png>
Package pdftex.def Info: PP/UMAT-083.png  used on input line 151.
(pdftex.def)             Requested size: 1284.79688pt x 481.79881pt.
 <./PP/UMAT-083.png> <a0,fr83>
<PP/UMAT-084.png, id=813, 1284.8pt x 481.8pt>
File: PP/UMAT-084.png Graphic file (type png)
<use PP/UMAT-084.png>
Package pdftex.def Info: PP/UMAT-084.png  used on input line 151.
(pdftex.def)             Requested size: 1284.79688pt x 481.79881pt.
 <./PP/UMAT-084.png> <a0,fr84>
<PP/UMAT-085.png, id=822, 1284.8pt x 481.8pt>
File: PP/UMAT-085.png Graphic file (type png)
<use PP/UMAT-085.png>
Package pdftex.def Info: PP/UMAT-085.png  used on input line 151.
(pdftex.def)             Requested size: 1284.79688pt x 481.79881pt.
 <./PP/UMAT-085.png> <a0,fr85>
<PP/UMAT-086.png, id=831, 1284.8pt x 481.8pt>
File: PP/UMAT-086.png Graphic file (type png)
<use PP/UMAT-086.png>
Package pdftex.def Info: PP/UMAT-086.png  used on input line 151.
(pdftex.def)             Requested size: 1284.79688pt x 481.79881pt.
 <./PP/UMAT-086.png> <a0,fr86>
<PP/UMAT-087.png, id=840, 1284.8pt x 481.8pt>
File: PP/UMAT-087.png Graphic file (type png)
<use PP/UMAT-087.png>
Package pdftex.def Info: PP/UMAT-087.png  used on input line 151.
(pdftex.def)             Requested size: 1284.79688pt x 481.79881pt.
 <./PP/UMAT-087.png> <a0,fr87>
<PP/UMAT-088.png, id=849, 1284.8pt x 481.8pt>
File: PP/UMAT-088.png Graphic file (type png)
<use PP/UMAT-088.png>
Package pdftex.def Info: PP/UMAT-088.png  used on input line 151.
(pdftex.def)             Requested size: 1284.79688pt x 481.79881pt.
 <./PP/UMAT-088.png> <a0,fr88>
<PP/UMAT-089.png, id=858, 1284.8pt x 481.8pt>
File: PP/UMAT-089.png Graphic file (type png)
<use PP/UMAT-089.png>
Package pdftex.def Info: PP/UMAT-089.png  used on input line 151.
(pdftex.def)             Requested size: 1284.79688pt x 481.79881pt.
 <./PP/UMAT-089.png> <a0,fr89>
<PP/UMAT-090.png, id=868, 1284.8pt x 481.8pt>
File: PP/UMAT-090.png Graphic file (type png)
<use PP/UMAT-090.png>
Package pdftex.def Info: PP/UMAT-090.png  used on input line 151.
(pdftex.def)             Requested size: 1284.79688pt x 481.79881pt.
 <./PP/UMAT-090.png> <a0,fr90>
<PP/UMAT-091.png, id=877, 1284.8pt x 481.8pt>
File: PP/UMAT-091.png Graphic file (type png)
<use PP/UMAT-091.png>
Package pdftex.def Info: PP/UMAT-091.png  used on input line 151.
(pdftex.def)             Requested size: 1284.79688pt x 481.79881pt.
 <./PP/UMAT-091.png> <a0,fr91>
<PP/UMAT-092.png, id=886, 1284.8pt x 481.8pt>
File: PP/UMAT-092.png Graphic file (type png)
<use PP/UMAT-092.png>
Package pdftex.def Info: PP/UMAT-092.png  used on input line 151.
(pdftex.def)             Requested size: 1284.79688pt x 481.79881pt.
 <./PP/UMAT-092.png> <a0,fr92>
<PP/UMAT-093.png, id=895, 1284.8pt x 481.8pt>
File: PP/UMAT-093.png Graphic file (type png)
<use PP/UMAT-093.png>
Package pdftex.def Info: PP/UMAT-093.png  used on input line 151.
(pdftex.def)             Requested size: 1284.79688pt x 481.79881pt.
 <./PP/UMAT-093.png> <a0,fr93>
<PP/UMAT-094.png, id=904, 1284.8pt x 481.8pt>
File: PP/UMAT-094.png Graphic file (type png)
<use PP/UMAT-094.png>
Package pdftex.def Info: PP/UMAT-094.png  used on input line 151.
(pdftex.def)             Requested size: 1284.79688pt x 481.79881pt.
 <./PP/UMAT-094.png> <a0,fr94>
<PP/UMAT-095.png, id=913, 1284.8pt x 481.8pt>
File: PP/UMAT-095.png Graphic file (type png)
<use PP/UMAT-095.png>
Package pdftex.def Info: PP/UMAT-095.png  used on input line 151.
(pdftex.def)             Requested size: 1284.79688pt x 481.79881pt.
 <./PP/UMAT-095.png> <a0,fr95>
<PP/UMAT-096.png, id=922, 1284.8pt x 481.8pt>
File: PP/UMAT-096.png Graphic file (type png)
<use PP/UMAT-096.png>
Package pdftex.def Info: PP/UMAT-096.png  used on input line 151.
(pdftex.def)             Requested size: 1284.79688pt x 481.79881pt.
 <./PP/UMAT-096.png> <a0,fr96>
<PP/UMAT-097.png, id=931, 1284.8pt x 481.8pt>
File: PP/UMAT-097.png Graphic file (type png)
<use PP/UMAT-097.png>
Package pdftex.def Info: PP/UMAT-097.png  used on input line 151.
(pdftex.def)             Requested size: 1284.79688pt x 481.79881pt.
 <./PP/UMAT-097.png> <a0,fr97>
<PP/UMAT-098.png, id=940, 1284.8pt x 481.8pt>
File: PP/UMAT-098.png Graphic file (type png)
<use PP/UMAT-098.png>
Package pdftex.def Info: PP/UMAT-098.png  used on input line 151.
(pdftex.def)             Requested size: 1284.79688pt x 481.79881pt.
 <./PP/UMAT-098.png> <a0,fr98>
<PP/UMAT-099.png, id=949, 1284.8pt x 481.8pt>
File: PP/UMAT-099.png Graphic file (type png)
<use PP/UMAT-099.png>
Package pdftex.def Info: PP/UMAT-099.png  used on input line 151.
(pdftex.def)             Requested size: 1284.79688pt x 481.79881pt.
 <./PP/UMAT-099.png> <a0,fr99>
<PP/UMAT-100.png, id=958, 1284.8pt x 481.8pt>
File: PP/UMAT-100.png Graphic file (type png)
<use PP/UMAT-100.png>
Package pdftex.def Info: PP/UMAT-100.png  used on input line 151.
(pdftex.def)             Requested size: 1284.79688pt x 481.79881pt.
 <./PP/UMAT-100.png> <a0,fr100>
<PP/UMAT-101.png, id=967, 1284.8pt x 481.8pt>
File: PP/UMAT-101.png Graphic file (type png)
<use PP/UMAT-101.png>
Package pdftex.def Info: PP/UMAT-101.png  used on input line 151.
(pdftex.def)             Requested size: 1284.79688pt x 481.79881pt.
 <./PP/UMAT-101.png> <a0,fr101>
File: Pictures/00_Unibe_Logo.png Graphic file (type png)
<use Pictures/00_Unibe_Logo.png>
Package pdftex.def Info: Pictures/00_Unibe_Logo.png  used on input line 151.
(pdftex.def)             Requested size: 36.42175pt x 36.4172pt.
 [2

]
\tf@nav=\write5
\openout5 = `Presentation.nav'.

\tf@toc=\write6
\openout6 = `Presentation.toc'.

\tf@snm=\write7
\openout7 = `Presentation.snm'.

 (./Presentation.aux) ) 
Here is how much of TeX's memory you used:
 33624 strings out of 478353
 678530 string characters out of 5852101
 875492 words of memory out of 5000000
 51024 multiletter control sequences out of 15000+600000
 419847 words of font info for 38 fonts, out of 8000000 for 9000
 1141 hyphenation exceptions out of 8191
 128i,15n,133p,478b,777s stack positions out of 5000i,500n,10000p,200000b,80000s
{c:/texlive/2021/texmf-dist/fonts/enc/dvips/newtx/ntx-ec-tlf.enc}<c:/texlive/2021/texmf-dist/fonts/type1/public/newtx/ztmr.pfb>
Output written on Presentation.pdf (2 pages, 4924862 bytes).
PDF statistics:
 1048 PDF objects out of 1200 (max. 8388607)
 500 compressed objects within 5 object streams
 6 named destinations out of 1000 (max. 500000)
 2488 words of extra memory for PDF output out of 10000 (max. 10000000)

