0
1
0
Assembly-1
1
PART-1-1
PART-1
1
PART-1-1
753
289
290
291
292
293
294
326
327
328
329
330
331
332
333
334
335
364
365
366
367
368
369
370
371
372
373
374
375
402
403
404
405
406
407
408
409
410
411
412
413
414
415
416
440
441
442
443
444
445
446
447
448
449
450
451
452
453
454
455
456
478
479
480
481
482
483
484
485
486
487
488
489
490
491
492
493
494
495
517
518
519
520
521
522
523
524
525
526
527
528
529
530
531
532
533
534
535
555
556
557
558
559
560
561
562
563
564
565
566
567
568
569
570
571
572
573
574
575
593
594
595
596
597
598
599
600
601
602
603
604
605
606
607
608
609
610
611
612
613
614
632
633
634
635
636
637
638
639
640
641
642
643
644
645
646
647
648
649
650
651
652
653
671
672
673
674
675
676
677
678
679
680
681
682
683
684
685
686
687
688
689
690
691
692
709
710
711
712
713
714
715
716
717
718
719
720
721
722
723
724
725
726
727
728
729
730
731
748
749
750
751
752
753
754
755
756
757
758
759
760
761
762
763
764
765
766
767
768
769
770
787
788
789
790
791
792
793
794
795
796
797
798
799
800
801
802
803
804
805
806
807
808
809
826
827
828
829
830
831
832
833
834
835
836
837
838
839
840
841
842
843
844
845
846
847
865
866
867
868
869
870
871
872
873
874
875
876
877
878
879
880
881
882
883
884
885
886
904
905
906
907
908
909
910
911
912
913
914
915
916
917
918
919
920
921
922
923
924
943
944
945
946
947
948
949
950
951
952
953
954
955
956
957
958
959
960
961
962
983
984
985
986
987
988
989
990
991
992
993
994
995
996
997
998
999
1000
1023
1024
1025
1026
1027
1028
1029
1030
1031
1032
1033
1034
1035
1036
1037
1038
1064
1065
1066
1067
1732
1733
1734
1735
1736
1737
1769
1770
1771
1772
1773
1774
1775
1776
1777
1778
1807
1808
1809
1810
1811
1812
1813
1814
1815
1816
1817
1818
1845
1846
1847
1848
1849
1850
1851
1852
1853
1854
1855
1856
1857
1858
1859
1883
1884
1885
1886
1887
1888
1889
1890
1891
1892
1893
1894
1895
1896
1897
1898
1899
1921
1922
1923
1924
1925
1926
1927
1928
1929
1930
1931
1932
1933
1934
1935
1936
1937
1938
1960
1961
1962
1963
1964
1965
1966
1967
1968
1969
1970
1971
1972
1973
1974
1975
1976
1977
1978
1998
1999
2000
2001
2002
2003
2004
2005
2006
2007
2008
2009
2010
2011
2012
2013
2014
2015
2016
2017
2018
2036
2037
2038
2039
2040
2041
2042
2043
2044
2045
2046
2047
2048
2049
2050
2051
2052
2053
2054
2055
2056
2057
2075
2076
2077
2078
2079
2080
2081
2082
2083
2084
2085
2086
2087
2088
2089
2090
2091
2092
2093
2094
2095
2096
2114
2115
2116
2117
2118
2119
2120
2121
2122
2123
2124
2125
2126
2127
2128
2129
2130
2131
2132
2133
2134
2135
2152
2153
2154
2155
2156
2157
2158
2159
2160
2161
2162
2163
2164
2165
2166
2167
2168
2169
2170
2171
2172
2173
2174
2191
2192
2193
2194
2195
2196
2197
2198
2199
2200
2201
2202
2203
2204
2205
2206
2207
2208
2209
2210
2211
2212
2213
2230
2231
2232
2233
2234
2235
2236
2237
2238
2239
2240
2241
2242
2243
2244
2245
2246
2247
2248
2249
2250
2251
2252
2269
2270
2271
2272
2273
2274
2275
2276
2277
2278
2279
2280
2281
2282
2283
2284
2285
2286
2287
2288
2289
2290
2308
2309
2310
2311
2312
2313
2314
2315
2316
2317
2318
2319
2320
2321
2322
2323
2324
2325
2326
2327
2328
2329
2347
2348
2349
2350
2351
2352
2353
2354
2355
2356
2357
2358
2359
2360
2361
2362
2363
2364
2365
2366
2367
2386
2387
2388
2389
2390
2391
2392
2393
2394
2395
2396
2397
2398
2399
2400
2401
2402
2403
2404
2405
2426
2427
2428
2429
2430
2431
2432
2433
2434
2435
2436
2437
2438
2439
2440
2441
2442
2443
2466
2467
2468
2469
2470
2471
2472
2473
2474
2475
2476
2477
2478
2479
2480
2481
2507
2508
2509
2510
10000000
0
1
PART-1-1
332
282
283
284
285
286
318
319
320
321
322
323
324
325
326
355
356
357
358
359
360
361
362
363
364
365
392
393
394
395
396
397
398
399
400
401
402
403
404
405
429
430
431
432
433
434
435
436
437
438
439
440
441
442
443
444
466
467
468
469
470
471
472
473
474
475
476
477
478
479
480
481
482
504
505
506
507
508
509
510
511
512
513
514
515
516
517
518
519
520
521
541
542
543
544
545
546
547
548
549
550
551
552
553
554
555
556
557
558
559
560
578
579
580
581
582
583
584
585
586
587
588
589
590
591
592
593
594
595
596
597
598
616
617
618
619
620
621
622
623
624
625
626
627
628
629
630
631
632
633
634
635
636
654
655
656
657
658
659
660
661
662
663
664
665
666
667
668
669
670
671
672
673
674
691
692
693
694
695
696
697
698
699
700
701
702
703
704
705
706
707
708
709
710
711
712
729
730
731
732
733
734
735
736
737
738
739
740
741
742
743
744
745
746
747
748
749
750
767
768
769
770
771
772
773
774
775
776
777
778
779
780
781
782
783
784
785
786
787
805
806
807
808
809
810
811
812
813
814
815
816
817
818
819
820
821
822
823
824
825
843
844
845
846
847
848
849
850
851
852
853
854
855
856
857
858
859
860
861
862
881
882
883
884
885
886
887
888
889
890
891
892
893
894
895
896
897
898
899
920
921
922
923
924
925
926
927
928
929
930
931
932
933
934
935
936
959
960
961
962
963
964
965
966
967
968
969
970
971
972
973
999
1001
0
0
1
PART-1-1
333
BONE
0
1
332
282 283 284 285 286 318 319 320 321 322 323 324 325 326 355 356 357 358 359 360 361 362 363 364 365 392 393 394 395 396 397 398 399 400 401 402 403 404 405 429 430 431 432 433 434 435 436 437 438 439 440 441 442 443 444 466 467 468 469 470 471 472 473 474 475 476 477 478 479 480 481 482 504 505 506 507 508 509 510 511 512 513 514 515 516 517 518 519 520 521 541 542 543 544 545 546 547 548 549 550 551 552 553 554 555 556 557 558 559 560 578 579 580 581 582 583 584 585 586 587 588 589 590 591 592 593 594 595 596 597 598 616 617 618 619 620 621 622 623 624 625 626 627 628 629 630 631 632 633 634 635 636 654 655 656 657 658 659 660 661 662 663 664 665 666 667 668 669 670 671 672 673 674 691 692 693 694 695 696 697 698 699 700 701 702 703 704 705 706 707 708 709 710 711 712 729 730 731 732 733 734 735 736 737 738 739 740 741 742 743 744 745 746 747 748 749 750 767 768 769 770 771 772 773 774 775 776 777 778 779 780 781 782 783 784 785 786 787 805 806 807 808 809 810 811 812 813 814 815 816 817 818 819 820 821 822 823 824 825 843 844 845 846 847 848 849 850 851 852 853 854 855 856 857 858 859 860 861 862 881 882 883 884 885 886 887 888 889 890 891 892 893 894 895 896 897 898 899 920 921 922 923 924 925 926 927 928 929 930 931 932 933 934 935 936 959 960 961 962 963 964 965 966 967 968 969 970 971 972 973 999 1001 
0
0
ELSET1001
0
1
1
1001 
0
0
ELSET282
0
1
1
282 
0
0
ELSET283
0
1
1
283 
0
0
ELSET284
0
1
1
284 
0
0
ELSET285
0
1
1
285 
0
0
ELSET286
0
1
1
286 
0
0
ELSET318
0
1
1
318 
0
0
ELSET319
0
1
1
319 
0
0
ELSET320
0
1
1
320 
0
0
ELSET321
0
1
1
321 
0
0
ELSET322
0
1
1
322 
0
0
ELSET323
0
1
1
323 
0
0
ELSET324
0
1
1
324 
0
0
ELSET325
0
1
1
325 
0
0
ELSET326
0
1
1
326 
0
0
ELSET355
0
1
1
355 
0
0
ELSET356
0
1
1
356 
0
0
ELSET357
0
1
1
357 
0
0
ELSET358
0
1
1
358 
0
0
ELSET359
0
1
1
359 
0
0
ELSET360
0
1
1
360 
0
0
ELSET361
0
1
1
361 
0
0
ELSET362
0
1
1
362 
0
0
ELSET363
0
1
1
363 
0
0
ELSET364
0
1
1
364 
0
0
ELSET365
0
1
1
365 
0
0
ELSET392
0
1
1
392 
0
0
ELSET393
0
1
1
393 
0
0
ELSET394
0
1
1
394 
0
0
ELSET395
0
1
1
395 
0
0
ELSET396
0
1
1
396 
0
0
ELSET397
0
1
1
397 
0
0
ELSET398
0
1
1
398 
0
0
ELSET399
0
1
1
399 
0
0
ELSET400
0
1
1
400 
0
0
ELSET401
0
1
1
401 
0
0
ELSET402
0
1
1
402 
0
0
ELSET403
0
1
1
403 
0
0
ELSET404
0
1
1
404 
0
0
ELSET405
0
1
1
405 
0
0
ELSET429
0
1
1
429 
0
0
ELSET430
0
1
1
430 
0
0
ELSET431
0
1
1
431 
0
0
ELSET432
0
1
1
432 
0
0
ELSET433
0
1
1
433 
0
0
ELSET434
0
1
1
434 
0
0
ELSET435
0
1
1
435 
0
0
ELSET436
0
1
1
436 
0
0
ELSET437
0
1
1
437 
0
0
ELSET438
0
1
1
438 
0
0
ELSET439
0
1
1
439 
0
0
ELSET440
0
1
1
440 
0
0
ELSET441
0
1
1
441 
0
0
ELSET442
0
1
1
442 
0
0
ELSET443
0
1
1
443 
0
0
ELSET444
0
1
1
444 
0
0
ELSET466
0
1
1
466 
0
0
ELSET467
0
1
1
467 
0
0
ELSET468
0
1
1
468 
0
0
ELSET469
0
1
1
469 
0
0
ELSET470
0
1
1
470 
0
0
ELSET471
0
1
1
471 
0
0
ELSET472
0
1
1
472 
0
0
ELSET473
0
1
1
473 
0
0
ELSET474
0
1
1
474 
0
0
ELSET475
0
1
1
475 
0
0
ELSET476
0
1
1
476 
0
0
ELSET477
0
1
1
477 
0
0
ELSET478
0
1
1
478 
0
0
ELSET479
0
1
1
479 
0
0
ELSET480
0
1
1
480 
0
0
ELSET481
0
1
1
481 
0
0
ELSET482
0
1
1
482 
0
0
ELSET504
0
1
1
504 
0
0
ELSET505
0
1
1
505 
0
0
ELSET506
0
1
1
506 
0
0
ELSET507
0
1
1
507 
0
0
ELSET508
0
1
1
508 
0
0
ELSET509
0
1
1
509 
0
0
ELSET510
0
1
1
510 
0
0
ELSET511
0
1
1
511 
0
0
ELSET512
0
1
1
512 
0
0
ELSET513
0
1
1
513 
0
0
ELSET514
0
1
1
514 
0
0
ELSET515
0
1
1
515 
0
0
ELSET516
0
1
1
516 
0
0
ELSET517
0
1
1
517 
0
0
ELSET518
0
1
1
518 
0
0
ELSET519
0
1
1
519 
0
0
ELSET520
0
1
1
520 
0
0
ELSET521
0
1
1
521 
0
0
ELSET541
0
1
1
541 
0
0
ELSET542
0
1
1
542 
0
0
ELSET543
0
1
1
543 
0
0
ELSET544
0
1
1
544 
0
0
ELSET545
0
1
1
545 
0
0
ELSET546
0
1
1
546 
0
0
ELSET547
0
1
1
547 
0
0
ELSET548
0
1
1
548 
0
0
ELSET549
0
1
1
549 
0
0
ELSET550
0
1
1
550 
0
0
ELSET551
0
1
1
551 
0
0
ELSET552
0
1
1
552 
0
0
ELSET553
0
1
1
553 
0
0
ELSET554
0
1
1
554 
0
0
ELSET555
0
1
1
555 
0
0
ELSET556
0
1
1
556 
0
0
ELSET557
0
1
1
557 
0
0
ELSET558
0
1
1
558 
0
0
ELSET559
0
1
1
559 
0
0
ELSET560
0
1
1
560 
0
0
ELSET578
0
1
1
578 
0
0
ELSET579
0
1
1
579 
0
0
ELSET580
0
1
1
580 
0
0
ELSET581
0
1
1
581 
0
0
ELSET582
0
1
1
582 
0
0
ELSET583
0
1
1
583 
0
0
ELSET584
0
1
1
584 
0
0
ELSET585
0
1
1
585 
0
0
ELSET586
0
1
1
586 
0
0
ELSET587
0
1
1
587 
0
0
ELSET588
0
1
1
588 
0
0
ELSET589
0
1
1
589 
0
0
ELSET590
0
1
1
590 
0
0
ELSET591
0
1
1
591 
0
0
ELSET592
0
1
1
592 
0
0
ELSET593
0
1
1
593 
0
0
ELSET594
0
1
1
594 
0
0
ELSET595
0
1
1
595 
0
0
ELSET596
0
1
1
596 
0
0
ELSET597
0
1
1
597 
0
0
ELSET598
0
1
1
598 
0
0
ELSET616
0
1
1
616 
0
0
ELSET617
0
1
1
617 
0
0
ELSET618
0
1
1
618 
0
0
ELSET619
0
1
1
619 
0
0
ELSET620
0
1
1
620 
0
0
ELSET621
0
1
1
621 
0
0
ELSET622
0
1
1
622 
0
0
ELSET623
0
1
1
623 
0
0
ELSET624
0
1
1
624 
0
0
ELSET625
0
1
1
625 
0
0
ELSET626
0
1
1
626 
0
0
ELSET627
0
1
1
627 
0
0
ELSET628
0
1
1
628 
0
0
ELSET629
0
1
1
629 
0
0
ELSET630
0
1
1
630 
0
0
ELSET631
0
1
1
631 
0
0
ELSET632
0
1
1
632 
0
0
ELSET633
0
1
1
633 
0
0
ELSET634
0
1
1
634 
0
0
ELSET635
0
1
1
635 
0
0
ELSET636
0
1
1
636 
0
0
ELSET654
0
1
1
654 
0
0
ELSET655
0
1
1
655 
0
0
ELSET656
0
1
1
656 
0
0
ELSET657
0
1
1
657 
0
0
ELSET658
0
1
1
658 
0
0
ELSET659
0
1
1
659 
0
0
ELSET660
0
1
1
660 
0
0
ELSET661
0
1
1
661 
0
0
ELSET662
0
1
1
662 
0
0
ELSET663
0
1
1
663 
0
0
ELSET664
0
1
1
664 
0
0
ELSET665
0
1
1
665 
0
0
ELSET666
0
1
1
666 
0
0
ELSET667
0
1
1
667 
0
0
ELSET668
0
1
1
668 
0
0
ELSET669
0
1
1
669 
0
0
ELSET670
0
1
1
670 
0
0
ELSET671
0
1
1
671 
0
0
ELSET672
0
1
1
672 
0
0
ELSET673
0
1
1
673 
0
0
ELSET674
0
1
1
674 
0
0
ELSET691
0
1
1
691 
0
0
ELSET692
0
1
1
692 
0
0
ELSET693
0
1
1
693 
0
0
ELSET694
0
1
1
694 
0
0
ELSET695
0
1
1
695 
0
0
ELSET696
0
1
1
696 
0
0
ELSET697
0
1
1
697 
0
0
ELSET698
0
1
1
698 
0
0
ELSET699
0
1
1
699 
0
0
ELSET700
0
1
1
700 
0
0
ELSET701
0
1
1
701 
0
0
ELSET702
0
1
1
702 
0
0
ELSET703
0
1
1
703 
0
0
ELSET704
0
1
1
704 
0
0
ELSET705
0
1
1
705 
0
0
ELSET706
0
1
1
706 
0
0
ELSET707
0
1
1
707 
0
0
ELSET708
0
1
1
708 
0
0
ELSET709
0
1
1
709 
0
0
ELSET710
0
1
1
710 
0
0
ELSET711
0
1
1
711 
0
0
ELSET712
0
1
1
712 
0
0
ELSET729
0
1
1
729 
0
0
ELSET730
0
1
1
730 
0
0
ELSET731
0
1
1
731 
0
0
ELSET732
0
1
1
732 
0
0
ELSET733
0
1
1
733 
0
0
ELSET734
0
1
1
734 
0
0
ELSET735
0
1
1
735 
0
0
ELSET736
0
1
1
736 
0
0
ELSET737
0
1
1
737 
0
0
ELSET738
0
1
1
738 
0
0
ELSET739
0
1
1
739 
0
0
ELSET740
0
1
1
740 
0
0
ELSET741
0
1
1
741 
0
0
ELSET742
0
1
1
742 
0
0
ELSET743
0
1
1
743 
0
0
ELSET744
0
1
1
744 
0
0
ELSET745
0
1
1
745 
0
0
ELSET746
0
1
1
746 
0
0
ELSET747
0
1
1
747 
0
0
ELSET748
0
1
1
748 
0
0
ELSET749
0
1
1
749 
0
0
ELSET750
0
1
1
750 
0
0
ELSET767
0
1
1
767 
0
0
ELSET768
0
1
1
768 
0
0
ELSET769
0
1
1
769 
0
0
ELSET770
0
1
1
770 
0
0
ELSET771
0
1
1
771 
0
0
ELSET772
0
1
1
772 
0
0
ELSET773
0
1
1
773 
0
0
ELSET774
0
1
1
774 
0
0
ELSET775
0
1
1
775 
0
0
ELSET776
0
1
1
776 
0
0
ELSET777
0
1
1
777 
0
0
ELSET778
0
1
1
778 
0
0
ELSET779
0
1
1
779 
0
0
ELSET780
0
1
1
780 
0
0
ELSET781
0
1
1
781 
0
0
ELSET782
0
1
1
782 
0
0
ELSET783
0
1
1
783 
0
0
ELSET784
0
1
1
784 
0
0
ELSET785
0
1
1
785 
0
0
ELSET786
0
1
1
786 
0
0
ELSET787
0
1
1
787 
0
0
ELSET805
0
1
1
805 
0
0
ELSET806
0
1
1
806 
0
0
ELSET807
0
1
1
807 
0
0
ELSET808
0
1
1
808 
0
0
ELSET809
0
1
1
809 
0
0
ELSET810
0
1
1
810 
0
0
ELSET811
0
1
1
811 
0
0
ELSET812
0
1
1
812 
0
0
ELSET813
0
1
1
813 
0
0
ELSET814
0
1
1
814 
0
0
ELSET815
0
1
1
815 
0
0
ELSET816
0
1
1
816 
0
0
ELSET817
0
1
1
817 
0
0
ELSET818
0
1
1
818 
0
0
ELSET819
0
1
1
819 
0
0
ELSET820
0
1
1
820 
0
0
ELSET821
0
1
1
821 
0
0
ELSET822
0
1
1
822 
0
0
ELSET823
0
1
1
823 
0
0
ELSET824
0
1
1
824 
0
0
ELSET825
0
1
1
825 
0
0
ELSET843
0
1
1
843 
0
0
ELSET844
0
1
1
844 
0
0
ELSET845
0
1
1
845 
0
0
ELSET846
0
1
1
846 
0
0
ELSET847
0
1
1
847 
0
0
ELSET848
0
1
1
848 
0
0
ELSET849
0
1
1
849 
0
0
ELSET850
0
1
1
850 
0
0
ELSET851
0
1
1
851 
0
0
ELSET852
0
1
1
852 
0
0
ELSET853
0
1
1
853 
0
0
ELSET854
0
1
1
854 
0
0
ELSET855
0
1
1
855 
0
0
ELSET856
0
1
1
856 
0
0
ELSET857
0
1
1
857 
0
0
ELSET858
0
1
1
858 
0
0
ELSET859
0
1
1
859 
0
0
ELSET860
0
1
1
860 
0
0
ELSET861
0
1
1
861 
0
0
ELSET862
0
1
1
862 
0
0
ELSET881
0
1
1
881 
0
0
ELSET882
0
1
1
882 
0
0
ELSET883
0
1
1
883 
0
0
ELSET884
0
1
1
884 
0
0
ELSET885
0
1
1
885 
0
0
ELSET886
0
1
1
886 
0
0
ELSET887
0
1
1
887 
0
0
ELSET888
0
1
1
888 
0
0
ELSET889
0
1
1
889 
0
0
ELSET890
0
1
1
890 
0
0
ELSET891
0
1
1
891 
0
0
ELSET892
0
1
1
892 
0
0
ELSET893
0
1
1
893 
0
0
ELSET894
0
1
1
894 
0
0
ELSET895
0
1
1
895 
0
0
ELSET896
0
1
1
896 
0
0
ELSET897
0
1
1
897 
0
0
ELSET898
0
1
1
898 
0
0
ELSET899
0
1
1
899 
0
0
ELSET920
0
1
1
920 
0
0
ELSET921
0
1
1
921 
0
0
ELSET922
0
1
1
922 
0
0
ELSET923
0
1
1
923 
0
0
ELSET924
0
1
1
924 
0
0
ELSET925
0
1
1
925 
0
0
ELSET926
0
1
1
926 
0
0
ELSET927
0
1
1
927 
0
0
ELSET928
0
1
1
928 
0
0
ELSET929
0
1
1
929 
0
0
ELSET930
0
1
1
930 
0
0
ELSET931
0
1
1
931 
0
0
ELSET932
0
1
1
932 
0
0
ELSET933
0
1
1
933 
0
0
ELSET934
0
1
1
934 
0
0
ELSET935
0
1
1
935 
0
0
ELSET936
0
1
1
936 
0
0
ELSET959
0
1
1
959 
0
0
ELSET960
0
1
1
960 
0
0
ELSET961
0
1
1
961 
0
0
ELSET962
0
1
1
962 
0
0
ELSET963
0
1
1
963 
0
0
ELSET964
0
1
1
964 
0
0
ELSET965
0
1
1
965 
0
0
ELSET966
0
1
1
966 
0
0
ELSET967
0
1
1
967 
0
0
ELSET968
0
1
1
968 
0
0
ELSET969
0
1
1
969 
0
0
ELSET970
0
1
1
970 
0
0
ELSET971
0
1
1
971 
0
0
ELSET972
0
1
1
972 
0
0
ELSET973
0
1
1
973 
0
0
ELSET999
0
1
1
999 
0
0
0
0
1
PART-1-1
3
BOTNODES
0
1
376
1732 1733 1734 1735 1736 1737 1769 1770 1771 1772 1773 1774 1775 1776 1777 1778 1807 1808 1809 1810 1811 1812 1813 1814 1815 1816 1817 1818 1845 1846 1847 1848 1849 1850 1851 1852 1853 1854 1855 1856 1857 1858 1859 1883 1884 1885 1886 1887 1888 1889 1890 1891 1892 1893 1894 1895 1896 1897 1898 1899 1921 1922 1923 1924 1925 1926 1927 1928 1929 1930 1931 1932 1933 1934 1935 1936 1937 1938 1960 1961 1962 1963 1964 1965 1966 1967 1968 1969 1970 1971 1972 1973 1974 1975 1976 1977 1978 1998 1999 2000 2001 2002 2003 2004 2005 2006 2007 2008 2009 2010 2011 2012 2013 2014 2015 2016 2017 2018 2036 2037 2038 2039 2040 2041 2042 2043 2044 2045 2046 2047 2048 2049 2050 2051 2052 2053 2054 2055 2056 2057 2075 2076 2077 2078 2079 2080 2081 2082 2083 2084 2085 2086 2087 2088 2089 2090 2091 2092 2093 2094 2095 2096 2114 2115 2116 2117 2118 2119 2120 2121 2122 2123 2124 2125 2126 2127 2128 2129 2130 2131 2132 2133 2134 2135 2152 2153 2154 2155 2156 2157 2158 2159 2160 2161 2162 2163 2164 2165 2166 2167 2168 2169 2170 2171 2172 2173 2174 2191 2192 2193 2194 2195 2196 2197 2198 2199 2200 2201 2202 2203 2204 2205 2206 2207 2208 2209 2210 2211 2212 2213 2230 2231 2232 2233 2234 2235 2236 2237 2238 2239 2240 2241 2242 2243 2244 2245 2246 2247 2248 2249 2250 2251 2252 2269 2270 2271 2272 2273 2274 2275 2276 2277 2278 2279 2280 2281 2282 2283 2284 2285 2286 2287 2288 2289 2290 2308 2309 2310 2311 2312 2313 2314 2315 2316 2317 2318 2319 2320 2321 2322 2323 2324 2325 2326 2327 2328 2329 2347 2348 2349 2350 2351 2352 2353 2354 2355 2356 2357 2358 2359 2360 2361 2362 2363 2364 2365 2366 2367 2386 2387 2388 2389 2390 2391 2392 2393 2394 2395 2396 2397 2398 2399 2400 2401 2402 2403 2404 2405 2426 2427 2428 2429 2430 2431 2432 2433 2434 2435 2436 2437 2438 2439 2440 2441 2442 2443 2466 2467 2468 2469 2470 2471 2472 2473 2474 2475 2476 2477 2478 2479 2480 2481 2507 2508 2509 2510 
0
0
REF_NODE
0
1
1
10000000 
0
0
TOPNODES
0
1
376
289 290 291 292 293 294 326 327 328 329 330 331 332 333 334 335 364 365 366 367 368 369 370 371 372 373 374 375 402 403 404 405 406 407 408 409 410 411 412 413 414 415 416 440 441 442 443 444 445 446 447 448 449 450 451 452 453 454 455 456 478 479 480 481 482 483 484 485 486 487 488 489 490 491 492 493 494 495 517 518 519 520 521 522 523 524 525 526 527 528 529 530 531 532 533 534 535 555 556 557 558 559 560 561 562 563 564 565 566 567 568 569 570 571 572 573 574 575 593 594 595 596 597 598 599 600 601 602 603 604 605 606 607 608 609 610 611 612 613 614 632 633 634 635 636 637 638 639 640 641 642 643 644 645 646 647 648 649 650 651 652 653 671 672 673 674 675 676 677 678 679 680 681 682 683 684 685 686 687 688 689 690 691 692 709 710 711 712 713 714 715 716 717 718 719 720 721 722 723 724 725 726 727 728 729 730 731 748 749 750 751 752 753 754 755 756 757 758 759 760 761 762 763 764 765 766 767 768 769 770 787 788 789 790 791 792 793 794 795 796 797 798 799 800 801 802 803 804 805 806 807 808 809 826 827 828 829 830 831 832 833 834 835 836 837 838 839 840 841 842 843 844 845 846 847 865 866 867 868 869 870 871 872 873 874 875 876 877 878 879 880 881 882 883 884 885 886 904 905 906 907 908 909 910 911 912 913 914 915 916 917 918 919 920 921 922 923 924 943 944 945 946 947 948 949 950 951 952 953 954 955 956 957 958 959 960 961 962 983 984 985 986 987 988 989 990 991 992 993 994 995 996 997 998 999 1000 1023 1024 1025 1026 1027 1028 1029 1030 1031 1032 1033 1034 1035 1036 1037 1038 1064 1065 1066 1067 
0
0
0
0
0
