0
1
0
Assembly-1
1
PART-1-1
PART-1
1
PART-1-1
1071
197
198
199
200
238
239
240
241
242
243
244
245
246
247
248
249
250
281
282
283
284
285
286
287
288
289
290
291
292
293
294
295
296
297
298
324
325
326
327
328
329
330
331
332
333
334
335
336
337
338
339
340
341
342
343
344
345
367
368
369
370
371
372
373
374
375
376
377
378
379
380
381
382
383
384
385
386
387
388
389
390
391
392
411
412
413
414
415
416
417
418
419
420
421
422
423
424
425
426
427
428
429
430
431
432
433
434
435
436
437
438
455
456
457
458
459
460
461
462
463
464
465
466
467
468
469
470
471
472
473
474
475
476
477
478
479
480
481
482
483
484
499
500
501
502
503
504
505
506
507
508
509
510
511
512
513
514
515
516
517
518
519
520
521
522
523
524
525
526
527
528
529
544
545
546
547
548
549
550
551
552
553
554
555
556
557
558
559
560
561
562
563
564
565
566
567
568
569
570
571
572
573
574
575
589
590
591
592
593
594
595
596
597
598
599
600
601
602
603
604
605
606
607
608
609
610
611
612
613
614
615
616
617
618
619
620
634
635
636
637
638
639
640
641
642
643
644
645
646
647
648
649
650
651
652
653
654
655
656
657
658
659
660
661
662
663
664
665
680
681
682
683
684
685
686
687
688
689
690
691
692
693
694
695
696
697
698
699
700
701
702
703
704
705
706
707
708
709
710
725
726
727
728
729
730
731
732
733
734
735
736
737
738
739
740
741
742
743
744
745
746
747
748
749
750
751
752
753
754
755
770
771
772
773
774
775
776
777
778
779
780
781
782
783
784
785
786
787
788
789
790
791
792
793
794
795
796
797
798
799
800
815
816
817
818
819
820
821
822
823
824
825
826
827
828
829
830
831
832
833
834
835
836
837
838
839
840
841
842
843
844
845
861
862
863
864
865
866
867
868
869
870
871
872
873
874
875
876
877
878
879
880
881
882
883
884
885
886
887
888
889
890
906
907
908
909
910
911
912
913
914
915
916
917
918
919
920
921
922
923
924
925
926
927
928
929
930
931
932
933
934
935
952
953
954
955
956
957
958
959
960
961
962
963
964
965
966
967
968
969
970
971
972
973
974
975
976
977
978
979
997
998
999
1000
1001
1002
1003
1004
1005
1006
1007
1008
1009
1010
1011
1012
1013
1014
1015
1016
1017
1018
1019
1020
1021
1022
1023
1024
1043
1044
1045
1046
1047
1048
1049
1050
1051
1052
1053
1054
1055
1056
1057
1058
1059
1060
1061
1062
1063
1064
1065
1066
1067
1068
1069
2042
2043
2044
2045
2083
2084
2085
2086
2087
2088
2089
2090
2091
2092
2093
2094
2095
2126
2127
2128
2129
2130
2131
2132
2133
2134
2135
2136
2137
2138
2139
2140
2141
2142
2143
2169
2170
2171
2172
2173
2174
2175
2176
2177
2178
2179
2180
2181
2182
2183
2184
2185
2186
2187
2188
2189
2190
2212
2213
2214
2215
2216
2217
2218
2219
2220
2221
2222
2223
2224
2225
2226
2227
2228
2229
2230
2231
2232
2233
2234
2235
2236
2237
2256
2257
2258
2259
2260
2261
2262
2263
2264
2265
2266
2267
2268
2269
2270
2271
2272
2273
2274
2275
2276
2277
2278
2279
2280
2281
2282
2283
2300
2301
2302
2303
2304
2305
2306
2307
2308
2309
2310
2311
2312
2313
2314
2315
2316
2317
2318
2319
2320
2321
2322
2323
2324
2325
2326
2327
2328
2329
2344
2345
2346
2347
2348
2349
2350
2351
2352
2353
2354
2355
2356
2357
2358
2359
2360
2361
2362
2363
2364
2365
2366
2367
2368
2369
2370
2371
2372
2373
2374
2389
2390
2391
2392
2393
2394
2395
2396
2397
2398
2399
2400
2401
2402
2403
2404
2405
2406
2407
2408
2409
2410
2411
2412
2413
2414
2415
2416
2417
2418
2419
2420
2434
2435
2436
2437
2438
2439
2440
2441
2442
2443
2444
2445
2446
2447
2448
2449
2450
2451
2452
2453
2454
2455
2456
2457
2458
2459
2460
2461
2462
2463
2464
2465
2479
2480
2481
2482
2483
2484
2485
2486
2487
2488
2489
2490
2491
2492
2493
2494
2495
2496
2497
2498
2499
2500
2501
2502
2503
2504
2505
2506
2507
2508
2509
2510
2525
2526
2527
2528
2529
2530
2531
2532
2533
2534
2535
2536
2537
2538
2539
2540
2541
2542
2543
2544
2545
2546
2547
2548
2549
2550
2551
2552
2553
2554
2555
2570
2571
2572
2573
2574
2575
2576
2577
2578
2579
2580
2581
2582
2583
2584
2585
2586
2587
2588
2589
2590
2591
2592
2593
2594
2595
2596
2597
2598
2599
2600
2615
2616
2617
2618
2619
2620
2621
2622
2623
2624
2625
2626
2627
2628
2629
2630
2631
2632
2633
2634
2635
2636
2637
2638
2639
2640
2641
2642
2643
2644
2645
2660
2661
2662
2663
2664
2665
2666
2667
2668
2669
2670
2671
2672
2673
2674
2675
2676
2677
2678
2679
2680
2681
2682
2683
2684
2685
2686
2687
2688
2689
2690
2706
2707
2708
2709
2710
2711
2712
2713
2714
2715
2716
2717
2718
2719
2720
2721
2722
2723
2724
2725
2726
2727
2728
2729
2730
2731
2732
2733
2734
2735
2751
2752
2753
2754
2755
2756
2757
2758
2759
2760
2761
2762
2763
2764
2765
2766
2767
2768
2769
2770
2771
2772
2773
2774
2775
2776
2777
2778
2779
2780
2797
2798
2799
2800
2801
2802
2803
2804
2805
2806
2807
2808
2809
2810
2811
2812
2813
2814
2815
2816
2817
2818
2819
2820
2821
2822
2823
2824
2842
2843
2844
2845
2846
2847
2848
2849
2850
2851
2852
2853
2854
2855
2856
2857
2858
2859
2860
2861
2862
2863
2864
2865
2866
2867
2868
2869
2888
2889
2890
2891
2892
2893
2894
2895
2896
2897
2898
2899
2900
2901
2902
2903
2904
2905
2906
2907
2908
2909
2910
2911
2912
2913
2914
10000000
0
1
PART-1-1
484
193
194
195
233
234
235
236
237
238
239
240
241
242
243
244
275
276
277
278
279
280
281
282
283
284
285
286
287
288
289
290
291
317
318
319
320
321
322
323
324
325
326
327
328
329
330
331
332
333
334
335
336
337
359
360
361
362
363
364
365
366
367
368
369
370
371
372
373
374
375
376
377
378
379
380
381
382
383
402
403
404
405
406
407
408
409
410
411
412
413
414
415
416
417
418
419
420
421
422
423
424
425
426
427
428
445
446
447
448
449
450
451
452
453
454
455
456
457
458
459
460
461
462
463
464
465
466
467
468
469
470
471
472
473
488
489
490
491
492
493
494
495
496
497
498
499
500
501
502
503
504
505
506
507
508
509
510
511
512
513
514
515
516
517
532
533
534
535
536
537
538
539
540
541
542
543
544
545
546
547
548
549
550
551
552
553
554
555
556
557
558
559
560
561
562
576
577
578
579
580
581
582
583
584
585
586
587
588
589
590
591
592
593
594
595
596
597
598
599
600
601
602
603
604
605
606
621
622
623
624
625
626
627
628
629
630
631
632
633
634
635
636
637
638
639
640
641
642
643
644
645
646
647
648
649
650
665
666
667
668
669
670
671
672
673
674
675
676
677
678
679
680
681
682
683
684
685
686
687
688
689
690
691
692
693
694
709
710
711
712
713
714
715
716
717
718
719
720
721
722
723
724
725
726
727
728
729
730
731
732
733
734
735
736
737
738
753
754
755
756
757
758
759
760
761
762
763
764
765
766
767
768
769
770
771
772
773
774
775
776
777
778
779
780
781
782
798
799
800
801
802
803
804
805
806
807
808
809
810
811
812
813
814
815
816
817
818
819
820
821
822
823
824
825
826
842
843
844
845
846
847
848
849
850
851
852
853
854
855
856
857
858
859
860
861
862
863
864
865
866
867
868
869
870
887
888
889
890
891
892
893
894
895
896
897
898
899
900
901
902
903
904
905
906
907
908
909
910
911
912
913
931
932
933
934
935
936
937
938
939
940
941
942
943
944
945
946
947
948
949
950
951
952
953
954
955
956
957
976
977
978
979
980
981
982
983
984
985
986
987
988
989
990
991
992
993
994
995
996
997
998
999
1000
1001
0
0
1
PART-1-1
485
BONE
0
1
484
193 194 195 233 234 235 236 237 238 239 240 241 242 243 244 275 276 277 278 279 280 281 282 283 284 285 286 287 288 289 290 291 317 318 319 320 321 322 323 324 325 326 327 328 329 330 331 332 333 334 335 336 337 359 360 361 362 363 364 365 366 367 368 369 370 371 372 373 374 375 376 377 378 379 380 381 382 383 402 403 404 405 406 407 408 409 410 411 412 413 414 415 416 417 418 419 420 421 422 423 424 425 426 427 428 445 446 447 448 449 450 451 452 453 454 455 456 457 458 459 460 461 462 463 464 465 466 467 468 469 470 471 472 473 488 489 490 491 492 493 494 495 496 497 498 499 500 501 502 503 504 505 506 507 508 509 510 511 512 513 514 515 516 517 532 533 534 535 536 537 538 539 540 541 542 543 544 545 546 547 548 549 550 551 552 553 554 555 556 557 558 559 560 561 562 576 577 578 579 580 581 582 583 584 585 586 587 588 589 590 591 592 593 594 595 596 597 598 599 600 601 602 603 604 605 606 621 622 623 624 625 626 627 628 629 630 631 632 633 634 635 636 637 638 639 640 641 642 643 644 645 646 647 648 649 650 665 666 667 668 669 670 671 672 673 674 675 676 677 678 679 680 681 682 683 684 685 686 687 688 689 690 691 692 693 694 709 710 711 712 713 714 715 716 717 718 719 720 721 722 723 724 725 726 727 728 729 730 731 732 733 734 735 736 737 738 753 754 755 756 757 758 759 760 761 762 763 764 765 766 767 768 769 770 771 772 773 774 775 776 777 778 779 780 781 782 798 799 800 801 802 803 804 805 806 807 808 809 810 811 812 813 814 815 816 817 818 819 820 821 822 823 824 825 826 842 843 844 845 846 847 848 849 850 851 852 853 854 855 856 857 858 859 860 861 862 863 864 865 866 867 868 869 870 887 888 889 890 891 892 893 894 895 896 897 898 899 900 901 902 903 904 905 906 907 908 909 910 911 912 913 931 932 933 934 935 936 937 938 939 940 941 942 943 944 945 946 947 948 949 950 951 952 953 954 955 956 957 976 977 978 979 980 981 982 983 984 985 986 987 988 989 990 991 992 993 994 995 996 997 998 999 1000 1001 
0
0
ELSET1000
0
1
1
1000 
0
0
ELSET1001
0
1
1
1001 
0
0
ELSET193
0
1
1
193 
0
0
ELSET194
0
1
1
194 
0
0
ELSET195
0
1
1
195 
0
0
ELSET233
0
1
1
233 
0
0
ELSET234
0
1
1
234 
0
0
ELSET235
0
1
1
235 
0
0
ELSET236
0
1
1
236 
0
0
ELSET237
0
1
1
237 
0
0
ELSET238
0
1
1
238 
0
0
ELSET239
0
1
1
239 
0
0
ELSET240
0
1
1
240 
0
0
ELSET241
0
1
1
241 
0
0
ELSET242
0
1
1
242 
0
0
ELSET243
0
1
1
243 
0
0
ELSET244
0
1
1
244 
0
0
ELSET275
0
1
1
275 
0
0
ELSET276
0
1
1
276 
0
0
ELSET277
0
1
1
277 
0
0
ELSET278
0
1
1
278 
0
0
ELSET279
0
1
1
279 
0
0
ELSET280
0
1
1
280 
0
0
ELSET281
0
1
1
281 
0
0
ELSET282
0
1
1
282 
0
0
ELSET283
0
1
1
283 
0
0
ELSET284
0
1
1
284 
0
0
ELSET285
0
1
1
285 
0
0
ELSET286
0
1
1
286 
0
0
ELSET287
0
1
1
287 
0
0
ELSET288
0
1
1
288 
0
0
ELSET289
0
1
1
289 
0
0
ELSET290
0
1
1
290 
0
0
ELSET291
0
1
1
291 
0
0
ELSET317
0
1
1
317 
0
0
ELSET318
0
1
1
318 
0
0
ELSET319
0
1
1
319 
0
0
ELSET320
0
1
1
320 
0
0
ELSET321
0
1
1
321 
0
0
ELSET322
0
1
1
322 
0
0
ELSET323
0
1
1
323 
0
0
ELSET324
0
1
1
324 
0
0
ELSET325
0
1
1
325 
0
0
ELSET326
0
1
1
326 
0
0
ELSET327
0
1
1
327 
0
0
ELSET328
0
1
1
328 
0
0
ELSET329
0
1
1
329 
0
0
ELSET330
0
1
1
330 
0
0
ELSET331
0
1
1
331 
0
0
ELSET332
0
1
1
332 
0
0
ELSET333
0
1
1
333 
0
0
ELSET334
0
1
1
334 
0
0
ELSET335
0
1
1
335 
0
0
ELSET336
0
1
1
336 
0
0
ELSET337
0
1
1
337 
0
0
ELSET359
0
1
1
359 
0
0
ELSET360
0
1
1
360 
0
0
ELSET361
0
1
1
361 
0
0
ELSET362
0
1
1
362 
0
0
ELSET363
0
1
1
363 
0
0
ELSET364
0
1
1
364 
0
0
ELSET365
0
1
1
365 
0
0
ELSET366
0
1
1
366 
0
0
ELSET367
0
1
1
367 
0
0
ELSET368
0
1
1
368 
0
0
ELSET369
0
1
1
369 
0
0
ELSET370
0
1
1
370 
0
0
ELSET371
0
1
1
371 
0
0
ELSET372
0
1
1
372 
0
0
ELSET373
0
1
1
373 
0
0
ELSET374
0
1
1
374 
0
0
ELSET375
0
1
1
375 
0
0
ELSET376
0
1
1
376 
0
0
ELSET377
0
1
1
377 
0
0
ELSET378
0
1
1
378 
0
0
ELSET379
0
1
1
379 
0
0
ELSET380
0
1
1
380 
0
0
ELSET381
0
1
1
381 
0
0
ELSET382
0
1
1
382 
0
0
ELSET383
0
1
1
383 
0
0
ELSET402
0
1
1
402 
0
0
ELSET403
0
1
1
403 
0
0
ELSET404
0
1
1
404 
0
0
ELSET405
0
1
1
405 
0
0
ELSET406
0
1
1
406 
0
0
ELSET407
0
1
1
407 
0
0
ELSET408
0
1
1
408 
0
0
ELSET409
0
1
1
409 
0
0
ELSET410
0
1
1
410 
0
0
ELSET411
0
1
1
411 
0
0
ELSET412
0
1
1
412 
0
0
ELSET413
0
1
1
413 
0
0
ELSET414
0
1
1
414 
0
0
ELSET415
0
1
1
415 
0
0
ELSET416
0
1
1
416 
0
0
ELSET417
0
1
1
417 
0
0
ELSET418
0
1
1
418 
0
0
ELSET419
0
1
1
419 
0
0
ELSET420
0
1
1
420 
0
0
ELSET421
0
1
1
421 
0
0
ELSET422
0
1
1
422 
0
0
ELSET423
0
1
1
423 
0
0
ELSET424
0
1
1
424 
0
0
ELSET425
0
1
1
425 
0
0
ELSET426
0
1
1
426 
0
0
ELSET427
0
1
1
427 
0
0
ELSET428
0
1
1
428 
0
0
ELSET445
0
1
1
445 
0
0
ELSET446
0
1
1
446 
0
0
ELSET447
0
1
1
447 
0
0
ELSET448
0
1
1
448 
0
0
ELSET449
0
1
1
449 
0
0
ELSET450
0
1
1
450 
0
0
ELSET451
0
1
1
451 
0
0
ELSET452
0
1
1
452 
0
0
ELSET453
0
1
1
453 
0
0
ELSET454
0
1
1
454 
0
0
ELSET455
0
1
1
455 
0
0
ELSET456
0
1
1
456 
0
0
ELSET457
0
1
1
457 
0
0
ELSET458
0
1
1
458 
0
0
ELSET459
0
1
1
459 
0
0
ELSET460
0
1
1
460 
0
0
ELSET461
0
1
1
461 
0
0
ELSET462
0
1
1
462 
0
0
ELSET463
0
1
1
463 
0
0
ELSET464
0
1
1
464 
0
0
ELSET465
0
1
1
465 
0
0
ELSET466
0
1
1
466 
0
0
ELSET467
0
1
1
467 
0
0
ELSET468
0
1
1
468 
0
0
ELSET469
0
1
1
469 
0
0
ELSET470
0
1
1
470 
0
0
ELSET471
0
1
1
471 
0
0
ELSET472
0
1
1
472 
0
0
ELSET473
0
1
1
473 
0
0
ELSET488
0
1
1
488 
0
0
ELSET489
0
1
1
489 
0
0
ELSET490
0
1
1
490 
0
0
ELSET491
0
1
1
491 
0
0
ELSET492
0
1
1
492 
0
0
ELSET493
0
1
1
493 
0
0
ELSET494
0
1
1
494 
0
0
ELSET495
0
1
1
495 
0
0
ELSET496
0
1
1
496 
0
0
ELSET497
0
1
1
497 
0
0
ELSET498
0
1
1
498 
0
0
ELSET499
0
1
1
499 
0
0
ELSET500
0
1
1
500 
0
0
ELSET501
0
1
1
501 
0
0
ELSET502
0
1
1
502 
0
0
ELSET503
0
1
1
503 
0
0
ELSET504
0
1
1
504 
0
0
ELSET505
0
1
1
505 
0
0
ELSET506
0
1
1
506 
0
0
ELSET507
0
1
1
507 
0
0
ELSET508
0
1
1
508 
0
0
ELSET509
0
1
1
509 
0
0
ELSET510
0
1
1
510 
0
0
ELSET511
0
1
1
511 
0
0
ELSET512
0
1
1
512 
0
0
ELSET513
0
1
1
513 
0
0
ELSET514
0
1
1
514 
0
0
ELSET515
0
1
1
515 
0
0
ELSET516
0
1
1
516 
0
0
ELSET517
0
1
1
517 
0
0
ELSET532
0
1
1
532 
0
0
ELSET533
0
1
1
533 
0
0
ELSET534
0
1
1
534 
0
0
ELSET535
0
1
1
535 
0
0
ELSET536
0
1
1
536 
0
0
ELSET537
0
1
1
537 
0
0
ELSET538
0
1
1
538 
0
0
ELSET539
0
1
1
539 
0
0
ELSET540
0
1
1
540 
0
0
ELSET541
0
1
1
541 
0
0
ELSET542
0
1
1
542 
0
0
ELSET543
0
1
1
543 
0
0
ELSET544
0
1
1
544 
0
0
ELSET545
0
1
1
545 
0
0
ELSET546
0
1
1
546 
0
0
ELSET547
0
1
1
547 
0
0
ELSET548
0
1
1
548 
0
0
ELSET549
0
1
1
549 
0
0
ELSET550
0
1
1
550 
0
0
ELSET551
0
1
1
551 
0
0
ELSET552
0
1
1
552 
0
0
ELSET553
0
1
1
553 
0
0
ELSET554
0
1
1
554 
0
0
ELSET555
0
1
1
555 
0
0
ELSET556
0
1
1
556 
0
0
ELSET557
0
1
1
557 
0
0
ELSET558
0
1
1
558 
0
0
ELSET559
0
1
1
559 
0
0
ELSET560
0
1
1
560 
0
0
ELSET561
0
1
1
561 
0
0
ELSET562
0
1
1
562 
0
0
ELSET576
0
1
1
576 
0
0
ELSET577
0
1
1
577 
0
0
ELSET578
0
1
1
578 
0
0
ELSET579
0
1
1
579 
0
0
ELSET580
0
1
1
580 
0
0
ELSET581
0
1
1
581 
0
0
ELSET582
0
1
1
582 
0
0
ELSET583
0
1
1
583 
0
0
ELSET584
0
1
1
584 
0
0
ELSET585
0
1
1
585 
0
0
ELSET586
0
1
1
586 
0
0
ELSET587
0
1
1
587 
0
0
ELSET588
0
1
1
588 
0
0
ELSET589
0
1
1
589 
0
0
ELSET590
0
1
1
590 
0
0
ELSET591
0
1
1
591 
0
0
ELSET592
0
1
1
592 
0
0
ELSET593
0
1
1
593 
0
0
ELSET594
0
1
1
594 
0
0
ELSET595
0
1
1
595 
0
0
ELSET596
0
1
1
596 
0
0
ELSET597
0
1
1
597 
0
0
ELSET598
0
1
1
598 
0
0
ELSET599
0
1
1
599 
0
0
ELSET600
0
1
1
600 
0
0
ELSET601
0
1
1
601 
0
0
ELSET602
0
1
1
602 
0
0
ELSET603
0
1
1
603 
0
0
ELSET604
0
1
1
604 
0
0
ELSET605
0
1
1
605 
0
0
ELSET606
0
1
1
606 
0
0
ELSET621
0
1
1
621 
0
0
ELSET622
0
1
1
622 
0
0
ELSET623
0
1
1
623 
0
0
ELSET624
0
1
1
624 
0
0
ELSET625
0
1
1
625 
0
0
ELSET626
0
1
1
626 
0
0
ELSET627
0
1
1
627 
0
0
ELSET628
0
1
1
628 
0
0
ELSET629
0
1
1
629 
0
0
ELSET630
0
1
1
630 
0
0
ELSET631
0
1
1
631 
0
0
ELSET632
0
1
1
632 
0
0
ELSET633
0
1
1
633 
0
0
ELSET634
0
1
1
634 
0
0
ELSET635
0
1
1
635 
0
0
ELSET636
0
1
1
636 
0
0
ELSET637
0
1
1
637 
0
0
ELSET638
0
1
1
638 
0
0
ELSET639
0
1
1
639 
0
0
ELSET640
0
1
1
640 
0
0
ELSET641
0
1
1
641 
0
0
ELSET642
0
1
1
642 
0
0
ELSET643
0
1
1
643 
0
0
ELSET644
0
1
1
644 
0
0
ELSET645
0
1
1
645 
0
0
ELSET646
0
1
1
646 
0
0
ELSET647
0
1
1
647 
0
0
ELSET648
0
1
1
648 
0
0
ELSET649
0
1
1
649 
0
0
ELSET650
0
1
1
650 
0
0
ELSET665
0
1
1
665 
0
0
ELSET666
0
1
1
666 
0
0
ELSET667
0
1
1
667 
0
0
ELSET668
0
1
1
668 
0
0
ELSET669
0
1
1
669 
0
0
ELSET670
0
1
1
670 
0
0
ELSET671
0
1
1
671 
0
0
ELSET672
0
1
1
672 
0
0
ELSET673
0
1
1
673 
0
0
ELSET674
0
1
1
674 
0
0
ELSET675
0
1
1
675 
0
0
ELSET676
0
1
1
676 
0
0
ELSET677
0
1
1
677 
0
0
ELSET678
0
1
1
678 
0
0
ELSET679
0
1
1
679 
0
0
ELSET680
0
1
1
680 
0
0
ELSET681
0
1
1
681 
0
0
ELSET682
0
1
1
682 
0
0
ELSET683
0
1
1
683 
0
0
ELSET684
0
1
1
684 
0
0
ELSET685
0
1
1
685 
0
0
ELSET686
0
1
1
686 
0
0
ELSET687
0
1
1
687 
0
0
ELSET688
0
1
1
688 
0
0
ELSET689
0
1
1
689 
0
0
ELSET690
0
1
1
690 
0
0
ELSET691
0
1
1
691 
0
0
ELSET692
0
1
1
692 
0
0
ELSET693
0
1
1
693 
0
0
ELSET694
0
1
1
694 
0
0
ELSET709
0
1
1
709 
0
0
ELSET710
0
1
1
710 
0
0
ELSET711
0
1
1
711 
0
0
ELSET712
0
1
1
712 
0
0
ELSET713
0
1
1
713 
0
0
ELSET714
0
1
1
714 
0
0
ELSET715
0
1
1
715 
0
0
ELSET716
0
1
1
716 
0
0
ELSET717
0
1
1
717 
0
0
ELSET718
0
1
1
718 
0
0
ELSET719
0
1
1
719 
0
0
ELSET720
0
1
1
720 
0
0
ELSET721
0
1
1
721 
0
0
ELSET722
0
1
1
722 
0
0
ELSET723
0
1
1
723 
0
0
ELSET724
0
1
1
724 
0
0
ELSET725
0
1
1
725 
0
0
ELSET726
0
1
1
726 
0
0
ELSET727
0
1
1
727 
0
0
ELSET728
0
1
1
728 
0
0
ELSET729
0
1
1
729 
0
0
ELSET730
0
1
1
730 
0
0
ELSET731
0
1
1
731 
0
0
ELSET732
0
1
1
732 
0
0
ELSET733
0
1
1
733 
0
0
ELSET734
0
1
1
734 
0
0
ELSET735
0
1
1
735 
0
0
ELSET736
0
1
1
736 
0
0
ELSET737
0
1
1
737 
0
0
ELSET738
0
1
1
738 
0
0
ELSET753
0
1
1
753 
0
0
ELSET754
0
1
1
754 
0
0
ELSET755
0
1
1
755 
0
0
ELSET756
0
1
1
756 
0
0
ELSET757
0
1
1
757 
0
0
ELSET758
0
1
1
758 
0
0
ELSET759
0
1
1
759 
0
0
ELSET760
0
1
1
760 
0
0
ELSET761
0
1
1
761 
0
0
ELSET762
0
1
1
762 
0
0
ELSET763
0
1
1
763 
0
0
ELSET764
0
1
1
764 
0
0
ELSET765
0
1
1
765 
0
0
ELSET766
0
1
1
766 
0
0
ELSET767
0
1
1
767 
0
0
ELSET768
0
1
1
768 
0
0
ELSET769
0
1
1
769 
0
0
ELSET770
0
1
1
770 
0
0
ELSET771
0
1
1
771 
0
0
ELSET772
0
1
1
772 
0
0
ELSET773
0
1
1
773 
0
0
ELSET774
0
1
1
774 
0
0
ELSET775
0
1
1
775 
0
0
ELSET776
0
1
1
776 
0
0
ELSET777
0
1
1
777 
0
0
ELSET778
0
1
1
778 
0
0
ELSET779
0
1
1
779 
0
0
ELSET780
0
1
1
780 
0
0
ELSET781
0
1
1
781 
0
0
ELSET782
0
1
1
782 
0
0
ELSET798
0
1
1
798 
0
0
ELSET799
0
1
1
799 
0
0
ELSET800
0
1
1
800 
0
0
ELSET801
0
1
1
801 
0
0
ELSET802
0
1
1
802 
0
0
ELSET803
0
1
1
803 
0
0
ELSET804
0
1
1
804 
0
0
ELSET805
0
1
1
805 
0
0
ELSET806
0
1
1
806 
0
0
ELSET807
0
1
1
807 
0
0
ELSET808
0
1
1
808 
0
0
ELSET809
0
1
1
809 
0
0
ELSET810
0
1
1
810 
0
0
ELSET811
0
1
1
811 
0
0
ELSET812
0
1
1
812 
0
0
ELSET813
0
1
1
813 
0
0
ELSET814
0
1
1
814 
0
0
ELSET815
0
1
1
815 
0
0
ELSET816
0
1
1
816 
0
0
ELSET817
0
1
1
817 
0
0
ELSET818
0
1
1
818 
0
0
ELSET819
0
1
1
819 
0
0
ELSET820
0
1
1
820 
0
0
ELSET821
0
1
1
821 
0
0
ELSET822
0
1
1
822 
0
0
ELSET823
0
1
1
823 
0
0
ELSET824
0
1
1
824 
0
0
ELSET825
0
1
1
825 
0
0
ELSET826
0
1
1
826 
0
0
ELSET842
0
1
1
842 
0
0
ELSET843
0
1
1
843 
0
0
ELSET844
0
1
1
844 
0
0
ELSET845
0
1
1
845 
0
0
ELSET846
0
1
1
846 
0
0
ELSET847
0
1
1
847 
0
0
ELSET848
0
1
1
848 
0
0
ELSET849
0
1
1
849 
0
0
ELSET850
0
1
1
850 
0
0
ELSET851
0
1
1
851 
0
0
ELSET852
0
1
1
852 
0
0
ELSET853
0
1
1
853 
0
0
ELSET854
0
1
1
854 
0
0
ELSET855
0
1
1
855 
0
0
ELSET856
0
1
1
856 
0
0
ELSET857
0
1
1
857 
0
0
ELSET858
0
1
1
858 
0
0
ELSET859
0
1
1
859 
0
0
ELSET860
0
1
1
860 
0
0
ELSET861
0
1
1
861 
0
0
ELSET862
0
1
1
862 
0
0
ELSET863
0
1
1
863 
0
0
ELSET864
0
1
1
864 
0
0
ELSET865
0
1
1
865 
0
0
ELSET866
0
1
1
866 
0
0
ELSET867
0
1
1
867 
0
0
ELSET868
0
1
1
868 
0
0
ELSET869
0
1
1
869 
0
0
ELSET870
0
1
1
870 
0
0
ELSET887
0
1
1
887 
0
0
ELSET888
0
1
1
888 
0
0
ELSET889
0
1
1
889 
0
0
ELSET890
0
1
1
890 
0
0
ELSET891
0
1
1
891 
0
0
ELSET892
0
1
1
892 
0
0
ELSET893
0
1
1
893 
0
0
ELSET894
0
1
1
894 
0
0
ELSET895
0
1
1
895 
0
0
ELSET896
0
1
1
896 
0
0
ELSET897
0
1
1
897 
0
0
ELSET898
0
1
1
898 
0
0
ELSET899
0
1
1
899 
0
0
ELSET900
0
1
1
900 
0
0
ELSET901
0
1
1
901 
0
0
ELSET902
0
1
1
902 
0
0
ELSET903
0
1
1
903 
0
0
ELSET904
0
1
1
904 
0
0
ELSET905
0
1
1
905 
0
0
ELSET906
0
1
1
906 
0
0
ELSET907
0
1
1
907 
0
0
ELSET908
0
1
1
908 
0
0
ELSET909
0
1
1
909 
0
0
ELSET910
0
1
1
910 
0
0
ELSET911
0
1
1
911 
0
0
ELSET912
0
1
1
912 
0
0
ELSET913
0
1
1
913 
0
0
ELSET931
0
1
1
931 
0
0
ELSET932
0
1
1
932 
0
0
ELSET933
0
1
1
933 
0
0
ELSET934
0
1
1
934 
0
0
ELSET935
0
1
1
935 
0
0
ELSET936
0
1
1
936 
0
0
ELSET937
0
1
1
937 
0
0
ELSET938
0
1
1
938 
0
0
ELSET939
0
1
1
939 
0
0
ELSET940
0
1
1
940 
0
0
ELSET941
0
1
1
941 
0
0
ELSET942
0
1
1
942 
0
0
ELSET943
0
1
1
943 
0
0
ELSET944
0
1
1
944 
0
0
ELSET945
0
1
1
945 
0
0
ELSET946
0
1
1
946 
0
0
ELSET947
0
1
1
947 
0
0
ELSET948
0
1
1
948 
0
0
ELSET949
0
1
1
949 
0
0
ELSET950
0
1
1
950 
0
0
ELSET951
0
1
1
951 
0
0
ELSET952
0
1
1
952 
0
0
ELSET953
0
1
1
953 
0
0
ELSET954
0
1
1
954 
0
0
ELSET955
0
1
1
955 
0
0
ELSET956
0
1
1
956 
0
0
ELSET957
0
1
1
957 
0
0
ELSET976
0
1
1
976 
0
0
ELSET977
0
1
1
977 
0
0
ELSET978
0
1
1
978 
0
0
ELSET979
0
1
1
979 
0
0
ELSET980
0
1
1
980 
0
0
ELSET981
0
1
1
981 
0
0
ELSET982
0
1
1
982 
0
0
ELSET983
0
1
1
983 
0
0
ELSET984
0
1
1
984 
0
0
ELSET985
0
1
1
985 
0
0
ELSET986
0
1
1
986 
0
0
ELSET987
0
1
1
987 
0
0
ELSET988
0
1
1
988 
0
0
ELSET989
0
1
1
989 
0
0
ELSET990
0
1
1
990 
0
0
ELSET991
0
1
1
991 
0
0
ELSET992
0
1
1
992 
0
0
ELSET993
0
1
1
993 
0
0
ELSET994
0
1
1
994 
0
0
ELSET995
0
1
1
995 
0
0
ELSET996
0
1
1
996 
0
0
ELSET997
0
1
1
997 
0
0
ELSET998
0
1
1
998 
0
0
ELSET999
0
1
1
999 
0
0
0
0
1
PART-1-1
3
BOTNODES
0
1
535
2042 2043 2044 2045 2083 2084 2085 2086 2087 2088 2089 2090 2091 2092 2093 2094 2095 2126 2127 2128 2129 2130 2131 2132 2133 2134 2135 2136 2137 2138 2139 2140 2141 2142 2143 2169 2170 2171 2172 2173 2174 2175 2176 2177 2178 2179 2180 2181 2182 2183 2184 2185 2186 2187 2188 2189 2190 2212 2213 2214 2215 2216 2217 2218 2219 2220 2221 2222 2223 2224 2225 2226 2227 2228 2229 2230 2231 2232 2233 2234 2235 2236 2237 2256 2257 2258 2259 2260 2261 2262 2263 2264 2265 2266 2267 2268 2269 2270 2271 2272 2273 2274 2275 2276 2277 2278 2279 2280 2281 2282 2283 2300 2301 2302 2303 2304 2305 2306 2307 2308 2309 2310 2311 2312 2313 2314 2315 2316 2317 2318 2319 2320 2321 2322 2323 2324 2325 2326 2327 2328 2329 2344 2345 2346 2347 2348 2349 2350 2351 2352 2353 2354 2355 2356 2357 2358 2359 2360 2361 2362 2363 2364 2365 2366 2367 2368 2369 2370 2371 2372 2373 2374 2389 2390 2391 2392 2393 2394 2395 2396 2397 2398 2399 2400 2401 2402 2403 2404 2405 2406 2407 2408 2409 2410 2411 2412 2413 2414 2415 2416 2417 2418 2419 2420 2434 2435 2436 2437 2438 2439 2440 2441 2442 2443 2444 2445 2446 2447 2448 2449 2450 2451 2452 2453 2454 2455 2456 2457 2458 2459 2460 2461 2462 2463 2464 2465 2479 2480 2481 2482 2483 2484 2485 2486 2487 2488 2489 2490 2491 2492 2493 2494 2495 2496 2497 2498 2499 2500 2501 2502 2503 2504 2505 2506 2507 2508 2509 2510 2525 2526 2527 2528 2529 2530 2531 2532 2533 2534 2535 2536 2537 2538 2539 2540 2541 2542 2543 2544 2545 2546 2547 2548 2549 2550 2551 2552 2553 2554 2555 2570 2571 2572 2573 2574 2575 2576 2577 2578 2579 2580 2581 2582 2583 2584 2585 2586 2587 2588 2589 2590 2591 2592 2593 2594 2595 2596 2597 2598 2599 2600 2615 2616 2617 2618 2619 2620 2621 2622 2623 2624 2625 2626 2627 2628 2629 2630 2631 2632 2633 2634 2635 2636 2637 2638 2639 2640 2641 2642 2643 2644 2645 2660 2661 2662 2663 2664 2665 2666 2667 2668 2669 2670 2671 2672 2673 2674 2675 2676 2677 2678 2679 2680 2681 2682 2683 2684 2685 2686 2687 2688 2689 2690 2706 2707 2708 2709 2710 2711 2712 2713 2714 2715 2716 2717 2718 2719 2720 2721 2722 2723 2724 2725 2726 2727 2728 2729 2730 2731 2732 2733 2734 2735 2751 2752 2753 2754 2755 2756 2757 2758 2759 2760 2761 2762 2763 2764 2765 2766 2767 2768 2769 2770 2771 2772 2773 2774 2775 2776 2777 2778 2779 2780 2797 2798 2799 2800 2801 2802 2803 2804 2805 2806 2807 2808 2809 2810 2811 2812 2813 2814 2815 2816 2817 2818 2819 2820 2821 2822 2823 2824 2842 2843 2844 2845 2846 2847 2848 2849 2850 2851 2852 2853 2854 2855 2856 2857 2858 2859 2860 2861 2862 2863 2864 2865 2866 2867 2868 2869 2888 2889 2890 2891 2892 2893 2894 2895 2896 2897 2898 2899 2900 2901 2902 2903 2904 2905 2906 2907 2908 2909 2910 2911 2912 2913 2914 
0
0
REF_NODE
0
1
1
10000000 
0
0
TOPNODES
0
1
535
197 198 199 200 238 239 240 241 242 243 244 245 246 247 248 249 250 281 282 283 284 285 286 287 288 289 290 291 292 293 294 295 296 297 298 324 325 326 327 328 329 330 331 332 333 334 335 336 337 338 339 340 341 342 343 344 345 367 368 369 370 371 372 373 374 375 376 377 378 379 380 381 382 383 384 385 386 387 388 389 390 391 392 411 412 413 414 415 416 417 418 419 420 421 422 423 424 425 426 427 428 429 430 431 432 433 434 435 436 437 438 455 456 457 458 459 460 461 462 463 464 465 466 467 468 469 470 471 472 473 474 475 476 477 478 479 480 481 482 483 484 499 500 501 502 503 504 505 506 507 508 509 510 511 512 513 514 515 516 517 518 519 520 521 522 523 524 525 526 527 528 529 544 545 546 547 548 549 550 551 552 553 554 555 556 557 558 559 560 561 562 563 564 565 566 567 568 569 570 571 572 573 574 575 589 590 591 592 593 594 595 596 597 598 599 600 601 602 603 604 605 606 607 608 609 610 611 612 613 614 615 616 617 618 619 620 634 635 636 637 638 639 640 641 642 643 644 645 646 647 648 649 650 651 652 653 654 655 656 657 658 659 660 661 662 663 664 665 680 681 682 683 684 685 686 687 688 689 690 691 692 693 694 695 696 697 698 699 700 701 702 703 704 705 706 707 708 709 710 725 726 727 728 729 730 731 732 733 734 735 736 737 738 739 740 741 742 743 744 745 746 747 748 749 750 751 752 753 754 755 770 771 772 773 774 775 776 777 778 779 780 781 782 783 784 785 786 787 788 789 790 791 792 793 794 795 796 797 798 799 800 815 816 817 818 819 820 821 822 823 824 825 826 827 828 829 830 831 832 833 834 835 836 837 838 839 840 841 842 843 844 845 861 862 863 864 865 866 867 868 869 870 871 872 873 874 875 876 877 878 879 880 881 882 883 884 885 886 887 888 889 890 906 907 908 909 910 911 912 913 914 915 916 917 918 919 920 921 922 923 924 925 926 927 928 929 930 931 932 933 934 935 952 953 954 955 956 957 958 959 960 961 962 963 964 965 966 967 968 969 970 971 972 973 974 975 976 977 978 979 997 998 999 1000 1001 1002 1003 1004 1005 1006 1007 1008 1009 1010 1011 1012 1013 1014 1015 1016 1017 1018 1019 1020 1021 1022 1023 1024 1043 1044 1045 1046 1047 1048 1049 1050 1051 1052 1053 1054 1055 1056 1057 1058 1059 1060 1061 1062 1063 1064 1065 1066 1067 1068 1069 
0
0
0
0
0
